"wazuh-alerts-4.x-2022.11.21",025,"10.11.2.113","2-employee-mach","-","-","-","-","-","-","-","-","-","-","-","This document provides prescriptive guidance for establishing a secure configuration posture for Microsoft Windows Server 2022.",221,"cis_win2022.yml",3,118,"CIS Benchmark for Windows Server 2022 RTM ","cis_win2022",347176097,34,342,summary,"-","-","-","-","-","-","-","-","-","-","-","-","-","-","-","-","-","-","-","-","-","-","-","-","-","-","-","-","-","-","-","-","-","-","-","-","-","-","-","-","-","-","-","-","-","-","-","-","-","-",sca,"-","1669039701.450500227",log,sca,"s2g-siem-server","-","SCA summary: CIS Benchmark for Windows Server 2022 RTM : Score less than 50% (34)",6,"IV_35.7.d","-",sca,"-",19004,"-",7,false,"-","-","-","CM.1","2.2","CC7.1, CC7.2","-","-","-","-","-","-","-","-","-","-","-","-","-","-","-","-","-","-","-","-","-","-","-","Nov 21, 2022 @ 15:08:21.109"
"wazuh-alerts-4.x-2022.11.21",025,"10.11.2.113","2-employee-mach","2.3.17.6","7.1","CC6.4","This policy setting controls the behavior of all User Account Control (UAC) policy settings for the computer. If you change this policy setting, you must restart your computer. The recommended state for this setting is: Enabled. Note: If this policy setting is disabled, the Security Center notifies you that the overall security of the operating system has been reduced.",27077,passed,"This is the setting that turns on or off UAC. If this setting is disabled, UAC will not be used and any security benefits and risk mitigations that are dependent on UAC will not be present on the system.","HKEY_LOCAL_MACHINE\Software\Microsoft\Windows\CurrentVersion\Policies\System","To establish the recommended configuration via GP, set the following UI path to Enabled: Computer Configuration\Policies\Windows Settings\Security Settings\Local Policies\Security Options\User Account Control: Run all administrators in Admin Approval Mode",failed,"Ensure 'User Account Control: Run all administrators in Admin Approval Mode' is set to 'Enabled'.","-","-","-","-","-","CIS Benchmark for Windows Server 2022 RTM ","-",347176097,"-","-",check,"-","-","-","-","-","-","-","-","-","-","-","-","-","-","-","-","-","-","-","-","-","-","-","-","-","-","-","-","-","-","-","-","-","-","-","-","-","-","-","-","-","-","-","-","-","-","-","-","-","-",sca,"-","1669039696.450440926",log,sca,"s2g-siem-server","2.3.17.6","CIS Benchmark for Windows Server 2022 RTM : Ensure 'User Account Control: Run all administrators in Admin Approval Mode' is set to 'Enabled'.: Status changed from passed to failed",6,"IV_35.7.d","-",sca,"-",19011,"-",9,false,"-","-","-","CM.1","2.2, 7.1","CC7.1, CC7.2, CC6.4","-","-","-","-","-","-","-","-","-","-","-","-","-","-","-","-","-","-","-","-","-","-","-","Nov 21, 2022 @ 15:08:16.078"
"wazuh-alerts-4.x-2022.11.21",025,"10.11.2.113","2-employee-mach","-","-","-","-","-","-","-","-","-","-","-","-","-","-","-","-","-","-","-","-","-","-",Negotiate,"-","-","%%1842","-","%%1833","-","-",0,"-","{00000000-0000-0000-0000-000000000000}",Advapi,5,"-","-","-","-",0x2bc,"C:\\Windows\\System32\\services.exe","-","-","-",WORKGROUP,0x3e7,"2-EMPLOYEE-MACH$","S-1-5-18","NT AUTHORITY",0x0,0x3e7,SYSTEM,"S-1-5-18","%%1843","-",Security,"2-employee-mach",4624,35116,"-",0x8020000000000000,0,"""An account was successfully logged on.

Subject:
	Security ID:		S-1-5-18
	Account Name:		2-EMPLOYEE-MACH$
	Account Domain:		WORKGROUP
	Logon ID:		0x3E7

Logon Information:
	Logon Type:		5
	Restricted Admin Mode:	-
	Virtual Account:		No
	Elevated Token:		Yes

Impersonation Level:		Impersonation

New Logon:
	Security ID:		S-1-5-18
	Account Name:		SYSTEM
	Account Domain:		NT AUTHORITY
	Logon ID:		0x3E7
	Linked Logon ID:		0x0
	Network Account Name:	-
	Network Account Domain:	-
	Logon GUID:		{00000000-0000-0000-0000-000000000000}

Process Information:
	Process ID:		0x2bc
	Process Name:		C:\Windows\System32\services.exe

Network Information:
	Workstation Name:	-
	Source Network Address:	-
	Source Port:		-

Detailed Authentication Information:
	Logon Process:		Advapi  
	Authentication Package:	Negotiate
	Transited Services:	-
	Package Name (NTLM only):	-
	Key Length:		0

This event is generated when a logon session is created. It is generated on the computer that was accessed.

The subject fields indicate the account on the local system which requested the logon. This is most commonly a service such as the Server service, or a local process such as Winlogon.exe or Services.exe.

The logon type field indicates the kind of logon that occurred. The most common types are 2 (interactive) and 3 (network).

The New Logon fields indicate the account for whom the new logon was created, i.e. the account that was logged on.

The network fields indicate where a remote logon request originated. Workstation name is not always available and may be left blank in some cases.

The impersonation level field indicates the extent to which a process in the logon session can impersonate.

The authentication information fields provide detailed information about this specific logon request.
	- Logon GUID is a unique identifier that can be used to correlate this event with a KDC event.
	- Transited services indicate which intermediate services have participated in this logon request.
	- Package name indicates which sub-protocol was used among the NTLM protocols.
	- Key length indicates the length of the generated session key. This will be 0 if no session key was requested.""",0,708,"{54849625-5478-4994-a5ba-3e3b0328c30d}","Microsoft-Windows-Security-Auditing","AUDIT_SUCCESS","2022-11-21T14:07:55.2574738Z",12544,5044,2,"windows_eventchannel","-","1669039676.450227588",log,EventChannel,"s2g-siem-server","-","Windows logon success.",12,"IV_32.2","7.1, 7.2","windows, windows_security, authentication_success","164.312.b",60106,"-",3,false,T1078,"Defense Evasion, Persistence, Privilege Escalation, Initial Access","Valid Accounts","AC.7, AU.14","10.2.5","CC6.8, CC7.2, CC7.3","-","-","-","-","-","-","-","-","-","-","-","-","-","-","-","-","-","-","-","-","-","-","-","Nov 21, 2022 @ 15:07:56.265"
"wazuh-alerts-4.x-2022.11.21",025,"10.11.2.113","2-employee-mach","-","-","-","-","-","-","-","-","-","-","-","-","-","-","-","-","-","-","-","-","-","-","-","-","2022-11-22T14:05:54Z, RulesEngine","-","-","-","-","-","-","-","-","-","-","-","-","-","-","-","-","-","-","-","-","-","-","-","-","-","-","-","-","-","-",Application,"2-employee-mach",16384,753,"Software Protection Platform Service",0x80000000000000,4,"""Successfully scheduled Software Protection service for re-start at 2022-11-22T14:05:54Z. Reason: RulesEngine.""",0,0,"{E23B33B0-C8C9-472C-A5F9-F2BDFEA0F156}","Microsoft-Windows-Security-SPP",INFORMATION,"2022-11-21T13:55:54.3233278Z",0,0,0,"windows_eventchannel","-","1669038954.443644977",log,EventChannel,"s2g-siem-server","-","Software protection service scheduled successfully.",8,"-","-","windows, windows_application","-",60642,"-",3,false,"-","-","-","-","-","-","-","-","-","-","-","-","-","-","-","-","-","-","-","-","-","-","-","-","-","-","-","-","-","Nov 21, 2022 @ 14:55:54.327"
"wazuh-alerts-4.x-2022.11.21",025,"10.11.2.113","2-employee-mach","-","-","-","-","-","-","-","-","-","-","-","-","-","-","-","-","-","-","-","-","-","-","-","-","2022-11-22T14:06:20Z, RulesEngine","-","-","-","-","-","-","-","-","-","-","-","-","-","-","-","-","-","-","-","-","-","-","-","-","-","-","-","-","-","-",Application,"2-employee-mach",16384,751,"Software Protection Platform Service",0x80000000000000,4,"""Successfully scheduled Software Protection service for re-start at 2022-11-22T14:06:20Z. Reason: RulesEngine.""",0,0,"{E23B33B0-C8C9-472C-A5F9-F2BDFEA0F156}","Microsoft-Windows-Security-SPP",INFORMATION,"2022-11-21T13:11:20.2313741Z",0,0,0,"windows_eventchannel","-","1669036280.419768035",log,EventChannel,"s2g-siem-server","-","Software protection service scheduled successfully.",3,"-","-","windows, windows_application","-",60642,"-",3,false,"-","-","-","-","-","-","-","-","-","-","-","-","-","-","-","-","-","-","-","-","-","-","-","-","-","-","-","-","-","Nov 21, 2022 @ 14:11:20.237"
"wazuh-alerts-4.x-2022.11.21",025,"10.11.2.113","2-employee-mach","-","-","-","-","-","-","-","-","-","-","-","-","-","-","-","-","-","-","-","-","-","-",Negotiate,"-","-","%%1842","-","%%1833","-","-",0,"-","{00000000-0000-0000-0000-000000000000}",Advapi,5,"-","-","-","-",0x2bc,"C:\\Windows\\System32\\services.exe","-","-","-",WORKGROUP,0x3e7,"2-EMPLOYEE-MACH$","S-1-5-18","NT AUTHORITY",0x0,0x3e7,SYSTEM,"S-1-5-18","%%1843","-",Security,"2-employee-mach",4624,34996,"-",0x8020000000000000,0,"""An account was successfully logged on.

Subject:
	Security ID:		S-1-5-18
	Account Name:		2-EMPLOYEE-MACH$
	Account Domain:		WORKGROUP
	Logon ID:		0x3E7

Logon Information:
	Logon Type:		5
	Restricted Admin Mode:	-
	Virtual Account:		No
	Elevated Token:		Yes

Impersonation Level:		Impersonation

New Logon:
	Security ID:		S-1-5-18
	Account Name:		SYSTEM
	Account Domain:		NT AUTHORITY
	Logon ID:		0x3E7
	Linked Logon ID:		0x0
	Network Account Name:	-
	Network Account Domain:	-
	Logon GUID:		{00000000-0000-0000-0000-000000000000}

Process Information:
	Process ID:		0x2bc
	Process Name:		C:\Windows\System32\services.exe

Network Information:
	Workstation Name:	-
	Source Network Address:	-
	Source Port:		-

Detailed Authentication Information:
	Logon Process:		Advapi  
	Authentication Package:	Negotiate
	Transited Services:	-
	Package Name (NTLM only):	-
	Key Length:		0

This event is generated when a logon session is created. It is generated on the computer that was accessed.

The subject fields indicate the account on the local system which requested the logon. This is most commonly a service such as the Server service, or a local process such as Winlogon.exe or Services.exe.

The logon type field indicates the kind of logon that occurred. The most common types are 2 (interactive) and 3 (network).

The New Logon fields indicate the account for whom the new logon was created, i.e. the account that was logged on.

The network fields indicate where a remote logon request originated. Workstation name is not always available and may be left blank in some cases.

The impersonation level field indicates the extent to which a process in the logon session can impersonate.

The authentication information fields provide detailed information about this specific logon request.
	- Logon GUID is a unique identifier that can be used to correlate this event with a KDC event.
	- Transited services indicate which intermediate services have participated in this logon request.
	- Package name indicates which sub-protocol was used among the NTLM protocols.
	- Key length indicates the length of the generated session key. This will be 0 if no session key was requested.""",0,708,"{54849625-5478-4994-a5ba-3e3b0328c30d}","Microsoft-Windows-Security-Auditing","AUDIT_SUCCESS","2022-11-21T13:10:49.1638278Z",12544,2424,2,"windows_eventchannel","-","1669036250.419464035",log,EventChannel,"s2g-siem-server","-","Windows logon success.",16,"IV_32.2","7.1, 7.2","windows, windows_security, authentication_success","164.312.b",60106,"-",3,false,T1078,"Defense Evasion, Persistence, Privilege Escalation, Initial Access","Valid Accounts","AC.7, AU.14","10.2.5","CC6.8, CC7.2, CC7.3","-","-","-","-","-","-","-","-","-","-","-","-","-","-","-","-","-","-","-","-","-","-","-","Nov 21, 2022 @ 14:10:50.171"
"wazuh-alerts-4.x-2022.11.21",025,"10.11.2.113","2-employee-mach","-","-","-","-","-","-","-","-","-","-","-","-","-","-","-","-","-","-","-","-","-","-",Negotiate,"-","-","%%1842","-","%%1833","-","-",0,"-","{00000000-0000-0000-0000-000000000000}",Advapi,5,"-","-","-","-",0x2bc,"C:\\Windows\\System32\\services.exe","-","-","-",WORKGROUP,0x3e7,"2-EMPLOYEE-MACH$","S-1-5-18","NT AUTHORITY",0x0,0x3e7,SYSTEM,"S-1-5-18","%%1843","-",Security,"2-employee-mach",4624,34988,"-",0x8020000000000000,0,"""An account was successfully logged on.

Subject:
	Security ID:		S-1-5-18
	Account Name:		2-EMPLOYEE-MACH$
	Account Domain:		WORKGROUP
	Logon ID:		0x3E7

Logon Information:
	Logon Type:		5
	Restricted Admin Mode:	-
	Virtual Account:		No
	Elevated Token:		Yes

Impersonation Level:		Impersonation

New Logon:
	Security ID:		S-1-5-18
	Account Name:		SYSTEM
	Account Domain:		NT AUTHORITY
	Logon ID:		0x3E7
	Linked Logon ID:		0x0
	Network Account Name:	-
	Network Account Domain:	-
	Logon GUID:		{00000000-0000-0000-0000-000000000000}

Process Information:
	Process ID:		0x2bc
	Process Name:		C:\Windows\System32\services.exe

Network Information:
	Workstation Name:	-
	Source Network Address:	-
	Source Port:		-

Detailed Authentication Information:
	Logon Process:		Advapi  
	Authentication Package:	Negotiate
	Transited Services:	-
	Package Name (NTLM only):	-
	Key Length:		0

This event is generated when a logon session is created. It is generated on the computer that was accessed.

The subject fields indicate the account on the local system which requested the logon. This is most commonly a service such as the Server service, or a local process such as Winlogon.exe or Services.exe.

The logon type field indicates the kind of logon that occurred. The most common types are 2 (interactive) and 3 (network).

The New Logon fields indicate the account for whom the new logon was created, i.e. the account that was logged on.

The network fields indicate where a remote logon request originated. Workstation name is not always available and may be left blank in some cases.

The impersonation level field indicates the extent to which a process in the logon session can impersonate.

The authentication information fields provide detailed information about this specific logon request.
	- Logon GUID is a unique identifier that can be used to correlate this event with a KDC event.
	- Transited services indicate which intermediate services have participated in this logon request.
	- Package name indicates which sub-protocol was used among the NTLM protocols.
	- Key length indicates the length of the generated session key. This will be 0 if no session key was requested.""",0,708,"{54849625-5478-4994-a5ba-3e3b0328c30d}","Microsoft-Windows-Security-Auditing","AUDIT_SUCCESS","2022-11-21T13:10:29.6383891Z",12544,5044,2,"windows_eventchannel","-","1669036229.419293579",log,EventChannel,"s2g-siem-server","-","Windows logon success.",15,"IV_32.2","7.1, 7.2","windows, windows_security, authentication_success","164.312.b",60106,"-",3,false,T1078,"Defense Evasion, Persistence, Privilege Escalation, Initial Access","Valid Accounts","AC.7, AU.14","10.2.5","CC6.8, CC7.2, CC7.3","-","-","-","-","-","-","-","-","-","-","-","-","-","-","-","-","-","-","-","-","-","-","-","Nov 21, 2022 @ 14:10:29.864"
"wazuh-alerts-4.x-2022.11.21",025,"10.11.2.113","2-employee-mach","-","-","-","-","-","-","-","-","-","-","-","-","-","-","-","-","-","-","-","-","-","-",Negotiate,"-","-","%%1842","-","%%1833","-","-",0,"-","{00000000-0000-0000-0000-000000000000}",Advapi,5,"-","-","-","-",0x2bc,"C:\\Windows\\System32\\services.exe","-","-","-",WORKGROUP,0x3e7,"2-EMPLOYEE-MACH$","S-1-5-18","NT AUTHORITY",0x0,0x3e7,SYSTEM,"S-1-5-18","%%1843","-",Security,"2-employee-mach",4624,34979,"-",0x8020000000000000,0,"""An account was successfully logged on.

Subject:
	Security ID:		S-1-5-18
	Account Name:		2-EMPLOYEE-MACH$
	Account Domain:		WORKGROUP
	Logon ID:		0x3E7

Logon Information:
	Logon Type:		5
	Restricted Admin Mode:	-
	Virtual Account:		No
	Elevated Token:		Yes

Impersonation Level:		Impersonation

New Logon:
	Security ID:		S-1-5-18
	Account Name:		SYSTEM
	Account Domain:		NT AUTHORITY
	Logon ID:		0x3E7
	Linked Logon ID:		0x0
	Network Account Name:	-
	Network Account Domain:	-
	Logon GUID:		{00000000-0000-0000-0000-000000000000}

Process Information:
	Process ID:		0x2bc
	Process Name:		C:\Windows\System32\services.exe

Network Information:
	Workstation Name:	-
	Source Network Address:	-
	Source Port:		-

Detailed Authentication Information:
	Logon Process:		Advapi  
	Authentication Package:	Negotiate
	Transited Services:	-
	Package Name (NTLM only):	-
	Key Length:		0

This event is generated when a logon session is created. It is generated on the computer that was accessed.

The subject fields indicate the account on the local system which requested the logon. This is most commonly a service such as the Server service, or a local process such as Winlogon.exe or Services.exe.

The logon type field indicates the kind of logon that occurred. The most common types are 2 (interactive) and 3 (network).

The New Logon fields indicate the account for whom the new logon was created, i.e. the account that was logged on.

The network fields indicate where a remote logon request originated. Workstation name is not always available and may be left blank in some cases.

The impersonation level field indicates the extent to which a process in the logon session can impersonate.

The authentication information fields provide detailed information about this specific logon request.
	- Logon GUID is a unique identifier that can be used to correlate this event with a KDC event.
	- Transited services indicate which intermediate services have participated in this logon request.
	- Package name indicates which sub-protocol was used among the NTLM protocols.
	- Key length indicates the length of the generated session key. This will be 0 if no session key was requested.""",0,708,"{54849625-5478-4994-a5ba-3e3b0328c30d}","Microsoft-Windows-Security-Auditing","AUDIT_SUCCESS","2022-11-21T13:10:27.7264964Z",12544,5044,2,"windows_eventchannel","-","1669036228.419268634",log,EventChannel,"s2g-siem-server","-","Windows logon success.",14,"IV_32.2","7.1, 7.2","windows, windows_security, authentication_success","164.312.b",60106,"-",3,false,T1078,"Defense Evasion, Persistence, Privilege Escalation, Initial Access","Valid Accounts","AC.7, AU.14","10.2.5","CC6.8, CC7.2, CC7.3","-","-","-","-","-","-","-","-","-","-","-","-","-","-","-","-","-","-","-","-","-","-","-","Nov 21, 2022 @ 14:10:28.700"
"wazuh-alerts-4.x-2022.11.21",025,"10.11.2.113","2-employee-mach","-","-","-","-","-","-","-","-","-","-","-","-","-","-","-","-","-","-","-","-","-","-",Negotiate,"-","-","%%1842","-","%%1833","-","-",0,"-","{00000000-0000-0000-0000-000000000000}",Advapi,5,"-","-","-","-",0x2bc,"C:\\Windows\\System32\\services.exe","-","-","-",WORKGROUP,0x3e7,"2-EMPLOYEE-MACH$","S-1-5-18","NT AUTHORITY",0x0,0x3e7,SYSTEM,"S-1-5-18","%%1843","-",Security,"2-employee-mach",4624,34973,"-",0x8020000000000000,0,"""An account was successfully logged on.

Subject:
	Security ID:		S-1-5-18
	Account Name:		2-EMPLOYEE-MACH$
	Account Domain:		WORKGROUP
	Logon ID:		0x3E7

Logon Information:
	Logon Type:		5
	Restricted Admin Mode:	-
	Virtual Account:		No
	Elevated Token:		Yes

Impersonation Level:		Impersonation

New Logon:
	Security ID:		S-1-5-18
	Account Name:		SYSTEM
	Account Domain:		NT AUTHORITY
	Logon ID:		0x3E7
	Linked Logon ID:		0x0
	Network Account Name:	-
	Network Account Domain:	-
	Logon GUID:		{00000000-0000-0000-0000-000000000000}

Process Information:
	Process ID:		0x2bc
	Process Name:		C:\Windows\System32\services.exe

Network Information:
	Workstation Name:	-
	Source Network Address:	-
	Source Port:		-

Detailed Authentication Information:
	Logon Process:		Advapi  
	Authentication Package:	Negotiate
	Transited Services:	-
	Package Name (NTLM only):	-
	Key Length:		0

This event is generated when a logon session is created. It is generated on the computer that was accessed.

The subject fields indicate the account on the local system which requested the logon. This is most commonly a service such as the Server service, or a local process such as Winlogon.exe or Services.exe.

The logon type field indicates the kind of logon that occurred. The most common types are 2 (interactive) and 3 (network).

The New Logon fields indicate the account for whom the new logon was created, i.e. the account that was logged on.

The network fields indicate where a remote logon request originated. Workstation name is not always available and may be left blank in some cases.

The impersonation level field indicates the extent to which a process in the logon session can impersonate.

The authentication information fields provide detailed information about this specific logon request.
	- Logon GUID is a unique identifier that can be used to correlate this event with a KDC event.
	- Transited services indicate which intermediate services have participated in this logon request.
	- Package name indicates which sub-protocol was used among the NTLM protocols.
	- Key length indicates the length of the generated session key. This will be 0 if no session key was requested.""",0,708,"{54849625-5478-4994-a5ba-3e3b0328c30d}","Microsoft-Windows-Security-Auditing","AUDIT_SUCCESS","2022-11-21T13:07:55.2447105Z",12544,5044,2,"windows_eventchannel","-","1669036076.417897973",log,EventChannel,"s2g-siem-server","-","Windows logon success.",13,"IV_32.2","7.1, 7.2","windows, windows_security, authentication_success","164.312.b",60106,"-",3,false,T1078,"Defense Evasion, Persistence, Privilege Escalation, Initial Access","Valid Accounts","AC.7, AU.14","10.2.5","CC6.8, CC7.2, CC7.3","-","-","-","-","-","-","-","-","-","-","-","-","-","-","-","-","-","-","-","-","-","-","-","Nov 21, 2022 @ 14:07:56.275"
"wazuh-alerts-4.x-2022.11.21",025,"10.11.2.113","2-employee-mach","-","-","-","-","-","-","-","-","-","-","-","-","-","-","-","-","-","-","-","-","-","-",Negotiate,"-","-","%%1842","-","%%1833","-","-",0,"-","{00000000-0000-0000-0000-000000000000}",Advapi,5,"-","-","-","-",0x2bc,"C:\\Windows\\System32\\services.exe","-","-","-",WORKGROUP,0x3e7,"2-EMPLOYEE-MACH$","S-1-5-18","NT AUTHORITY",0x0,0x3e7,SYSTEM,"S-1-5-18","%%1843","-",Security,"2-employee-mach",4624,34956,"-",0x8020000000000000,0,"""An account was successfully logged on.

Subject:
	Security ID:		S-1-5-18
	Account Name:		2-EMPLOYEE-MACH$
	Account Domain:		WORKGROUP
	Logon ID:		0x3E7

Logon Information:
	Logon Type:		5
	Restricted Admin Mode:	-
	Virtual Account:		No
	Elevated Token:		Yes

Impersonation Level:		Impersonation

New Logon:
	Security ID:		S-1-5-18
	Account Name:		SYSTEM
	Account Domain:		NT AUTHORITY
	Logon ID:		0x3E7
	Linked Logon ID:		0x0
	Network Account Name:	-
	Network Account Domain:	-
	Logon GUID:		{00000000-0000-0000-0000-000000000000}

Process Information:
	Process ID:		0x2bc
	Process Name:		C:\Windows\System32\services.exe

Network Information:
	Workstation Name:	-
	Source Network Address:	-
	Source Port:		-

Detailed Authentication Information:
	Logon Process:		Advapi  
	Authentication Package:	Negotiate
	Transited Services:	-
	Package Name (NTLM only):	-
	Key Length:		0

This event is generated when a logon session is created. It is generated on the computer that was accessed.

The subject fields indicate the account on the local system which requested the logon. This is most commonly a service such as the Server service, or a local process such as Winlogon.exe or Services.exe.

The logon type field indicates the kind of logon that occurred. The most common types are 2 (interactive) and 3 (network).

The New Logon fields indicate the account for whom the new logon was created, i.e. the account that was logged on.

The network fields indicate where a remote logon request originated. Workstation name is not always available and may be left blank in some cases.

The impersonation level field indicates the extent to which a process in the logon session can impersonate.

The authentication information fields provide detailed information about this specific logon request.
	- Logon GUID is a unique identifier that can be used to correlate this event with a KDC event.
	- Transited services indicate which intermediate services have participated in this logon request.
	- Package name indicates which sub-protocol was used among the NTLM protocols.
	- Key length indicates the length of the generated session key. This will be 0 if no session key was requested.""",0,708,"{54849625-5478-4994-a5ba-3e3b0328c30d}","Microsoft-Windows-Security-Auditing","AUDIT_SUCCESS","2022-11-21T13:00:35.6743583Z",12544,1528,2,"windows_eventchannel","-","1669035636.413933800",log,EventChannel,"s2g-siem-server","-","Windows logon success.",1,"IV_32.2","7.1, 7.2","windows, windows_security, authentication_success","164.312.b",60106,"-",3,false,T1078,"Defense Evasion, Persistence, Privilege Escalation, Initial Access","Valid Accounts","AC.7, AU.14","10.2.5","CC6.8, CC7.2, CC7.3","-","-","-","-","-","-","-","-","-","-","-","-","-","-","-","-","-","-","-","-","-","-","-","Nov 21, 2022 @ 14:00:36.671"
"wazuh-alerts-4.x-2022.11.21",025,"10.11.2.113","2-employee-mach","-","-","-","-","-","-","-","-","-","-","-","-","-","-","-","-","-","-","-","-","-","-","-","-","2022-11-22T14:06:09Z, RulesEngine","-","-","-","-","-","-","-","-","-","-","-","-","-","-","-","-","-","-","-","-","-","-","-","-","-","-","-","-","-","-",Application,"2-employee-mach",16384,749,"Software Protection Platform Service",0x80000000000000,4,"""Successfully scheduled Software Protection service for re-start at 2022-11-22T14:06:09Z. Reason: RulesEngine.""",0,0,"{E23B33B0-C8C9-472C-A5F9-F2BDFEA0F156}","Microsoft-Windows-Security-SPP",INFORMATION,"2022-11-21T12:34:09.1942243Z",0,0,0,"windows_eventchannel","-","1669034049.399683681",log,EventChannel,"s2g-siem-server","-","Software protection service scheduled successfully.",2,"-","-","windows, windows_application","-",60642,"-",3,false,"-","-","-","-","-","-","-","-","-","-","-","-","-","-","-","-","-","-","-","-","-","-","-","-","-","-","-","-","-","Nov 21, 2022 @ 13:34:09.197"
"wazuh-alerts-4.x-2022.11.21",025,"10.11.2.113","2-employee-mach","-","-","-","-","-","-","-","-","-","-","-","-","-","-","-","-","-","-","-","-","-","-",Negotiate,"-","-","%%1842","-","%%1833","-","-",0,"-","{00000000-0000-0000-0000-000000000000}",Advapi,5,"-","-","-","-",0x2bc,"C:\\Windows\\System32\\services.exe","-","-","-",WORKGROUP,0x3e7,"2-EMPLOYEE-MACH$","S-1-5-18","NT AUTHORITY",0x0,0x3e7,SYSTEM,"S-1-5-18","%%1843","-",Security,"2-employee-mach",4624,34888,"-",0x8020000000000000,0,"""An account was successfully logged on.

Subject:
	Security ID:		S-1-5-18
	Account Name:		2-EMPLOYEE-MACH$
	Account Domain:		WORKGROUP
	Logon ID:		0x3E7

Logon Information:
	Logon Type:		5
	Restricted Admin Mode:	-
	Virtual Account:		No
	Elevated Token:		Yes

Impersonation Level:		Impersonation

New Logon:
	Security ID:		S-1-5-18
	Account Name:		SYSTEM
	Account Domain:		NT AUTHORITY
	Logon ID:		0x3E7
	Linked Logon ID:		0x0
	Network Account Name:	-
	Network Account Domain:	-
	Logon GUID:		{00000000-0000-0000-0000-000000000000}

Process Information:
	Process ID:		0x2bc
	Process Name:		C:\Windows\System32\services.exe

Network Information:
	Workstation Name:	-
	Source Network Address:	-
	Source Port:		-

Detailed Authentication Information:
	Logon Process:		Advapi  
	Authentication Package:	Negotiate
	Transited Services:	-
	Package Name (NTLM only):	-
	Key Length:		0

This event is generated when a logon session is created. It is generated on the computer that was accessed.

The subject fields indicate the account on the local system which requested the logon. This is most commonly a service such as the Server service, or a local process such as Winlogon.exe or Services.exe.

The logon type field indicates the kind of logon that occurred. The most common types are 2 (interactive) and 3 (network).

The New Logon fields indicate the account for whom the new logon was created, i.e. the account that was logged on.

The network fields indicate where a remote logon request originated. Workstation name is not always available and may be left blank in some cases.

The impersonation level field indicates the extent to which a process in the logon session can impersonate.

The authentication information fields provide detailed information about this specific logon request.
	- Logon GUID is a unique identifier that can be used to correlate this event with a KDC event.
	- Transited services indicate which intermediate services have participated in this logon request.
	- Package name indicates which sub-protocol was used among the NTLM protocols.
	- Key length indicates the length of the generated session key. This will be 0 if no session key was requested.""",0,708,"{54849625-5478-4994-a5ba-3e3b0328c30d}","Microsoft-Windows-Security-Auditing","AUDIT_SUCCESS","2022-11-21T12:18:02.5581935Z",12544,1528,2,"windows_eventchannel","-","1669033083.390983677",log,EventChannel,"s2g-siem-server","-","Windows logon success.",18,"IV_32.2","7.1, 7.2","windows, windows_security, authentication_success","164.312.b",60106,"-",3,false,T1078,"Defense Evasion, Persistence, Privilege Escalation, Initial Access","Valid Accounts","AC.7, AU.14","10.2.5","CC6.8, CC7.2, CC7.3","-","-","-","-","-","-","-","-","-","-","-","-","-","-","-","-","-","-","-","-","-","-","-","Nov 21, 2022 @ 13:18:03.563"
"wazuh-alerts-4.x-2022.11.21",025,"10.11.2.113","2-employee-mach","-","-","-","-","-","-","-","-","-","-","-","-","-","-","-","-","-","-","-","-","-","-",Negotiate,"-","-","%%1842","-","%%1833","-","-",0,"-","{00000000-0000-0000-0000-000000000000}",Advapi,5,"-","-","-","-",0x2bc,"C:\\Windows\\System32\\services.exe","-","-","-",WORKGROUP,0x3e7,"2-EMPLOYEE-MACH$","S-1-5-18","NT AUTHORITY",0x0,0x3e7,SYSTEM,"S-1-5-18","%%1843","-",Security,"2-employee-mach",4624,34864,"-",0x8020000000000000,0,"""An account was successfully logged on.

Subject:
	Security ID:		S-1-5-18
	Account Name:		2-EMPLOYEE-MACH$
	Account Domain:		WORKGROUP
	Logon ID:		0x3E7

Logon Information:
	Logon Type:		5
	Restricted Admin Mode:	-
	Virtual Account:		No
	Elevated Token:		Yes

Impersonation Level:		Impersonation

New Logon:
	Security ID:		S-1-5-18
	Account Name:		SYSTEM
	Account Domain:		NT AUTHORITY
	Logon ID:		0x3E7
	Linked Logon ID:		0x0
	Network Account Name:	-
	Network Account Domain:	-
	Logon GUID:		{00000000-0000-0000-0000-000000000000}

Process Information:
	Process ID:		0x2bc
	Process Name:		C:\Windows\System32\services.exe

Network Information:
	Workstation Name:	-
	Source Network Address:	-
	Source Port:		-

Detailed Authentication Information:
	Logon Process:		Advapi  
	Authentication Package:	Negotiate
	Transited Services:	-
	Package Name (NTLM only):	-
	Key Length:		0

This event is generated when a logon session is created. It is generated on the computer that was accessed.

The subject fields indicate the account on the local system which requested the logon. This is most commonly a service such as the Server service, or a local process such as Winlogon.exe or Services.exe.

The logon type field indicates the kind of logon that occurred. The most common types are 2 (interactive) and 3 (network).

The New Logon fields indicate the account for whom the new logon was created, i.e. the account that was logged on.

The network fields indicate where a remote logon request originated. Workstation name is not always available and may be left blank in some cases.

The impersonation level field indicates the extent to which a process in the logon session can impersonate.

The authentication information fields provide detailed information about this specific logon request.
	- Logon GUID is a unique identifier that can be used to correlate this event with a KDC event.
	- Transited services indicate which intermediate services have participated in this logon request.
	- Package name indicates which sub-protocol was used among the NTLM protocols.
	- Key length indicates the length of the generated session key. This will be 0 if no session key was requested.""",0,708,"{54849625-5478-4994-a5ba-3e3b0328c30d}","Microsoft-Windows-Security-Auditing","AUDIT_SUCCESS","2022-11-21T12:10:26.4299909Z",12544,1528,2,"windows_eventchannel","-","1669032627.386906492",log,EventChannel,"s2g-siem-server","-","Windows logon success.",12,"IV_32.2","7.1, 7.2","windows, windows_security, authentication_success","164.312.b",60106,"-",3,false,T1078,"Defense Evasion, Persistence, Privilege Escalation, Initial Access","Valid Accounts","AC.7, AU.14","10.2.5","CC6.8, CC7.2, CC7.3","-","-","-","-","-","-","-","-","-","-","-","-","-","-","-","-","-","-","-","-","-","-","-","Nov 21, 2022 @ 13:10:27.113"
"wazuh-alerts-4.x-2022.11.21",025,"10.11.2.113","2-employee-mach","-","-","-","-","-","-","-","-","-","-","-","-","-","-","-","-","-","-","-","-","-","-",Negotiate,"-","-","%%1842","-","%%1833","-","-",0,"-","{00000000-0000-0000-0000-000000000000}",Advapi,5,"-","-","-","-",0x2bc,"C:\\Windows\\System32\\services.exe","-","-","-",WORKGROUP,0x3e7,"2-EMPLOYEE-MACH$","S-1-5-18","NT AUTHORITY",0x0,0x3e7,SYSTEM,"S-1-5-18","%%1843","-",Security,"2-employee-mach",4624,34860,"-",0x8020000000000000,0,"""An account was successfully logged on.

Subject:
	Security ID:		S-1-5-18
	Account Name:		2-EMPLOYEE-MACH$
	Account Domain:		WORKGROUP
	Logon ID:		0x3E7

Logon Information:
	Logon Type:		5
	Restricted Admin Mode:	-
	Virtual Account:		No
	Elevated Token:		Yes

Impersonation Level:		Impersonation

New Logon:
	Security ID:		S-1-5-18
	Account Name:		SYSTEM
	Account Domain:		NT AUTHORITY
	Logon ID:		0x3E7
	Linked Logon ID:		0x0
	Network Account Name:	-
	Network Account Domain:	-
	Logon GUID:		{00000000-0000-0000-0000-000000000000}

Process Information:
	Process ID:		0x2bc
	Process Name:		C:\Windows\System32\services.exe

Network Information:
	Workstation Name:	-
	Source Network Address:	-
	Source Port:		-

Detailed Authentication Information:
	Logon Process:		Advapi  
	Authentication Package:	Negotiate
	Transited Services:	-
	Package Name (NTLM only):	-
	Key Length:		0

This event is generated when a logon session is created. It is generated on the computer that was accessed.

The subject fields indicate the account on the local system which requested the logon. This is most commonly a service such as the Server service, or a local process such as Winlogon.exe or Services.exe.

The logon type field indicates the kind of logon that occurred. The most common types are 2 (interactive) and 3 (network).

The New Logon fields indicate the account for whom the new logon was created, i.e. the account that was logged on.

The network fields indicate where a remote logon request originated. Workstation name is not always available and may be left blank in some cases.

The impersonation level field indicates the extent to which a process in the logon session can impersonate.

The authentication information fields provide detailed information about this specific logon request.
	- Logon GUID is a unique identifier that can be used to correlate this event with a KDC event.
	- Transited services indicate which intermediate services have participated in this logon request.
	- Package name indicates which sub-protocol was used among the NTLM protocols.
	- Key length indicates the length of the generated session key. This will be 0 if no session key was requested.""",0,708,"{54849625-5478-4994-a5ba-3e3b0328c30d}","Microsoft-Windows-Security-Auditing","AUDIT_SUCCESS","2022-11-21T12:07:55.2322901Z",12544,5044,2,"windows_eventchannel","-","1669032476.385509277",log,EventChannel,"s2g-siem-server","-","Windows logon success.",8,"IV_32.2","7.1, 7.2","windows, windows_security, authentication_success","164.312.b",60106,"-",3,false,T1078,"Defense Evasion, Persistence, Privilege Escalation, Initial Access","Valid Accounts","AC.7, AU.14","10.2.5","CC6.8, CC7.2, CC7.3","-","-","-","-","-","-","-","-","-","-","-","-","-","-","-","-","-","-","-","-","-","-","-","Nov 21, 2022 @ 13:07:56.264"
"wazuh-alerts-4.x-2022.11.21",025,"10.11.2.113","2-employee-mach","-","-","-","-","-","-","-","-","-","-","-","-","-","-","-","-","-","-","-","-","-","-","-","-","2022-11-22T14:05:55Z, RulesEngine","-","-","-","-","-","-","-","-","-","-","-","-","-","-","-","-","-","-","-","-","-","-","-","-","-","-","-","-","-","-",Application,"2-employee-mach",16384,747,"Software Protection Platform Service",0x80000000000000,4,"""Successfully scheduled Software Protection service for re-start at 2022-11-22T14:05:55Z. Reason: RulesEngine.""",0,0,"{E23B33B0-C8C9-472C-A5F9-F2BDFEA0F156}","Microsoft-Windows-Security-SPP",INFORMATION,"2022-11-21T11:40:55.1834124Z",0,0,0,"windows_eventchannel","-","1669030855.370867620",log,EventChannel,"s2g-siem-server","-","Software protection service scheduled successfully.",8,"-","-","windows, windows_application","-",60642,"-",3,false,"-","-","-","-","-","-","-","-","-","-","-","-","-","-","-","-","-","-","-","-","-","-","-","-","-","-","-","-","-","Nov 21, 2022 @ 12:40:55.189"
"wazuh-alerts-4.x-2022.11.21",025,"10.11.2.113","2-employee-mach","-","-","-","-","-","-","-","-","-","-","-","-","-","-","-","-","-","-","-","-","-","-",Negotiate,"-","-","%%1842","-","%%1833","-","-",0,"-","{00000000-0000-0000-0000-000000000000}",Advapi,5,"-","-","-","-",0x2bc,"C:\\Windows\\System32\\services.exe","-","-","-",WORKGROUP,0x3e7,"2-EMPLOYEE-MACH$","S-1-5-18","NT AUTHORITY",0x0,0x3e7,SYSTEM,"S-1-5-18","%%1843","-",Security,"2-employee-mach",4624,34761,"-",0x8020000000000000,0,"""An account was successfully logged on.

Subject:
	Security ID:		S-1-5-18
	Account Name:		2-EMPLOYEE-MACH$
	Account Domain:		WORKGROUP
	Logon ID:		0x3E7

Logon Information:
	Logon Type:		5
	Restricted Admin Mode:	-
	Virtual Account:		No
	Elevated Token:		Yes

Impersonation Level:		Impersonation

New Logon:
	Security ID:		S-1-5-18
	Account Name:		SYSTEM
	Account Domain:		NT AUTHORITY
	Logon ID:		0x3E7
	Linked Logon ID:		0x0
	Network Account Name:	-
	Network Account Domain:	-
	Logon GUID:		{00000000-0000-0000-0000-000000000000}

Process Information:
	Process ID:		0x2bc
	Process Name:		C:\Windows\System32\services.exe

Network Information:
	Workstation Name:	-
	Source Network Address:	-
	Source Port:		-

Detailed Authentication Information:
	Logon Process:		Advapi  
	Authentication Package:	Negotiate
	Transited Services:	-
	Package Name (NTLM only):	-
	Key Length:		0

This event is generated when a logon session is created. It is generated on the computer that was accessed.

The subject fields indicate the account on the local system which requested the logon. This is most commonly a service such as the Server service, or a local process such as Winlogon.exe or Services.exe.

The logon type field indicates the kind of logon that occurred. The most common types are 2 (interactive) and 3 (network).

The New Logon fields indicate the account for whom the new logon was created, i.e. the account that was logged on.

The network fields indicate where a remote logon request originated. Workstation name is not always available and may be left blank in some cases.

The impersonation level field indicates the extent to which a process in the logon session can impersonate.

The authentication information fields provide detailed information about this specific logon request.
	- Logon GUID is a unique identifier that can be used to correlate this event with a KDC event.
	- Transited services indicate which intermediate services have participated in this logon request.
	- Package name indicates which sub-protocol was used among the NTLM protocols.
	- Key length indicates the length of the generated session key. This will be 0 if no session key was requested.""",0,708,"{54849625-5478-4994-a5ba-3e3b0328c30d}","Microsoft-Windows-Security-Auditing","AUDIT_SUCCESS","2022-11-21T11:10:26.9848954Z",12544,5044,2,"windows_eventchannel","-","1669029027.353832838",log,EventChannel,"s2g-siem-server","-","Windows logon success.",11,"IV_32.2","7.1, 7.2","windows, windows_security, authentication_success","164.312.b",60106,"-",3,false,T1078,"Defense Evasion, Persistence, Privilege Escalation, Initial Access","Valid Accounts","AC.7, AU.14","10.2.5","CC6.8, CC7.2, CC7.3","-","-","-","-","-","-","-","-","-","-","-","-","-","-","-","-","-","-","-","-","-","-","-","Nov 21, 2022 @ 12:10:27.081"
"wazuh-alerts-4.x-2022.11.21",025,"10.11.2.113","2-employee-mach","-","-","-","-","-","-","-","-","-","-","-","-","-","-","-","-","-","-","-","-","-","-",Negotiate,"-","-","%%1842","-","%%1833","-","-",0,"-","{00000000-0000-0000-0000-000000000000}",Advapi,5,"-","-","-","-",0x2bc,"C:\\Windows\\System32\\services.exe","-","-","-",WORKGROUP,0x3e7,"2-EMPLOYEE-MACH$","S-1-5-18","NT AUTHORITY",0x0,0x3e7,SYSTEM,"S-1-5-18","%%1843","-",Security,"2-employee-mach",4624,34757,"-",0x8020000000000000,0,"""An account was successfully logged on.

Subject:
	Security ID:		S-1-5-18
	Account Name:		2-EMPLOYEE-MACH$
	Account Domain:		WORKGROUP
	Logon ID:		0x3E7

Logon Information:
	Logon Type:		5
	Restricted Admin Mode:	-
	Virtual Account:		No
	Elevated Token:		Yes

Impersonation Level:		Impersonation

New Logon:
	Security ID:		S-1-5-18
	Account Name:		SYSTEM
	Account Domain:		NT AUTHORITY
	Logon ID:		0x3E7
	Linked Logon ID:		0x0
	Network Account Name:	-
	Network Account Domain:	-
	Logon GUID:		{00000000-0000-0000-0000-000000000000}

Process Information:
	Process ID:		0x2bc
	Process Name:		C:\Windows\System32\services.exe

Network Information:
	Workstation Name:	-
	Source Network Address:	-
	Source Port:		-

Detailed Authentication Information:
	Logon Process:		Advapi  
	Authentication Package:	Negotiate
	Transited Services:	-
	Package Name (NTLM only):	-
	Key Length:		0

This event is generated when a logon session is created. It is generated on the computer that was accessed.

The subject fields indicate the account on the local system which requested the logon. This is most commonly a service such as the Server service, or a local process such as Winlogon.exe or Services.exe.

The logon type field indicates the kind of logon that occurred. The most common types are 2 (interactive) and 3 (network).

The New Logon fields indicate the account for whom the new logon was created, i.e. the account that was logged on.

The network fields indicate where a remote logon request originated. Workstation name is not always available and may be left blank in some cases.

The impersonation level field indicates the extent to which a process in the logon session can impersonate.

The authentication information fields provide detailed information about this specific logon request.
	- Logon GUID is a unique identifier that can be used to correlate this event with a KDC event.
	- Transited services indicate which intermediate services have participated in this logon request.
	- Package name indicates which sub-protocol was used among the NTLM protocols.
	- Key length indicates the length of the generated session key. This will be 0 if no session key was requested.""",0,708,"{54849625-5478-4994-a5ba-3e3b0328c30d}","Microsoft-Windows-Security-Auditing","AUDIT_SUCCESS","2022-11-21T11:07:55.2153158Z",12544,5044,2,"windows_eventchannel","-","1669028876.352476395",log,EventChannel,"s2g-siem-server","-","Windows logon success.",9,"IV_32.2","7.1, 7.2","windows, windows_security, authentication_success","164.312.b",60106,"-",3,false,T1078,"Defense Evasion, Persistence, Privilege Escalation, Initial Access","Valid Accounts","AC.7, AU.14","10.2.5","CC6.8, CC7.2, CC7.3","-","-","-","-","-","-","-","-","-","-","-","-","-","-","-","-","-","-","-","-","-","-","-","Nov 21, 2022 @ 12:07:56.250"
"wazuh-alerts-4.x-2022.11.21",025,"10.11.2.113","2-employee-mach","-","-","-","-","-","-","-","-","-","-","-","-","-","-","-","-","-","-","-","-","-","-","-","-","-","-","-","-","-","-","-","-","-","-","-","Background Intelligent Transfer Service","auto start","demand start",BITS,"-","-","-","-","-","-","-","-","-","-","-","-","-","-","-","-",System,"2-employee-mach",7040,3255,"Service Control Manager",0x8080000000000000,4,"""The start type of the Background Intelligent Transfer Service service was changed from auto start to demand start.""",0,700,"{555908d1-a6d7-4695-8e1e-26931d2012f4}","Service Control Manager",INFORMATION,"2022-11-21T10:38:33.4654661Z",0,7532,0,"windows_eventchannel","-","1669027114.336349752",log,EventChannel,"s2g-siem-server","-","Service startup type was changed",42,"IV_35.7.d","-","windows, windows_system, policy_changed","164.312.b",61104,"This does not appear to be logged on Windows 2000",3,false,"-","-","-","AU.6","10.6","CC6.1, CC6.8, CC7.2, CC7.3","-","-","-","-","-","-","-","-","-","-","-","-","-","-","-","-","-","-","-","-","-","-","-","Nov 21, 2022 @ 11:38:34.705"
"wazuh-alerts-4.x-2022.11.21",025,"10.11.2.113","2-employee-mach","-","-","-","-","-","-","-","-","-","-","-","-","-","-","-","-","-","-","-","-","-","-","-","-","-","-","-","-","-","-","-","-","-","-","-","Background Intelligent Transfer Service","demand start","auto start",BITS,"-","-","-","-","-","-","-","-","-","-","-","-","-","-","-","-",System,"2-employee-mach",7040,3253,"Service Control Manager",0x8080000000000000,4,"""The start type of the Background Intelligent Transfer Service service was changed from demand start to auto start.""",0,700,"{555908d1-a6d7-4695-8e1e-26931d2012f4}","Service Control Manager",INFORMATION,"2022-11-21T10:36:33.1747379Z",0,932,0,"windows_eventchannel","-","1669026994.335211139",log,EventChannel,"s2g-siem-server","-","Service startup type was changed",36,"IV_35.7.d","-","windows, windows_system, policy_changed","164.312.b",61104,"This does not appear to be logged on Windows 2000",3,false,"-","-","-","AU.6","10.6","CC6.1, CC6.8, CC7.2, CC7.3","-","-","-","-","-","-","-","-","-","-","-","-","-","-","-","-","-","-","-","-","-","-","-","Nov 21, 2022 @ 11:36:34.407"
"wazuh-alerts-4.x-2022.11.21",025,"10.11.2.113","2-employee-mach","-","-","-","-","-","-","-","-","-","-","-","-","-","-","-","-","-","-","-","-","-","-",Negotiate,"-","-","%%1842","-","%%1833","-","-",0,"-","{00000000-0000-0000-0000-000000000000}",Advapi,5,"-","-","-","-",0x2bc,"C:\\Windows\\System32\\services.exe","-","-","-",WORKGROUP,0x3e7,"2-EMPLOYEE-MACH$","S-1-5-18","NT AUTHORITY",0x0,0x3e7,SYSTEM,"S-1-5-18","%%1843","-",Security,"2-employee-mach",4624,34663,"-",0x8020000000000000,0,"""An account was successfully logged on.

Subject:
	Security ID:		S-1-5-18
	Account Name:		2-EMPLOYEE-MACH$
	Account Domain:		WORKGROUP
	Logon ID:		0x3E7

Logon Information:
	Logon Type:		5
	Restricted Admin Mode:	-
	Virtual Account:		No
	Elevated Token:		Yes

Impersonation Level:		Impersonation

New Logon:
	Security ID:		S-1-5-18
	Account Name:		SYSTEM
	Account Domain:		NT AUTHORITY
	Logon ID:		0x3E7
	Linked Logon ID:		0x0
	Network Account Name:	-
	Network Account Domain:	-
	Logon GUID:		{00000000-0000-0000-0000-000000000000}

Process Information:
	Process ID:		0x2bc
	Process Name:		C:\Windows\System32\services.exe

Network Information:
	Workstation Name:	-
	Source Network Address:	-
	Source Port:		-

Detailed Authentication Information:
	Logon Process:		Advapi  
	Authentication Package:	Negotiate
	Transited Services:	-
	Package Name (NTLM only):	-
	Key Length:		0

This event is generated when a logon session is created. It is generated on the computer that was accessed.

The subject fields indicate the account on the local system which requested the logon. This is most commonly a service such as the Server service, or a local process such as Winlogon.exe or Services.exe.

The logon type field indicates the kind of logon that occurred. The most common types are 2 (interactive) and 3 (network).

The New Logon fields indicate the account for whom the new logon was created, i.e. the account that was logged on.

The network fields indicate where a remote logon request originated. Workstation name is not always available and may be left blank in some cases.

The impersonation level field indicates the extent to which a process in the logon session can impersonate.

The authentication information fields provide detailed information about this specific logon request.
	- Logon GUID is a unique identifier that can be used to correlate this event with a KDC event.
	- Transited services indicate which intermediate services have participated in this logon request.
	- Package name indicates which sub-protocol was used among the NTLM protocols.
	- Key length indicates the length of the generated session key. This will be 0 if no session key was requested.""",0,708,"{54849625-5478-4994-a5ba-3e3b0328c30d}","Microsoft-Windows-Security-Auditing","AUDIT_SUCCESS","2022-11-21T10:36:33.1182000Z",12544,5044,2,"windows_eventchannel","-","1669026993.335203813",log,EventChannel,"s2g-siem-server","-","Windows logon success.",58,"IV_32.2","7.1, 7.2","windows, windows_security, authentication_success","164.312.b",60106,"-",3,false,T1078,"Defense Evasion, Persistence, Privilege Escalation, Initial Access","Valid Accounts","AC.7, AU.14","10.2.5","CC6.8, CC7.2, CC7.3","-","-","-","-","-","-","-","-","-","-","-","-","-","-","-","-","-","-","-","-","-","-","-","Nov 21, 2022 @ 11:36:33.730"
