"wazuh-alerts-4.x-2022.11.21",023,"10.11.1.10","1-admin-machine","-","-","-","-","-","-","-","-","-","-","-","-","-","-","-","-","-","-","-","-","-","-","-","-","2022-11-22T14:09:33Z, RulesEngine","-","-","-","-","-","-","-","-","-","-","-","-","-","-","-","-","-","-","-","-","-","-","-","-","-","-","-","-","-","-",Application,"1-admin-machine",16384,751,"Software Protection Platform Service",0x80000000000000,4,"""Successfully scheduled Software Protection service for re-start at 2022-11-22T14:09:33Z. Reason: RulesEngine.""",0,0,"{E23B33B0-C8C9-472C-A5F9-F2BDFEA0F156}","Microsoft-Windows-Security-SPP",INFORMATION,"2022-11-21T09:58:33.5538809Z",0,0,0,"windows_eventchannel","-","1669024713.313056271",log,EventChannel,"s2g-siem-server","-","Software protection service scheduled successfully.",3,"-","-","windows, windows_application","-",60642,"-",3,false,"-","-","-","-","-","-","-","-","-","-","-","-","-","-","-","-","-","-","-","-","-","-","-","-","-","-","-","-","-","Nov 21, 2022 @ 10:58:33.559"
"wazuh-alerts-4.x-2022.11.21",023,"10.11.1.10","1-admin-machine","-","-","-","-","-","-","-","-","-","-","-","-","-","-","-","-","-","-","-","-","-","-","-","-","2022-11-22T14:10:15Z, RulesEngine","-","-","-","-","-","-","-","-","-","-","-","-","-","-","-","-","-","-","-","-","-","-","-","-","-","-","-","-","-","-",Application,"1-admin-machine",16384,749,"Software Protection Platform Service",0x80000000000000,4,"""Successfully scheduled Software Protection service for re-start at 2022-11-22T14:10:15Z. Reason: RulesEngine.""",0,0,"{E23B33B0-C8C9-472C-A5F9-F2BDFEA0F156}","Microsoft-Windows-Security-SPP",INFORMATION,"2022-11-21T09:51:15.4143676Z",0,0,0,"windows_eventchannel","-","1669024275.309015463",log,EventChannel,"s2g-siem-server","-","Software protection service scheduled successfully.",1,"-","-","windows, windows_application","-",60642,"-",3,false,"-","-","-","-","-","-","-","-","-","-","-","-","-","-","-","-","-","-","-","-","-","-","-","-","-","-","-","-","-","Nov 21, 2022 @ 10:51:15.417"
"wazuh-alerts-4.x-2022.11.21",023,"10.11.1.10","1-admin-machine","-","-","-","-","-","-","-","-","-","-","-","-","-","-","-","-","-","-","-","-","-","-","-","-","0, RADAR_PRE_LEAK_64, Not available, 0, xmrig.exe, 6.11.2.0, 10.0.20348.2.0.0,   \\\\?\\C:\\Users\\ADMINI~1\\AppData\\Local\\Temp\\RDR3CD.tmp\\empty.txt  \\\\?\\C:\\ProgramData\\Microsoft\\Windows\\WER\\Temp\\WER.18c445f3-7977-4d78-a11f-771c8bdb6224.tmp.WERInternalMetadata.xml  \\\\?\\C:\\ProgramData\\Microsoft\\Windows\\WER\\Temp\\WER.ce6a6ba7-1549-459f-b1d1-6bd7672f22cd.tmp.xml  \\\\?\\C:\\ProgramData\\Microsoft\\Windows\\WER\\Temp\\WER.2326cc17-13c4-4fb1-ac18-945a47369e63.tmp.csv  \\\\?\\C:\\ProgramData\\Microsoft\\Windows\\WER\\Temp\\WER.edca09d2-e2bf-49c9-ac6f-0514b411a541.tmp.txt, 0, e2f0545c-4bfe-43d7-8b1a-192098c6d572, 536871008, 0","-","-","-","-","-","-","-","-","-","-","-","-","-","-","-","-","-","-","-","-","-","-","-","-","-","-","-","-","-","-",Application,"1-admin-machine",1001,748,"-",0x80000000000000,4,"""Fault bucket , type 0
Event Name: RADAR_PRE_LEAK_64
Response: Not available
Cab Id: 0

Problem signature:
P1: xmrig.exe
P2: 6.11.2.0
P3: 10.0.20348.2.0.0
P4: 
P5: 
P6: 
P7: 
P8: 
P9: 
P10: 

Attached files:
\\?\C:\Users\ADMINI~1\AppData\Local\Temp\RDR3CD.tmp\empty.txt
\\?\C:\ProgramData\Microsoft\Windows\WER\Temp\WER.18c445f3-7977-4d78-a11f-771c8bdb6224.tmp.WERInternalMetadata.xml
\\?\C:\ProgramData\Microsoft\Windows\WER\Temp\WER.ce6a6ba7-1549-459f-b1d1-6bd7672f22cd.tmp.xml
\\?\C:\ProgramData\Microsoft\Windows\WER\Temp\WER.2326cc17-13c4-4fb1-ac18-945a47369e63.tmp.csv
\\?\C:\ProgramData\Microsoft\Windows\WER\Temp\WER.edca09d2-e2bf-49c9-ac6f-0514b411a541.tmp.txt

These files may be available here:


Analysis symbol: 
Rechecking for solution: 0
Report Id: e2f0545c-4bfe-43d7-8b1a-192098c6d572
Report Status: 536871008
Hashed bucket: 
Cab Guid: 0""",0,0,"-","Windows Error Reporting",INFORMATION,"2022-11-21T09:51:07.7456725Z",0,0,0,"windows_eventchannel","-","1669024267.308948961",log,EventChannel,"s2g-siem-server","-","Summary event of the report's signatures.",51,"-","-","windows, windows_application","-",60608,"-",4,false,"-","-","-","-","-","-","-","-","-","-","-","-","-","-","-","-","-","-","-","-","-","-","-","-","-","-","-","-","-","Nov 21, 2022 @ 10:51:07.749"
"wazuh-alerts-4.x-2022.11.21",023,"10.11.1.10","1-admin-machine","-","-","-","-","-","-","-","-","-","-","-","-","-","-","-","-","-","-","-","-","-","-",Negotiate,"-","-","%%1842","-","%%1833","-","-",0,"-","{00000000-0000-0000-0000-000000000000}",Advapi,5,"-","-","-","-",0x2b0,"C:\\Windows\\System32\\services.exe","-","-","-",WORKGROUP,0x3e7,"1-ADMIN-MACHINE$","S-1-5-18","NT AUTHORITY",0x0,0x3e7,SYSTEM,"S-1-5-18","%%1843","-",Security,"1-admin-machine",4624,26337,"-",0x8020000000000000,0,"""An account was successfully logged on.

Subject:
	Security ID:		S-1-5-18
	Account Name:		1-ADMIN-MACHINE$
	Account Domain:		WORKGROUP
	Logon ID:		0x3E7

Logon Information:
	Logon Type:		5
	Restricted Admin Mode:	-
	Virtual Account:		No
	Elevated Token:		Yes

Impersonation Level:		Impersonation

New Logon:
	Security ID:		S-1-5-18
	Account Name:		SYSTEM
	Account Domain:		NT AUTHORITY
	Logon ID:		0x3E7
	Linked Logon ID:		0x0
	Network Account Name:	-
	Network Account Domain:	-
	Logon GUID:		{00000000-0000-0000-0000-000000000000}

Process Information:
	Process ID:		0x2b0
	Process Name:		C:\Windows\System32\services.exe

Network Information:
	Workstation Name:	-
	Source Network Address:	-
	Source Port:		-

Detailed Authentication Information:
	Logon Process:		Advapi  
	Authentication Package:	Negotiate
	Transited Services:	-
	Package Name (NTLM only):	-
	Key Length:		0

This event is generated when a logon session is created. It is generated on the computer that was accessed.

The subject fields indicate the account on the local system which requested the logon. This is most commonly a service such as the Server service, or a local process such as Winlogon.exe or Services.exe.

The logon type field indicates the kind of logon that occurred. The most common types are 2 (interactive) and 3 (network).

The New Logon fields indicate the account for whom the new logon was created, i.e. the account that was logged on.

The network fields indicate where a remote logon request originated. Workstation name is not always available and may be left blank in some cases.

The impersonation level field indicates the extent to which a process in the logon session can impersonate.

The authentication information fields provide detailed information about this specific logon request.
	- Logon GUID is a unique identifier that can be used to correlate this event with a KDC event.
	- Transited services indicate which intermediate services have participated in this logon request.
	- Package name indicates which sub-protocol was used among the NTLM protocols.
	- Key length indicates the length of the generated session key. This will be 0 if no session key was requested.""",0,696,"{54849625-5478-4994-a5ba-3e3b0328c30d}","Microsoft-Windows-Security-Auditing","AUDIT_SUCCESS","2022-11-21T09:50:31.9443954Z",12544,3308,2,"windows_eventchannel","-","1669024232.308599985",log,EventChannel,"s2g-siem-server","-","Windows logon success.",99,"IV_32.2","7.1, 7.2","windows, windows_security, authentication_success","164.312.b",60106,"-",3,false,T1078,"Defense Evasion, Persistence, Privilege Escalation, Initial Access","Valid Accounts","AC.7, AU.14","10.2.5","CC6.8, CC7.2, CC7.3","-","-","-","-","-","-","-","-","-","-","-","-","-","-","-","-","-","-","-","-","-","-","-","Nov 21, 2022 @ 10:50:32.950"
"wazuh-alerts-4.x-2022.11.21",023,"10.11.1.10","1-admin-machine","-","-","-","-","-","-","-","-","-","-","-","-","-","-","-","-","-","-","-","-","-","-",Negotiate,"-","-","%%1842","-","%%1833","-","-",0,"-","{00000000-0000-0000-0000-000000000000}",Advapi,5,"-","-","-","-",0x2b0,"C:\\Windows\\System32\\services.exe","-","-","-",WORKGROUP,0x3e7,"1-ADMIN-MACHINE$","S-1-5-18","NT AUTHORITY",0x0,0x3e7,SYSTEM,"S-1-5-18","%%1843","-",Security,"1-admin-machine",4624,26334,"-",0x8020000000000000,0,"""An account was successfully logged on.

Subject:
	Security ID:		S-1-5-18
	Account Name:		1-ADMIN-MACHINE$
	Account Domain:		WORKGROUP
	Logon ID:		0x3E7

Logon Information:
	Logon Type:		5
	Restricted Admin Mode:	-
	Virtual Account:		No
	Elevated Token:		Yes

Impersonation Level:		Impersonation

New Logon:
	Security ID:		S-1-5-18
	Account Name:		SYSTEM
	Account Domain:		NT AUTHORITY
	Logon ID:		0x3E7
	Linked Logon ID:		0x0
	Network Account Name:	-
	Network Account Domain:	-
	Logon GUID:		{00000000-0000-0000-0000-000000000000}

Process Information:
	Process ID:		0x2b0
	Process Name:		C:\Windows\System32\services.exe

Network Information:
	Workstation Name:	-
	Source Network Address:	-
	Source Port:		-

Detailed Authentication Information:
	Logon Process:		Advapi  
	Authentication Package:	Negotiate
	Transited Services:	-
	Package Name (NTLM only):	-
	Key Length:		0

This event is generated when a logon session is created. It is generated on the computer that was accessed.

The subject fields indicate the account on the local system which requested the logon. This is most commonly a service such as the Server service, or a local process such as Winlogon.exe or Services.exe.

The logon type field indicates the kind of logon that occurred. The most common types are 2 (interactive) and 3 (network).

The New Logon fields indicate the account for whom the new logon was created, i.e. the account that was logged on.

The network fields indicate where a remote logon request originated. Workstation name is not always available and may be left blank in some cases.

The impersonation level field indicates the extent to which a process in the logon session can impersonate.

The authentication information fields provide detailed information about this specific logon request.
	- Logon GUID is a unique identifier that can be used to correlate this event with a KDC event.
	- Transited services indicate which intermediate services have participated in this logon request.
	- Package name indicates which sub-protocol was used among the NTLM protocols.
	- Key length indicates the length of the generated session key. This will be 0 if no session key was requested.""",0,696,"{54849625-5478-4994-a5ba-3e3b0328c30d}","Microsoft-Windows-Security-Auditing","AUDIT_SUCCESS","2022-11-21T09:50:28.6909061Z",12544,8932,2,"windows_eventchannel","-","1669024229.308584591",log,EventChannel,"s2g-siem-server","-","Windows logon success.",98,"IV_32.2","7.1, 7.2","windows, windows_security, authentication_success","164.312.b",60106,"-",3,false,T1078,"Defense Evasion, Persistence, Privilege Escalation, Initial Access","Valid Accounts","AC.7, AU.14","10.2.5","CC6.8, CC7.2, CC7.3","-","-","-","-","-","-","-","-","-","-","-","-","-","-","-","-","-","-","-","-","-","-","-","Nov 21, 2022 @ 10:50:29.728"
"wazuh-alerts-4.x-2022.11.21",023,"10.11.1.10","1-admin-machine","-","-","-","-","-","-","-","-","-","-","-","-","-","-","-","-","-","-","-","-","-","-","-","-","-","-","C:\\windows\\system32\\xmrig-6.11.2\\WinRing0x64.sys","-","-","-","-","-","-","-","-","-","-","-","-","-","-","WinRing0_1_2_0","kernel mode driver","demand start","-","-","-","-","-","-","-","-","-","-","-",System,"1-admin-machine",7045,3350,"Service Control Manager",0x8080000000000000,4,"""A service was installed in the system.

Service Name:  WinRing0_1_2_0
Service File Name:  C:\windows\system32\xmrig-6.11.2\WinRing0x64.sys
Service Type:  kernel mode driver
Service Start Type:  demand start
Service Account:  """,0,688,"{555908d1-a6d7-4695-8e1e-26931d2012f4}","Service Control Manager",INFORMATION,"2022-11-21T09:49:08.4490229Z",0,10708,0,"windows_eventchannel","-","1669024149.307778011",log,EventChannel,"s2g-siem-server","-","New Windows Service Created",4,"-","-","windows, windows_system","-",61138,"-",5,false,"T1543.003","Persistence, Privilege Escalation","Windows Service","-","-","-","-","-","-","-","-","-","-","-","-","-","-","-","-","-","-","-","-","-","-","-","-","-","-","Nov 21, 2022 @ 10:49:09.206"
"wazuh-alerts-4.x-2022.11.21",023,"10.11.1.10","1-admin-machine","-","-","-","-","-","-","-","-","-","-","-","-","-","-","-","-","-","-","-","-","-","-","-",7B41353544313334392D443239342D343345382D423739412D3145433836444333443138417D3030303038353738623262616464386133303036656139623631313464303566613464663030303030393034,"PowerShell 6-x64, 6.2.2.0, 1033, 0, Microsoft Corporation","-","-","-","-","-","-","-","-","-","-","-","-","-","-","-","-","-","-","-","-","-","-","-","-","-","-","-","-","-","-",Application,"1-admin-machine",1033,744,"-",0x80000000000000,4,"""Windows Installer installed the product. Product Name: PowerShell 6-x64. Product Version: 6.2.2.0. Product Language: 1033. Manufacturer: Microsoft Corporation. Installation success or error status: 0.""",0,0,"-",MsiInstaller,INFORMATION,"2022-11-21T09:44:17.7067640Z",0,0,0,"windows_eventchannel","-","1669023857.305085548",log,EventChannel,"s2g-siem-server","-","Application installed PowerShell 6-x64, 6.2.2.0, 1033, 0, Microsoft Corporation.",4,"-","-","windows, windows_application","-",60612,"-",3,false,"-","-","-","-","-","-","-","-","-","-","-","-","-","-","-","-","-","-","-","-","-","-","-","-","-","-","-","-","-","Nov 21, 2022 @ 10:44:17.710"
"wazuh-alerts-4.x-2022.11.21",023,"10.11.1.10","1-admin-machine","-","-","-","-","-","-","-","-","-","-","-","-","-","-","-","-","-","-","-","-","-","-","-",7B41353544313334392D443239342D343345382D423739412D3145433836444333443138417D,"Product: PowerShell 6-x64 -- Installation completed successfully.","-","-","-","-","-","-","-","-","-","-","-","-","-","-","-","-","-","-","-","-","-","-","-","-","-","-","-","-","-","-",Application,"1-admin-machine",11707,743,"-",0x80000000000000,4,"""Product: PowerShell 6-x64 -- Installation completed successfully.""",0,0,"-",MsiInstaller,INFORMATION,"2022-11-21T09:44:17.7050140Z",0,0,0,"windows_eventchannel","-","1669023857.305084031",log,EventChannel,"s2g-siem-server","-","Application installed Product: PowerShell 6-x64 -- Installation completed successfully..",3,"-","-","windows, windows_application","-",60612,"-",3,false,"-","-","-","-","-","-","-","-","-","-","-","-","-","-","-","-","-","-","-","-","-","-","-","-","-","-","-","-","-","Nov 21, 2022 @ 10:44:17.708"
"wazuh-alerts-4.x-2022.11.21",023,"10.11.1.10","1-admin-machine","-","-","-","-","-","-","-","-","-","-","-","-","-","-","-","-","-","-","-","-","-","-","-","-","2009084556351403197, 5, WinRMAssert, Not available, 0, admin\\wmi\\wmx\\stdlib\\PacketPool.h, 123,   \\\\?\\C:\\ProgramData\\Microsoft\\Windows\\WER\\Temp\\WER.166d4cf9-a8bf-4757-af65-8a2af43fb852.tmp.WERInternalMetadata.xml  \\\\?\\C:\\ProgramData\\Microsoft\\Windows\\WER\\Temp\\WER.6d2414ba-7faf-458e-9b03-729b14f31668.tmp.xml  \\\\?\\C:\\ProgramData\\Microsoft\\Windows\\WER\\Temp\\WER.baa64357-2665-4350-9c44-2e45c1661456.tmp.csv  \\\\?\\C:\\ProgramData\\Microsoft\\Windows\\WER\\Temp\\WER.18ee47ec-eb84-4a27-ac71-cc28571e0e77.tmp.txt, \\\\?\\C:\\ProgramData\\Microsoft\\Windows\\WER\\ReportArchive\\NonCritical_admin_wmi_wmx_st_397b4f2c691126c3f4c2dd71d79add8e8a1928f_00000000_8e03c8d8-1402-4789-8997-5460d5043b4d, 0, 8e03c8d8-1402-4789-8997-5460d5043b4d, 268435456, 74abbe98729f43fe1be1b3c2690c74bd, 0","-","-","-","-","-","-","-","-","-","-","-","-","-","-","-","-","-","-","-","-","-","-","-","-","-","-","-","-","-","-",Application,"1-admin-machine",1001,742,"-",0x80000000000000,4,"""Fault bucket 2009084556351403197, type 5
Event Name: WinRMAssert
Response: Not available
Cab Id: 0

Problem signature:
P1: admin\wmi\wmx\stdlib\PacketPool.h
P2: 123
P3: 
P4: 
P5: 
P6: 
P7: 
P8: 
P9: 
P10: 

Attached files:
\\?\C:\ProgramData\Microsoft\Windows\WER\Temp\WER.166d4cf9-a8bf-4757-af65-8a2af43fb852.tmp.WERInternalMetadata.xml
\\?\C:\ProgramData\Microsoft\Windows\WER\Temp\WER.6d2414ba-7faf-458e-9b03-729b14f31668.tmp.xml
\\?\C:\ProgramData\Microsoft\Windows\WER\Temp\WER.baa64357-2665-4350-9c44-2e45c1661456.tmp.csv
\\?\C:\ProgramData\Microsoft\Windows\WER\Temp\WER.18ee47ec-eb84-4a27-ac71-cc28571e0e77.tmp.txt

These files may be available here:
\\?\C:\ProgramData\Microsoft\Windows\WER\ReportArchive\NonCritical_admin_wmi_wmx_st_397b4f2c691126c3f4c2dd71d79add8e8a1928f_00000000_8e03c8d8-1402-4789-8997-5460d5043b4d

Analysis symbol: 
Rechecking for solution: 0
Report Id: 8e03c8d8-1402-4789-8997-5460d5043b4d
Report Status: 268435456
Hashed bucket: 74abbe98729f43fe1be1b3c2690c74bd
Cab Guid: 0""",0,0,"-","Windows Error Reporting",INFORMATION,"2022-11-21T09:44:08.6011613Z",0,0,0,"windows_eventchannel","-","1669023848.304884624",log,EventChannel,"s2g-siem-server","-","Summary event of the report's signatures.",29,"-","-","windows, windows_application","-",60608,"-",4,false,"-","-","-","-","-","-","-","-","-","-","-","-","-","-","-","-","-","-","-","-","-","-","-","-","-","-","-","-","-","Nov 21, 2022 @ 10:44:08.604"
"wazuh-alerts-4.x-2022.11.21",023,"10.11.1.10","1-admin-machine","-","-","-","-","-","-","-","-","-","-","-","-","-","-","-","-","-","-","-","-","-","-","-","-","0, WinRMAssert, Not available, 0, admin\\wmi\\wmx\\stdlib\\PacketPool.h, 123, 0, 8e03c8d8-1402-4789-8997-5460d5043b4d, 1074003968, 0","-","-","-","-","-","-","-","-","-","-","-","-","-","-","-","-","-","-","-","-","-","-","-","-","-","-","-","-","-","-",Application,"1-admin-machine",1001,741,"-",0x80000000000000,4,"""Fault bucket , type 0
Event Name: WinRMAssert
Response: Not available
Cab Id: 0

Problem signature:
P1: admin\wmi\wmx\stdlib\PacketPool.h
P2: 123
P3: 
P4: 
P5: 
P6: 
P7: 
P8: 
P9: 
P10: 

Attached files:

These files may be available here:


Analysis symbol: 
Rechecking for solution: 0
Report Id: 8e03c8d8-1402-4789-8997-5460d5043b4d
Report Status: 1074003968
Hashed bucket: 
Cab Guid: 0""",0,0,"-","Windows Error Reporting",INFORMATION,"2022-11-21T09:44:07.5092591Z",0,0,0,"windows_eventchannel","-","1669023847.304841039",log,EventChannel,"s2g-siem-server","-","Summary event of the report's signatures.",26,"-","-","windows, windows_application","-",60608,"-",4,false,"-","-","-","-","-","-","-","-","-","-","-","-","-","-","-","-","-","-","-","-","-","-","-","-","-","-","-","-","-","Nov 21, 2022 @ 10:44:07.513"
"wazuh-alerts-4.x-2022.11.21",023,"10.11.1.10","1-admin-machine","-","-","-","-","-","-","-","-","-","-","-","-","-","-","-","-","-","-","-","-","-","-","-","-","2009084556351403197, 5, WinRMAssert, Not available, 0, admin\\wmi\\wmx\\stdlib\\PacketPool.h, 123,   \\\\?\\C:\\ProgramData\\Microsoft\\Windows\\WER\\Temp\\WER.cbdc4a2d-53e3-4b34-8f76-135b94ad7700.tmp.WERInternalMetadata.xml  \\\\?\\C:\\ProgramData\\Microsoft\\Windows\\WER\\Temp\\WER.ed4b9357-1d03-44af-8ce5-c96874cc5e9c.tmp.xml  \\\\?\\C:\\ProgramData\\Microsoft\\Windows\\WER\\Temp\\WER.6f6666b2-6e75-4270-97dc-623e374af7a6.tmp.csv  \\\\?\\C:\\ProgramData\\Microsoft\\Windows\\WER\\Temp\\WER.22d6bfb8-1505-4f31-93de-0ca990ca9207.tmp.txt, \\\\?\\C:\\ProgramData\\Microsoft\\Windows\\WER\\ReportArchive\\NonCritical_admin_wmi_wmx_st_397b4f2c691126c3f4c2dd71d79add8e8a1928f_00000000_42ce46a3-1a84-4f87-9178-8570bc135625, 0, 42ce46a3-1a84-4f87-9178-8570bc135625, 268435456, 74abbe98729f43fe1be1b3c2690c74bd, 0","-","-","-","-","-","-","-","-","-","-","-","-","-","-","-","-","-","-","-","-","-","-","-","-","-","-","-","-","-","-",Application,"1-admin-machine",1001,740,"-",0x80000000000000,4,"""Fault bucket 2009084556351403197, type 5
Event Name: WinRMAssert
Response: Not available
Cab Id: 0

Problem signature:
P1: admin\wmi\wmx\stdlib\PacketPool.h
P2: 123
P3: 
P4: 
P5: 
P6: 
P7: 
P8: 
P9: 
P10: 

Attached files:
\\?\C:\ProgramData\Microsoft\Windows\WER\Temp\WER.cbdc4a2d-53e3-4b34-8f76-135b94ad7700.tmp.WERInternalMetadata.xml
\\?\C:\ProgramData\Microsoft\Windows\WER\Temp\WER.ed4b9357-1d03-44af-8ce5-c96874cc5e9c.tmp.xml
\\?\C:\ProgramData\Microsoft\Windows\WER\Temp\WER.6f6666b2-6e75-4270-97dc-623e374af7a6.tmp.csv
\\?\C:\ProgramData\Microsoft\Windows\WER\Temp\WER.22d6bfb8-1505-4f31-93de-0ca990ca9207.tmp.txt

These files may be available here:
\\?\C:\ProgramData\Microsoft\Windows\WER\ReportArchive\NonCritical_admin_wmi_wmx_st_397b4f2c691126c3f4c2dd71d79add8e8a1928f_00000000_42ce46a3-1a84-4f87-9178-8570bc135625

Analysis symbol: 
Rechecking for solution: 0
Report Id: 42ce46a3-1a84-4f87-9178-8570bc135625
Report Status: 268435456
Hashed bucket: 74abbe98729f43fe1be1b3c2690c74bd
Cab Guid: 0""",0,0,"-","Windows Error Reporting",INFORMATION,"2022-11-21T09:44:06.8342682Z",0,0,0,"windows_eventchannel","-","1669023846.304833892",log,EventChannel,"s2g-siem-server","-","Summary event of the report's signatures.",24,"-","-","windows, windows_application","-",60608,"-",4,false,"-","-","-","-","-","-","-","-","-","-","-","-","-","-","-","-","-","-","-","-","-","-","-","-","-","-","-","-","-","Nov 21, 2022 @ 10:44:06.837"
"wazuh-alerts-4.x-2022.11.21",023,"10.11.1.10","1-admin-machine","-","-","-","-","-","-","-","-","-","-","-","-","-","-","-","-","-","-","-","-","-","-","-","-","-","-","-","-","-","-","-","-","-","-",3,"-","-","-","-","-","-","-","-","-","-","-","-","-","NT AUTHORITY","-",0x6172af1,"ANONYMOUS LOGON","S-1-5-7","-","-",Security,"1-admin-machine",4634,26218,"-",0x8020000000000000,0,"""An account was logged off.

Subject:
	Security ID:		S-1-5-7
	Account Name:		ANONYMOUS LOGON
	Account Domain:		NT AUTHORITY
	Logon ID:		0x6172AF1

Logon Type:			3

This event is generated when a logon session is destroyed. It may be positively correlated with a logon event using the Logon ID value. Logon IDs are only unique between reboots on the same computer.""",0,696,"{54849625-5478-4994-a5ba-3e3b0328c30d}","Microsoft-Windows-Security-Auditing","AUDIT_SUCCESS","2022-11-21T09:44:05.6464885Z",12545,3976,0,"windows_eventchannel","-","1669023846.304820839",log,EventChannel,"s2g-siem-server","-","Windows User Logoff.",14,"IV_32.2","-","windows, windows_security","164.312.b",60137,"-",3,false,"-","-","-","AC.7, AU.14","10.2.5","CC6.8, CC7.2, CC7.3","-","-","-","-","-","-","-","-","-","-","-","-","-","-","-","-","-","-","-","-","-","-","-","Nov 21, 2022 @ 10:44:06.294"
"wazuh-alerts-4.x-2022.11.21",023,"10.11.1.10","1-admin-machine","-","-","-","-","-","-","-","-","-","-","-","-","-","-","-","-","-","-","-","-","-","-",NTLM,"-","-","%%1843","-","%%1833","::1",64019,128,"NTLM V1","{00000000-0000-0000-0000-000000000000}",NtLmSsp,3,"-","-","-","-",0x0,"-","-","-","-","-",0x0,"-","S-1-0-0","NT AUTHORITY",0x0,0x6172af1,"ANONYMOUS LOGON","S-1-5-7","%%1843","1-ADMIN-MACHINE",Security,"1-admin-machine",4624,26217,"-",0x8020000000000000,0,"""An account was successfully logged on.

Subject:
	Security ID:		S-1-0-0
	Account Name:		-
	Account Domain:		-
	Logon ID:		0x0

Logon Information:
	Logon Type:		3
	Restricted Admin Mode:	-
	Virtual Account:		No
	Elevated Token:		No

Impersonation Level:		Impersonation

New Logon:
	Security ID:		S-1-5-7
	Account Name:		ANONYMOUS LOGON
	Account Domain:		NT AUTHORITY
	Logon ID:		0x6172AF1
	Linked Logon ID:		0x0
	Network Account Name:	-
	Network Account Domain:	-
	Logon GUID:		{00000000-0000-0000-0000-000000000000}

Process Information:
	Process ID:		0x0
	Process Name:		-

Network Information:
	Workstation Name:	1-ADMIN-MACHINE
	Source Network Address:	::1
	Source Port:		64019

Detailed Authentication Information:
	Logon Process:		NtLmSsp 
	Authentication Package:	NTLM
	Transited Services:	-
	Package Name (NTLM only):	NTLM V1
	Key Length:		128

This event is generated when a logon session is created. It is generated on the computer that was accessed.

The subject fields indicate the account on the local system which requested the logon. This is most commonly a service such as the Server service, or a local process such as Winlogon.exe or Services.exe.

The logon type field indicates the kind of logon that occurred. The most common types are 2 (interactive) and 3 (network).

The New Logon fields indicate the account for whom the new logon was created, i.e. the account that was logged on.

The network fields indicate where a remote logon request originated. Workstation name is not always available and may be left blank in some cases.

The impersonation level field indicates the extent to which a process in the logon session can impersonate.

The authentication information fields provide detailed information about this specific logon request.
	- Logon GUID is a unique identifier that can be used to correlate this event with a KDC event.
	- Transited services indicate which intermediate services have participated in this logon request.
	- Package name indicates which sub-protocol was used among the NTLM protocols.
	- Key length indicates the length of the generated session key. This will be 0 if no session key was requested.""",0,696,"{54849625-5478-4994-a5ba-3e3b0328c30d}","Microsoft-Windows-Security-Auditing","AUDIT_SUCCESS","2022-11-21T09:44:05.6458428Z",12544,3976,2,"windows_eventchannel","-","1669023846.304813599",log,EventChannel,"s2g-siem-server","-","Windows logon success.",74,"IV_32.2","7.1, 7.2","windows, windows_security, authentication_success","164.312.b",60106,"-",3,false,T1078,"Defense Evasion, Persistence, Privilege Escalation, Initial Access","Valid Accounts","AC.7, AU.14","10.2.5","CC6.8, CC7.2, CC7.3","-","-","-","-","-","-","-","-","-","-","-","-","-","-","-","-","-","-","-","-","-","-","-","Nov 21, 2022 @ 10:44:06.292"
"wazuh-alerts-4.x-2022.11.21",023,"10.11.1.10","1-admin-machine","-","-","-","-","-","-","-","-","-","-","-","-","-","-","-","-","-","-","-","-","-","-","-","-","-","-","-","-","-","-","-","-","-","-",3,"-","-","-","-","-","-","-","-","-","-","-","-","-","NT AUTHORITY","-",0x6172abc,"ANONYMOUS LOGON","S-1-5-7","-","-",Security,"1-admin-machine",4634,26216,"-",0x8020000000000000,0,"""An account was logged off.

Subject:
	Security ID:		S-1-5-7
	Account Name:		ANONYMOUS LOGON
	Account Domain:		NT AUTHORITY
	Logon ID:		0x6172ABC

Logon Type:			3

This event is generated when a logon session is destroyed. It may be positively correlated with a logon event using the Logon ID value. Logon IDs are only unique between reboots on the same computer.""",0,696,"{54849625-5478-4994-a5ba-3e3b0328c30d}","Microsoft-Windows-Security-Auditing","AUDIT_SUCCESS","2022-11-21T09:44:05.6421332Z",12545,4324,0,"windows_eventchannel","-","1669023846.304811222",log,EventChannel,"s2g-siem-server","-","Windows User Logoff.",13,"IV_32.2","-","windows, windows_security","164.312.b",60137,"-",3,false,"-","-","-","AC.7, AU.14","10.2.5","CC6.8, CC7.2, CC7.3","-","-","-","-","-","-","-","-","-","-","-","-","-","-","-","-","-","-","-","-","-","-","-","Nov 21, 2022 @ 10:44:06.290"
"wazuh-alerts-4.x-2022.11.21",023,"10.11.1.10","1-admin-machine","-","-","-","-","-","-","-","-","-","-","-","-","-","-","-","-","-","-","-","-","-","-",NTLM,"-","-","%%1843","-","%%1833","::1",64018,128,"NTLM V1","{00000000-0000-0000-0000-000000000000}",NtLmSsp,3,"-","-","-","-",0x0,"-","-","-","-","-",0x0,"-","S-1-0-0","NT AUTHORITY",0x0,0x6172abc,"ANONYMOUS LOGON","S-1-5-7","%%1843","1-ADMIN-MACHINE",Security,"1-admin-machine",4624,26215,"-",0x8020000000000000,0,"""An account was successfully logged on.

Subject:
	Security ID:		S-1-0-0
	Account Name:		-
	Account Domain:		-
	Logon ID:		0x0

Logon Information:
	Logon Type:		3
	Restricted Admin Mode:	-
	Virtual Account:		No
	Elevated Token:		No

Impersonation Level:		Impersonation

New Logon:
	Security ID:		S-1-5-7
	Account Name:		ANONYMOUS LOGON
	Account Domain:		NT AUTHORITY
	Logon ID:		0x6172ABC
	Linked Logon ID:		0x0
	Network Account Name:	-
	Network Account Domain:	-
	Logon GUID:		{00000000-0000-0000-0000-000000000000}

Process Information:
	Process ID:		0x0
	Process Name:		-

Network Information:
	Workstation Name:	1-ADMIN-MACHINE
	Source Network Address:	::1
	Source Port:		64018

Detailed Authentication Information:
	Logon Process:		NtLmSsp 
	Authentication Package:	NTLM
	Transited Services:	-
	Package Name (NTLM only):	NTLM V1
	Key Length:		128

This event is generated when a logon session is created. It is generated on the computer that was accessed.

The subject fields indicate the account on the local system which requested the logon. This is most commonly a service such as the Server service, or a local process such as Winlogon.exe or Services.exe.

The logon type field indicates the kind of logon that occurred. The most common types are 2 (interactive) and 3 (network).

The New Logon fields indicate the account for whom the new logon was created, i.e. the account that was logged on.

The network fields indicate where a remote logon request originated. Workstation name is not always available and may be left blank in some cases.

The impersonation level field indicates the extent to which a process in the logon session can impersonate.

The authentication information fields provide detailed information about this specific logon request.
	- Logon GUID is a unique identifier that can be used to correlate this event with a KDC event.
	- Transited services indicate which intermediate services have participated in this logon request.
	- Package name indicates which sub-protocol was used among the NTLM protocols.
	- Key length indicates the length of the generated session key. This will be 0 if no session key was requested.""",0,696,"{54849625-5478-4994-a5ba-3e3b0328c30d}","Microsoft-Windows-Security-Auditing","AUDIT_SUCCESS","2022-11-21T09:44:05.6411941Z",12544,4324,2,"windows_eventchannel","-","1669023846.304803982",log,EventChannel,"s2g-siem-server","-","Windows logon success.",73,"IV_32.2","7.1, 7.2","windows, windows_security, authentication_success","164.312.b",60106,"-",3,false,T1078,"Defense Evasion, Persistence, Privilege Escalation, Initial Access","Valid Accounts","AC.7, AU.14","10.2.5","CC6.8, CC7.2, CC7.3","-","-","-","-","-","-","-","-","-","-","-","-","-","-","-","-","-","-","-","-","-","-","-","Nov 21, 2022 @ 10:44:06.289"
"wazuh-alerts-4.x-2022.11.21",023,"10.11.1.10","1-admin-machine","-","-","-","-","-","-","-","-","-","-","-","-","-","-","-","-","-","-","-","-","-","-","-","-","0, WinRMAssert, Not available, 0, admin\\wmi\\wmx\\stdlib\\PacketPool.h, 123, 0, 42ce46a3-1a84-4f87-9178-8570bc135625, 1074003968, 0","-","-","-","-","-","-","-","-","-","-","-","-","-","-","-","-","-","-","-","-","-","-","-","-","-","-","-","-","-","-",Application,"1-admin-machine",1001,739,"-",0x80000000000000,4,"""Fault bucket , type 0
Event Name: WinRMAssert
Response: Not available
Cab Id: 0

Problem signature:
P1: admin\wmi\wmx\stdlib\PacketPool.h
P2: 123
P3: 
P4: 
P5: 
P6: 
P7: 
P8: 
P9: 
P10: 

Attached files:

These files may be available here:


Analysis symbol: 
Rechecking for solution: 0
Report Id: 42ce46a3-1a84-4f87-9178-8570bc135625
Report Status: 1074003968
Hashed bucket: 
Cab Guid: 0""",0,0,"-","Windows Error Reporting",INFORMATION,"2022-11-21T09:44:05.7212396Z",0,0,0,"windows_eventchannel","-","1669023845.304781483",log,EventChannel,"s2g-siem-server","-","Summary event of the report's signatures.",21,"-","-","windows, windows_application","-",60608,"-",4,false,"-","-","-","-","-","-","-","-","-","-","-","-","-","-","-","-","-","-","-","-","-","-","-","-","-","-","-","-","-","Nov 21, 2022 @ 10:44:05.724"
"wazuh-alerts-4.x-2022.11.21",023,"10.11.1.10","1-admin-machine","-","-","-","-","-","-","-","-","-","-","-","-","-","-","-","-","-","-","-","-","-","-","-","-","2009084556351403197, 5, WinRMAssert, Not available, 0, admin\\wmi\\wmx\\stdlib\\PacketPool.h, 123,   \\\\?\\C:\\ProgramData\\Microsoft\\Windows\\WER\\Temp\\WER.cf1d05f1-d99a-4d11-80c8-7b004ef71ef6.tmp.WERInternalMetadata.xml  \\\\?\\C:\\ProgramData\\Microsoft\\Windows\\WER\\Temp\\WER.e34ddaac-3909-4e5f-bc17-47b1129a6cad.tmp.xml  \\\\?\\C:\\ProgramData\\Microsoft\\Windows\\WER\\Temp\\WER.6a885c84-e6bc-48bd-a16c-1f747cbb3ca2.tmp.csv  \\\\?\\C:\\ProgramData\\Microsoft\\Windows\\WER\\Temp\\WER.9faff5f8-8df7-450f-9a8d-6bbe40996016.tmp.txt, \\\\?\\C:\\ProgramData\\Microsoft\\Windows\\WER\\ReportArchive\\NonCritical_admin_wmi_wmx_st_397b4f2c691126c3f4c2dd71d79add8e8a1928f_00000000_0a814bb5-4363-4c65-af11-f26b4def1aea, 0, 0a814bb5-4363-4c65-af11-f26b4def1aea, 268435456, 74abbe98729f43fe1be1b3c2690c74bd, 0","-","-","-","-","-","-","-","-","-","-","-","-","-","-","-","-","-","-","-","-","-","-","-","-","-","-","-","-","-","-",Application,"1-admin-machine",1001,738,"-",0x80000000000000,4,"""Fault bucket 2009084556351403197, type 5
Event Name: WinRMAssert
Response: Not available
Cab Id: 0

Problem signature:
P1: admin\wmi\wmx\stdlib\PacketPool.h
P2: 123
P3: 
P4: 
P5: 
P6: 
P7: 
P8: 
P9: 
P10: 

Attached files:
\\?\C:\ProgramData\Microsoft\Windows\WER\Temp\WER.cf1d05f1-d99a-4d11-80c8-7b004ef71ef6.tmp.WERInternalMetadata.xml
\\?\C:\ProgramData\Microsoft\Windows\WER\Temp\WER.e34ddaac-3909-4e5f-bc17-47b1129a6cad.tmp.xml
\\?\C:\ProgramData\Microsoft\Windows\WER\Temp\WER.6a885c84-e6bc-48bd-a16c-1f747cbb3ca2.tmp.csv
\\?\C:\ProgramData\Microsoft\Windows\WER\Temp\WER.9faff5f8-8df7-450f-9a8d-6bbe40996016.tmp.txt

These files may be available here:
\\?\C:\ProgramData\Microsoft\Windows\WER\ReportArchive\NonCritical_admin_wmi_wmx_st_397b4f2c691126c3f4c2dd71d79add8e8a1928f_00000000_0a814bb5-4363-4c65-af11-f26b4def1aea

Analysis symbol: 
Rechecking for solution: 0
Report Id: 0a814bb5-4363-4c65-af11-f26b4def1aea
Report Status: 268435456
Hashed bucket: 74abbe98729f43fe1be1b3c2690c74bd
Cab Guid: 0""",0,0,"-","Windows Error Reporting",INFORMATION,"2022-11-21T09:44:02.5807388Z",0,0,0,"windows_eventchannel","-","1669023842.304666855",log,EventChannel,"s2g-siem-server","-","Summary event of the report's signatures.",13,"-","-","windows, windows_application","-",60608,"-",4,false,"-","-","-","-","-","-","-","-","-","-","-","-","-","-","-","-","-","-","-","-","-","-","-","-","-","-","-","-","-","Nov 21, 2022 @ 10:44:02.584"
"wazuh-alerts-4.x-2022.11.21",023,"10.11.1.10","1-admin-machine","-","-","-","-","-","-","-","-","-","-","-","-","-","-","-","-","-","-","-","-","-","-","-","-","2009084556351403197, 5, WinRMAssert, Not available, 0, admin\\wmi\\wmx\\stdlib\\PacketPool.h, 123,   \\\\?\\C:\\ProgramData\\Microsoft\\Windows\\WER\\Temp\\WER.32c2a566-b876-4186-8f25-ce2970aa79a8.tmp.WERInternalMetadata.xml  \\\\?\\C:\\ProgramData\\Microsoft\\Windows\\WER\\Temp\\WER.ad41b5e5-b7ac-47e8-8905-809d62e3fd66.tmp.xml  \\\\?\\C:\\ProgramData\\Microsoft\\Windows\\WER\\Temp\\WER.0af34308-0cab-4595-9fa1-d49fa7ea81f6.tmp.csv  \\\\?\\C:\\ProgramData\\Microsoft\\Windows\\WER\\Temp\\WER.2b7d68be-e54c-4fea-9efc-93188e4d3354.tmp.txt, \\\\?\\C:\\ProgramData\\Microsoft\\Windows\\WER\\ReportArchive\\NonCritical_admin_wmi_wmx_st_397b4f2c691126c3f4c2dd71d79add8e8a1928f_00000000_79d7480c-4c07-4db0-bfb9-cabc3fbd9c96, 0, 79d7480c-4c07-4db0-bfb9-cabc3fbd9c96, 268435456, 74abbe98729f43fe1be1b3c2690c74bd, 0","-","-","-","-","-","-","-","-","-","-","-","-","-","-","-","-","-","-","-","-","-","-","-","-","-","-","-","-","-","-",Application,"1-admin-machine",1001,737,"-",0x80000000000000,4,"""Fault bucket 2009084556351403197, type 5
Event Name: WinRMAssert
Response: Not available
Cab Id: 0

Problem signature:
P1: admin\wmi\wmx\stdlib\PacketPool.h
P2: 123
P3: 
P4: 
P5: 
P6: 
P7: 
P8: 
P9: 
P10: 

Attached files:
\\?\C:\ProgramData\Microsoft\Windows\WER\Temp\WER.32c2a566-b876-4186-8f25-ce2970aa79a8.tmp.WERInternalMetadata.xml
\\?\C:\ProgramData\Microsoft\Windows\WER\Temp\WER.ad41b5e5-b7ac-47e8-8905-809d62e3fd66.tmp.xml
\\?\C:\ProgramData\Microsoft\Windows\WER\Temp\WER.0af34308-0cab-4595-9fa1-d49fa7ea81f6.tmp.csv
\\?\C:\ProgramData\Microsoft\Windows\WER\Temp\WER.2b7d68be-e54c-4fea-9efc-93188e4d3354.tmp.txt

These files may be available here:
\\?\C:\ProgramData\Microsoft\Windows\WER\ReportArchive\NonCritical_admin_wmi_wmx_st_397b4f2c691126c3f4c2dd71d79add8e8a1928f_00000000_79d7480c-4c07-4db0-bfb9-cabc3fbd9c96

Analysis symbol: 
Rechecking for solution: 0
Report Id: 79d7480c-4c07-4db0-bfb9-cabc3fbd9c96
Report Status: 268435456
Hashed bucket: 74abbe98729f43fe1be1b3c2690c74bd
Cab Guid: 0""",0,0,"-","Windows Error Reporting",INFORMATION,"2022-11-21T09:44:01.7302481Z",0,0,0,"windows_eventchannel","-","1669023841.304654350",log,EventChannel,"s2g-siem-server","-","Summary event of the report's signatures.",11,"-","-","windows, windows_application","-",60608,"-",4,false,"-","-","-","-","-","-","-","-","-","-","-","-","-","-","-","-","-","-","-","-","-","-","-","-","-","-","-","-","-","Nov 21, 2022 @ 10:44:01.733"
"wazuh-alerts-4.x-2022.11.21",023,"10.11.1.10","1-admin-machine","-","-","-","-","-","-","-","-","-","-","-","-","-","-","-","-","-","-","-","-","-","-","-","-","0, WinRMAssert, Not available, 0, admin\\wmi\\wmx\\stdlib\\PacketPool.h, 123, 0, 0a814bb5-4363-4c65-af11-f26b4def1aea, 1074003968, 0","-","-","-","-","-","-","-","-","-","-","-","-","-","-","-","-","-","-","-","-","-","-","-","-","-","-","-","-","-","-",Application,"1-admin-machine",1001,736,"-",0x80000000000000,4,"""Fault bucket , type 0
Event Name: WinRMAssert
Response: Not available
Cab Id: 0

Problem signature:
P1: admin\wmi\wmx\stdlib\PacketPool.h
P2: 123
P3: 
P4: 
P5: 
P6: 
P7: 
P8: 
P9: 
P10: 

Attached files:

These files may be available here:


Analysis symbol: 
Rechecking for solution: 0
Report Id: 0a814bb5-4363-4c65-af11-f26b4def1aea
Report Status: 1074003968
Hashed bucket: 
Cab Guid: 0""",0,0,"-","Windows Error Reporting",INFORMATION,"2022-11-21T09:44:01.5016487Z",0,0,0,"windows_eventchannel","-","1669023841.304632913",log,EventChannel,"s2g-siem-server","-","Summary event of the report's signatures.",10,"-","-","windows, windows_application","-",60608,"-",4,false,"-","-","-","-","-","-","-","-","-","-","-","-","-","-","-","-","-","-","-","-","-","-","-","-","-","-","-","-","-","Nov 21, 2022 @ 10:44:01.505"
"wazuh-alerts-4.x-2022.11.21",023,"10.11.1.10","1-admin-machine","-","-","-","-","-","-","-","-","-","-","-","-","-","-","-","-","-","-","-","-","-","-",Negotiate,"-","-","%%1842","-","%%1833","-","-",0,"-","{00000000-0000-0000-0000-000000000000}",Advapi,5,"-","-","-","-",0x2b0,"C:\\Windows\\System32\\services.exe","-","-","-",WORKGROUP,0x3e7,"1-ADMIN-MACHINE$","S-1-5-18","NT AUTHORITY",0x0,0x3e7,SYSTEM,"S-1-5-18","%%1843","-",Security,"1-admin-machine",4624,26177,"-",0x8020000000000000,0,"""An account was successfully logged on.

Subject:
	Security ID:		S-1-5-18
	Account Name:		1-ADMIN-MACHINE$
	Account Domain:		WORKGROUP
	Logon ID:		0x3E7

Logon Information:
	Logon Type:		5
	Restricted Admin Mode:	-
	Virtual Account:		No
	Elevated Token:		Yes

Impersonation Level:		Impersonation

New Logon:
	Security ID:		S-1-5-18
	Account Name:		SYSTEM
	Account Domain:		NT AUTHORITY
	Logon ID:		0x3E7
	Linked Logon ID:		0x0
	Network Account Name:	-
	Network Account Domain:	-
	Logon GUID:		{00000000-0000-0000-0000-000000000000}

Process Information:
	Process ID:		0x2b0
	Process Name:		C:\Windows\System32\services.exe

Network Information:
	Workstation Name:	-
	Source Network Address:	-
	Source Port:		-

Detailed Authentication Information:
	Logon Process:		Advapi  
	Authentication Package:	Negotiate
	Transited Services:	-
	Package Name (NTLM only):	-
	Key Length:		0

This event is generated when a logon session is created. It is generated on the computer that was accessed.

The subject fields indicate the account on the local system which requested the logon. This is most commonly a service such as the Server service, or a local process such as Winlogon.exe or Services.exe.

The logon type field indicates the kind of logon that occurred. The most common types are 2 (interactive) and 3 (network).

The New Logon fields indicate the account for whom the new logon was created, i.e. the account that was logged on.

The network fields indicate where a remote logon request originated. Workstation name is not always available and may be left blank in some cases.

The impersonation level field indicates the extent to which a process in the logon session can impersonate.

The authentication information fields provide detailed information about this specific logon request.
	- Logon GUID is a unique identifier that can be used to correlate this event with a KDC event.
	- Transited services indicate which intermediate services have participated in this logon request.
	- Package name indicates which sub-protocol was used among the NTLM protocols.
	- Key length indicates the length of the generated session key. This will be 0 if no session key was requested.""",0,696,"{54849625-5478-4994-a5ba-3e3b0328c30d}","Microsoft-Windows-Security-Auditing","AUDIT_SUCCESS","2022-11-21T09:44:00.1468283Z",12544,3976,2,"windows_eventchannel","-","1669023840.304598754",log,EventChannel,"s2g-siem-server","-","Windows logon success.",62,"IV_32.2","7.1, 7.2","windows, windows_security, authentication_success","164.312.b",60106,"-",3,false,T1078,"Defense Evasion, Persistence, Privilege Escalation, Initial Access","Valid Accounts","AC.7, AU.14","10.2.5","CC6.8, CC7.2, CC7.3","-","-","-","-","-","-","-","-","-","-","-","-","-","-","-","-","-","-","-","-","-","-","-","Nov 21, 2022 @ 10:44:00.794"
"wazuh-alerts-4.x-2022.11.21",023,"10.11.1.10","1-admin-machine","-","-","-","-","-","-","-","-","-","-","-","-","-","-","-","-","-","-","-","-","-","-",Negotiate,"-","-","%%1842","-","%%1833","-","-",0,"-","{00000000-0000-0000-0000-000000000000}",Advapi,5,"-","-","-","-",0x2b0,"C:\\Windows\\System32\\services.exe","-","-","-",WORKGROUP,0x3e7,"1-ADMIN-MACHINE$","S-1-5-18","NT AUTHORITY",0x0,0x3e7,SYSTEM,"S-1-5-18","%%1843","-",Security,"1-admin-machine",4624,26171,"-",0x8020000000000000,0,"""An account was successfully logged on.

Subject:
	Security ID:		S-1-5-18
	Account Name:		1-ADMIN-MACHINE$
	Account Domain:		WORKGROUP
	Logon ID:		0x3E7

Logon Information:
	Logon Type:		5
	Restricted Admin Mode:	-
	Virtual Account:		No
	Elevated Token:		Yes

Impersonation Level:		Impersonation

New Logon:
	Security ID:		S-1-5-18
	Account Name:		SYSTEM
	Account Domain:		NT AUTHORITY
	Logon ID:		0x3E7
	Linked Logon ID:		0x0
	Network Account Name:	-
	Network Account Domain:	-
	Logon GUID:		{00000000-0000-0000-0000-000000000000}

Process Information:
	Process ID:		0x2b0
	Process Name:		C:\Windows\System32\services.exe

Network Information:
	Workstation Name:	-
	Source Network Address:	-
	Source Port:		-

Detailed Authentication Information:
	Logon Process:		Advapi  
	Authentication Package:	Negotiate
	Transited Services:	-
	Package Name (NTLM only):	-
	Key Length:		0

This event is generated when a logon session is created. It is generated on the computer that was accessed.

The subject fields indicate the account on the local system which requested the logon. This is most commonly a service such as the Server service, or a local process such as Winlogon.exe or Services.exe.

The logon type field indicates the kind of logon that occurred. The most common types are 2 (interactive) and 3 (network).

The New Logon fields indicate the account for whom the new logon was created, i.e. the account that was logged on.

The network fields indicate where a remote logon request originated. Workstation name is not always available and may be left blank in some cases.

The impersonation level field indicates the extent to which a process in the logon session can impersonate.

The authentication information fields provide detailed information about this specific logon request.
	- Logon GUID is a unique identifier that can be used to correlate this event with a KDC event.
	- Transited services indicate which intermediate services have participated in this logon request.
	- Package name indicates which sub-protocol was used among the NTLM protocols.
	- Key length indicates the length of the generated session key. This will be 0 if no session key was requested.""",0,696,"{54849625-5478-4994-a5ba-3e3b0328c30d}","Microsoft-Windows-Security-Auditing","AUDIT_SUCCESS","2022-11-21T09:43:59.7748380Z",12544,3976,2,"windows_eventchannel","-","1669023840.304591428",log,EventChannel,"s2g-siem-server","-","Windows logon success.",61,"IV_32.2","7.1, 7.2","windows, windows_security, authentication_success","164.312.b",60106,"-",3,false,T1078,"Defense Evasion, Persistence, Privilege Escalation, Initial Access","Valid Accounts","AC.7, AU.14","10.2.5","CC6.8, CC7.2, CC7.3","-","-","-","-","-","-","-","-","-","-","-","-","-","-","-","-","-","-","-","-","-","-","-","Nov 21, 2022 @ 10:44:00.779"
"wazuh-alerts-4.x-2022.11.21",023,"10.11.1.10","1-admin-machine","-","-","-","-","-","-","-","-","-","-","-","-","-","-","-","-","-","-","-","-","-","-","-","-","0, WinRMAssert, Not available, 0, admin\\wmi\\wmx\\stdlib\\PacketPool.h, 123, 0, 79d7480c-4c07-4db0-bfb9-cabc3fbd9c96, 1074003968, 0","-","-","-","-","-","-","-","-","-","-","-","-","-","-","-","-","-","-","-","-","-","-","-","-","-","-","-","-","-","-",Application,"1-admin-machine",1001,735,"-",0x80000000000000,4,"""Fault bucket , type 0
Event Name: WinRMAssert
Response: Not available
Cab Id: 0

Problem signature:
P1: admin\wmi\wmx\stdlib\PacketPool.h
P2: 123
P3: 
P4: 
P5: 
P6: 
P7: 
P8: 
P9: 
P10: 

Attached files:

These files may be available here:


Analysis symbol: 
Rechecking for solution: 0
Report Id: 79d7480c-4c07-4db0-bfb9-cabc3fbd9c96
Report Status: 1074003968
Hashed bucket: 
Cab Guid: 0""",0,0,"-","Windows Error Reporting",INFORMATION,"2022-11-21T09:43:59.8965970Z",0,0,0,"windows_eventchannel","-","1669023839.304538234",log,EventChannel,"s2g-siem-server","-","Summary event of the report's signatures.",6,"-","-","windows, windows_application","-",60608,"-",4,false,"-","-","-","-","-","-","-","-","-","-","-","-","-","-","-","-","-","-","-","-","-","-","-","-","-","-","-","-","-","Nov 21, 2022 @ 10:43:59.942"
"wazuh-alerts-4.x-2022.11.21",023,"10.11.1.10","1-admin-machine","-","-","-","-","-","-","-","-","-","-","-","-","-","-","-","-","-","-","-","-","-","-","-","-","-","-","-","-","-","-","-","-","-","-",3,"-","-","-","-","-","-","-","-","-","-","-","-","-","NT AUTHORITY","-",0x614fec6,"ANONYMOUS LOGON","S-1-5-7","-","-",Security,"1-admin-machine",4634,26170,"-",0x8020000000000000,0,"""An account was logged off.

Subject:
	Security ID:		S-1-5-7
	Account Name:		ANONYMOUS LOGON
	Account Domain:		NT AUTHORITY
	Logon ID:		0x614FEC6

Logon Type:			3

This event is generated when a logon session is destroyed. It may be positively correlated with a logon event using the Logon ID value. Logon IDs are only unique between reboots on the same computer.""",0,696,"{54849625-5478-4994-a5ba-3e3b0328c30d}","Microsoft-Windows-Security-Auditing","AUDIT_SUCCESS","2022-11-21T09:43:59.0896218Z",12545,8932,0,"windows_eventchannel","-","1669023839.304535857",log,EventChannel,"s2g-siem-server","-","Windows User Logoff.",4,"IV_32.2","-","windows, windows_security","164.312.b",60137,"-",3,false,"-","-","-","AC.7, AU.14","10.2.5","CC6.8, CC7.2, CC7.3","-","-","-","-","-","-","-","-","-","-","-","-","-","-","-","-","-","-","-","-","-","-","-","Nov 21, 2022 @ 10:43:59.670"
