"wazuh-alerts-4.x-2022.11.21",020,"10.11.9.133","1-guest-machine","-","-","-","-","-","-","-","-","-","-","-","-","-","-","-","-","-","-","-","-","-","-","-","-","-","-","-","-","-","-","-","-","-","-","-","Background Intelligent Transfer Service","demand start","auto start",BITS,"-","-","-","-","-","-","-","-","-","-","-","-","-","-","-","-",System,"1-guest-machine",7040,4652,"Service Control Manager",0x8080000000000000,4,"""The start type of the Background Intelligent Transfer Service service was changed from demand start to auto start.""",0,664,"{555908d1-a6d7-4695-8e1e-26931d2012f4}","Service Control Manager",INFORMATION,"2022-11-21T10:05:00.1598013Z",0,5208,0,"windows_eventchannel","-","1669025101.316634369",log,EventChannel,"s2g-siem-server","-","Service startup type was changed",9,"IV_35.7.d","-","windows, windows_system, policy_changed","164.312.b",61104,"This does not appear to be logged on Windows 2000",3,false,"-","-","-","AU.6","10.6","CC6.1, CC6.8, CC7.2, CC7.3","-","-","-","-","-","-","-","-","-","-","-","-","-","-","-","-","-","-","-","-","-","-","-","Nov 21, 2022 @ 11:05:01.012"
"wazuh-alerts-4.x-2022.11.21",020,"10.11.9.133","1-guest-machine","-","-","-","-","-","-","-","-","-","-","-","-","-","-","-","-","-","-","-","-","-","-",Negotiate,"-","-","%%1842","-","%%1833","-","-",0,"-","{00000000-0000-0000-0000-000000000000}",Advapi,5,"-","-","-","-",0x298,"C:\\Windows\\System32\\services.exe","-","-","-",WORKGROUP,0x3e7,"1-GUEST-MACHINE$","S-1-5-18","NT AUTHORITY",0x0,0x3e7,SYSTEM,"S-1-5-18","%%1843","-",Security,"1-guest-machine",4624,33019,"-",0x8020000000000000,0,"""An account was successfully logged on.

Subject:
	Security ID:		S-1-5-18
	Account Name:		1-GUEST-MACHINE$
	Account Domain:		WORKGROUP
	Logon ID:		0x3E7

Logon Information:
	Logon Type:		5
	Restricted Admin Mode:	-
	Virtual Account:		No
	Elevated Token:		Yes

Impersonation Level:		Impersonation

New Logon:
	Security ID:		S-1-5-18
	Account Name:		SYSTEM
	Account Domain:		NT AUTHORITY
	Logon ID:		0x3E7
	Linked Logon ID:		0x0
	Network Account Name:	-
	Network Account Domain:	-
	Logon GUID:		{00000000-0000-0000-0000-000000000000}

Process Information:
	Process ID:		0x298
	Process Name:		C:\Windows\System32\services.exe

Network Information:
	Workstation Name:	-
	Source Network Address:	-
	Source Port:		-

Detailed Authentication Information:
	Logon Process:		Advapi  
	Authentication Package:	Negotiate
	Transited Services:	-
	Package Name (NTLM only):	-
	Key Length:		0

This event is generated when a logon session is created. It is generated on the computer that was accessed.

The subject fields indicate the account on the local system which requested the logon. This is most commonly a service such as the Server service, or a local process such as Winlogon.exe or Services.exe.

The logon type field indicates the kind of logon that occurred. The most common types are 2 (interactive) and 3 (network).

The New Logon fields indicate the account for whom the new logon was created, i.e. the account that was logged on.

The network fields indicate where a remote logon request originated. Workstation name is not always available and may be left blank in some cases.

The impersonation level field indicates the extent to which a process in the logon session can impersonate.

The authentication information fields provide detailed information about this specific logon request.
	- Logon GUID is a unique identifier that can be used to correlate this event with a KDC event.
	- Transited services indicate which intermediate services have participated in this logon request.
	- Package name indicates which sub-protocol was used among the NTLM protocols.
	- Key length indicates the length of the generated session key. This will be 0 if no session key was requested.""",0,676,"{54849625-5478-4994-a5ba-3e3b0328c30d}","Microsoft-Windows-Security-Auditing","AUDIT_SUCCESS","2022-11-21T10:01:00.1841629Z",12544,732,2,"windows_eventchannel","-","1669024860.314535667",log,EventChannel,"s2g-siem-server","-","Windows logon success.",1,"IV_32.2","7.1, 7.2","windows, windows_security, authentication_success","164.312.b",60106,"-",3,false,T1078,"Defense Evasion, Persistence, Privilege Escalation, Initial Access","Valid Accounts","AC.7, AU.14","10.2.5","CC6.8, CC7.2, CC7.3","-","-","-","-","-","-","-","-","-","-","-","-","-","-","-","-","-","-","-","-","-","-","-","Nov 21, 2022 @ 11:01:00.961"
"wazuh-alerts-4.x-2022.11.21",020,"10.11.9.133","1-guest-machine","-","-","-","-","-","-","-","-","-","-","-","-","-","-","-","-","-","-","-","-","-","-","-","-","-","-","-","-","-","-","-","-","-","-","-","Background Intelligent Transfer Service","auto start","demand start",BITS,"-","-","-","-","-","-","-","-","-","-","-","-","-","-","-","-",System,"1-guest-machine",7040,4648,"Service Control Manager",0x8080000000000000,4,"""The start type of the Background Intelligent Transfer Service service was changed from auto start to demand start.""",0,664,"{555908d1-a6d7-4695-8e1e-26931d2012f4}","Service Control Manager",INFORMATION,"2022-11-21T10:00:44.3783978Z",0,2500,0,"windows_eventchannel","-","1669024845.314410670",log,EventChannel,"s2g-siem-server","-","Service startup type was changed",1,"IV_35.7.d","-","windows, windows_system, policy_changed","164.312.b",61104,"This does not appear to be logged on Windows 2000",3,false,"-","-","-","AU.6","10.6","CC6.1, CC6.8, CC7.2, CC7.3","-","-","-","-","-","-","-","-","-","-","-","-","-","-","-","-","-","-","-","-","-","-","-","Nov 21, 2022 @ 11:00:45.429"
"wazuh-alerts-4.x-2022.11.21",020,"10.11.9.133","1-guest-machine","-","-","-","-","-","-","-","-","-","-","-","-","-","-","-","-","-","-","-","-","-","-","-","-","-","-","-","-","-","-","-","-","-","-","-","Background Intelligent Transfer Service","demand start","auto start",BITS,"-","-","-","-","-","-","-","-","-","-","-","-","-","-","-","-",System,"1-guest-machine",7040,4646,"Service Control Manager",0x8080000000000000,4,"""The start type of the Background Intelligent Transfer Service service was changed from demand start to auto start.""",0,664,"{555908d1-a6d7-4695-8e1e-26931d2012f4}","Service Control Manager",INFORMATION,"2022-11-21T09:58:43.6012377Z",0,2500,0,"windows_eventchannel","-","1669024724.313178679",log,EventChannel,"s2g-siem-server","-","Service startup type was changed",25,"IV_35.7.d","-","windows, windows_system, policy_changed","164.312.b",61104,"This does not appear to be logged on Windows 2000",3,false,"-","-","-","AU.6","10.6","CC6.1, CC6.8, CC7.2, CC7.3","-","-","-","-","-","-","-","-","-","-","-","-","-","-","-","-","-","-","-","-","-","-","-","Nov 21, 2022 @ 10:58:44.843"
"wazuh-alerts-4.x-2022.11.21",020,"10.11.9.133","1-guest-machine","-","-","-","-","-","-","-","-","-","-","-","-","-","-","-","-","-","-","-","-","-","-",Negotiate,"-","-","%%1842","-","%%1833","-","-",0,"-","{00000000-0000-0000-0000-000000000000}",Advapi,5,"-","-","-","-",0x298,"C:\\Windows\\System32\\services.exe","-","-","-",WORKGROUP,0x3e7,"1-GUEST-MACHINE$","S-1-5-18","NT AUTHORITY",0x0,0x3e7,SYSTEM,"S-1-5-18","%%1843","-",Security,"1-guest-machine",4624,33000,"-",0x8020000000000000,0,"""An account was successfully logged on.

Subject:
	Security ID:		S-1-5-18
	Account Name:		1-GUEST-MACHINE$
	Account Domain:		WORKGROUP
	Logon ID:		0x3E7

Logon Information:
	Logon Type:		5
	Restricted Admin Mode:	-
	Virtual Account:		No
	Elevated Token:		Yes

Impersonation Level:		Impersonation

New Logon:
	Security ID:		S-1-5-18
	Account Name:		SYSTEM
	Account Domain:		NT AUTHORITY
	Logon ID:		0x3E7
	Linked Logon ID:		0x0
	Network Account Name:	-
	Network Account Domain:	-
	Logon GUID:		{00000000-0000-0000-0000-000000000000}

Process Information:
	Process ID:		0x298
	Process Name:		C:\Windows\System32\services.exe

Network Information:
	Workstation Name:	-
	Source Network Address:	-
	Source Port:		-

Detailed Authentication Information:
	Logon Process:		Advapi  
	Authentication Package:	Negotiate
	Transited Services:	-
	Package Name (NTLM only):	-
	Key Length:		0

This event is generated when a logon session is created. It is generated on the computer that was accessed.

The subject fields indicate the account on the local system which requested the logon. This is most commonly a service such as the Server service, or a local process such as Winlogon.exe or Services.exe.

The logon type field indicates the kind of logon that occurred. The most common types are 2 (interactive) and 3 (network).

The New Logon fields indicate the account for whom the new logon was created, i.e. the account that was logged on.

The network fields indicate where a remote logon request originated. Workstation name is not always available and may be left blank in some cases.

The impersonation level field indicates the extent to which a process in the logon session can impersonate.

The authentication information fields provide detailed information about this specific logon request.
	- Logon GUID is a unique identifier that can be used to correlate this event with a KDC event.
	- Transited services indicate which intermediate services have participated in this logon request.
	- Package name indicates which sub-protocol was used among the NTLM protocols.
	- Key length indicates the length of the generated session key. This will be 0 if no session key was requested.""",0,676,"{54849625-5478-4994-a5ba-3e3b0328c30d}","Microsoft-Windows-Security-Auditing","AUDIT_SUCCESS","2022-11-21T09:58:43.4087799Z",12544,2456,2,"windows_eventchannel","-","1669024723.313164027",log,EventChannel,"s2g-siem-server","-","Windows logon success.",106,"IV_32.2","7.1, 7.2","windows, windows_security, authentication_success","164.312.b",60106,"-",3,false,T1078,"Defense Evasion, Persistence, Privilege Escalation, Initial Access","Valid Accounts","AC.7, AU.14","10.2.5","CC6.8, CC7.2, CC7.3","-","-","-","-","-","-","-","-","-","-","-","-","-","-","-","-","-","-","-","-","-","-","-","Nov 21, 2022 @ 10:58:43.768"
"wazuh-alerts-4.x-2022.11.21",020,"10.11.9.133","1-guest-machine","-","-","-","-","-","-","-","-","-","-","-","-","-","-","-","-","-","-","-","-","-","-",Negotiate,"-","-","%%1842","-","%%1833","-","-",0,"-","{00000000-0000-0000-0000-000000000000}",Advapi,5,"-","-","-","-",0x298,"C:\\Windows\\System32\\services.exe","-","-","-",WORKGROUP,0x3e7,"1-GUEST-MACHINE$","S-1-5-18","NT AUTHORITY",0x0,0x3e7,SYSTEM,"S-1-5-18","%%1843","-",Security,"1-guest-machine",4624,32954,"-",0x8020000000000000,0,"""An account was successfully logged on.

Subject:
	Security ID:		S-1-5-18
	Account Name:		1-GUEST-MACHINE$
	Account Domain:		WORKGROUP
	Logon ID:		0x3E7

Logon Information:
	Logon Type:		5
	Restricted Admin Mode:	-
	Virtual Account:		No
	Elevated Token:		Yes

Impersonation Level:		Impersonation

New Logon:
	Security ID:		S-1-5-18
	Account Name:		SYSTEM
	Account Domain:		NT AUTHORITY
	Logon ID:		0x3E7
	Linked Logon ID:		0x0
	Network Account Name:	-
	Network Account Domain:	-
	Logon GUID:		{00000000-0000-0000-0000-000000000000}

Process Information:
	Process ID:		0x298
	Process Name:		C:\Windows\System32\services.exe

Network Information:
	Workstation Name:	-
	Source Network Address:	-
	Source Port:		-

Detailed Authentication Information:
	Logon Process:		Advapi  
	Authentication Package:	Negotiate
	Transited Services:	-
	Package Name (NTLM only):	-
	Key Length:		0

This event is generated when a logon session is created. It is generated on the computer that was accessed.

The subject fields indicate the account on the local system which requested the logon. This is most commonly a service such as the Server service, or a local process such as Winlogon.exe or Services.exe.

The logon type field indicates the kind of logon that occurred. The most common types are 2 (interactive) and 3 (network).

The New Logon fields indicate the account for whom the new logon was created, i.e. the account that was logged on.

The network fields indicate where a remote logon request originated. Workstation name is not always available and may be left blank in some cases.

The impersonation level field indicates the extent to which a process in the logon session can impersonate.

The authentication information fields provide detailed information about this specific logon request.
	- Logon GUID is a unique identifier that can be used to correlate this event with a KDC event.
	- Transited services indicate which intermediate services have participated in this logon request.
	- Package name indicates which sub-protocol was used among the NTLM protocols.
	- Key length indicates the length of the generated session key. This will be 0 if no session key was requested.""",0,676,"{54849625-5478-4994-a5ba-3e3b0328c30d}","Microsoft-Windows-Security-Auditing","AUDIT_SUCCESS","2022-11-21T09:51:00.7972827Z",12544,732,2,"windows_eventchannel","-","1669024261.308889841",log,EventChannel,"s2g-siem-server","-","Windows logon success.",101,"IV_32.2","7.1, 7.2","windows, windows_security, authentication_success","164.312.b",60106,"-",3,false,T1078,"Defense Evasion, Persistence, Privilege Escalation, Initial Access","Valid Accounts","AC.7, AU.14","10.2.5","CC6.8, CC7.2, CC7.3","-","-","-","-","-","-","-","-","-","-","-","-","-","-","-","-","-","-","-","-","-","-","-","Nov 21, 2022 @ 10:51:01.234"
"wazuh-alerts-4.x-2022.11.21",020,"10.11.9.133","1-guest-machine","-","-","-","-","-","-","-","-","-","-","-","-","-","-","-","-","-","-","-","-","-","-","-","-","1236001532056683865, 5, RADAR_PRE_LEAK_64, Not available, 0, xmrig.exe, 6.11.2.0, 10.0.20348.2.0.0,   \\\\?\\C:\\Users\\ADMINI~1\\AppData\\Local\\Temp\\RDR7E60.tmp\\empty.txt  \\\\?\\C:\\ProgramData\\Microsoft\\Windows\\WER\\Temp\\WER.66fe7f38-42c0-4b91-9bc4-b40eb0f82248.tmp.WERInternalMetadata.xml  \\\\?\\C:\\ProgramData\\Microsoft\\Windows\\WER\\Temp\\WER.80e146d0-d79a-4708-be79-50029ae74543.tmp.xml  \\\\?\\C:\\ProgramData\\Microsoft\\Windows\\WER\\Temp\\WER.88e8661f-302b-4990-bcee-43aa4b970a4e.tmp.csv  \\\\?\\C:\\ProgramData\\Microsoft\\Windows\\WER\\Temp\\WER.4edd06d4-9154-48f8-a21c-3917d84b38b0.tmp.txt, 0, 2d010b3e-9657-4000-a1f6-d4a7d1a14e37, 268435456, a8bb6de81928f226412728d84413c559, 0","-","-","-","-","-","-","-","-","-","-","-","-","-","-","-","-","-","-","-","-","-","-","-","-","-","-","-","-","-","-",Application,"1-guest-machine",1001,718,"-",0x80000000000000,4,"""Fault bucket 1236001532056683865, type 5
Event Name: RADAR_PRE_LEAK_64
Response: Not available
Cab Id: 0

Problem signature:
P1: xmrig.exe
P2: 6.11.2.0
P3: 10.0.20348.2.0.0
P4: 
P5: 
P6: 
P7: 
P8: 
P9: 
P10: 

Attached files:
\\?\C:\Users\ADMINI~1\AppData\Local\Temp\RDR7E60.tmp\empty.txt
\\?\C:\ProgramData\Microsoft\Windows\WER\Temp\WER.66fe7f38-42c0-4b91-9bc4-b40eb0f82248.tmp.WERInternalMetadata.xml
\\?\C:\ProgramData\Microsoft\Windows\WER\Temp\WER.80e146d0-d79a-4708-be79-50029ae74543.tmp.xml
\\?\C:\ProgramData\Microsoft\Windows\WER\Temp\WER.88e8661f-302b-4990-bcee-43aa4b970a4e.tmp.csv
\\?\C:\ProgramData\Microsoft\Windows\WER\Temp\WER.4edd06d4-9154-48f8-a21c-3917d84b38b0.tmp.txt

These files may be available here:


Analysis symbol: 
Rechecking for solution: 0
Report Id: 2d010b3e-9657-4000-a1f6-d4a7d1a14e37
Report Status: 268435456
Hashed bucket: a8bb6de81928f226412728d84413c559
Cab Guid: 0""",0,0,"-","Windows Error Reporting",INFORMATION,"2022-11-21T09:49:36.8352220Z",0,0,0,"windows_eventchannel","-","1669024176.308052574",log,EventChannel,"s2g-siem-server","-","Summary event of the report's signatures.",50,"-","-","windows, windows_application","-",60608,"-",4,false,"-","-","-","-","-","-","-","-","-","-","-","-","-","-","-","-","-","-","-","-","-","-","-","-","-","-","-","-","-","Nov 21, 2022 @ 10:49:36.847"
"wazuh-alerts-4.x-2022.11.21",020,"10.11.9.133","1-guest-machine","-","-","-","-","-","-","-","-","-","-","-","-","-","-","-","-","-","-","-","-","-","-",Negotiate,"-","-","%%1842","-","%%1833","-","-",0,"-","{00000000-0000-0000-0000-000000000000}",Advapi,5,"-","-","-","-",0x298,"C:\\Windows\\System32\\services.exe","-","-","-",WORKGROUP,0x3e7,"1-GUEST-MACHINE$","S-1-5-18","NT AUTHORITY",0x0,0x3e7,SYSTEM,"S-1-5-18","%%1843","-",Security,"1-guest-machine",4624,32932,"-",0x8020000000000000,0,"""An account was successfully logged on.

Subject:
	Security ID:		S-1-5-18
	Account Name:		1-GUEST-MACHINE$
	Account Domain:		WORKGROUP
	Logon ID:		0x3E7

Logon Information:
	Logon Type:		5
	Restricted Admin Mode:	-
	Virtual Account:		No
	Elevated Token:		Yes

Impersonation Level:		Impersonation

New Logon:
	Security ID:		S-1-5-18
	Account Name:		SYSTEM
	Account Domain:		NT AUTHORITY
	Logon ID:		0x3E7
	Linked Logon ID:		0x0
	Network Account Name:	-
	Network Account Domain:	-
	Logon GUID:		{00000000-0000-0000-0000-000000000000}

Process Information:
	Process ID:		0x298
	Process Name:		C:\Windows\System32\services.exe

Network Information:
	Workstation Name:	-
	Source Network Address:	-
	Source Port:		-

Detailed Authentication Information:
	Logon Process:		Advapi  
	Authentication Package:	Negotiate
	Transited Services:	-
	Package Name (NTLM only):	-
	Key Length:		0

This event is generated when a logon session is created. It is generated on the computer that was accessed.

The subject fields indicate the account on the local system which requested the logon. This is most commonly a service such as the Server service, or a local process such as Winlogon.exe or Services.exe.

The logon type field indicates the kind of logon that occurred. The most common types are 2 (interactive) and 3 (network).

The New Logon fields indicate the account for whom the new logon was created, i.e. the account that was logged on.

The network fields indicate where a remote logon request originated. Workstation name is not always available and may be left blank in some cases.

The impersonation level field indicates the extent to which a process in the logon session can impersonate.

The authentication information fields provide detailed information about this specific logon request.
	- Logon GUID is a unique identifier that can be used to correlate this event with a KDC event.
	- Transited services indicate which intermediate services have participated in this logon request.
	- Package name indicates which sub-protocol was used among the NTLM protocols.
	- Key length indicates the length of the generated session key. This will be 0 if no session key was requested.""",0,676,"{54849625-5478-4994-a5ba-3e3b0328c30d}","Microsoft-Windows-Security-Auditing","AUDIT_SUCCESS","2022-11-21T09:49:34.6979528Z",12544,1096,2,"windows_eventchannel","-","1669024175.308044103",log,EventChannel,"s2g-siem-server","-","Windows logon success.",97,"IV_32.2","7.1, 7.2","windows, windows_security, authentication_success","164.312.b",60106,"-",3,false,T1078,"Defense Evasion, Persistence, Privilege Escalation, Initial Access","Valid Accounts","AC.7, AU.14","10.2.5","CC6.8, CC7.2, CC7.3","-","-","-","-","-","-","-","-","-","-","-","-","-","-","-","-","-","-","-","-","-","-","-","Nov 21, 2022 @ 10:49:35.304"
"wazuh-alerts-4.x-2022.11.21",020,"10.11.9.133","1-guest-machine","-","-","-","-","-","-","-","-","-","-","-","-","-","-","-","-","-","-","-","-","-","-",Negotiate,"-","-","%%1842","-","%%1833","-","-",0,"-","{00000000-0000-0000-0000-000000000000}",Advapi,5,"-","-","-","-",0x298,"C:\\Windows\\System32\\services.exe","-","-","-",WORKGROUP,0x3e7,"1-GUEST-MACHINE$","S-1-5-18","NT AUTHORITY",0x0,0x3e7,SYSTEM,"S-1-5-18","%%1843","-",Security,"1-guest-machine",4624,32929,"-",0x8020000000000000,0,"""An account was successfully logged on.

Subject:
	Security ID:		S-1-5-18
	Account Name:		1-GUEST-MACHINE$
	Account Domain:		WORKGROUP
	Logon ID:		0x3E7

Logon Information:
	Logon Type:		5
	Restricted Admin Mode:	-
	Virtual Account:		No
	Elevated Token:		Yes

Impersonation Level:		Impersonation

New Logon:
	Security ID:		S-1-5-18
	Account Name:		SYSTEM
	Account Domain:		NT AUTHORITY
	Logon ID:		0x3E7
	Linked Logon ID:		0x0
	Network Account Name:	-
	Network Account Domain:	-
	Logon GUID:		{00000000-0000-0000-0000-000000000000}

Process Information:
	Process ID:		0x298
	Process Name:		C:\Windows\System32\services.exe

Network Information:
	Workstation Name:	-
	Source Network Address:	-
	Source Port:		-

Detailed Authentication Information:
	Logon Process:		Advapi  
	Authentication Package:	Negotiate
	Transited Services:	-
	Package Name (NTLM only):	-
	Key Length:		0

This event is generated when a logon session is created. It is generated on the computer that was accessed.

The subject fields indicate the account on the local system which requested the logon. This is most commonly a service such as the Server service, or a local process such as Winlogon.exe or Services.exe.

The logon type field indicates the kind of logon that occurred. The most common types are 2 (interactive) and 3 (network).

The New Logon fields indicate the account for whom the new logon was created, i.e. the account that was logged on.

The network fields indicate where a remote logon request originated. Workstation name is not always available and may be left blank in some cases.

The impersonation level field indicates the extent to which a process in the logon session can impersonate.

The authentication information fields provide detailed information about this specific logon request.
	- Logon GUID is a unique identifier that can be used to correlate this event with a KDC event.
	- Transited services indicate which intermediate services have participated in this logon request.
	- Package name indicates which sub-protocol was used among the NTLM protocols.
	- Key length indicates the length of the generated session key. This will be 0 if no session key was requested.""",0,676,"{54849625-5478-4994-a5ba-3e3b0328c30d}","Microsoft-Windows-Security-Auditing","AUDIT_SUCCESS","2022-11-21T09:49:34.2411311Z",12544,1096,2,"windows_eventchannel","-","1669024175.308036777",log,EventChannel,"s2g-siem-server","-","Windows logon success.",96,"IV_32.2","7.1, 7.2","windows, windows_security, authentication_success","164.312.b",60106,"-",3,false,T1078,"Defense Evasion, Persistence, Privilege Escalation, Initial Access","Valid Accounts","AC.7, AU.14","10.2.5","CC6.8, CC7.2, CC7.3","-","-","-","-","-","-","-","-","-","-","-","-","-","-","-","-","-","-","-","-","-","-","-","Nov 21, 2022 @ 10:49:35.270"
"wazuh-alerts-4.x-2022.11.21",020,"10.11.9.133","1-guest-machine","-","-","-","-","-","-","-","-","-","-","-","-","-","-","-","-","-","-","-","-","-","-","-","-","-","-","C:\\windows\\system32\\xmrig-6.11.2\\WinRing0x64.sys","-","-","-","-","-","-","-","-","-","-","-","-","-","-","WinRing0_1_2_0","kernel mode driver","demand start","-","-","-","-","-","-","-","-","-","-","-",System,"1-guest-machine",7045,4637,"Service Control Manager",0x8080000000000000,4,"""A service was installed in the system.

Service Name:  WinRing0_1_2_0
Service File Name:  C:\windows\system32\xmrig-6.11.2\WinRing0x64.sys
Service Type:  kernel mode driver
Service Start Type:  demand start
Service Account:  """,0,664,"{555908d1-a6d7-4695-8e1e-26931d2012f4}","Service Control Manager",INFORMATION,"2022-11-21T09:49:00.2993593Z",0,4992,0,"windows_eventchannel","-","1669024141.307705336",log,EventChannel,"s2g-siem-server","-","New Windows Service Created",2,"-","-","windows, windows_system","-",61138,"-",5,false,"T1543.003","Persistence, Privilege Escalation","Windows Service","-","-","-","-","-","-","-","-","-","-","-","-","-","-","-","-","-","-","-","-","-","-","-","-","-","-","Nov 21, 2022 @ 10:49:01.096"
"wazuh-alerts-4.x-2022.11.21",020,"10.11.9.133","1-guest-machine","-","-","-","-","-","-","-","-","-","-","-","-","-","-","-","-","-","-","-","-","-","-",Negotiate,"-","-","%%1842","-","%%1833","-","-",0,"-","{00000000-0000-0000-0000-000000000000}",Advapi,5,"-","-","-","-",0x298,"C:\\Windows\\System32\\services.exe","-","-","-",WORKGROUP,0x3e7,"1-GUEST-MACHINE$","S-1-5-18","NT AUTHORITY",0x0,0x3e7,SYSTEM,"S-1-5-18","%%1843","-",Security,"1-guest-machine",4624,32877,"-",0x8020000000000000,0,"""An account was successfully logged on.

Subject:
	Security ID:		S-1-5-18
	Account Name:		1-GUEST-MACHINE$
	Account Domain:		WORKGROUP
	Logon ID:		0x3E7

Logon Information:
	Logon Type:		5
	Restricted Admin Mode:	-
	Virtual Account:		No
	Elevated Token:		Yes

Impersonation Level:		Impersonation

New Logon:
	Security ID:		S-1-5-18
	Account Name:		SYSTEM
	Account Domain:		NT AUTHORITY
	Logon ID:		0x3E7
	Linked Logon ID:		0x0
	Network Account Name:	-
	Network Account Domain:	-
	Logon GUID:		{00000000-0000-0000-0000-000000000000}

Process Information:
	Process ID:		0x298
	Process Name:		C:\Windows\System32\services.exe

Network Information:
	Workstation Name:	-
	Source Network Address:	-
	Source Port:		-

Detailed Authentication Information:
	Logon Process:		Advapi  
	Authentication Package:	Negotiate
	Transited Services:	-
	Package Name (NTLM only):	-
	Key Length:		0

This event is generated when a logon session is created. It is generated on the computer that was accessed.

The subject fields indicate the account on the local system which requested the logon. This is most commonly a service such as the Server service, or a local process such as Winlogon.exe or Services.exe.

The logon type field indicates the kind of logon that occurred. The most common types are 2 (interactive) and 3 (network).

The New Logon fields indicate the account for whom the new logon was created, i.e. the account that was logged on.

The network fields indicate where a remote logon request originated. Workstation name is not always available and may be left blank in some cases.

The impersonation level field indicates the extent to which a process in the logon session can impersonate.

The authentication information fields provide detailed information about this specific logon request.
	- Logon GUID is a unique identifier that can be used to correlate this event with a KDC event.
	- Transited services indicate which intermediate services have participated in this logon request.
	- Package name indicates which sub-protocol was used among the NTLM protocols.
	- Key length indicates the length of the generated session key. This will be 0 if no session key was requested.""",0,676,"{54849625-5478-4994-a5ba-3e3b0328c30d}","Microsoft-Windows-Security-Auditing","AUDIT_SUCCESS","2022-11-21T09:44:28.5720160Z",12544,1096,2,"windows_eventchannel","-","1669023868.305317690",log,EventChannel,"s2g-siem-server","-","Windows logon success.",92,"IV_32.2","7.1, 7.2","windows, windows_security, authentication_success","164.312.b",60106,"-",3,false,T1078,"Defense Evasion, Persistence, Privilege Escalation, Initial Access","Valid Accounts","AC.7, AU.14","10.2.5","CC6.8, CC7.2, CC7.3","-","-","-","-","-","-","-","-","-","-","-","-","-","-","-","-","-","-","-","-","-","-","-","Nov 21, 2022 @ 10:44:28.593"
"wazuh-alerts-4.x-2022.11.21",020,"10.11.9.133","1-guest-machine","-","-","-","-","-","-","-","-","-","-","-","-","-","-","-","-","-","-","-","-","-","-","-",7B41353544313334392D443239342D343345382D423739412D3145433836444333443138417D3030303038353738623262616464386133303036656139623631313464303566613464663030303030393034,"PowerShell 6-x64, 6.2.2.0, 1033, 0, Microsoft Corporation","-","-","-","-","-","-","-","-","-","-","-","-","-","-","-","-","-","-","-","-","-","-","-","-","-","-","-","-","-","-",Application,"1-guest-machine",1033,715,"-",0x80000000000000,4,"""Windows Installer installed the product. Product Name: PowerShell 6-x64. Product Version: 6.2.2.0. Product Language: 1033. Manufacturer: Microsoft Corporation. Installation success or error status: 0.""",0,0,"-",MsiInstaller,INFORMATION,"2022-11-21T09:44:26.3264145Z",0,0,0,"windows_eventchannel","-","1669023866.305270374",log,EventChannel,"s2g-siem-server","-","Application installed PowerShell 6-x64, 6.2.2.0, 1033, 0, Microsoft Corporation.",10,"-","-","windows, windows_application","-",60612,"-",3,false,"-","-","-","-","-","-","-","-","-","-","-","-","-","-","-","-","-","-","-","-","-","-","-","-","-","-","-","-","-","Nov 21, 2022 @ 10:44:26.340"
"wazuh-alerts-4.x-2022.11.21",020,"10.11.9.133","1-guest-machine","-","-","-","-","-","-","-","-","-","-","-","-","-","-","-","-","-","-","-","-","-","-","-",7B41353544313334392D443239342D343345382D423739412D3145433836444333443138417D,"Product: PowerShell 6-x64 -- Installation completed successfully.","-","-","-","-","-","-","-","-","-","-","-","-","-","-","-","-","-","-","-","-","-","-","-","-","-","-","-","-","-","-",Application,"1-guest-machine",11707,714,"-",0x80000000000000,4,"""Product: PowerShell 6-x64 -- Installation completed successfully.""",0,0,"-",MsiInstaller,INFORMATION,"2022-11-21T09:44:26.3264145Z",0,0,0,"windows_eventchannel","-","1669023866.305268857",log,EventChannel,"s2g-siem-server","-","Application installed Product: PowerShell 6-x64 -- Installation completed successfully..",9,"-","-","windows, windows_application","-",60612,"-",3,false,"-","-","-","-","-","-","-","-","-","-","-","-","-","-","-","-","-","-","-","-","-","-","-","-","-","-","-","-","-","Nov 21, 2022 @ 10:44:26.339"
"wazuh-alerts-4.x-2022.11.21",020,"10.11.9.133","1-guest-machine","-","-","-","-","-","-","-","-","-","-","-","-","-","-","-","-","-","-","-","-","-","-","-","-","2009084556351403197, 5, WinRMAssert, Not available, 0, admin\\wmi\\wmx\\stdlib\\PacketPool.h, 123,   \\\\?\\C:\\ProgramData\\Microsoft\\Windows\\WER\\Temp\\WER.506d9c74-1fc3-477f-a3c2-f2859174bc67.tmp.WERInternalMetadata.xml  \\\\?\\C:\\ProgramData\\Microsoft\\Windows\\WER\\Temp\\WER.c198b7d0-c57c-4b7b-8146-ad2250a13181.tmp.xml  \\\\?\\C:\\ProgramData\\Microsoft\\Windows\\WER\\Temp\\WER.2aa45509-16eb-4733-a398-b2591f89fb66.tmp.csv  \\\\?\\C:\\ProgramData\\Microsoft\\Windows\\WER\\Temp\\WER.0a81a908-5670-490b-84c2-ffae5dda9edb.tmp.txt, \\\\?\\C:\\ProgramData\\Microsoft\\Windows\\WER\\ReportArchive\\NonCritical_admin_wmi_wmx_st_397b4f2c691126c3f4c2dd71d79add8e8a1928f_00000000_85bcf635-06db-48c2-8cca-39c8e4dae233, 0, 85bcf635-06db-48c2-8cca-39c8e4dae233, 268435456, 74abbe98729f43fe1be1b3c2690c74bd, 0","-","-","-","-","-","-","-","-","-","-","-","-","-","-","-","-","-","-","-","-","-","-","-","-","-","-","-","-","-","-",Application,"1-guest-machine",1001,713,"-",0x80000000000000,4,"""Fault bucket 2009084556351403197, type 5
Event Name: WinRMAssert
Response: Not available
Cab Id: 0

Problem signature:
P1: admin\wmi\wmx\stdlib\PacketPool.h
P2: 123
P3: 
P4: 
P5: 
P6: 
P7: 
P8: 
P9: 
P10: 

Attached files:
\\?\C:\ProgramData\Microsoft\Windows\WER\Temp\WER.506d9c74-1fc3-477f-a3c2-f2859174bc67.tmp.WERInternalMetadata.xml
\\?\C:\ProgramData\Microsoft\Windows\WER\Temp\WER.c198b7d0-c57c-4b7b-8146-ad2250a13181.tmp.xml
\\?\C:\ProgramData\Microsoft\Windows\WER\Temp\WER.2aa45509-16eb-4733-a398-b2591f89fb66.tmp.csv
\\?\C:\ProgramData\Microsoft\Windows\WER\Temp\WER.0a81a908-5670-490b-84c2-ffae5dda9edb.tmp.txt

These files may be available here:
\\?\C:\ProgramData\Microsoft\Windows\WER\ReportArchive\NonCritical_admin_wmi_wmx_st_397b4f2c691126c3f4c2dd71d79add8e8a1928f_00000000_85bcf635-06db-48c2-8cca-39c8e4dae233

Analysis symbol: 
Rechecking for solution: 0
Report Id: 85bcf635-06db-48c2-8cca-39c8e4dae233
Report Status: 268435456
Hashed bucket: 74abbe98729f43fe1be1b3c2690c74bd
Cab Guid: 0""",0,0,"-","Windows Error Reporting",INFORMATION,"2022-11-21T09:44:16.8265465Z",0,0,0,"windows_eventchannel","-","1669023856.305062690",log,EventChannel,"s2g-siem-server","-","Summary event of the report's signatures.",40,"-","-","windows, windows_application","-",60608,"-",4,false,"-","-","-","-","-","-","-","-","-","-","-","-","-","-","-","-","-","-","-","-","-","-","-","-","-","-","-","-","-","Nov 21, 2022 @ 10:44:16.838"
"wazuh-alerts-4.x-2022.11.21",020,"10.11.9.133","1-guest-machine","-","-","-","-","-","-","-","-","-","-","-","-","-","-","-","-","-","-","-","-","-","-","-","-","0, WinRMAssert, Not available, 0, admin\\wmi\\wmx\\stdlib\\PacketPool.h, 123, 0, 85bcf635-06db-48c2-8cca-39c8e4dae233, 1074003968, 0","-","-","-","-","-","-","-","-","-","-","-","-","-","-","-","-","-","-","-","-","-","-","-","-","-","-","-","-","-","-",Application,"1-guest-machine",1001,712,"-",0x80000000000000,4,"""Fault bucket , type 0
Event Name: WinRMAssert
Response: Not available
Cab Id: 0

Problem signature:
P1: admin\wmi\wmx\stdlib\PacketPool.h
P2: 123
P3: 
P4: 
P5: 
P6: 
P7: 
P8: 
P9: 
P10: 

Attached files:

These files may be available here:


Analysis symbol: 
Rechecking for solution: 0
Report Id: 85bcf635-06db-48c2-8cca-39c8e4dae233
Report Status: 1074003968
Hashed bucket: 
Cab Guid: 0""",0,0,"-","Windows Error Reporting",INFORMATION,"2022-11-21T09:44:15.5449652Z",0,0,0,"windows_eventchannel","-","1669023855.305036068",log,EventChannel,"s2g-siem-server","-","Summary event of the report's signatures.",39,"-","-","windows, windows_application","-",60608,"-",4,false,"-","-","-","-","-","-","-","-","-","-","-","-","-","-","-","-","-","-","-","-","-","-","-","-","-","-","-","-","-","Nov 21, 2022 @ 10:44:15.552"
"wazuh-alerts-4.x-2022.11.21",020,"10.11.9.133","1-guest-machine","-","-","-","-","-","-","-","-","-","-","-","-","-","-","-","-","-","-","-","-","-","-","-","-","2009084556351403197, 5, WinRMAssert, Not available, 0, admin\\wmi\\wmx\\stdlib\\PacketPool.h, 123,   \\\\?\\C:\\ProgramData\\Microsoft\\Windows\\WER\\Temp\\WER.8cff2849-d970-43c7-9235-78d73976ac65.tmp.WERInternalMetadata.xml  \\\\?\\C:\\ProgramData\\Microsoft\\Windows\\WER\\Temp\\WER.79dd68cc-2d9c-4d16-8f60-64186a283e10.tmp.xml  \\\\?\\C:\\ProgramData\\Microsoft\\Windows\\WER\\Temp\\WER.4026473a-bfaf-4a0b-9992-71af95eea675.tmp.csv  \\\\?\\C:\\ProgramData\\Microsoft\\Windows\\WER\\Temp\\WER.37a7afdd-b3e5-489e-9716-fb856e0e8ca3.tmp.txt, \\\\?\\C:\\ProgramData\\Microsoft\\Windows\\WER\\ReportArchive\\NonCritical_admin_wmi_wmx_st_397b4f2c691126c3f4c2dd71d79add8e8a1928f_00000000_337b0ea4-5617-49c0-8650-a5f3958bd150, 0, 337b0ea4-5617-49c0-8650-a5f3958bd150, 268435456, 74abbe98729f43fe1be1b3c2690c74bd, 0","-","-","-","-","-","-","-","-","-","-","-","-","-","-","-","-","-","-","-","-","-","-","-","-","-","-","-","-","-","-",Application,"1-guest-machine",1001,711,"-",0x80000000000000,4,"""Fault bucket 2009084556351403197, type 5
Event Name: WinRMAssert
Response: Not available
Cab Id: 0

Problem signature:
P1: admin\wmi\wmx\stdlib\PacketPool.h
P2: 123
P3: 
P4: 
P5: 
P6: 
P7: 
P8: 
P9: 
P10: 

Attached files:
\\?\C:\ProgramData\Microsoft\Windows\WER\Temp\WER.8cff2849-d970-43c7-9235-78d73976ac65.tmp.WERInternalMetadata.xml
\\?\C:\ProgramData\Microsoft\Windows\WER\Temp\WER.79dd68cc-2d9c-4d16-8f60-64186a283e10.tmp.xml
\\?\C:\ProgramData\Microsoft\Windows\WER\Temp\WER.4026473a-bfaf-4a0b-9992-71af95eea675.tmp.csv
\\?\C:\ProgramData\Microsoft\Windows\WER\Temp\WER.37a7afdd-b3e5-489e-9716-fb856e0e8ca3.tmp.txt

These files may be available here:
\\?\C:\ProgramData\Microsoft\Windows\WER\ReportArchive\NonCritical_admin_wmi_wmx_st_397b4f2c691126c3f4c2dd71d79add8e8a1928f_00000000_337b0ea4-5617-49c0-8650-a5f3958bd150

Analysis symbol: 
Rechecking for solution: 0
Report Id: 337b0ea4-5617-49c0-8650-a5f3958bd150
Report Status: 268435456
Hashed bucket: 74abbe98729f43fe1be1b3c2690c74bd
Cab Guid: 0""",0,0,"-","Windows Error Reporting",INFORMATION,"2022-11-21T09:44:15.0607019Z",0,0,0,"windows_eventchannel","-","1669023855.305031124",log,EventChannel,"s2g-siem-server","-","Summary event of the report's signatures.",38,"-","-","windows, windows_application","-",60608,"-",4,false,"-","-","-","-","-","-","-","-","-","-","-","-","-","-","-","-","-","-","-","-","-","-","-","-","-","-","-","-","-","Nov 21, 2022 @ 10:44:15.064"
"wazuh-alerts-4.x-2022.11.21",020,"10.11.9.133","1-guest-machine","-","-","-","-","-","-","-","-","-","-","-","-","-","-","-","-","-","-","-","-","-","-","-","-","-","-","-","-","-","-","-","-","-","-",3,"-","-","-","-","-","-","-","-","-","-","-","-","-","NT AUTHORITY","-",0x6b467c3,"ANONYMOUS LOGON","S-1-5-7","-","-",Security,"1-guest-machine",4634,32821,"-",0x8020000000000000,0,"""An account was logged off.

Subject:
	Security ID:		S-1-5-7
	Account Name:		ANONYMOUS LOGON
	Account Domain:		NT AUTHORITY
	Logon ID:		0x6B467C3

Logon Type:			3

This event is generated when a logon session is destroyed. It may be positively correlated with a logon event using the Logon ID value. Logon IDs are only unique between reboots on the same computer.""",0,676,"{54849625-5478-4994-a5ba-3e3b0328c30d}","Microsoft-Windows-Security-Auditing","AUDIT_SUCCESS","2022-11-21T09:44:13.6589222Z",12545,1096,0,"windows_eventchannel","-","1669023854.305027642",log,EventChannel,"s2g-siem-server","-","Windows User Logoff.",20,"IV_32.2","-","windows, windows_security","164.312.b",60137,"-",3,false,"-","-","-","AC.7, AU.14","10.2.5","CC6.8, CC7.2, CC7.3","-","-","-","-","-","-","-","-","-","-","-","-","-","-","-","-","-","-","-","-","-","-","-","Nov 21, 2022 @ 10:44:14.576"
"wazuh-alerts-4.x-2022.11.21",020,"10.11.9.133","1-guest-machine","-","-","-","-","-","-","-","-","-","-","-","-","-","-","-","-","-","-","-","-","-","-",NTLM,"-","-","%%1843","-","%%1833","::1",51178,128,"NTLM V1","{00000000-0000-0000-0000-000000000000}",NtLmSsp,3,"-","-","-","-",0x0,"-","-","-","-","-",0x0,"-","S-1-0-0","NT AUTHORITY",0x0,0x6b467c3,"ANONYMOUS LOGON","S-1-5-7","%%1843","1-GUEST-MACHINE",Security,"1-guest-machine",4624,32820,"-",0x8020000000000000,0,"""An account was successfully logged on.

Subject:
	Security ID:		S-1-0-0
	Account Name:		-
	Account Domain:		-
	Logon ID:		0x0

Logon Information:
	Logon Type:		3
	Restricted Admin Mode:	-
	Virtual Account:		No
	Elevated Token:		No

Impersonation Level:		Impersonation

New Logon:
	Security ID:		S-1-5-7
	Account Name:		ANONYMOUS LOGON
	Account Domain:		NT AUTHORITY
	Logon ID:		0x6B467C3
	Linked Logon ID:		0x0
	Network Account Name:	-
	Network Account Domain:	-
	Logon GUID:		{00000000-0000-0000-0000-000000000000}

Process Information:
	Process ID:		0x0
	Process Name:		-

Network Information:
	Workstation Name:	1-GUEST-MACHINE
	Source Network Address:	::1
	Source Port:		51178

Detailed Authentication Information:
	Logon Process:		NtLmSsp 
	Authentication Package:	NTLM
	Transited Services:	-
	Package Name (NTLM only):	NTLM V1
	Key Length:		128

This event is generated when a logon session is created. It is generated on the computer that was accessed.

The subject fields indicate the account on the local system which requested the logon. This is most commonly a service such as the Server service, or a local process such as Winlogon.exe or Services.exe.

The logon type field indicates the kind of logon that occurred. The most common types are 2 (interactive) and 3 (network).

The New Logon fields indicate the account for whom the new logon was created, i.e. the account that was logged on.

The network fields indicate where a remote logon request originated. Workstation name is not always available and may be left blank in some cases.

The impersonation level field indicates the extent to which a process in the logon session can impersonate.

The authentication information fields provide detailed information about this specific logon request.
	- Logon GUID is a unique identifier that can be used to correlate this event with a KDC event.
	- Transited services indicate which intermediate services have participated in this logon request.
	- Package name indicates which sub-protocol was used among the NTLM protocols.
	- Key length indicates the length of the generated session key. This will be 0 if no session key was requested.""",0,676,"{54849625-5478-4994-a5ba-3e3b0328c30d}","Microsoft-Windows-Security-Auditing","AUDIT_SUCCESS","2022-11-21T09:44:13.6581045Z",12544,732,2,"windows_eventchannel","-","1669023854.305020404",log,EventChannel,"s2g-siem-server","-","Windows logon success.",82,"IV_32.2","7.1, 7.2","windows, windows_security, authentication_success","164.312.b",60106,"-",3,false,T1078,"Defense Evasion, Persistence, Privilege Escalation, Initial Access","Valid Accounts","AC.7, AU.14","10.2.5","CC6.8, CC7.2, CC7.3","-","-","-","-","-","-","-","-","-","-","-","-","-","-","-","-","-","-","-","-","-","-","-","Nov 21, 2022 @ 10:44:14.560"
"wazuh-alerts-4.x-2022.11.21",020,"10.11.9.133","1-guest-machine","-","-","-","-","-","-","-","-","-","-","-","-","-","-","-","-","-","-","-","-","-","-","-","-","-","-","-","-","-","-","-","-","-","-",3,"-","-","-","-","-","-","-","-","-","-","-","-","-","NT AUTHORITY","-",0x6b4678e,"ANONYMOUS LOGON","S-1-5-7","-","-",Security,"1-guest-machine",4634,32819,"-",0x8020000000000000,0,"""An account was logged off.

Subject:
	Security ID:		S-1-5-7
	Account Name:		ANONYMOUS LOGON
	Account Domain:		NT AUTHORITY
	Logon ID:		0x6B4678E

Logon Type:			3

This event is generated when a logon session is destroyed. It may be positively correlated with a logon event using the Logon ID value. Logon IDs are only unique between reboots on the same computer.""",0,676,"{54849625-5478-4994-a5ba-3e3b0328c30d}","Microsoft-Windows-Security-Auditing","AUDIT_SUCCESS","2022-11-21T09:44:13.6540837Z",12545,1096,0,"windows_eventchannel","-","1669023854.305018027",log,EventChannel,"s2g-siem-server","-","Windows User Logoff.",19,"IV_32.2","-","windows, windows_security","164.312.b",60137,"-",3,false,"-","-","-","AC.7, AU.14","10.2.5","CC6.8, CC7.2, CC7.3","-","-","-","-","-","-","-","-","-","-","-","-","-","-","-","-","-","-","-","-","-","-","-","Nov 21, 2022 @ 10:44:14.544"
"wazuh-alerts-4.x-2022.11.21",020,"10.11.9.133","1-guest-machine","-","-","-","-","-","-","-","-","-","-","-","-","-","-","-","-","-","-","-","-","-","-",NTLM,"-","-","%%1843","-","%%1833","::1",51177,128,"NTLM V1","{00000000-0000-0000-0000-000000000000}",NtLmSsp,3,"-","-","-","-",0x0,"-","-","-","-","-",0x0,"-","S-1-0-0","NT AUTHORITY",0x0,0x6b4678e,"ANONYMOUS LOGON","S-1-5-7","%%1843","1-GUEST-MACHINE",Security,"1-guest-machine",4624,32818,"-",0x8020000000000000,0,"""An account was successfully logged on.

Subject:
	Security ID:		S-1-0-0
	Account Name:		-
	Account Domain:		-
	Logon ID:		0x0

Logon Information:
	Logon Type:		3
	Restricted Admin Mode:	-
	Virtual Account:		No
	Elevated Token:		No

Impersonation Level:		Impersonation

New Logon:
	Security ID:		S-1-5-7
	Account Name:		ANONYMOUS LOGON
	Account Domain:		NT AUTHORITY
	Logon ID:		0x6B4678E
	Linked Logon ID:		0x0
	Network Account Name:	-
	Network Account Domain:	-
	Logon GUID:		{00000000-0000-0000-0000-000000000000}

Process Information:
	Process ID:		0x0
	Process Name:		-

Network Information:
	Workstation Name:	1-GUEST-MACHINE
	Source Network Address:	::1
	Source Port:		51177

Detailed Authentication Information:
	Logon Process:		NtLmSsp 
	Authentication Package:	NTLM
	Transited Services:	-
	Package Name (NTLM only):	NTLM V1
	Key Length:		128

This event is generated when a logon session is created. It is generated on the computer that was accessed.

The subject fields indicate the account on the local system which requested the logon. This is most commonly a service such as the Server service, or a local process such as Winlogon.exe or Services.exe.

The logon type field indicates the kind of logon that occurred. The most common types are 2 (interactive) and 3 (network).

The New Logon fields indicate the account for whom the new logon was created, i.e. the account that was logged on.

The network fields indicate where a remote logon request originated. Workstation name is not always available and may be left blank in some cases.

The impersonation level field indicates the extent to which a process in the logon session can impersonate.

The authentication information fields provide detailed information about this specific logon request.
	- Logon GUID is a unique identifier that can be used to correlate this event with a KDC event.
	- Transited services indicate which intermediate services have participated in this logon request.
	- Package name indicates which sub-protocol was used among the NTLM protocols.
	- Key length indicates the length of the generated session key. This will be 0 if no session key was requested.""",0,676,"{54849625-5478-4994-a5ba-3e3b0328c30d}","Microsoft-Windows-Security-Auditing","AUDIT_SUCCESS","2022-11-21T09:44:13.6528965Z",12544,1096,2,"windows_eventchannel","-","1669023854.305010787",log,EventChannel,"s2g-siem-server","-","Windows logon success.",81,"IV_32.2","7.1, 7.2","windows, windows_security, authentication_success","164.312.b",60106,"-",3,false,T1078,"Defense Evasion, Persistence, Privilege Escalation, Initial Access","Valid Accounts","AC.7, AU.14","10.2.5","CC6.8, CC7.2, CC7.3","-","-","-","-","-","-","-","-","-","-","-","-","-","-","-","-","-","-","-","-","-","-","-","Nov 21, 2022 @ 10:44:14.530"
