"wazuh-alerts-4.x-2022.11.21",025,"10.11.2.113","2-employee-mach","-","-","-","-","-","-","-","-","-","-","-","-","-","-","-","-","-","-","-","-","-","-","-",7B41353544313334392D443239342D343345382D423739412D3145433836444333443138417D3030303038353738623262616464386133303036656139623631313464303566613464663030303030393034,"PowerShell 6-x64, 6.2.2.0, 1033, 0, Microsoft Corporation","-","-","-","-","-","-","-","-","-","-","-","-","-","-","-","-","-","-","-","-","-","-","-","-","-","-","-","-","-","-",Application,"2-employee-mach",1033,736,"-",0x80000000000000,4,"""Windows Installer installed the product. Product Name: PowerShell 6-x64. Product Version: 6.2.2.0. Product Language: 1033. Manufacturer: Microsoft Corporation. Installation success or error status: 0.""",0,0,"-",MsiInstaller,INFORMATION,"2022-11-21T09:44:20.8754460Z",0,0,0,"windows_eventchannel","-","1669023860.305170123",log,EventChannel,"s2g-siem-server","-","Application installed PowerShell 6-x64, 6.2.2.0, 1033, 0, Microsoft Corporation.",8,"-","-","windows, windows_application","-",60612,"-",3,false,"-","-","-","-","-","-","-","-","-","-","-","-","-","-","-","-","-","-","-","-","-","-","-","-","-","-","-","-","-","Nov 21, 2022 @ 10:44:20.891"
"wazuh-alerts-4.x-2022.11.21",025,"10.11.2.113","2-employee-mach","-","-","-","-","-","-","-","-","-","-","-","-","-","-","-","-","-","-","-","-","-","-","-",7B41353544313334392D443239342D343345382D423739412D3145433836444333443138417D,"Product: PowerShell 6-x64 -- Installation completed successfully.","-","-","-","-","-","-","-","-","-","-","-","-","-","-","-","-","-","-","-","-","-","-","-","-","-","-","-","-","-","-",Application,"2-employee-mach",11707,735,"-",0x80000000000000,4,"""Product: PowerShell 6-x64 -- Installation completed successfully.""",0,0,"-",MsiInstaller,INFORMATION,"2022-11-21T09:44:20.8744051Z",0,0,0,"windows_eventchannel","-","1669023860.305168606",log,EventChannel,"s2g-siem-server","-","Application installed Product: PowerShell 6-x64 -- Installation completed successfully..",7,"-","-","windows, windows_application","-",60612,"-",3,false,"-","-","-","-","-","-","-","-","-","-","-","-","-","-","-","-","-","-","-","-","-","-","-","-","-","-","-","-","-","Nov 21, 2022 @ 10:44:20.889"
"wazuh-alerts-4.x-2022.11.21",025,"10.11.2.113","2-employee-mach","-","-","-","-","-","-","-","-","-","-","-","-","-","-","-","-","-","-","-","-","-","-","-","-","2009084556351403197, 5, WinRMAssert, Not available, 0, admin\\wmi\\wmx\\stdlib\\PacketPool.h, 123,   \\\\?\\C:\\ProgramData\\Microsoft\\Windows\\WER\\Temp\\WER.9b0804ce-fe1a-4019-859a-48ef5c344f90.tmp.WERInternalMetadata.xml  \\\\?\\C:\\ProgramData\\Microsoft\\Windows\\WER\\Temp\\WER.ff676f5a-11ef-47cb-981e-5db2c95b9f0e.tmp.xml  \\\\?\\C:\\ProgramData\\Microsoft\\Windows\\WER\\Temp\\WER.d97a9db8-97cf-4b0d-bbda-45ede7db24ca.tmp.csv  \\\\?\\C:\\ProgramData\\Microsoft\\Windows\\WER\\Temp\\WER.7f0c02fd-b3d7-4e9b-8be5-14aefdd16f02.tmp.txt, \\\\?\\C:\\ProgramData\\Microsoft\\Windows\\WER\\ReportArchive\\NonCritical_admin_wmi_wmx_st_397b4f2c691126c3f4c2dd71d79add8e8a1928f_00000000_432927a7-a7b7-460e-a22e-4ad3835f71ec, 0, 432927a7-a7b7-460e-a22e-4ad3835f71ec, 268435456, 74abbe98729f43fe1be1b3c2690c74bd, 0","-","-","-","-","-","-","-","-","-","-","-","-","-","-","-","-","-","-","-","-","-","-","-","-","-","-","-","-","-","-",Application,"2-employee-mach",1001,734,"-",0x80000000000000,4,"""Fault bucket 2009084556351403197, type 5
Event Name: WinRMAssert
Response: Not available
Cab Id: 0

Problem signature:
P1: admin\wmi\wmx\stdlib\PacketPool.h
P2: 123
P3: 
P4: 
P5: 
P6: 
P7: 
P8: 
P9: 
P10: 

Attached files:
\\?\C:\ProgramData\Microsoft\Windows\WER\Temp\WER.9b0804ce-fe1a-4019-859a-48ef5c344f90.tmp.WERInternalMetadata.xml
\\?\C:\ProgramData\Microsoft\Windows\WER\Temp\WER.ff676f5a-11ef-47cb-981e-5db2c95b9f0e.tmp.xml
\\?\C:\ProgramData\Microsoft\Windows\WER\Temp\WER.d97a9db8-97cf-4b0d-bbda-45ede7db24ca.tmp.csv
\\?\C:\ProgramData\Microsoft\Windows\WER\Temp\WER.7f0c02fd-b3d7-4e9b-8be5-14aefdd16f02.tmp.txt

These files may be available here:
\\?\C:\ProgramData\Microsoft\Windows\WER\ReportArchive\NonCritical_admin_wmi_wmx_st_397b4f2c691126c3f4c2dd71d79add8e8a1928f_00000000_432927a7-a7b7-460e-a22e-4ad3835f71ec

Analysis symbol: 
Rechecking for solution: 0
Report Id: 432927a7-a7b7-460e-a22e-4ad3835f71ec
Report Status: 268435456
Hashed bucket: 74abbe98729f43fe1be1b3c2690c74bd
Cab Guid: 0""",0,0,"-","Windows Error Reporting",INFORMATION,"2022-11-21T09:44:12.0088211Z",0,0,0,"windows_eventchannel","-","1669023852.304983386",log,EventChannel,"s2g-siem-server","-","Summary event of the report's signatures.",36,"-","-","windows, windows_application","-",60608,"-",4,false,"-","-","-","-","-","-","-","-","-","-","-","-","-","-","-","-","-","-","-","-","-","-","-","-","-","-","-","-","-","Nov 21, 2022 @ 10:44:12.011"
"wazuh-alerts-4.x-2022.11.21",025,"10.11.2.113","2-employee-mach","-","-","-","-","-","-","-","-","-","-","-","-","-","-","-","-","-","-","-","-","-","-","-","-","0, WinRMAssert, Not available, 0, admin\\wmi\\wmx\\stdlib\\PacketPool.h, 123, 0, 432927a7-a7b7-460e-a22e-4ad3835f71ec, 1074003968, 0","-","-","-","-","-","-","-","-","-","-","-","-","-","-","-","-","-","-","-","-","-","-","-","-","-","-","-","-","-","-",Application,"2-employee-mach",1001,733,"-",0x80000000000000,4,"""Fault bucket , type 0
Event Name: WinRMAssert
Response: Not available
Cab Id: 0

Problem signature:
P1: admin\wmi\wmx\stdlib\PacketPool.h
P2: 123
P3: 
P4: 
P5: 
P6: 
P7: 
P8: 
P9: 
P10: 

Attached files:

These files may be available here:


Analysis symbol: 
Rechecking for solution: 0
Report Id: 432927a7-a7b7-460e-a22e-4ad3835f71ec
Report Status: 1074003968
Hashed bucket: 
Cab Guid: 0""",0,0,"-","Windows Error Reporting",INFORMATION,"2022-11-21T09:44:10.7459022Z",0,0,0,"windows_eventchannel","-","1669023850.304957079",log,EventChannel,"s2g-siem-server","-","Summary event of the report's signatures.",34,"-","-","windows, windows_application","-",60608,"-",4,false,"-","-","-","-","-","-","-","-","-","-","-","-","-","-","-","-","-","-","-","-","-","-","-","-","-","-","-","-","-","Nov 21, 2022 @ 10:44:10.748"
"wazuh-alerts-4.x-2022.11.21",025,"10.11.2.113","2-employee-mach","-","-","-","-","-","-","-","-","-","-","-","-","-","-","-","-","-","-","-","-","-","-","-","-","2009084556351403197, 5, WinRMAssert, Not available, 0, admin\\wmi\\wmx\\stdlib\\PacketPool.h, 123,   \\\\?\\C:\\ProgramData\\Microsoft\\Windows\\WER\\Temp\\WER.07b0ba66-97c2-4795-a876-a5c7682b9a16.tmp.WERInternalMetadata.xml  \\\\?\\C:\\ProgramData\\Microsoft\\Windows\\WER\\Temp\\WER.1585aa30-cb25-40e9-b7cb-b5a7bcacd764.tmp.xml  \\\\?\\C:\\ProgramData\\Microsoft\\Windows\\WER\\Temp\\WER.3abc6601-a2f3-497d-bc6c-7ae36df9beca.tmp.csv  \\\\?\\C:\\ProgramData\\Microsoft\\Windows\\WER\\Temp\\WER.9afdc8f8-496f-40a0-ab60-2d7cb0367f66.tmp.txt, \\\\?\\C:\\ProgramData\\Microsoft\\Windows\\WER\\ReportArchive\\NonCritical_admin_wmi_wmx_st_397b4f2c691126c3f4c2dd71d79add8e8a1928f_00000000_103ff782-5020-4204-a97a-b2a4a20797f6, 0, 103ff782-5020-4204-a97a-b2a4a20797f6, 268435456, 74abbe98729f43fe1be1b3c2690c74bd, 0","-","-","-","-","-","-","-","-","-","-","-","-","-","-","-","-","-","-","-","-","-","-","-","-","-","-","-","-","-","-",Application,"2-employee-mach",1001,732,"-",0x80000000000000,4,"""Fault bucket 2009084556351403197, type 5
Event Name: WinRMAssert
Response: Not available
Cab Id: 0

Problem signature:
P1: admin\wmi\wmx\stdlib\PacketPool.h
P2: 123
P3: 
P4: 
P5: 
P6: 
P7: 
P8: 
P9: 
P10: 

Attached files:
\\?\C:\ProgramData\Microsoft\Windows\WER\Temp\WER.07b0ba66-97c2-4795-a876-a5c7682b9a16.tmp.WERInternalMetadata.xml
\\?\C:\ProgramData\Microsoft\Windows\WER\Temp\WER.1585aa30-cb25-40e9-b7cb-b5a7bcacd764.tmp.xml
\\?\C:\ProgramData\Microsoft\Windows\WER\Temp\WER.3abc6601-a2f3-497d-bc6c-7ae36df9beca.tmp.csv
\\?\C:\ProgramData\Microsoft\Windows\WER\Temp\WER.9afdc8f8-496f-40a0-ab60-2d7cb0367f66.tmp.txt

These files may be available here:
\\?\C:\ProgramData\Microsoft\Windows\WER\ReportArchive\NonCritical_admin_wmi_wmx_st_397b4f2c691126c3f4c2dd71d79add8e8a1928f_00000000_103ff782-5020-4204-a97a-b2a4a20797f6

Analysis symbol: 
Rechecking for solution: 0
Report Id: 103ff782-5020-4204-a97a-b2a4a20797f6
Report Status: 268435456
Hashed bucket: 74abbe98729f43fe1be1b3c2690c74bd
Cab Guid: 0""",0,0,"-","Windows Error Reporting",INFORMATION,"2022-11-21T09:44:10.1589748Z",0,0,0,"windows_eventchannel","-","1669023850.304950950",log,EventChannel,"s2g-siem-server","-","Summary event of the report's signatures.",33,"-","-","windows, windows_application","-",60608,"-",4,false,"-","-","-","-","-","-","-","-","-","-","-","-","-","-","-","-","-","-","-","-","-","-","-","-","-","-","-","-","-","Nov 21, 2022 @ 10:44:10.161"
"wazuh-alerts-4.x-2022.11.21",025,"10.11.2.113","2-employee-mach","-","-","-","-","-","-","-","-","-","-","-","-","-","-","-","-","-","-","-","-","-","-","-","-","-","-","-","-","-","-","-","-","-","-",3,"-","-","-","-","-","-","-","-","-","-","-","-","-","NT AUTHORITY","-",0x5adad7d,"ANONYMOUS LOGON","S-1-5-7","-","-",Security,"2-employee-mach",4634,34036,"-",0x8020000000000000,0,"""An account was logged off.

Subject:
	Security ID:		S-1-5-7
	Account Name:		ANONYMOUS LOGON
	Account Domain:		NT AUTHORITY
	Logon ID:		0x5ADAD7D

Logon Type:			3

This event is generated when a logon session is destroyed. It may be positively correlated with a logon event using the Logon ID value. Logon IDs are only unique between reboots on the same computer.""",0,708,"{54849625-5478-4994-a5ba-3e3b0328c30d}","Microsoft-Windows-Security-Auditing","AUDIT_SUCCESS","2022-11-21T09:44:08.7582351Z",12545,1528,0,"windows_eventchannel","-","1669023849.304925029",log,EventChannel,"s2g-siem-server","-","Windows User Logoff.",18,"IV_32.2","-","windows, windows_security","164.312.b",60137,"-",3,false,"-","-","-","AC.7, AU.14","10.2.5","CC6.8, CC7.2, CC7.3","-","-","-","-","-","-","-","-","-","-","-","-","-","-","-","-","-","-","-","-","-","-","-","Nov 21, 2022 @ 10:44:09.385"
"wazuh-alerts-4.x-2022.11.21",025,"10.11.2.113","2-employee-mach","-","-","-","-","-","-","-","-","-","-","-","-","-","-","-","-","-","-","-","-","-","-",NTLM,"-","-","%%1843","-","%%1833","::1",64479,128,"NTLM V1","{00000000-0000-0000-0000-000000000000}",NtLmSsp,3,"-","-","-","-",0x0,"-","-","-","-","-",0x0,"-","S-1-0-0","NT AUTHORITY",0x0,0x5adad7d,"ANONYMOUS LOGON","S-1-5-7","%%1843","2-EMPLOYEE-MACH",Security,"2-employee-mach",4624,34035,"-",0x8020000000000000,0,"""An account was successfully logged on.

Subject:
	Security ID:		S-1-0-0
	Account Name:		-
	Account Domain:		-
	Logon ID:		0x0

Logon Information:
	Logon Type:		3
	Restricted Admin Mode:	-
	Virtual Account:		No
	Elevated Token:		No

Impersonation Level:		Impersonation

New Logon:
	Security ID:		S-1-5-7
	Account Name:		ANONYMOUS LOGON
	Account Domain:		NT AUTHORITY
	Logon ID:		0x5ADAD7D
	Linked Logon ID:		0x0
	Network Account Name:	-
	Network Account Domain:	-
	Logon GUID:		{00000000-0000-0000-0000-000000000000}

Process Information:
	Process ID:		0x0
	Process Name:		-

Network Information:
	Workstation Name:	2-EMPLOYEE-MACH
	Source Network Address:	::1
	Source Port:		64479

Detailed Authentication Information:
	Logon Process:		NtLmSsp 
	Authentication Package:	NTLM
	Transited Services:	-
	Package Name (NTLM only):	NTLM V1
	Key Length:		128

This event is generated when a logon session is created. It is generated on the computer that was accessed.

The subject fields indicate the account on the local system which requested the logon. This is most commonly a service such as the Server service, or a local process such as Winlogon.exe or Services.exe.

The logon type field indicates the kind of logon that occurred. The most common types are 2 (interactive) and 3 (network).

The New Logon fields indicate the account for whom the new logon was created, i.e. the account that was logged on.

The network fields indicate where a remote logon request originated. Workstation name is not always available and may be left blank in some cases.

The impersonation level field indicates the extent to which a process in the logon session can impersonate.

The authentication information fields provide detailed information about this specific logon request.
	- Logon GUID is a unique identifier that can be used to correlate this event with a KDC event.
	- Transited services indicate which intermediate services have participated in this logon request.
	- Package name indicates which sub-protocol was used among the NTLM protocols.
	- Key length indicates the length of the generated session key. This will be 0 if no session key was requested.""",0,708,"{54849625-5478-4994-a5ba-3e3b0328c30d}","Microsoft-Windows-Security-Auditing","AUDIT_SUCCESS","2022-11-21T09:44:08.7575572Z",12544,5452,2,"windows_eventchannel","-","1669023849.304917789",log,EventChannel,"s2g-siem-server","-","Windows logon success.",80,"IV_32.2","7.1, 7.2","windows, windows_security, authentication_success","164.312.b",60106,"-",3,false,T1078,"Defense Evasion, Persistence, Privilege Escalation, Initial Access","Valid Accounts","AC.7, AU.14","10.2.5","CC6.8, CC7.2, CC7.3","-","-","-","-","-","-","-","-","-","-","-","-","-","-","-","-","-","-","-","-","-","-","-","Nov 21, 2022 @ 10:44:09.383"
"wazuh-alerts-4.x-2022.11.21",025,"10.11.2.113","2-employee-mach","-","-","-","-","-","-","-","-","-","-","-","-","-","-","-","-","-","-","-","-","-","-","-","-","-","-","-","-","-","-","-","-","-","-",3,"-","-","-","-","-","-","-","-","-","-","-","-","-","NT AUTHORITY","-",0x5adad48,"ANONYMOUS LOGON","S-1-5-7","-","-",Security,"2-employee-mach",4634,34034,"-",0x8020000000000000,0,"""An account was logged off.

Subject:
	Security ID:		S-1-5-7
	Account Name:		ANONYMOUS LOGON
	Account Domain:		NT AUTHORITY
	Logon ID:		0x5ADAD48

Logon Type:			3

This event is generated when a logon session is destroyed. It may be positively correlated with a logon event using the Logon ID value. Logon IDs are only unique between reboots on the same computer.""",0,708,"{54849625-5478-4994-a5ba-3e3b0328c30d}","Microsoft-Windows-Security-Auditing","AUDIT_SUCCESS","2022-11-21T09:44:08.7545819Z",12545,1528,0,"windows_eventchannel","-","1669023849.304915412",log,EventChannel,"s2g-siem-server","-","Windows User Logoff.",17,"IV_32.2","-","windows, windows_security","164.312.b",60137,"-",3,false,"-","-","-","AC.7, AU.14","10.2.5","CC6.8, CC7.2, CC7.3","-","-","-","-","-","-","-","-","-","-","-","-","-","-","-","-","-","-","-","-","-","-","-","Nov 21, 2022 @ 10:44:09.381"
"wazuh-alerts-4.x-2022.11.21",025,"10.11.2.113","2-employee-mach","-","-","-","-","-","-","-","-","-","-","-","-","-","-","-","-","-","-","-","-","-","-",NTLM,"-","-","%%1843","-","%%1833","::1",64478,128,"NTLM V1","{00000000-0000-0000-0000-000000000000}",NtLmSsp,3,"-","-","-","-",0x0,"-","-","-","-","-",0x0,"-","S-1-0-0","NT AUTHORITY",0x0,0x5adad48,"ANONYMOUS LOGON","S-1-5-7","%%1843","2-EMPLOYEE-MACH",Security,"2-employee-mach",4624,34033,"-",0x8020000000000000,0,"""An account was successfully logged on.

Subject:
	Security ID:		S-1-0-0
	Account Name:		-
	Account Domain:		-
	Logon ID:		0x0

Logon Information:
	Logon Type:		3
	Restricted Admin Mode:	-
	Virtual Account:		No
	Elevated Token:		No

Impersonation Level:		Impersonation

New Logon:
	Security ID:		S-1-5-7
	Account Name:		ANONYMOUS LOGON
	Account Domain:		NT AUTHORITY
	Logon ID:		0x5ADAD48
	Linked Logon ID:		0x0
	Network Account Name:	-
	Network Account Domain:	-
	Logon GUID:		{00000000-0000-0000-0000-000000000000}

Process Information:
	Process ID:		0x0
	Process Name:		-

Network Information:
	Workstation Name:	2-EMPLOYEE-MACH
	Source Network Address:	::1
	Source Port:		64478

Detailed Authentication Information:
	Logon Process:		NtLmSsp 
	Authentication Package:	NTLM
	Transited Services:	-
	Package Name (NTLM only):	NTLM V1
	Key Length:		128

This event is generated when a logon session is created. It is generated on the computer that was accessed.

The subject fields indicate the account on the local system which requested the logon. This is most commonly a service such as the Server service, or a local process such as Winlogon.exe or Services.exe.

The logon type field indicates the kind of logon that occurred. The most common types are 2 (interactive) and 3 (network).

The New Logon fields indicate the account for whom the new logon was created, i.e. the account that was logged on.

The network fields indicate where a remote logon request originated. Workstation name is not always available and may be left blank in some cases.

The impersonation level field indicates the extent to which a process in the logon session can impersonate.

The authentication information fields provide detailed information about this specific logon request.
	- Logon GUID is a unique identifier that can be used to correlate this event with a KDC event.
	- Transited services indicate which intermediate services have participated in this logon request.
	- Package name indicates which sub-protocol was used among the NTLM protocols.
	- Key length indicates the length of the generated session key. This will be 0 if no session key was requested.""",0,708,"{54849625-5478-4994-a5ba-3e3b0328c30d}","Microsoft-Windows-Security-Auditing","AUDIT_SUCCESS","2022-11-21T09:44:08.7538245Z",12544,5452,2,"windows_eventchannel","-","1669023849.304908172",log,EventChannel,"s2g-siem-server","-","Windows logon success.",79,"IV_32.2","7.1, 7.2","windows, windows_security, authentication_success","164.312.b",60106,"-",3,false,T1078,"Defense Evasion, Persistence, Privilege Escalation, Initial Access","Valid Accounts","AC.7, AU.14","10.2.5","CC6.8, CC7.2, CC7.3","-","-","-","-","-","-","-","-","-","-","-","-","-","-","-","-","-","-","-","-","-","-","-","Nov 21, 2022 @ 10:44:09.380"
"wazuh-alerts-4.x-2022.11.21",025,"10.11.2.113","2-employee-mach","-","-","-","-","-","-","-","-","-","-","-","-","-","-","-","-","-","-","-","-","-","-","-","-","0, WinRMAssert, Not available, 0, admin\\wmi\\wmx\\stdlib\\PacketPool.h, 123, 0, 103ff782-5020-4204-a97a-b2a4a20797f6, 1074003968, 0","-","-","-","-","-","-","-","-","-","-","-","-","-","-","-","-","-","-","-","-","-","-","-","-","-","-","-","-","-","-",Application,"2-employee-mach",1001,731,"-",0x80000000000000,4,"""Fault bucket , type 0
Event Name: WinRMAssert
Response: Not available
Cab Id: 0

Problem signature:
P1: admin\wmi\wmx\stdlib\PacketPool.h
P2: 123
P3: 
P4: 
P5: 
P6: 
P7: 
P8: 
P9: 
P10: 

Attached files:

These files may be available here:


Analysis symbol: 
Rechecking for solution: 0
Report Id: 103ff782-5020-4204-a97a-b2a4a20797f6
Report Status: 1074003968
Hashed bucket: 
Cab Guid: 0""",0,0,"-","Windows Error Reporting",INFORMATION,"2022-11-21T09:44:08.8506757Z",0,0,0,"windows_eventchannel","-","1669023848.304905969",log,EventChannel,"s2g-siem-server","-","Summary event of the report's signatures.",30,"-","-","windows, windows_application","-",60608,"-",4,false,"-","-","-","-","-","-","-","-","-","-","-","-","-","-","-","-","-","-","-","-","-","-","-","-","-","-","-","-","-","Nov 21, 2022 @ 10:44:08.853"
"wazuh-alerts-4.x-2022.11.21",025,"10.11.2.113","2-employee-mach","-","-","-","-","-","-","-","-","-","-","-","-","-","-","-","-","-","-","-","-","-","-","-","-","2009084556351403197, 5, WinRMAssert, Not available, 0, admin\\wmi\\wmx\\stdlib\\PacketPool.h, 123,   \\\\?\\C:\\ProgramData\\Microsoft\\Windows\\WER\\Temp\\WER.aa5e2ccc-1573-4060-9e4b-e65ca80c2501.tmp.WERInternalMetadata.xml  \\\\?\\C:\\ProgramData\\Microsoft\\Windows\\WER\\Temp\\WER.0fa7e5ab-83fa-4db5-ab5f-fbb4ef4a112e.tmp.xml  \\\\?\\C:\\ProgramData\\Microsoft\\Windows\\WER\\Temp\\WER.78ed7756-cdfd-46eb-b3f1-0df801190695.tmp.csv  \\\\?\\C:\\ProgramData\\Microsoft\\Windows\\WER\\Temp\\WER.605312a2-281d-4f8a-87e4-56a5e66e0d0a.tmp.txt, \\\\?\\C:\\ProgramData\\Microsoft\\Windows\\WER\\ReportArchive\\NonCritical_admin_wmi_wmx_st_397b4f2c691126c3f4c2dd71d79add8e8a1928f_00000000_c57a2f30-1e27-447c-92d7-091b7ca9a330, 0, c57a2f30-1e27-447c-92d7-091b7ca9a330, 268435456, 74abbe98729f43fe1be1b3c2690c74bd, 0","-","-","-","-","-","-","-","-","-","-","-","-","-","-","-","-","-","-","-","-","-","-","-","-","-","-","-","-","-","-",Application,"2-employee-mach",1001,730,"-",0x80000000000000,4,"""Fault bucket 2009084556351403197, type 5
Event Name: WinRMAssert
Response: Not available
Cab Id: 0

Problem signature:
P1: admin\wmi\wmx\stdlib\PacketPool.h
P2: 123
P3: 
P4: 
P5: 
P6: 
P7: 
P8: 
P9: 
P10: 

Attached files:
\\?\C:\ProgramData\Microsoft\Windows\WER\Temp\WER.aa5e2ccc-1573-4060-9e4b-e65ca80c2501.tmp.WERInternalMetadata.xml
\\?\C:\ProgramData\Microsoft\Windows\WER\Temp\WER.0fa7e5ab-83fa-4db5-ab5f-fbb4ef4a112e.tmp.xml
\\?\C:\ProgramData\Microsoft\Windows\WER\Temp\WER.78ed7756-cdfd-46eb-b3f1-0df801190695.tmp.csv
\\?\C:\ProgramData\Microsoft\Windows\WER\Temp\WER.605312a2-281d-4f8a-87e4-56a5e66e0d0a.tmp.txt

These files may be available here:
\\?\C:\ProgramData\Microsoft\Windows\WER\ReportArchive\NonCritical_admin_wmi_wmx_st_397b4f2c691126c3f4c2dd71d79add8e8a1928f_00000000_c57a2f30-1e27-447c-92d7-091b7ca9a330

Analysis symbol: 
Rechecking for solution: 0
Report Id: c57a2f30-1e27-447c-92d7-091b7ca9a330
Report Status: 268435456
Hashed bucket: 74abbe98729f43fe1be1b3c2690c74bd
Cab Guid: 0""",0,0,"-","Windows Error Reporting",INFORMATION,"2022-11-21T09:44:06.3411491Z",0,0,0,"windows_eventchannel","-","1669023846.304823611",log,EventChannel,"s2g-siem-server","-","Summary event of the report's signatures.",22,"-","-","windows, windows_application","-",60608,"-",4,false,"-","-","-","-","-","-","-","-","-","-","-","-","-","-","-","-","-","-","-","-","-","-","-","-","-","-","-","-","-","Nov 21, 2022 @ 10:44:06.344"
"wazuh-alerts-4.x-2022.11.21",025,"10.11.2.113","2-employee-mach","-","-","-","-","-","-","-","-","-","-","-","-","-","-","-","-","-","-","-","-","-","-","-","-","0, WinRMAssert, Not available, 0, admin\\wmi\\wmx\\stdlib\\PacketPool.h, 123, 0, c57a2f30-1e27-447c-92d7-091b7ca9a330, 1074003968, 0","-","-","-","-","-","-","-","-","-","-","-","-","-","-","-","-","-","-","-","-","-","-","-","-","-","-","-","-","-","-",Application,"2-employee-mach",1001,729,"-",0x80000000000000,4,"""Fault bucket , type 0
Event Name: WinRMAssert
Response: Not available
Cab Id: 0

Problem signature:
P1: admin\wmi\wmx\stdlib\PacketPool.h
P2: 123
P3: 
P4: 
P5: 
P6: 
P7: 
P8: 
P9: 
P10: 

Attached files:

These files may be available here:


Analysis symbol: 
Rechecking for solution: 0
Report Id: c57a2f30-1e27-447c-92d7-091b7ca9a330
Report Status: 1074003968
Hashed bucket: 
Cab Guid: 0""",0,0,"-","Windows Error Reporting",INFORMATION,"2022-11-21T09:44:04.5747408Z",0,0,0,"windows_eventchannel","-","1669023844.304777077",log,EventChannel,"s2g-siem-server","-","Summary event of the report's signatures.",19,"-","-","windows, windows_application","-",60608,"-",4,false,"-","-","-","-","-","-","-","-","-","-","-","-","-","-","-","-","-","-","-","-","-","-","-","-","-","-","-","-","-","Nov 21, 2022 @ 10:44:04.576"
"wazuh-alerts-4.x-2022.11.21",025,"10.11.2.113","2-employee-mach","-","-","-","-","-","-","-","-","-","-","-","-","-","-","-","-","-","-","-","-","-","-","-","-","2009084556351403197, 5, WinRMAssert, Not available, 0, admin\\wmi\\wmx\\stdlib\\PacketPool.h, 123,   \\\\?\\C:\\ProgramData\\Microsoft\\Windows\\WER\\Temp\\WER.a5fe6ff8-1e5c-4812-88f3-7e30a029d5d5.tmp.WERInternalMetadata.xml  \\\\?\\C:\\ProgramData\\Microsoft\\Windows\\WER\\Temp\\WER.bc259f72-f911-4347-ae18-d3c038519e5d.tmp.xml  \\\\?\\C:\\ProgramData\\Microsoft\\Windows\\WER\\Temp\\WER.58cc856c-5cba-4c1a-a90f-264d61d26bfb.tmp.csv  \\\\?\\C:\\ProgramData\\Microsoft\\Windows\\WER\\Temp\\WER.d3c5b42a-9065-4f7a-b627-0e93f6a2a00b.tmp.txt, \\\\?\\C:\\ProgramData\\Microsoft\\Windows\\WER\\ReportArchive\\NonCritical_admin_wmi_wmx_st_397b4f2c691126c3f4c2dd71d79add8e8a1928f_00000000_02c10557-baf3-43f8-a46a-0454d65903f9, 0, 02c10557-baf3-43f8-a46a-0454d65903f9, 268435456, 74abbe98729f43fe1be1b3c2690c74bd, 0","-","-","-","-","-","-","-","-","-","-","-","-","-","-","-","-","-","-","-","-","-","-","-","-","-","-","-","-","-","-",Application,"2-employee-mach",1001,728,"-",0x80000000000000,4,"""Fault bucket 2009084556351403197, type 5
Event Name: WinRMAssert
Response: Not available
Cab Id: 0

Problem signature:
P1: admin\wmi\wmx\stdlib\PacketPool.h
P2: 123
P3: 
P4: 
P5: 
P6: 
P7: 
P8: 
P9: 
P10: 

Attached files:
\\?\C:\ProgramData\Microsoft\Windows\WER\Temp\WER.a5fe6ff8-1e5c-4812-88f3-7e30a029d5d5.tmp.WERInternalMetadata.xml
\\?\C:\ProgramData\Microsoft\Windows\WER\Temp\WER.bc259f72-f911-4347-ae18-d3c038519e5d.tmp.xml
\\?\C:\ProgramData\Microsoft\Windows\WER\Temp\WER.58cc856c-5cba-4c1a-a90f-264d61d26bfb.tmp.csv
\\?\C:\ProgramData\Microsoft\Windows\WER\Temp\WER.d3c5b42a-9065-4f7a-b627-0e93f6a2a00b.tmp.txt

These files may be available here:
\\?\C:\ProgramData\Microsoft\Windows\WER\ReportArchive\NonCritical_admin_wmi_wmx_st_397b4f2c691126c3f4c2dd71d79add8e8a1928f_00000000_02c10557-baf3-43f8-a46a-0454d65903f9

Analysis symbol: 
Rechecking for solution: 0
Report Id: 02c10557-baf3-43f8-a46a-0454d65903f9
Report Status: 268435456
Hashed bucket: 74abbe98729f43fe1be1b3c2690c74bd
Cab Guid: 0""",0,0,"-","Windows Error Reporting",INFORMATION,"2022-11-21T09:44:04.5530962Z",0,0,0,"windows_eventchannel","-","1669023844.304772133",log,EventChannel,"s2g-siem-server","-","Summary event of the report's signatures.",18,"-","-","windows, windows_application","-",60608,"-",4,false,"-","-","-","-","-","-","-","-","-","-","-","-","-","-","-","-","-","-","-","-","-","-","-","-","-","-","-","-","-","Nov 21, 2022 @ 10:44:04.557"
"wazuh-alerts-4.x-2022.11.21",025,"10.11.2.113","2-employee-mach","-","-","-","-","-","-","-","-","-","-","-","-","-","-","-","-","-","-","-","-","-","-",Negotiate,"-","-","%%1842","-","%%1833","-","-",0,"-","{00000000-0000-0000-0000-000000000000}",Advapi,5,"-","-","-","-",0x2bc,"C:\\Windows\\System32\\services.exe","-","-","-",WORKGROUP,0x3e7,"2-EMPLOYEE-MACH$","S-1-5-18","NT AUTHORITY",0x0,0x3e7,SYSTEM,"S-1-5-18","%%1843","-",Security,"2-employee-mach",4624,33998,"-",0x8020000000000000,0,"""An account was successfully logged on.

Subject:
	Security ID:		S-1-5-18
	Account Name:		2-EMPLOYEE-MACH$
	Account Domain:		WORKGROUP
	Logon ID:		0x3E7

Logon Information:
	Logon Type:		5
	Restricted Admin Mode:	-
	Virtual Account:		No
	Elevated Token:		Yes

Impersonation Level:		Impersonation

New Logon:
	Security ID:		S-1-5-18
	Account Name:		SYSTEM
	Account Domain:		NT AUTHORITY
	Logon ID:		0x3E7
	Linked Logon ID:		0x0
	Network Account Name:	-
	Network Account Domain:	-
	Logon GUID:		{00000000-0000-0000-0000-000000000000}

Process Information:
	Process ID:		0x2bc
	Process Name:		C:\Windows\System32\services.exe

Network Information:
	Workstation Name:	-
	Source Network Address:	-
	Source Port:		-

Detailed Authentication Information:
	Logon Process:		Advapi  
	Authentication Package:	Negotiate
	Transited Services:	-
	Package Name (NTLM only):	-
	Key Length:		0

This event is generated when a logon session is created. It is generated on the computer that was accessed.

The subject fields indicate the account on the local system which requested the logon. This is most commonly a service such as the Server service, or a local process such as Winlogon.exe or Services.exe.

The logon type field indicates the kind of logon that occurred. The most common types are 2 (interactive) and 3 (network).

The New Logon fields indicate the account for whom the new logon was created, i.e. the account that was logged on.

The network fields indicate where a remote logon request originated. Workstation name is not always available and may be left blank in some cases.

The impersonation level field indicates the extent to which a process in the logon session can impersonate.

The authentication information fields provide detailed information about this specific logon request.
	- Logon GUID is a unique identifier that can be used to correlate this event with a KDC event.
	- Transited services indicate which intermediate services have participated in this logon request.
	- Package name indicates which sub-protocol was used among the NTLM protocols.
	- Key length indicates the length of the generated session key. This will be 0 if no session key was requested.""",0,708,"{54849625-5478-4994-a5ba-3e3b0328c30d}","Microsoft-Windows-Security-Auditing","AUDIT_SUCCESS","2022-11-21T09:44:03.1606525Z",12544,5452,2,"windows_eventchannel","-","1669023843.304726579",log,EventChannel,"s2g-siem-server","-","Windows logon success.",68,"IV_32.2","7.1, 7.2","windows, windows_security, authentication_success","164.312.b",60106,"-",3,false,T1078,"Defense Evasion, Persistence, Privilege Escalation, Initial Access","Valid Accounts","AC.7, AU.14","10.2.5","CC6.8, CC7.2, CC7.3","-","-","-","-","-","-","-","-","-","-","-","-","-","-","-","-","-","-","-","-","-","-","-","Nov 21, 2022 @ 10:44:03.239"
"wazuh-alerts-4.x-2022.11.21",025,"10.11.2.113","2-employee-mach","-","-","-","-","-","-","-","-","-","-","-","-","-","-","-","-","-","-","-","-","-","-",Negotiate,"-","-","%%1842","-","%%1833","-","-",0,"-","{00000000-0000-0000-0000-000000000000}",Advapi,5,"-","-","-","-",0x2bc,"C:\\Windows\\System32\\services.exe","-","-","-",WORKGROUP,0x3e7,"2-EMPLOYEE-MACH$","S-1-5-18","NT AUTHORITY",0x0,0x3e7,SYSTEM,"S-1-5-18","%%1843","-",Security,"2-employee-mach",4624,33992,"-",0x8020000000000000,0,"""An account was successfully logged on.

Subject:
	Security ID:		S-1-5-18
	Account Name:		2-EMPLOYEE-MACH$
	Account Domain:		WORKGROUP
	Logon ID:		0x3E7

Logon Information:
	Logon Type:		5
	Restricted Admin Mode:	-
	Virtual Account:		No
	Elevated Token:		Yes

Impersonation Level:		Impersonation

New Logon:
	Security ID:		S-1-5-18
	Account Name:		SYSTEM
	Account Domain:		NT AUTHORITY
	Logon ID:		0x3E7
	Linked Logon ID:		0x0
	Network Account Name:	-
	Network Account Domain:	-
	Logon GUID:		{00000000-0000-0000-0000-000000000000}

Process Information:
	Process ID:		0x2bc
	Process Name:		C:\Windows\System32\services.exe

Network Information:
	Workstation Name:	-
	Source Network Address:	-
	Source Port:		-

Detailed Authentication Information:
	Logon Process:		Advapi  
	Authentication Package:	Negotiate
	Transited Services:	-
	Package Name (NTLM only):	-
	Key Length:		0

This event is generated when a logon session is created. It is generated on the computer that was accessed.

The subject fields indicate the account on the local system which requested the logon. This is most commonly a service such as the Server service, or a local process such as Winlogon.exe or Services.exe.

The logon type field indicates the kind of logon that occurred. The most common types are 2 (interactive) and 3 (network).

The New Logon fields indicate the account for whom the new logon was created, i.e. the account that was logged on.

The network fields indicate where a remote logon request originated. Workstation name is not always available and may be left blank in some cases.

The impersonation level field indicates the extent to which a process in the logon session can impersonate.

The authentication information fields provide detailed information about this specific logon request.
	- Logon GUID is a unique identifier that can be used to correlate this event with a KDC event.
	- Transited services indicate which intermediate services have participated in this logon request.
	- Package name indicates which sub-protocol was used among the NTLM protocols.
	- Key length indicates the length of the generated session key. This will be 0 if no session key was requested.""",0,708,"{54849625-5478-4994-a5ba-3e3b0328c30d}","Microsoft-Windows-Security-Auditing","AUDIT_SUCCESS","2022-11-21T09:44:02.7638917Z",12544,5452,2,"windows_eventchannel","-","1669023843.304719253",log,EventChannel,"s2g-siem-server","-","Windows logon success.",67,"IV_32.2","7.1, 7.2","windows, windows_security, authentication_success","164.312.b",60106,"-",3,false,T1078,"Defense Evasion, Persistence, Privilege Escalation, Initial Access","Valid Accounts","AC.7, AU.14","10.2.5","CC6.8, CC7.2, CC7.3","-","-","-","-","-","-","-","-","-","-","-","-","-","-","-","-","-","-","-","-","-","-","-","Nov 21, 2022 @ 10:44:03.230"
"wazuh-alerts-4.x-2022.11.21",025,"10.11.2.113","2-employee-mach","-","-","-","-","-","-","-","-","-","-","-","-","-","-","-","-","-","-","-","-","-","-","-","-","-","-","-","-","-","-","-","-","-","-",3,"-","-","-","-","-","-","-","-","-","-","-","-","-","NT AUTHORITY","-",0x5ab794c,"ANONYMOUS LOGON","S-1-5-7","-","-",Security,"2-employee-mach",4634,33991,"-",0x8020000000000000,0,"""An account was logged off.

Subject:
	Security ID:		S-1-5-7
	Account Name:		ANONYMOUS LOGON
	Account Domain:		NT AUTHORITY
	Logon ID:		0x5AB794C

Logon Type:			3

This event is generated when a logon session is destroyed. It may be positively correlated with a logon event using the Logon ID value. Logon IDs are only unique between reboots on the same computer.""",0,708,"{54849625-5478-4994-a5ba-3e3b0328c30d}","Microsoft-Windows-Security-Auditing","AUDIT_SUCCESS","2022-11-21T09:44:02.6180298Z",12545,5044,0,"windows_eventchannel","-","1669023843.304716876",log,EventChannel,"s2g-siem-server","-","Windows User Logoff.",10,"IV_32.2","-","windows, windows_security","164.312.b",60137,"-",3,false,"-","-","-","AC.7, AU.14","10.2.5","CC6.8, CC7.2, CC7.3","-","-","-","-","-","-","-","-","-","-","-","-","-","-","-","-","-","-","-","-","-","-","-","Nov 21, 2022 @ 10:44:03.227"
"wazuh-alerts-4.x-2022.11.21",025,"10.11.2.113","2-employee-mach","-","-","-","-","-","-","-","-","-","-","-","-","-","-","-","-","-","-","-","-","-","-",NTLM,"-","-","%%1843","-","%%1833","::1",64470,128,"NTLM V1","{00000000-0000-0000-0000-000000000000}",NtLmSsp,3,"-","-","-","-",0x0,"-","-","-","-","-",0x0,"-","S-1-0-0","NT AUTHORITY",0x0,0x5ab794c,"ANONYMOUS LOGON","S-1-5-7","%%1843","2-EMPLOYEE-MACH",Security,"2-employee-mach",4624,33990,"-",0x8020000000000000,0,"""An account was successfully logged on.

Subject:
	Security ID:		S-1-0-0
	Account Name:		-
	Account Domain:		-
	Logon ID:		0x0

Logon Information:
	Logon Type:		3
	Restricted Admin Mode:	-
	Virtual Account:		No
	Elevated Token:		No

Impersonation Level:		Impersonation

New Logon:
	Security ID:		S-1-5-7
	Account Name:		ANONYMOUS LOGON
	Account Domain:		NT AUTHORITY
	Logon ID:		0x5AB794C
	Linked Logon ID:		0x0
	Network Account Name:	-
	Network Account Domain:	-
	Logon GUID:		{00000000-0000-0000-0000-000000000000}

Process Information:
	Process ID:		0x0
	Process Name:		-

Network Information:
	Workstation Name:	2-EMPLOYEE-MACH
	Source Network Address:	::1
	Source Port:		64470

Detailed Authentication Information:
	Logon Process:		NtLmSsp 
	Authentication Package:	NTLM
	Transited Services:	-
	Package Name (NTLM only):	NTLM V1
	Key Length:		128

This event is generated when a logon session is created. It is generated on the computer that was accessed.

The subject fields indicate the account on the local system which requested the logon. This is most commonly a service such as the Server service, or a local process such as Winlogon.exe or Services.exe.

The logon type field indicates the kind of logon that occurred. The most common types are 2 (interactive) and 3 (network).

The New Logon fields indicate the account for whom the new logon was created, i.e. the account that was logged on.

The network fields indicate where a remote logon request originated. Workstation name is not always available and may be left blank in some cases.

The impersonation level field indicates the extent to which a process in the logon session can impersonate.

The authentication information fields provide detailed information about this specific logon request.
	- Logon GUID is a unique identifier that can be used to correlate this event with a KDC event.
	- Transited services indicate which intermediate services have participated in this logon request.
	- Package name indicates which sub-protocol was used among the NTLM protocols.
	- Key length indicates the length of the generated session key. This will be 0 if no session key was requested.""",0,708,"{54849625-5478-4994-a5ba-3e3b0328c30d}","Microsoft-Windows-Security-Auditing","AUDIT_SUCCESS","2022-11-21T09:44:02.6172433Z",12544,5452,2,"windows_eventchannel","-","1669023843.304709636",log,EventChannel,"s2g-siem-server","-","Windows logon success.",66,"IV_32.2","7.1, 7.2","windows, windows_security, authentication_success","164.312.b",60106,"-",3,false,T1078,"Defense Evasion, Persistence, Privilege Escalation, Initial Access","Valid Accounts","AC.7, AU.14","10.2.5","CC6.8, CC7.2, CC7.3","-","-","-","-","-","-","-","-","-","-","-","-","-","-","-","-","-","-","-","-","-","-","-","Nov 21, 2022 @ 10:44:03.226"
"wazuh-alerts-4.x-2022.11.21",025,"10.11.2.113","2-employee-mach","-","-","-","-","-","-","-","-","-","-","-","-","-","-","-","-","-","-","-","-","-","-","-","-","-","-","-","-","-","-","-","-","-","-",3,"-","-","-","-","-","-","-","-","-","-","-","-","-","NT AUTHORITY","-",0x5ab7917,"ANONYMOUS LOGON","S-1-5-7","-","-",Security,"2-employee-mach",4634,33989,"-",0x8020000000000000,0,"""An account was logged off.

Subject:
	Security ID:		S-1-5-7
	Account Name:		ANONYMOUS LOGON
	Account Domain:		NT AUTHORITY
	Logon ID:		0x5AB7917

Logon Type:			3

This event is generated when a logon session is destroyed. It may be positively correlated with a logon event using the Logon ID value. Logon IDs are only unique between reboots on the same computer.""",0,708,"{54849625-5478-4994-a5ba-3e3b0328c30d}","Microsoft-Windows-Security-Auditing","AUDIT_SUCCESS","2022-11-21T09:44:02.6103105Z",12545,5044,0,"windows_eventchannel","-","1669023843.304707259",log,EventChannel,"s2g-siem-server","-","Windows User Logoff.",9,"IV_32.2","-","windows, windows_security","164.312.b",60137,"-",3,false,"-","-","-","AC.7, AU.14","10.2.5","CC6.8, CC7.2, CC7.3","-","-","-","-","-","-","-","-","-","-","-","-","-","-","-","-","-","-","-","-","-","-","-","Nov 21, 2022 @ 10:44:03.223"
"wazuh-alerts-4.x-2022.11.21",025,"10.11.2.113","2-employee-mach","-","-","-","-","-","-","-","-","-","-","-","-","-","-","-","-","-","-","-","-","-","-",NTLM,"-","-","%%1843","-","%%1833","::1",64469,128,"NTLM V1","{00000000-0000-0000-0000-000000000000}",NtLmSsp,3,"-","-","-","-",0x0,"-","-","-","-","-",0x0,"-","S-1-0-0","NT AUTHORITY",0x0,0x5ab7917,"ANONYMOUS LOGON","S-1-5-7","%%1843","2-EMPLOYEE-MACH",Security,"2-employee-mach",4624,33988,"-",0x8020000000000000,0,"""An account was successfully logged on.

Subject:
	Security ID:		S-1-0-0
	Account Name:		-
	Account Domain:		-
	Logon ID:		0x0

Logon Information:
	Logon Type:		3
	Restricted Admin Mode:	-
	Virtual Account:		No
	Elevated Token:		No

Impersonation Level:		Impersonation

New Logon:
	Security ID:		S-1-5-7
	Account Name:		ANONYMOUS LOGON
	Account Domain:		NT AUTHORITY
	Logon ID:		0x5AB7917
	Linked Logon ID:		0x0
	Network Account Name:	-
	Network Account Domain:	-
	Logon GUID:		{00000000-0000-0000-0000-000000000000}

Process Information:
	Process ID:		0x0
	Process Name:		-

Network Information:
	Workstation Name:	2-EMPLOYEE-MACH
	Source Network Address:	::1
	Source Port:		64469

Detailed Authentication Information:
	Logon Process:		NtLmSsp 
	Authentication Package:	NTLM
	Transited Services:	-
	Package Name (NTLM only):	NTLM V1
	Key Length:		128

This event is generated when a logon session is created. It is generated on the computer that was accessed.

The subject fields indicate the account on the local system which requested the logon. This is most commonly a service such as the Server service, or a local process such as Winlogon.exe or Services.exe.

The logon type field indicates the kind of logon that occurred. The most common types are 2 (interactive) and 3 (network).

The New Logon fields indicate the account for whom the new logon was created, i.e. the account that was logged on.

The network fields indicate where a remote logon request originated. Workstation name is not always available and may be left blank in some cases.

The impersonation level field indicates the extent to which a process in the logon session can impersonate.

The authentication information fields provide detailed information about this specific logon request.
	- Logon GUID is a unique identifier that can be used to correlate this event with a KDC event.
	- Transited services indicate which intermediate services have participated in this logon request.
	- Package name indicates which sub-protocol was used among the NTLM protocols.
	- Key length indicates the length of the generated session key. This will be 0 if no session key was requested.""",0,708,"{54849625-5478-4994-a5ba-3e3b0328c30d}","Microsoft-Windows-Security-Auditing","AUDIT_SUCCESS","2022-11-21T09:44:02.6094132Z",12544,5044,2,"windows_eventchannel","-","1669023843.304700019",log,EventChannel,"s2g-siem-server","-","Windows logon success.",65,"IV_32.2","7.1, 7.2","windows, windows_security, authentication_success","164.312.b",60106,"-",3,false,T1078,"Defense Evasion, Persistence, Privilege Escalation, Initial Access","Valid Accounts","AC.7, AU.14","10.2.5","CC6.8, CC7.2, CC7.3","-","-","-","-","-","-","-","-","-","-","-","-","-","-","-","-","-","-","-","-","-","-","-","Nov 21, 2022 @ 10:44:03.221"
"wazuh-alerts-4.x-2022.11.21",025,"10.11.2.113","2-employee-mach","-","-","-","-","-","-","-","-","-","-","-","-","-","-","-","-","-","-","-","-","-","-","-","-","0, WinRMAssert, Not available, 0, admin\\wmi\\wmx\\stdlib\\PacketPool.h, 123, 0, 02c10557-baf3-43f8-a46a-0454d65903f9, 1074003968, 0","-","-","-","-","-","-","-","-","-","-","-","-","-","-","-","-","-","-","-","-","-","-","-","-","-","-","-","-","-","-",Application,"2-employee-mach",1001,727,"-",0x80000000000000,4,"""Fault bucket , type 0
Event Name: WinRMAssert
Response: Not available
Cab Id: 0

Problem signature:
P1: admin\wmi\wmx\stdlib\PacketPool.h
P2: 123
P3: 
P4: 
P5: 
P6: 
P7: 
P8: 
P9: 
P10: 

Attached files:

These files may be available here:


Analysis symbol: 
Rechecking for solution: 0
Report Id: 02c10557-baf3-43f8-a46a-0454d65903f9
Report Status: 1074003968
Hashed bucket: 
Cab Guid: 0""",0,0,"-","Windows Error Reporting",INFORMATION,"2022-11-21T09:44:02.9009053Z",0,0,0,"windows_eventchannel","-","1669023842.304678088",log,EventChannel,"s2g-siem-server","-","Summary event of the report's signatures.",15,"-","-","windows, windows_application","-",60608,"-",4,false,"-","-","-","-","-","-","-","-","-","-","-","-","-","-","-","-","-","-","-","-","-","-","-","-","-","-","-","-","-","Nov 21, 2022 @ 10:44:02.944"
"wazuh-alerts-4.x-2022.11.21",025,"10.11.2.113","2-employee-mach","-","-","-","-","-","-","-","-","-","-","-","-","-","-","-","-","-","-","-","-","-","-",Negotiate,"-","-","%%1842","-","%%1833","-","-",0,"-","{00000000-0000-0000-0000-000000000000}",Advapi,5,"-","-","-","-",0x2bc,"C:\\Windows\\System32\\services.exe","-","-","-",WORKGROUP,0x3e7,"2-EMPLOYEE-MACH$","S-1-5-18","NT AUTHORITY",0x0,0x3e7,SYSTEM,"S-1-5-18","%%1843","-",Security,"2-employee-mach",4624,33975,"-",0x8020000000000000,0,"""An account was successfully logged on.

Subject:
	Security ID:		S-1-5-18
	Account Name:		2-EMPLOYEE-MACH$
	Account Domain:		WORKGROUP
	Logon ID:		0x3E7

Logon Information:
	Logon Type:		5
	Restricted Admin Mode:	-
	Virtual Account:		No
	Elevated Token:		Yes

Impersonation Level:		Impersonation

New Logon:
	Security ID:		S-1-5-18
	Account Name:		SYSTEM
	Account Domain:		NT AUTHORITY
	Logon ID:		0x3E7
	Linked Logon ID:		0x0
	Network Account Name:	-
	Network Account Domain:	-
	Logon GUID:		{00000000-0000-0000-0000-000000000000}

Process Information:
	Process ID:		0x2bc
	Process Name:		C:\Windows\System32\services.exe

Network Information:
	Workstation Name:	-
	Source Network Address:	-
	Source Port:		-

Detailed Authentication Information:
	Logon Process:		Advapi  
	Authentication Package:	Negotiate
	Transited Services:	-
	Package Name (NTLM only):	-
	Key Length:		0

This event is generated when a logon session is created. It is generated on the computer that was accessed.

The subject fields indicate the account on the local system which requested the logon. This is most commonly a service such as the Server service, or a local process such as Winlogon.exe or Services.exe.

The logon type field indicates the kind of logon that occurred. The most common types are 2 (interactive) and 3 (network).

The New Logon fields indicate the account for whom the new logon was created, i.e. the account that was logged on.

The network fields indicate where a remote logon request originated. Workstation name is not always available and may be left blank in some cases.

The impersonation level field indicates the extent to which a process in the logon session can impersonate.

The authentication information fields provide detailed information about this specific logon request.
	- Logon GUID is a unique identifier that can be used to correlate this event with a KDC event.
	- Transited services indicate which intermediate services have participated in this logon request.
	- Package name indicates which sub-protocol was used among the NTLM protocols.
	- Key length indicates the length of the generated session key. This will be 0 if no session key was requested.""",0,708,"{54849625-5478-4994-a5ba-3e3b0328c30d}","Microsoft-Windows-Security-Auditing","AUDIT_SUCCESS","2022-11-21T09:43:44.9443472Z",12544,1528,2,"windows_eventchannel","-","1669023825.304316121",log,EventChannel,"s2g-siem-server","-","Windows logon success.",48,"IV_32.2","7.1, 7.2","windows, windows_security, authentication_success","164.312.b",60106,"-",3,false,T1078,"Defense Evasion, Persistence, Privilege Escalation, Initial Access","Valid Accounts","AC.7, AU.14","10.2.5","CC6.8, CC7.2, CC7.3","-","-","-","-","-","-","-","-","-","-","-","-","-","-","-","-","-","-","-","-","-","-","-","Nov 21, 2022 @ 10:43:45.961"
"wazuh-alerts-4.x-2022.11.21",025,"10.11.2.113","2-employee-mach","-","-","-","-","-","-","-","-","-","-","-","-","-","-","-","-","-","-","-","-","-","-",Negotiate,"-","-","%%1842","-","%%1833","-","-",0,"-","{00000000-0000-0000-0000-000000000000}",Advapi,5,"-","-","-","-",0x2bc,"C:\\Windows\\System32\\services.exe","-","-","-",WORKGROUP,0x3e7,"2-EMPLOYEE-MACH$","S-1-5-18","NT AUTHORITY",0x0,0x3e7,SYSTEM,"S-1-5-18","%%1843","-",Security,"2-employee-mach",4624,33972,"-",0x8020000000000000,0,"""An account was successfully logged on.

Subject:
	Security ID:		S-1-5-18
	Account Name:		2-EMPLOYEE-MACH$
	Account Domain:		WORKGROUP
	Logon ID:		0x3E7

Logon Information:
	Logon Type:		5
	Restricted Admin Mode:	-
	Virtual Account:		No
	Elevated Token:		Yes

Impersonation Level:		Impersonation

New Logon:
	Security ID:		S-1-5-18
	Account Name:		SYSTEM
	Account Domain:		NT AUTHORITY
	Logon ID:		0x3E7
	Linked Logon ID:		0x0
	Network Account Name:	-
	Network Account Domain:	-
	Logon GUID:		{00000000-0000-0000-0000-000000000000}

Process Information:
	Process ID:		0x2bc
	Process Name:		C:\Windows\System32\services.exe

Network Information:
	Workstation Name:	-
	Source Network Address:	-
	Source Port:		-

Detailed Authentication Information:
	Logon Process:		Advapi  
	Authentication Package:	Negotiate
	Transited Services:	-
	Package Name (NTLM only):	-
	Key Length:		0

This event is generated when a logon session is created. It is generated on the computer that was accessed.

The subject fields indicate the account on the local system which requested the logon. This is most commonly a service such as the Server service, or a local process such as Winlogon.exe or Services.exe.

The logon type field indicates the kind of logon that occurred. The most common types are 2 (interactive) and 3 (network).

The New Logon fields indicate the account for whom the new logon was created, i.e. the account that was logged on.

The network fields indicate where a remote logon request originated. Workstation name is not always available and may be left blank in some cases.

The impersonation level field indicates the extent to which a process in the logon session can impersonate.

The authentication information fields provide detailed information about this specific logon request.
	- Logon GUID is a unique identifier that can be used to correlate this event with a KDC event.
	- Transited services indicate which intermediate services have participated in this logon request.
	- Package name indicates which sub-protocol was used among the NTLM protocols.
	- Key length indicates the length of the generated session key. This will be 0 if no session key was requested.""",0,708,"{54849625-5478-4994-a5ba-3e3b0328c30d}","Microsoft-Windows-Security-Auditing","AUDIT_SUCCESS","2022-11-21T09:43:44.1976838Z",12544,1528,2,"windows_eventchannel","-","1669023824.304292398",log,EventChannel,"s2g-siem-server","-","Windows logon success.",47,"IV_32.2","7.1, 7.2","windows, windows_security, authentication_success","164.312.b",60106,"-",3,false,T1078,"Defense Evasion, Persistence, Privilege Escalation, Initial Access","Valid Accounts","AC.7, AU.14","10.2.5","CC6.8, CC7.2, CC7.3","-","-","-","-","-","-","-","-","-","-","-","-","-","-","-","-","-","-","-","-","-","-","-","Nov 21, 2022 @ 10:43:44.921"
