"wazuh-alerts-4.x-2022.11.21",020,"10.11.9.133","1-guest-machine","-","-","-","-","-","-","-","-","-","-","-","-","-","-","-","-","-","-","-","-","-","-","-","-","0, WinRMAssert, Not available, 0, admin\\wmi\\wmx\\stdlib\\PacketPool.h, 123, 0, 337b0ea4-5617-49c0-8650-a5f3958bd150, 1074003968, 0","-","-","-","-","-","-","-","-","-","-","-","-","-","-","-","-","-","-","-","-","-","-","-","-","-","-","-","-","-","-",Application,"1-guest-machine",1001,710,"-",0x80000000000000,4,"""Fault bucket , type 0
Event Name: WinRMAssert
Response: Not available
Cab Id: 0

Problem signature:
P1: admin\wmi\wmx\stdlib\PacketPool.h
P2: 123
P3: 
P4: 
P5: 
P6: 
P7: 
P8: 
P9: 
P10: 

Attached files:

These files may be available here:


Analysis symbol: 
Rechecking for solution: 0
Report Id: 337b0ea4-5617-49c0-8650-a5f3958bd150
Report Status: 1074003968
Hashed bucket: 
Cab Guid: 0""",0,0,"-","Windows Error Reporting",INFORMATION,"2022-11-21T09:44:13.7323738Z",0,0,0,"windows_eventchannel","-","1669023853.305008189",log,EventChannel,"s2g-siem-server","-","Summary event of the report's signatures.",37,"-","-","windows, windows_application","-",60608,"-",4,false,"-","-","-","-","-","-","-","-","-","-","-","-","-","-","-","-","-","-","-","-","-","-","-","-","-","-","-","-","-","Nov 21, 2022 @ 10:44:13.747"
"wazuh-alerts-4.x-2022.11.21",020,"10.11.9.133","1-guest-machine","-","-","-","-","-","-","-","-","-","-","-","-","-","-","-","-","-","-","-","-","-","-","-","-","2009084556351403197, 5, WinRMAssert, Not available, 0, admin\\wmi\\wmx\\stdlib\\PacketPool.h, 123,   \\\\?\\C:\\ProgramData\\Microsoft\\Windows\\WER\\Temp\\WER.bbf62a67-1144-4a87-a3e5-bdbd8a51513c.tmp.WERInternalMetadata.xml  \\\\?\\C:\\ProgramData\\Microsoft\\Windows\\WER\\Temp\\WER.6330296a-3fe8-4d92-abb0-2e30bc638f4c.tmp.xml  \\\\?\\C:\\ProgramData\\Microsoft\\Windows\\WER\\Temp\\WER.e3b83ab9-ce8b-4f96-9765-06709e6d3389.tmp.csv  \\\\?\\C:\\ProgramData\\Microsoft\\Windows\\WER\\Temp\\WER.1de284b5-e2fc-4ab0-ae06-3b8af0ee1147.tmp.txt, \\\\?\\C:\\ProgramData\\Microsoft\\Windows\\WER\\ReportArchive\\NonCritical_admin_wmi_wmx_st_397b4f2c691126c3f4c2dd71d79add8e8a1928f_00000000_a9010f9d-1bff-41b6-a30b-65ee42bdcc8d, 0, a9010f9d-1bff-41b6-a30b-65ee42bdcc8d, 268435456, 74abbe98729f43fe1be1b3c2690c74bd, 0","-","-","-","-","-","-","-","-","-","-","-","-","-","-","-","-","-","-","-","-","-","-","-","-","-","-","-","-","-","-",Application,"1-guest-machine",1001,709,"-",0x80000000000000,4,"""Fault bucket 2009084556351403197, type 5
Event Name: WinRMAssert
Response: Not available
Cab Id: 0

Problem signature:
P1: admin\wmi\wmx\stdlib\PacketPool.h
P2: 123
P3: 
P4: 
P5: 
P6: 
P7: 
P8: 
P9: 
P10: 

Attached files:
\\?\C:\ProgramData\Microsoft\Windows\WER\Temp\WER.bbf62a67-1144-4a87-a3e5-bdbd8a51513c.tmp.WERInternalMetadata.xml
\\?\C:\ProgramData\Microsoft\Windows\WER\Temp\WER.6330296a-3fe8-4d92-abb0-2e30bc638f4c.tmp.xml
\\?\C:\ProgramData\Microsoft\Windows\WER\Temp\WER.e3b83ab9-ce8b-4f96-9765-06709e6d3389.tmp.csv
\\?\C:\ProgramData\Microsoft\Windows\WER\Temp\WER.1de284b5-e2fc-4ab0-ae06-3b8af0ee1147.tmp.txt

These files may be available here:
\\?\C:\ProgramData\Microsoft\Windows\WER\ReportArchive\NonCritical_admin_wmi_wmx_st_397b4f2c691126c3f4c2dd71d79add8e8a1928f_00000000_a9010f9d-1bff-41b6-a30b-65ee42bdcc8d

Analysis symbol: 
Rechecking for solution: 0
Report Id: a9010f9d-1bff-41b6-a30b-65ee42bdcc8d
Report Status: 268435456
Hashed bucket: 74abbe98729f43fe1be1b3c2690c74bd
Cab Guid: 0""",0,0,"-","Windows Error Reporting",INFORMATION,"2022-11-21T09:44:10.7948531Z",0,0,0,"windows_eventchannel","-","1669023850.304959282",log,EventChannel,"s2g-siem-server","-","Summary event of the report's signatures.",35,"-","-","windows, windows_application","-",60608,"-",4,false,"-","-","-","-","-","-","-","-","-","-","-","-","-","-","-","-","-","-","-","-","-","-","-","-","-","-","-","-","-","Nov 21, 2022 @ 10:44:10.800"
"wazuh-alerts-4.x-2022.11.21",020,"10.11.9.133","1-guest-machine","-","-","-","-","-","-","-","-","-","-","-","-","-","-","-","-","-","-","-","-","-","-","-","-","2009084556351403197, 5, WinRMAssert, Not available, 0, admin\\wmi\\wmx\\stdlib\\PacketPool.h, 123,   \\\\?\\C:\\ProgramData\\Microsoft\\Windows\\WER\\Temp\\WER.6cef24fa-09d8-47e5-a270-fb70fb3a7c11.tmp.WERInternalMetadata.xml  \\\\?\\C:\\ProgramData\\Microsoft\\Windows\\WER\\Temp\\WER.f4d7104c-f5a3-411b-a434-33bbb60c4eaa.tmp.xml  \\\\?\\C:\\ProgramData\\Microsoft\\Windows\\WER\\Temp\\WER.691ad039-3a2e-4757-9961-28e4b7212271.tmp.csv  \\\\?\\C:\\ProgramData\\Microsoft\\Windows\\WER\\Temp\\WER.26a5a377-37c3-4753-9745-a646a161aa64.tmp.txt, \\\\?\\C:\\ProgramData\\Microsoft\\Windows\\WER\\ReportArchive\\NonCritical_admin_wmi_wmx_st_397b4f2c691126c3f4c2dd71d79add8e8a1928f_00000000_55004f0e-1104-4a7d-ba43-09262d91fb8e, 0, 55004f0e-1104-4a7d-ba43-09262d91fb8e, 268435456, 74abbe98729f43fe1be1b3c2690c74bd, 0","-","-","-","-","-","-","-","-","-","-","-","-","-","-","-","-","-","-","-","-","-","-","-","-","-","-","-","-","-","-",Application,"1-guest-machine",1001,708,"-",0x80000000000000,4,"""Fault bucket 2009084556351403197, type 5
Event Name: WinRMAssert
Response: Not available
Cab Id: 0

Problem signature:
P1: admin\wmi\wmx\stdlib\PacketPool.h
P2: 123
P3: 
P4: 
P5: 
P6: 
P7: 
P8: 
P9: 
P10: 

Attached files:
\\?\C:\ProgramData\Microsoft\Windows\WER\Temp\WER.6cef24fa-09d8-47e5-a270-fb70fb3a7c11.tmp.WERInternalMetadata.xml
\\?\C:\ProgramData\Microsoft\Windows\WER\Temp\WER.f4d7104c-f5a3-411b-a434-33bbb60c4eaa.tmp.xml
\\?\C:\ProgramData\Microsoft\Windows\WER\Temp\WER.691ad039-3a2e-4757-9961-28e4b7212271.tmp.csv
\\?\C:\ProgramData\Microsoft\Windows\WER\Temp\WER.26a5a377-37c3-4753-9745-a646a161aa64.tmp.txt

These files may be available here:
\\?\C:\ProgramData\Microsoft\Windows\WER\ReportArchive\NonCritical_admin_wmi_wmx_st_397b4f2c691126c3f4c2dd71d79add8e8a1928f_00000000_55004f0e-1104-4a7d-ba43-09262d91fb8e

Analysis symbol: 
Rechecking for solution: 0
Report Id: 55004f0e-1104-4a7d-ba43-09262d91fb8e
Report Status: 268435456
Hashed bucket: 74abbe98729f43fe1be1b3c2690c74bd
Cab Guid: 0""",0,0,"-","Windows Error Reporting",INFORMATION,"2022-11-21T09:44:09.7012642Z",0,0,0,"windows_eventchannel","-","1669023849.304946006",log,EventChannel,"s2g-siem-server","-","Summary event of the report's signatures.",32,"-","-","windows, windows_application","-",60608,"-",4,false,"-","-","-","-","-","-","-","-","-","-","-","-","-","-","-","-","-","-","-","-","-","-","-","-","-","-","-","-","-","Nov 21, 2022 @ 10:44:09.714"
"wazuh-alerts-4.x-2022.11.21",020,"10.11.9.133","1-guest-machine","-","-","-","-","-","-","-","-","-","-","-","-","-","-","-","-","-","-","-","-","-","-","-","-","0, WinRMAssert, Not available, 0, admin\\wmi\\wmx\\stdlib\\PacketPool.h, 123, 0, a9010f9d-1bff-41b6-a30b-65ee42bdcc8d, 1074003968, 0","-","-","-","-","-","-","-","-","-","-","-","-","-","-","-","-","-","-","-","-","-","-","-","-","-","-","-","-","-","-",Application,"1-guest-machine",1001,707,"-",0x80000000000000,4,"""Fault bucket , type 0
Event Name: WinRMAssert
Response: Not available
Cab Id: 0

Problem signature:
P1: admin\wmi\wmx\stdlib\PacketPool.h
P2: 123
P3: 
P4: 
P5: 
P6: 
P7: 
P8: 
P9: 
P10: 

Attached files:

These files may be available here:


Analysis symbol: 
Rechecking for solution: 0
Report Id: a9010f9d-1bff-41b6-a30b-65ee42bdcc8d
Report Status: 1074003968
Hashed bucket: 
Cab Guid: 0""",0,0,"-","Windows Error Reporting",INFORMATION,"2022-11-21T09:44:09.4670888Z",0,0,0,"windows_eventchannel","-","1669023849.304943803",log,EventChannel,"s2g-siem-server","-","Summary event of the report's signatures.",31,"-","-","windows, windows_application","-",60608,"-",4,false,"-","-","-","-","-","-","-","-","-","-","-","-","-","-","-","-","-","-","-","-","-","-","-","-","-","-","-","-","-","Nov 21, 2022 @ 10:44:09.479"
"wazuh-alerts-4.x-2022.11.21",020,"10.11.9.133","1-guest-machine","-","-","-","-","-","-","-","-","-","-","-","-","-","-","-","-","-","-","-","-","-","-",Negotiate,"-","-","%%1842","-","%%1833","-","-",0,"-","{00000000-0000-0000-0000-000000000000}",Advapi,5,"-","-","-","-",0x298,"C:\\Windows\\System32\\services.exe","-","-","-",WORKGROUP,0x3e7,"1-GUEST-MACHINE$","S-1-5-18","NT AUTHORITY",0x0,0x3e7,SYSTEM,"S-1-5-18","%%1843","-",Security,"1-guest-machine",4624,32783,"-",0x8020000000000000,0,"""An account was successfully logged on.

Subject:
	Security ID:		S-1-5-18
	Account Name:		1-GUEST-MACHINE$
	Account Domain:		WORKGROUP
	Logon ID:		0x3E7

Logon Information:
	Logon Type:		5
	Restricted Admin Mode:	-
	Virtual Account:		No
	Elevated Token:		Yes

Impersonation Level:		Impersonation

New Logon:
	Security ID:		S-1-5-18
	Account Name:		SYSTEM
	Account Domain:		NT AUTHORITY
	Logon ID:		0x3E7
	Linked Logon ID:		0x0
	Network Account Name:	-
	Network Account Domain:	-
	Logon GUID:		{00000000-0000-0000-0000-000000000000}

Process Information:
	Process ID:		0x298
	Process Name:		C:\Windows\System32\services.exe

Network Information:
	Workstation Name:	-
	Source Network Address:	-
	Source Port:		-

Detailed Authentication Information:
	Logon Process:		Advapi  
	Authentication Package:	Negotiate
	Transited Services:	-
	Package Name (NTLM only):	-
	Key Length:		0

This event is generated when a logon session is created. It is generated on the computer that was accessed.

The subject fields indicate the account on the local system which requested the logon. This is most commonly a service such as the Server service, or a local process such as Winlogon.exe or Services.exe.

The logon type field indicates the kind of logon that occurred. The most common types are 2 (interactive) and 3 (network).

The New Logon fields indicate the account for whom the new logon was created, i.e. the account that was logged on.

The network fields indicate where a remote logon request originated. Workstation name is not always available and may be left blank in some cases.

The impersonation level field indicates the extent to which a process in the logon session can impersonate.

The authentication information fields provide detailed information about this specific logon request.
	- Logon GUID is a unique identifier that can be used to correlate this event with a KDC event.
	- Transited services indicate which intermediate services have participated in this logon request.
	- Package name indicates which sub-protocol was used among the NTLM protocols.
	- Key length indicates the length of the generated session key. This will be 0 if no session key was requested.""",0,676,"{54849625-5478-4994-a5ba-3e3b0328c30d}","Microsoft-Windows-Security-Auditing","AUDIT_SUCCESS","2022-11-21T09:44:08.0479526Z",12544,732,2,"windows_eventchannel","-","1669023848.304872001",log,EventChannel,"s2g-siem-server","-","Windows logon success.",78,"IV_32.2","7.1, 7.2","windows, windows_security, authentication_success","164.312.b",60106,"-",3,false,T1078,"Defense Evasion, Persistence, Privilege Escalation, Initial Access","Valid Accounts","AC.7, AU.14","10.2.5","CC6.8, CC7.2, CC7.3","-","-","-","-","-","-","-","-","-","-","-","-","-","-","-","-","-","-","-","-","-","-","-","Nov 21, 2022 @ 10:44:08.294"
"wazuh-alerts-4.x-2022.11.21",020,"10.11.9.133","1-guest-machine","-","-","-","-","-","-","-","-","-","-","-","-","-","-","-","-","-","-","-","-","-","-",Negotiate,"-","-","%%1842","-","%%1833","-","-",0,"-","{00000000-0000-0000-0000-000000000000}",Advapi,5,"-","-","-","-",0x298,"C:\\Windows\\System32\\services.exe","-","-","-",WORKGROUP,0x3e7,"1-GUEST-MACHINE$","S-1-5-18","NT AUTHORITY",0x0,0x3e7,SYSTEM,"S-1-5-18","%%1843","-",Security,"1-guest-machine",4624,32777,"-",0x8020000000000000,0,"""An account was successfully logged on.

Subject:
	Security ID:		S-1-5-18
	Account Name:		1-GUEST-MACHINE$
	Account Domain:		WORKGROUP
	Logon ID:		0x3E7

Logon Information:
	Logon Type:		5
	Restricted Admin Mode:	-
	Virtual Account:		No
	Elevated Token:		Yes

Impersonation Level:		Impersonation

New Logon:
	Security ID:		S-1-5-18
	Account Name:		SYSTEM
	Account Domain:		NT AUTHORITY
	Logon ID:		0x3E7
	Linked Logon ID:		0x0
	Network Account Name:	-
	Network Account Domain:	-
	Logon GUID:		{00000000-0000-0000-0000-000000000000}

Process Information:
	Process ID:		0x298
	Process Name:		C:\Windows\System32\services.exe

Network Information:
	Workstation Name:	-
	Source Network Address:	-
	Source Port:		-

Detailed Authentication Information:
	Logon Process:		Advapi  
	Authentication Package:	Negotiate
	Transited Services:	-
	Package Name (NTLM only):	-
	Key Length:		0

This event is generated when a logon session is created. It is generated on the computer that was accessed.

The subject fields indicate the account on the local system which requested the logon. This is most commonly a service such as the Server service, or a local process such as Winlogon.exe or Services.exe.

The logon type field indicates the kind of logon that occurred. The most common types are 2 (interactive) and 3 (network).

The New Logon fields indicate the account for whom the new logon was created, i.e. the account that was logged on.

The network fields indicate where a remote logon request originated. Workstation name is not always available and may be left blank in some cases.

The impersonation level field indicates the extent to which a process in the logon session can impersonate.

The authentication information fields provide detailed information about this specific logon request.
	- Logon GUID is a unique identifier that can be used to correlate this event with a KDC event.
	- Transited services indicate which intermediate services have participated in this logon request.
	- Package name indicates which sub-protocol was used among the NTLM protocols.
	- Key length indicates the length of the generated session key. This will be 0 if no session key was requested.""",0,676,"{54849625-5478-4994-a5ba-3e3b0328c30d}","Microsoft-Windows-Security-Auditing","AUDIT_SUCCESS","2022-11-21T09:44:07.6850882Z",12544,732,2,"windows_eventchannel","-","1669023848.304864677",log,EventChannel,"s2g-siem-server","-","Windows logon success.",77,"IV_32.2","7.1, 7.2","windows, windows_security, authentication_success","164.312.b",60106,"-",3,false,T1078,"Defense Evasion, Persistence, Privilege Escalation, Initial Access","Valid Accounts","AC.7, AU.14","10.2.5","CC6.8, CC7.2, CC7.3","-","-","-","-","-","-","-","-","-","-","-","-","-","-","-","-","-","-","-","-","-","-","-","Nov 21, 2022 @ 10:44:08.201"
"wazuh-alerts-4.x-2022.11.21",020,"10.11.9.133","1-guest-machine","-","-","-","-","-","-","-","-","-","-","-","-","-","-","-","-","-","-","-","-","-","-","-","-","-","-","-","-","-","-","-","-","-","-",3,"-","-","-","-","-","-","-","-","-","-","-","-","-","NT AUTHORITY","-",0x6b242d4,"ANONYMOUS LOGON","S-1-5-7","-","-",Security,"1-guest-machine",4634,32776,"-",0x8020000000000000,0,"""An account was logged off.

Subject:
	Security ID:		S-1-5-7
	Account Name:		ANONYMOUS LOGON
	Account Domain:		NT AUTHORITY
	Logon ID:		0x6B242D4

Logon Type:			3

This event is generated when a logon session is destroyed. It may be positively correlated with a logon event using the Logon ID value. Logon IDs are only unique between reboots on the same computer.""",0,676,"{54849625-5478-4994-a5ba-3e3b0328c30d}","Microsoft-Windows-Security-Auditing","AUDIT_SUCCESS","2022-11-21T09:44:07.5558498Z",12545,1096,0,"windows_eventchannel","-","1669023848.304862300",log,EventChannel,"s2g-siem-server","-","Windows User Logoff.",16,"IV_32.2","-","windows, windows_security","164.312.b",60137,"-",3,false,"-","-","-","AC.7, AU.14","10.2.5","CC6.8, CC7.2, CC7.3","-","-","-","-","-","-","-","-","-","-","-","-","-","-","-","-","-","-","-","-","-","-","-","Nov 21, 2022 @ 10:44:08.185"
"wazuh-alerts-4.x-2022.11.21",020,"10.11.9.133","1-guest-machine","-","-","-","-","-","-","-","-","-","-","-","-","-","-","-","-","-","-","-","-","-","-",NTLM,"-","-","%%1843","-","%%1833","::1",51169,128,"NTLM V1","{00000000-0000-0000-0000-000000000000}",NtLmSsp,3,"-","-","-","-",0x0,"-","-","-","-","-",0x0,"-","S-1-0-0","NT AUTHORITY",0x0,0x6b242d4,"ANONYMOUS LOGON","S-1-5-7","%%1843","1-GUEST-MACHINE",Security,"1-guest-machine",4624,32775,"-",0x8020000000000000,0,"""An account was successfully logged on.

Subject:
	Security ID:		S-1-0-0
	Account Name:		-
	Account Domain:		-
	Logon ID:		0x0

Logon Information:
	Logon Type:		3
	Restricted Admin Mode:	-
	Virtual Account:		No
	Elevated Token:		No

Impersonation Level:		Impersonation

New Logon:
	Security ID:		S-1-5-7
	Account Name:		ANONYMOUS LOGON
	Account Domain:		NT AUTHORITY
	Logon ID:		0x6B242D4
	Linked Logon ID:		0x0
	Network Account Name:	-
	Network Account Domain:	-
	Logon GUID:		{00000000-0000-0000-0000-000000000000}

Process Information:
	Process ID:		0x0
	Process Name:		-

Network Information:
	Workstation Name:	1-GUEST-MACHINE
	Source Network Address:	::1
	Source Port:		51169

Detailed Authentication Information:
	Logon Process:		NtLmSsp 
	Authentication Package:	NTLM
	Transited Services:	-
	Package Name (NTLM only):	NTLM V1
	Key Length:		128

This event is generated when a logon session is created. It is generated on the computer that was accessed.

The subject fields indicate the account on the local system which requested the logon. This is most commonly a service such as the Server service, or a local process such as Winlogon.exe or Services.exe.

The logon type field indicates the kind of logon that occurred. The most common types are 2 (interactive) and 3 (network).

The New Logon fields indicate the account for whom the new logon was created, i.e. the account that was logged on.

The network fields indicate where a remote logon request originated. Workstation name is not always available and may be left blank in some cases.

The impersonation level field indicates the extent to which a process in the logon session can impersonate.

The authentication information fields provide detailed information about this specific logon request.
	- Logon GUID is a unique identifier that can be used to correlate this event with a KDC event.
	- Transited services indicate which intermediate services have participated in this logon request.
	- Package name indicates which sub-protocol was used among the NTLM protocols.
	- Key length indicates the length of the generated session key. This will be 0 if no session key was requested.""",0,676,"{54849625-5478-4994-a5ba-3e3b0328c30d}","Microsoft-Windows-Security-Auditing","AUDIT_SUCCESS","2022-11-21T09:44:07.5547172Z",12544,732,2,"windows_eventchannel","-","1669023848.304855062",log,EventChannel,"s2g-siem-server","-","Windows logon success.",76,"IV_32.2","7.1, 7.2","windows, windows_security, authentication_success","164.312.b",60106,"-",3,false,T1078,"Defense Evasion, Persistence, Privilege Escalation, Initial Access","Valid Accounts","AC.7, AU.14","10.2.5","CC6.8, CC7.2, CC7.3","-","-","-","-","-","-","-","-","-","-","-","-","-","-","-","-","-","-","-","-","-","-","-","Nov 21, 2022 @ 10:44:08.170"
"wazuh-alerts-4.x-2022.11.21",020,"10.11.9.133","1-guest-machine","-","-","-","-","-","-","-","-","-","-","-","-","-","-","-","-","-","-","-","-","-","-","-","-","-","-","-","-","-","-","-","-","-","-",3,"-","-","-","-","-","-","-","-","-","-","-","-","-","NT AUTHORITY","-",0x6b2429f,"ANONYMOUS LOGON","S-1-5-7","-","-",Security,"1-guest-machine",4634,32774,"-",0x8020000000000000,0,"""An account was logged off.

Subject:
	Security ID:		S-1-5-7
	Account Name:		ANONYMOUS LOGON
	Account Domain:		NT AUTHORITY
	Logon ID:		0x6B2429F

Logon Type:			3

This event is generated when a logon session is destroyed. It may be positively correlated with a logon event using the Logon ID value. Logon IDs are only unique between reboots on the same computer.""",0,676,"{54849625-5478-4994-a5ba-3e3b0328c30d}","Microsoft-Windows-Security-Auditing","AUDIT_SUCCESS","2022-11-21T09:44:07.5503172Z",12545,1096,0,"windows_eventchannel","-","1669023848.304852685",log,EventChannel,"s2g-siem-server","-","Windows User Logoff.",15,"IV_32.2","-","windows, windows_security","164.312.b",60137,"-",3,false,"-","-","-","AC.7, AU.14","10.2.5","CC6.8, CC7.2, CC7.3","-","-","-","-","-","-","-","-","-","-","-","-","-","-","-","-","-","-","-","-","-","-","-","Nov 21, 2022 @ 10:44:08.154"
"wazuh-alerts-4.x-2022.11.21",020,"10.11.9.133","1-guest-machine","-","-","-","-","-","-","-","-","-","-","-","-","-","-","-","-","-","-","-","-","-","-",NTLM,"-","-","%%1843","-","%%1833","::1",51168,128,"NTLM V1","{00000000-0000-0000-0000-000000000000}",NtLmSsp,3,"-","-","-","-",0x0,"-","-","-","-","-",0x0,"-","S-1-0-0","NT AUTHORITY",0x0,0x6b2429f,"ANONYMOUS LOGON","S-1-5-7","%%1843","1-GUEST-MACHINE",Security,"1-guest-machine",4624,32773,"-",0x8020000000000000,0,"""An account was successfully logged on.

Subject:
	Security ID:		S-1-0-0
	Account Name:		-
	Account Domain:		-
	Logon ID:		0x0

Logon Information:
	Logon Type:		3
	Restricted Admin Mode:	-
	Virtual Account:		No
	Elevated Token:		No

Impersonation Level:		Impersonation

New Logon:
	Security ID:		S-1-5-7
	Account Name:		ANONYMOUS LOGON
	Account Domain:		NT AUTHORITY
	Logon ID:		0x6B2429F
	Linked Logon ID:		0x0
	Network Account Name:	-
	Network Account Domain:	-
	Logon GUID:		{00000000-0000-0000-0000-000000000000}

Process Information:
	Process ID:		0x0
	Process Name:		-

Network Information:
	Workstation Name:	1-GUEST-MACHINE
	Source Network Address:	::1
	Source Port:		51168

Detailed Authentication Information:
	Logon Process:		NtLmSsp 
	Authentication Package:	NTLM
	Transited Services:	-
	Package Name (NTLM only):	NTLM V1
	Key Length:		128

This event is generated when a logon session is created. It is generated on the computer that was accessed.

The subject fields indicate the account on the local system which requested the logon. This is most commonly a service such as the Server service, or a local process such as Winlogon.exe or Services.exe.

The logon type field indicates the kind of logon that occurred. The most common types are 2 (interactive) and 3 (network).

The New Logon fields indicate the account for whom the new logon was created, i.e. the account that was logged on.

The network fields indicate where a remote logon request originated. Workstation name is not always available and may be left blank in some cases.

The impersonation level field indicates the extent to which a process in the logon session can impersonate.

The authentication information fields provide detailed information about this specific logon request.
	- Logon GUID is a unique identifier that can be used to correlate this event with a KDC event.
	- Transited services indicate which intermediate services have participated in this logon request.
	- Package name indicates which sub-protocol was used among the NTLM protocols.
	- Key length indicates the length of the generated session key. This will be 0 if no session key was requested.""",0,676,"{54849625-5478-4994-a5ba-3e3b0328c30d}","Microsoft-Windows-Security-Auditing","AUDIT_SUCCESS","2022-11-21T09:44:07.5491838Z",12544,1096,2,"windows_eventchannel","-","1669023848.304845445",log,EventChannel,"s2g-siem-server","-","Windows logon success.",75,"IV_32.2","7.1, 7.2","windows, windows_security, authentication_success","164.312.b",60106,"-",3,false,T1078,"Defense Evasion, Persistence, Privilege Escalation, Initial Access","Valid Accounts","AC.7, AU.14","10.2.5","CC6.8, CC7.2, CC7.3","-","-","-","-","-","-","-","-","-","-","-","-","-","-","-","-","-","-","-","-","-","-","-","Nov 21, 2022 @ 10:44:08.138"
"wazuh-alerts-4.x-2022.11.21",020,"10.11.9.133","1-guest-machine","-","-","-","-","-","-","-","-","-","-","-","-","-","-","-","-","-","-","-","-","-","-","-","-","0, WinRMAssert, Not available, 0, admin\\wmi\\wmx\\stdlib\\PacketPool.h, 123, 0, 55004f0e-1104-4a7d-ba43-09262d91fb8e, 1074003968, 0","-","-","-","-","-","-","-","-","-","-","-","-","-","-","-","-","-","-","-","-","-","-","-","-","-","-","-","-","-","-",Application,"1-guest-machine",1001,706,"-",0x80000000000000,4,"""Fault bucket , type 0
Event Name: WinRMAssert
Response: Not available
Cab Id: 0

Problem signature:
P1: admin\wmi\wmx\stdlib\PacketPool.h
P2: 123
P3: 
P4: 
P5: 
P6: 
P7: 
P8: 
P9: 
P10: 

Attached files:

These files may be available here:


Analysis symbol: 
Rechecking for solution: 0
Report Id: 55004f0e-1104-4a7d-ba43-09262d91fb8e
Report Status: 1074003968
Hashed bucket: 
Cab Guid: 0""",0,0,"-","Windows Error Reporting",INFORMATION,"2022-11-21T09:44:07.7791604Z",0,0,0,"windows_eventchannel","-","1669023847.304843242",log,EventChannel,"s2g-siem-server","-","Summary event of the report's signatures.",27,"-","-","windows, windows_application","-",60608,"-",4,false,"-","-","-","-","-","-","-","-","-","-","-","-","-","-","-","-","-","-","-","-","-","-","-","-","-","-","-","-","-","Nov 21, 2022 @ 10:44:07.836"
"wazuh-alerts-4.x-2022.11.21",020,"10.11.9.133","1-guest-machine","-","-","-","-","-","-","-","-","-","-","-","-","-","-","-","-","-","-","-","-","-","-",Negotiate,"-","-","%%1842","-","%%1833","-","-",0,"-","{00000000-0000-0000-0000-000000000000}",Advapi,5,"-","-","-","-",0x298,"C:\\Windows\\System32\\services.exe","-","-","-",WORKGROUP,0x3e7,"1-GUEST-MACHINE$","S-1-5-18","NT AUTHORITY",0x0,0x3e7,SYSTEM,"S-1-5-18","%%1843","-",Security,"1-guest-machine",4624,32760,"-",0x8020000000000000,0,"""An account was successfully logged on.

Subject:
	Security ID:		S-1-5-18
	Account Name:		1-GUEST-MACHINE$
	Account Domain:		WORKGROUP
	Logon ID:		0x3E7

Logon Information:
	Logon Type:		5
	Restricted Admin Mode:	-
	Virtual Account:		No
	Elevated Token:		Yes

Impersonation Level:		Impersonation

New Logon:
	Security ID:		S-1-5-18
	Account Name:		SYSTEM
	Account Domain:		NT AUTHORITY
	Logon ID:		0x3E7
	Linked Logon ID:		0x0
	Network Account Name:	-
	Network Account Domain:	-
	Logon GUID:		{00000000-0000-0000-0000-000000000000}

Process Information:
	Process ID:		0x298
	Process Name:		C:\Windows\System32\services.exe

Network Information:
	Workstation Name:	-
	Source Network Address:	-
	Source Port:		-

Detailed Authentication Information:
	Logon Process:		Advapi  
	Authentication Package:	Negotiate
	Transited Services:	-
	Package Name (NTLM only):	-
	Key Length:		0

This event is generated when a logon session is created. It is generated on the computer that was accessed.

The subject fields indicate the account on the local system which requested the logon. This is most commonly a service such as the Server service, or a local process such as Winlogon.exe or Services.exe.

The logon type field indicates the kind of logon that occurred. The most common types are 2 (interactive) and 3 (network).

The New Logon fields indicate the account for whom the new logon was created, i.e. the account that was logged on.

The network fields indicate where a remote logon request originated. Workstation name is not always available and may be left blank in some cases.

The impersonation level field indicates the extent to which a process in the logon session can impersonate.

The authentication information fields provide detailed information about this specific logon request.
	- Logon GUID is a unique identifier that can be used to correlate this event with a KDC event.
	- Transited services indicate which intermediate services have participated in this logon request.
	- Package name indicates which sub-protocol was used among the NTLM protocols.
	- Key length indicates the length of the generated session key. This will be 0 if no session key was requested.""",0,676,"{54849625-5478-4994-a5ba-3e3b0328c30d}","Microsoft-Windows-Security-Auditing","AUDIT_SUCCESS","2022-11-21T09:43:51.5300763Z",12544,1096,2,"windows_eventchannel","-","1669023832.304368211",log,EventChannel,"s2g-siem-server","-","Windows logon success.",50,"IV_32.2","7.1, 7.2","windows, windows_security, authentication_success","164.312.b",60106,"-",3,false,T1078,"Defense Evasion, Persistence, Privilege Escalation, Initial Access","Valid Accounts","AC.7, AU.14","10.2.5","CC6.8, CC7.2, CC7.3","-","-","-","-","-","-","-","-","-","-","-","-","-","-","-","-","-","-","-","-","-","-","-","Nov 21, 2022 @ 10:43:52.545"
"wazuh-alerts-4.x-2022.11.21",020,"10.11.9.133","1-guest-machine","-","-","-","-","-","-","-","-","-","-","-","-","-","-","-","-","-","-","-","-","-","-",Negotiate,"-","-","%%1842","-","%%1833","-","-",0,"-","{00000000-0000-0000-0000-000000000000}",Advapi,5,"-","-","-","-",0x298,"C:\\Windows\\System32\\services.exe","-","-","-",WORKGROUP,0x3e7,"1-GUEST-MACHINE$","S-1-5-18","NT AUTHORITY",0x0,0x3e7,SYSTEM,"S-1-5-18","%%1843","-",Security,"1-guest-machine",4624,32757,"-",0x8020000000000000,0,"""An account was successfully logged on.

Subject:
	Security ID:		S-1-5-18
	Account Name:		1-GUEST-MACHINE$
	Account Domain:		WORKGROUP
	Logon ID:		0x3E7

Logon Information:
	Logon Type:		5
	Restricted Admin Mode:	-
	Virtual Account:		No
	Elevated Token:		Yes

Impersonation Level:		Impersonation

New Logon:
	Security ID:		S-1-5-18
	Account Name:		SYSTEM
	Account Domain:		NT AUTHORITY
	Logon ID:		0x3E7
	Linked Logon ID:		0x0
	Network Account Name:	-
	Network Account Domain:	-
	Logon GUID:		{00000000-0000-0000-0000-000000000000}

Process Information:
	Process ID:		0x298
	Process Name:		C:\Windows\System32\services.exe

Network Information:
	Workstation Name:	-
	Source Network Address:	-
	Source Port:		-

Detailed Authentication Information:
	Logon Process:		Advapi  
	Authentication Package:	Negotiate
	Transited Services:	-
	Package Name (NTLM only):	-
	Key Length:		0

This event is generated when a logon session is created. It is generated on the computer that was accessed.

The subject fields indicate the account on the local system which requested the logon. This is most commonly a service such as the Server service, or a local process such as Winlogon.exe or Services.exe.

The logon type field indicates the kind of logon that occurred. The most common types are 2 (interactive) and 3 (network).

The New Logon fields indicate the account for whom the new logon was created, i.e. the account that was logged on.

The network fields indicate where a remote logon request originated. Workstation name is not always available and may be left blank in some cases.

The impersonation level field indicates the extent to which a process in the logon session can impersonate.

The authentication information fields provide detailed information about this specific logon request.
	- Logon GUID is a unique identifier that can be used to correlate this event with a KDC event.
	- Transited services indicate which intermediate services have participated in this logon request.
	- Package name indicates which sub-protocol was used among the NTLM protocols.
	- Key length indicates the length of the generated session key. This will be 0 if no session key was requested.""",0,676,"{54849625-5478-4994-a5ba-3e3b0328c30d}","Microsoft-Windows-Security-Auditing","AUDIT_SUCCESS","2022-11-21T09:43:50.6241603Z",12544,1096,2,"windows_eventchannel","-","1669023831.304360885",log,EventChannel,"s2g-siem-server","-","Windows logon success.",49,"IV_32.2","7.1, 7.2","windows, windows_security, authentication_success","164.312.b",60106,"-",3,false,T1078,"Defense Evasion, Persistence, Privilege Escalation, Initial Access","Valid Accounts","AC.7, AU.14","10.2.5","CC6.8, CC7.2, CC7.3","-","-","-","-","-","-","-","-","-","-","-","-","-","-","-","-","-","-","-","-","-","-","-","Nov 21, 2022 @ 10:43:51.497"
"wazuh-alerts-4.x-2022.11.21",020,"10.11.9.133","1-guest-machine","-","-","-","-","-","-","-","-","-","-","-","-","-","-","-","-","-","-","-","-","-","-","-","-","C:\\windows\\system32\\PowerShellCore.msi, 2832","-","-","-","-","-","-","-","-","-","-","-","-","-","-","-","-","-","-","-","-","-","-","-","-","-","-","-","-","-","-",Application,"1-guest-machine",1040,704,"-",0x80000000000000,4,"""Beginning a Windows Installer transaction: C:\windows\system32\PowerShellCore.msi. Client Process Id: 2832.""",0,0,"-",MsiInstaller,INFORMATION,"2022-11-21T09:43:50.6844435Z",0,0,0,"windows_eventchannel","-","1669023830.304359540",log,EventChannel,"s2g-siem-server","-","Windows installer began an installation process.",5,"-","-","windows, windows_application","-",60610,"-",3,false,"-","-","-","-","-","-","-","-","-","-","-","-","-","-","-","-","-","-","-","-","-","-","-","-","-","-","-","-","-","Nov 21, 2022 @ 10:43:50.723"
"wazuh-alerts-4.x-2022.11.21",020,"10.11.9.133","1-guest-machine","-","-","-","-","-","-","-","-","-","-","-","-","-","-","-","-","-","-","-","-","-","-",Negotiate,"-","-","%%1842","-","%%1833","-","-",0,"-","{00000000-0000-0000-0000-000000000000}",Advapi,5,"-","-","-","-",0x298,"C:\\Windows\\System32\\services.exe","-","-","-",WORKGROUP,0x3e7,"1-GUEST-MACHINE$","S-1-5-18","NT AUTHORITY",0x0,0x3e7,SYSTEM,"S-1-5-18","%%1843","-",Security,"1-guest-machine",4624,32729,"-",0x8020000000000000,0,"""An account was successfully logged on.

Subject:
	Security ID:		S-1-5-18
	Account Name:		1-GUEST-MACHINE$
	Account Domain:		WORKGROUP
	Logon ID:		0x3E7

Logon Information:
	Logon Type:		5
	Restricted Admin Mode:	-
	Virtual Account:		No
	Elevated Token:		Yes

Impersonation Level:		Impersonation

New Logon:
	Security ID:		S-1-5-18
	Account Name:		SYSTEM
	Account Domain:		NT AUTHORITY
	Logon ID:		0x3E7
	Linked Logon ID:		0x0
	Network Account Name:	-
	Network Account Domain:	-
	Logon GUID:		{00000000-0000-0000-0000-000000000000}

Process Information:
	Process ID:		0x298
	Process Name:		C:\Windows\System32\services.exe

Network Information:
	Workstation Name:	-
	Source Network Address:	-
	Source Port:		-

Detailed Authentication Information:
	Logon Process:		Advapi  
	Authentication Package:	Negotiate
	Transited Services:	-
	Package Name (NTLM only):	-
	Key Length:		0

This event is generated when a logon session is created. It is generated on the computer that was accessed.

The subject fields indicate the account on the local system which requested the logon. This is most commonly a service such as the Server service, or a local process such as Winlogon.exe or Services.exe.

The logon type field indicates the kind of logon that occurred. The most common types are 2 (interactive) and 3 (network).

The New Logon fields indicate the account for whom the new logon was created, i.e. the account that was logged on.

The network fields indicate where a remote logon request originated. Workstation name is not always available and may be left blank in some cases.

The impersonation level field indicates the extent to which a process in the logon session can impersonate.

The authentication information fields provide detailed information about this specific logon request.
	- Logon GUID is a unique identifier that can be used to correlate this event with a KDC event.
	- Transited services indicate which intermediate services have participated in this logon request.
	- Package name indicates which sub-protocol was used among the NTLM protocols.
	- Key length indicates the length of the generated session key. This will be 0 if no session key was requested.""",0,676,"{54849625-5478-4994-a5ba-3e3b0328c30d}","Microsoft-Windows-Security-Auditing","AUDIT_SUCCESS","2022-11-21T09:41:00.0490817Z",12544,732,2,"windows_eventchannel","-","1669023661.302726536",log,EventChannel,"s2g-siem-server","-","Windows logon success.",34,"IV_32.2","7.1, 7.2","windows, windows_security, authentication_success","164.312.b",60106,"-",3,false,T1078,"Defense Evasion, Persistence, Privilege Escalation, Initial Access","Valid Accounts","AC.7, AU.14","10.2.5","CC6.8, CC7.2, CC7.3","-","-","-","-","-","-","-","-","-","-","-","-","-","-","-","-","-","-","-","-","-","-","-","Nov 21, 2022 @ 10:41:01.023"
"wazuh-alerts-4.x-2022.11.21",020,"10.11.9.133","1-guest-machine","-","-","-","-","-","-","-","-","-","-","-","-","-","-","-","-","-","-","-","-","-","-","-","-","-","-","-","-","-","-","-","-","-","-","-","Background Intelligent Transfer Service","auto start","demand start",BITS,"-","-","-","-","-","-","-","-","-","-","-","-","-","-","-","-",System,"1-guest-machine",7040,4607,"Service Control Manager",0x8080000000000000,4,"""The start type of the Background Intelligent Transfer Service service was changed from auto start to demand start.""",0,664,"{555908d1-a6d7-4695-8e1e-26931d2012f4}","Service Control Manager",INFORMATION,"2022-11-21T09:34:59.3138626Z",0,5324,0,"windows_eventchannel","-","1669023300.299412316",log,EventChannel,"s2g-siem-server","-","Service startup type was changed",21,"IV_35.7.d","-","windows, windows_system, policy_changed","164.312.b",61104,"This does not appear to be logged on Windows 2000",3,false,"-","-","-","AU.6","10.6","CC6.1, CC6.8, CC7.2, CC7.3","-","-","-","-","-","-","-","-","-","-","-","-","-","-","-","-","-","-","-","-","-","-","-","Nov 21, 2022 @ 10:35:00.318"
"wazuh-alerts-4.x-2022.11.21",020,"10.11.9.133","1-guest-machine","-","-","-","-","-","-","-","-","-","-","-","-","-","-","-","-","-","-","-","-","-","-","-","-","-","-","-","-","-","-","-","-","-","-","-","Background Intelligent Transfer Service","demand start","auto start",BITS,"-","-","-","-","-","-","-","-","-","-","-","-","-","-","-","-",System,"1-guest-machine",7040,4605,"Service Control Manager",0x8080000000000000,4,"""The start type of the Background Intelligent Transfer Service service was changed from demand start to auto start.""",0,664,"{555908d1-a6d7-4695-8e1e-26931d2012f4}","Service Control Manager",INFORMATION,"2022-11-21T09:32:58.9771677Z",0,4304,0,"windows_eventchannel","-","1669023180.298355638",log,EventChannel,"s2g-siem-server","-","Service startup type was changed",15,"IV_35.7.d","-","windows, windows_system, policy_changed","164.312.b",61104,"This does not appear to be logged on Windows 2000",3,false,"-","-","-","AU.6","10.6","CC6.1, CC6.8, CC7.2, CC7.3","-","-","-","-","-","-","-","-","-","-","-","-","-","-","-","-","-","-","-","-","-","-","-","Nov 21, 2022 @ 10:33:00.202"
"wazuh-alerts-4.x-2022.11.21",020,"10.11.9.133","1-guest-machine","-","-","-","-","-","-","-","-","-","-","-","-","-","-","-","-","-","-","-","-","-","-",Negotiate,"-","-","%%1842","-","%%1833","-","-",0,"-","{00000000-0000-0000-0000-000000000000}",Advapi,5,"-","-","-","-",0x298,"C:\\Windows\\System32\\services.exe","-","-","-",WORKGROUP,0x3e7,"1-GUEST-MACHINE$","S-1-5-18","NT AUTHORITY",0x0,0x3e7,SYSTEM,"S-1-5-18","%%1843","-",Security,"1-guest-machine",4624,32704,"-",0x8020000000000000,0,"""An account was successfully logged on.

Subject:
	Security ID:		S-1-5-18
	Account Name:		1-GUEST-MACHINE$
	Account Domain:		WORKGROUP
	Logon ID:		0x3E7

Logon Information:
	Logon Type:		5
	Restricted Admin Mode:	-
	Virtual Account:		No
	Elevated Token:		Yes

Impersonation Level:		Impersonation

New Logon:
	Security ID:		S-1-5-18
	Account Name:		SYSTEM
	Account Domain:		NT AUTHORITY
	Logon ID:		0x3E7
	Linked Logon ID:		0x0
	Network Account Name:	-
	Network Account Domain:	-
	Logon GUID:		{00000000-0000-0000-0000-000000000000}

Process Information:
	Process ID:		0x298
	Process Name:		C:\Windows\System32\services.exe

Network Information:
	Workstation Name:	-
	Source Network Address:	-
	Source Port:		-

Detailed Authentication Information:
	Logon Process:		Advapi  
	Authentication Package:	Negotiate
	Transited Services:	-
	Package Name (NTLM only):	-
	Key Length:		0

This event is generated when a logon session is created. It is generated on the computer that was accessed.

The subject fields indicate the account on the local system which requested the logon. This is most commonly a service such as the Server service, or a local process such as Winlogon.exe or Services.exe.

The logon type field indicates the kind of logon that occurred. The most common types are 2 (interactive) and 3 (network).

The New Logon fields indicate the account for whom the new logon was created, i.e. the account that was logged on.

The network fields indicate where a remote logon request originated. Workstation name is not always available and may be left blank in some cases.

The impersonation level field indicates the extent to which a process in the logon session can impersonate.

The authentication information fields provide detailed information about this specific logon request.
	- Logon GUID is a unique identifier that can be used to correlate this event with a KDC event.
	- Transited services indicate which intermediate services have participated in this logon request.
	- Package name indicates which sub-protocol was used among the NTLM protocols.
	- Key length indicates the length of the generated session key. This will be 0 if no session key was requested.""",0,676,"{54849625-5478-4994-a5ba-3e3b0328c30d}","Microsoft-Windows-Security-Auditing","AUDIT_SUCCESS","2022-11-21T09:32:58.9229065Z",12544,732,2,"windows_eventchannel","-","1669023179.298348314",log,EventChannel,"s2g-siem-server","-","Windows logon success.",29,"IV_32.2","7.1, 7.2","windows, windows_security, authentication_success","164.312.b",60106,"-",3,false,T1078,"Defense Evasion, Persistence, Privilege Escalation, Initial Access","Valid Accounts","AC.7, AU.14","10.2.5","CC6.8, CC7.2, CC7.3","-","-","-","-","-","-","-","-","-","-","-","-","-","-","-","-","-","-","-","-","-","-","-","Nov 21, 2022 @ 10:32:59.778"
"wazuh-alerts-4.x-2022.11.21",020,"10.11.9.133","1-guest-machine","-","-","-","-","-","-","-","-","-","-","-","-","-","-","-","-","-","-","-","-","-","-",Negotiate,"-","-","%%1842","-","%%1833","-","-",0,"-","{00000000-0000-0000-0000-000000000000}",Advapi,5,"-","-","-","-",0x298,"C:\\Windows\\System32\\services.exe","-","-","-",WORKGROUP,0x3e7,"1-GUEST-MACHINE$","S-1-5-18","NT AUTHORITY",0x0,0x3e7,SYSTEM,"S-1-5-18","%%1843","-",Security,"1-guest-machine",4624,32675,"-",0x8020000000000000,0,"""An account was successfully logged on.

Subject:
	Security ID:		S-1-5-18
	Account Name:		1-GUEST-MACHINE$
	Account Domain:		WORKGROUP
	Logon ID:		0x3E7

Logon Information:
	Logon Type:		5
	Restricted Admin Mode:	-
	Virtual Account:		No
	Elevated Token:		Yes

Impersonation Level:		Impersonation

New Logon:
	Security ID:		S-1-5-18
	Account Name:		SYSTEM
	Account Domain:		NT AUTHORITY
	Logon ID:		0x3E7
	Linked Logon ID:		0x0
	Network Account Name:	-
	Network Account Domain:	-
	Logon GUID:		{00000000-0000-0000-0000-000000000000}

Process Information:
	Process ID:		0x298
	Process Name:		C:\Windows\System32\services.exe

Network Information:
	Workstation Name:	-
	Source Network Address:	-
	Source Port:		-

Detailed Authentication Information:
	Logon Process:		Advapi  
	Authentication Package:	Negotiate
	Transited Services:	-
	Package Name (NTLM only):	-
	Key Length:		0

This event is generated when a logon session is created. It is generated on the computer that was accessed.

The subject fields indicate the account on the local system which requested the logon. This is most commonly a service such as the Server service, or a local process such as Winlogon.exe or Services.exe.

The logon type field indicates the kind of logon that occurred. The most common types are 2 (interactive) and 3 (network).

The New Logon fields indicate the account for whom the new logon was created, i.e. the account that was logged on.

The network fields indicate where a remote logon request originated. Workstation name is not always available and may be left blank in some cases.

The impersonation level field indicates the extent to which a process in the logon session can impersonate.

The authentication information fields provide detailed information about this specific logon request.
	- Logon GUID is a unique identifier that can be used to correlate this event with a KDC event.
	- Transited services indicate which intermediate services have participated in this logon request.
	- Package name indicates which sub-protocol was used among the NTLM protocols.
	- Key length indicates the length of the generated session key. This will be 0 if no session key was requested.""",0,676,"{54849625-5478-4994-a5ba-3e3b0328c30d}","Microsoft-Windows-Security-Auditing","AUDIT_SUCCESS","2022-11-21T09:31:00.0997587Z",12544,732,2,"windows_eventchannel","-","1669023061.297298994",log,EventChannel,"s2g-siem-server","-","Windows logon success.",26,"IV_32.2","7.1, 7.2","windows, windows_security, authentication_success","164.312.b",60106,"-",3,false,T1078,"Defense Evasion, Persistence, Privilege Escalation, Initial Access","Valid Accounts","AC.7, AU.14","10.2.5","CC6.8, CC7.2, CC7.3","-","-","-","-","-","-","-","-","-","-","-","-","-","-","-","-","-","-","-","-","-","-","-","Nov 21, 2022 @ 10:31:01.081"
"wazuh-alerts-4.x-2022.11.21",020,"10.11.9.133","1-guest-machine","-","-","-","-","-","-","-","-","-","-","-","-","-","-","-","-","-","-","-","-","-","-","-","-","-","-","-","-","-","-","-","-","-","-","-","Background Intelligent Transfer Service","auto start","demand start",BITS,"-","-","-","-","-","-","-","-","-","-","-","-","-","-","-","-",System,"1-guest-machine",7040,4601,"Service Control Manager",0x8080000000000000,4,"""The start type of the Background Intelligent Transfer Service service was changed from auto start to demand start.""",0,664,"{555908d1-a6d7-4695-8e1e-26931d2012f4}","Service Control Manager",INFORMATION,"2022-11-21T09:29:07.1917377Z",0,5308,0,"windows_eventchannel","-","1669022948.296291826",log,EventChannel,"s2g-siem-server","-","Service startup type was changed",8,"IV_35.7.d","-","windows, windows_system, policy_changed","164.312.b",61104,"This does not appear to be logged on Windows 2000",3,false,"-","-","-","AU.6","10.6","CC6.1, CC6.8, CC7.2, CC7.3","-","-","-","-","-","-","-","-","-","-","-","-","-","-","-","-","-","-","-","-","-","-","-","Nov 21, 2022 @ 10:29:08.213"
"wazuh-alerts-4.x-2022.11.21",020,"10.11.9.133","1-guest-machine","-","-","-","-","-","-","-","-","-","-","-","-","-","-","-","-","-","-","-","-","-","-","-","-","-","-","-","-","-","-","-","-","-","-","-","Background Intelligent Transfer Service","demand start","auto start",BITS,"-","-","-","-","-","-","-","-","-","-","-","-","-","-","-","-",System,"1-guest-machine",7040,4599,"Service Control Manager",0x8080000000000000,4,"""The start type of the Background Intelligent Transfer Service service was changed from demand start to auto start.""",0,664,"{555908d1-a6d7-4695-8e1e-26931d2012f4}","Service Control Manager",INFORMATION,"2022-11-21T09:27:06.6716241Z",0,2808,0,"windows_eventchannel","-","1669022827.295225921",log,EventChannel,"s2g-siem-server","-","Service startup type was changed",2,"IV_35.7.d","-","windows, windows_system, policy_changed","164.312.b",61104,"This does not appear to be logged on Windows 2000",3,false,"-","-","-","AU.6","10.6","CC6.1, CC6.8, CC7.2, CC7.3","-","-","-","-","-","-","-","-","-","-","-","-","-","-","-","-","-","-","-","-","-","-","-","Nov 21, 2022 @ 10:27:07.909"
"wazuh-alerts-4.x-2022.11.21",020,"10.11.9.133","1-guest-machine","-","-","-","-","-","-","-","-","-","-","-","-","-","-","-","-","-","-","-","-","-","-",Negotiate,"-","-","%%1842","-","%%1833","-","-",0,"-","{00000000-0000-0000-0000-000000000000}",Advapi,5,"-","-","-","-",0x298,"C:\\Windows\\System32\\services.exe","-","-","-",WORKGROUP,0x3e7,"1-GUEST-MACHINE$","S-1-5-18","NT AUTHORITY",0x0,0x3e7,SYSTEM,"S-1-5-18","%%1843","-",Security,"1-guest-machine",4624,32645,"-",0x8020000000000000,0,"""An account was successfully logged on.

Subject:
	Security ID:		S-1-5-18
	Account Name:		1-GUEST-MACHINE$
	Account Domain:		WORKGROUP
	Logon ID:		0x3E7

Logon Information:
	Logon Type:		5
	Restricted Admin Mode:	-
	Virtual Account:		No
	Elevated Token:		Yes

Impersonation Level:		Impersonation

New Logon:
	Security ID:		S-1-5-18
	Account Name:		SYSTEM
	Account Domain:		NT AUTHORITY
	Logon ID:		0x3E7
	Linked Logon ID:		0x0
	Network Account Name:	-
	Network Account Domain:	-
	Logon GUID:		{00000000-0000-0000-0000-000000000000}

Process Information:
	Process ID:		0x298
	Process Name:		C:\Windows\System32\services.exe

Network Information:
	Workstation Name:	-
	Source Network Address:	-
	Source Port:		-

Detailed Authentication Information:
	Logon Process:		Advapi  
	Authentication Package:	Negotiate
	Transited Services:	-
	Package Name (NTLM only):	-
	Key Length:		0

This event is generated when a logon session is created. It is generated on the computer that was accessed.

The subject fields indicate the account on the local system which requested the logon. This is most commonly a service such as the Server service, or a local process such as Winlogon.exe or Services.exe.

The logon type field indicates the kind of logon that occurred. The most common types are 2 (interactive) and 3 (network).

The New Logon fields indicate the account for whom the new logon was created, i.e. the account that was logged on.

The network fields indicate where a remote logon request originated. Workstation name is not always available and may be left blank in some cases.

The impersonation level field indicates the extent to which a process in the logon session can impersonate.

The authentication information fields provide detailed information about this specific logon request.
	- Logon GUID is a unique identifier that can be used to correlate this event with a KDC event.
	- Transited services indicate which intermediate services have participated in this logon request.
	- Package name indicates which sub-protocol was used among the NTLM protocols.
	- Key length indicates the length of the generated session key. This will be 0 if no session key was requested.""",0,676,"{54849625-5478-4994-a5ba-3e3b0328c30d}","Microsoft-Windows-Security-Auditing","AUDIT_SUCCESS","2022-11-21T09:27:06.5779444Z",12544,732,2,"windows_eventchannel","-","1669022827.295218597",log,EventChannel,"s2g-siem-server","-","Windows logon success.",21,"IV_32.2","7.1, 7.2","windows, windows_security, authentication_success","164.312.b",60106,"-",3,false,T1078,"Defense Evasion, Persistence, Privilege Escalation, Initial Access","Valid Accounts","AC.7, AU.14","10.2.5","CC6.8, CC7.2, CC7.3","-","-","-","-","-","-","-","-","-","-","-","-","-","-","-","-","-","-","-","-","-","-","-","Nov 21, 2022 @ 10:27:07.082"
