wazuh-alerts-4.x-2023.05.09,_doc,28X__4cBy0XUe2K5mp1M,1,1,10.77.77.77,dc,003,ovelse-siem-server,0x3673ab8, , , , , , , , , , ,S-1-5-21-2082646183-1217588593-2819094730-500,0x674, , , , , ,4673,0x8010000000000000,{54849625-5478-4994-a5ba-3e3b0328c30d},0,Security,0,"""A privileged service was called.

Subject:
	Security ID:		S-1-5-21-2082646183-1217588593-2819094730-500
	Account Name:		Administrator
	Account Domain:		DJIKSTRA
	Logon ID:		0x3673AB8

Service:
	Server:	Security
	Service Name:	-

Process:
	Process ID:	0x674
	Process Name:	C:\Windows\System32\svchost.exe

Service Request Information:
	Privileges:		SeTcbPrivilege""",0,2023-05-09T10:12:27.0277647Z,1162433,8268,dc.djikstra.xrg,13056,4,AUDIT_FAILURE,Microsoft-Windows-Security-Auditing,false,4,"[""164.312.b""]","[""10.2.2""]","[""CC6.8"",""CC7.2"",""CC7.3""]",Failed attempt to perform a privileged operation.,"[""windows"",""windows_security""]","[""AC.6"",""AU.14""]","[""IV_32.2""]",84,"[""Valid Accounts""]","[""T1078""]","[""Defense Evasion"",""Persistence"",""Privilege Escalation"",""Initial Access""]",60107, ,windows_eventchannel,log,"May 9, 2023 @ 10:12:33.158",EventChannel,1683627153.12534716,"May 9, 2023 @ 10:12:33.158",C:\\Windows\\System32\\svchost.exe,DJIKSTRA,Security,SeTcbPrivilege,Administrator, , , ,"{""name"":""windows_eventchannel""}", , , , , , , , , , , , , , , , , , , , , , , , , , , , , , , 
wazuh-alerts-4.x-2023.05.09,_doc,38X__4cBy0XUe2K5mp1M,1,1,10.77.77.77,dc,003,ovelse-siem-server,0x3673ab8, , , , , , , , , , ,S-1-5-21-2082646183-1217588593-2819094730-500,0x674, , , , , ,4673,0x8010000000000000,{54849625-5478-4994-a5ba-3e3b0328c30d},0,Security,0,"""A privileged service was called.

Subject:
	Security ID:		S-1-5-21-2082646183-1217588593-2819094730-500
	Account Name:		Administrator
	Account Domain:		DJIKSTRA
	Logon ID:		0x3673AB8

Service:
	Server:	Security
	Service Name:	-

Process:
	Process ID:	0x674
	Process Name:	C:\Windows\System32\svchost.exe

Service Request Information:
	Privileges:		SeTcbPrivilege""",0,2023-05-09T10:12:27.0291893Z,1162439,6192,dc.djikstra.xrg,13056,4,AUDIT_FAILURE,Microsoft-Windows-Security-Auditing,false,4,"[""164.312.b""]","[""10.2.2""]","[""CC6.8"",""CC7.2"",""CC7.3""]",Failed attempt to perform a privileged operation.,"[""windows"",""windows_security""]","[""AC.6"",""AU.14""]","[""IV_32.2""]",88,"[""Valid Accounts""]","[""T1078""]","[""Defense Evasion"",""Persistence"",""Privilege Escalation"",""Initial Access""]",60107, ,windows_eventchannel,log,"May 9, 2023 @ 10:12:33.246",EventChannel,1683627153.12545796,"May 9, 2023 @ 10:12:33.246",C:\\Windows\\System32\\svchost.exe,DJIKSTRA,Security,SeTcbPrivilege,Administrator, , , ,"{""name"":""windows_eventchannel""}", , , , , , , , , , , , , , , , , , , , , , , , , , , , , , , 
wazuh-alerts-4.x-2023.05.09,_doc,5MX__4cBy0XUe2K5mp1M,1,1,10.77.77.77,dc,003,ovelse-siem-server,0x3673ab8, , , , , , , , , , ,S-1-5-21-2082646183-1217588593-2819094730-500,0x674, , , , , ,4673,0x8010000000000000,{54849625-5478-4994-a5ba-3e3b0328c30d},0,Security,0,"""A privileged service was called.

Subject:
	Security ID:		S-1-5-21-2082646183-1217588593-2819094730-500
	Account Name:		Administrator
	Account Domain:		DJIKSTRA
	Logon ID:		0x3673AB8

Service:
	Server:	Security
	Service Name:	-

Process:
	Process ID:	0x674
	Process Name:	C:\Windows\System32\svchost.exe

Service Request Information:
	Privileges:		SeTcbPrivilege""",0,2023-05-09T10:12:27.0298706Z,1162442,6192,dc.djikstra.xrg,13056,4,AUDIT_FAILURE,Microsoft-Windows-Security-Auditing,false,4,"[""164.312.b""]","[""10.2.2""]","[""CC6.8"",""CC7.2"",""CC7.3""]",Failed attempt to perform a privileged operation.,"[""windows"",""windows_security""]","[""AC.6"",""AU.14""]","[""IV_32.2""]",93,"[""Valid Accounts""]","[""T1078""]","[""Defense Evasion"",""Persistence"",""Privilege Escalation"",""Initial Access""]",60107, ,windows_eventchannel,log,"May 9, 2023 @ 10:12:33.314",EventChannel,1683627153.12559646,"May 9, 2023 @ 10:12:33.314",C:\\Windows\\System32\\svchost.exe,DJIKSTRA,Security,SeTcbPrivilege,Administrator, , , ,"{""name"":""windows_eventchannel""}", , , , , , , , , , , , , , , , , , , , , , , , , , , , , , , 
wazuh-alerts-4.x-2023.05.09,_doc,68X__4cBy0XUe2K5mp1M,1,1,10.77.77.77,dc,003,ovelse-siem-server,0x3673ab8, , , , , , , , , , ,S-1-5-21-2082646183-1217588593-2819094730-500,0x674, , , , , ,4673,0x8010000000000000,{54849625-5478-4994-a5ba-3e3b0328c30d},0,Security,0,"""A privileged service was called.

Subject:
	Security ID:		S-1-5-21-2082646183-1217588593-2819094730-500
	Account Name:		Administrator
	Account Domain:		DJIKSTRA
	Logon ID:		0x3673AB8

Service:
	Server:	Security
	Service Name:	-

Process:
	Process ID:	0x674
	Process Name:	C:\Windows\System32\svchost.exe

Service Request Information:
	Privileges:		SeTcbPrivilege""",0,2023-05-09T10:12:27.0311912Z,1162450,6192,dc.djikstra.xrg,13056,4,AUDIT_FAILURE,Microsoft-Windows-Security-Auditing,false,4,"[""164.312.b""]","[""10.2.2""]","[""CC6.8"",""CC7.2"",""CC7.3""]",Failed attempt to perform a privileged operation.,"[""windows"",""windows_security""]","[""AC.6"",""AU.14""]","[""IV_32.2""]",100,"[""Valid Accounts""]","[""T1078""]","[""Defense Evasion"",""Persistence"",""Privilege Escalation"",""Initial Access""]",60107, ,windows_eventchannel,log,"May 9, 2023 @ 10:12:33.447",EventChannel,1683627153.12579036,"May 9, 2023 @ 10:12:33.447",C:\\Windows\\System32\\svchost.exe,DJIKSTRA,Security,SeTcbPrivilege,Administrator, , , ,"{""name"":""windows_eventchannel""}", , , , , , , , , , , , , , , , , , , , , , , , , , , , , , , 
wazuh-alerts-4.x-2023.05.09,_doc,8sX__4cBy0XUe2K5mp2I,1,1,10.77.77.77,dc,003,ovelse-siem-server,0x3673ab8, , , , , , , , , , ,S-1-5-21-2082646183-1217588593-2819094730-500,0x674, , , , , ,4673,0x8010000000000000,{54849625-5478-4994-a5ba-3e3b0328c30d},0,Security,0,"""A privileged service was called.

Subject:
	Security ID:		S-1-5-21-2082646183-1217588593-2819094730-500
	Account Name:		Administrator
	Account Domain:		DJIKSTRA
	Logon ID:		0x3673AB8

Service:
	Server:	Security
	Service Name:	-

Process:
	Process ID:	0x674
	Process Name:	C:\Windows\System32\svchost.exe

Service Request Information:
	Privileges:		SeTcbPrivilege""",0,2023-05-09T10:12:27.0322674Z,1162457,6192,dc.djikstra.xrg,13056,4,AUDIT_FAILURE,Microsoft-Windows-Security-Auditing,false,4,"[""164.312.b""]","[""10.2.2""]","[""CC6.8"",""CC7.2"",""CC7.3""]",Failed attempt to perform a privileged operation.,"[""windows"",""windows_security""]","[""AC.6"",""AU.14""]","[""IV_32.2""]",107,"[""Valid Accounts""]","[""T1078""]","[""Defense Evasion"",""Persistence"",""Privilege Escalation"",""Initial Access""]",60107, ,windows_eventchannel,log,"May 9, 2023 @ 10:12:33.535",EventChannel,1683627153.12598426,"May 9, 2023 @ 10:12:33.535",C:\\Windows\\System32\\svchost.exe,DJIKSTRA,Security,SeTcbPrivilege,Administrator, , , ,"{""name"":""windows_eventchannel""}", , , , , , , , , , , , , , , , , , , , , , , , , , , , , , , 
wazuh-alerts-4.x-2023.05.09,_doc,98X__4cBy0XUe2K5mp2I,1,1,10.77.77.77,dc,003,ovelse-siem-server,0x3673ab8, , , , , , , , , , ,S-1-5-21-2082646183-1217588593-2819094730-500,0x674, , , , , ,4673,0x8010000000000000,{54849625-5478-4994-a5ba-3e3b0328c30d},0,Security,0,"""A privileged service was called.

Subject:
	Security ID:		S-1-5-21-2082646183-1217588593-2819094730-500
	Account Name:		Administrator
	Account Domain:		DJIKSTRA
	Logon ID:		0x3673AB8

Service:
	Server:	Security
	Service Name:	-

Process:
	Process ID:	0x674
	Process Name:	C:\Windows\System32\svchost.exe

Service Request Information:
	Privileges:		SeTcbPrivilege""",0,2023-05-09T10:12:27.0334160Z,1162464,6192,dc.djikstra.xrg,13056,4,AUDIT_FAILURE,Microsoft-Windows-Security-Auditing,false,4,"[""164.312.b""]","[""10.2.2""]","[""CC6.8"",""CC7.2"",""CC7.3""]",Failed attempt to perform a privileged operation.,"[""windows"",""windows_security""]","[""AC.6"",""AU.14""]","[""IV_32.2""]",112,"[""Valid Accounts""]","[""T1078""]","[""Defense Evasion"",""Persistence"",""Privilege Escalation"",""Initial Access""]",60107, ,windows_eventchannel,log,"May 9, 2023 @ 10:12:33.639",EventChannel,1683627153.12612276,"May 9, 2023 @ 10:12:33.639",C:\\Windows\\System32\\svchost.exe,DJIKSTRA,Security,SeTcbPrivilege,Administrator, , , ,"{""name"":""windows_eventchannel""}", , , , , , , , , , , , , , , , , , , , , , , , , , , , , , , 
wazuh-alerts-4.x-2023.05.09,_doc,'-MX__4cBy0XUe2K5mp2I,1,1,10.77.77.77,dc,003,ovelse-siem-server,0x3673ab8, , , , , , , , , , ,S-1-5-21-2082646183-1217588593-2819094730-500,0x674, , , , , ,4673,0x8010000000000000,{54849625-5478-4994-a5ba-3e3b0328c30d},0,Security,0,"""A privileged service was called.

Subject:
	Security ID:		S-1-5-21-2082646183-1217588593-2819094730-500
	Account Name:		Administrator
	Account Domain:		DJIKSTRA
	Logon ID:		0x3673AB8

Service:
	Server:	Security
	Service Name:	-

Process:
	Process ID:	0x674
	Process Name:	C:\Windows\System32\svchost.exe

Service Request Information:
	Privileges:		SeTcbPrivilege""",0,2023-05-09T10:12:27.0331463Z,1162462,6192,dc.djikstra.xrg,13056,4,AUDIT_FAILURE,Microsoft-Windows-Security-Auditing,false,4,"[""164.312.b""]","[""10.2.2""]","[""CC6.8"",""CC7.2"",""CC7.3""]",Failed attempt to perform a privileged operation.,"[""windows"",""windows_security""]","[""AC.6"",""AU.14""]","[""IV_32.2""]",113,"[""Valid Accounts""]","[""T1078""]","[""Defense Evasion"",""Persistence"",""Privilege Escalation"",""Initial Access""]",60107, ,windows_eventchannel,log,"May 9, 2023 @ 10:12:33.639",EventChannel,1683627153.12615046,"May 9, 2023 @ 10:12:33.639",C:\\Windows\\System32\\svchost.exe,DJIKSTRA,Security,SeTcbPrivilege,Administrator, , , ,"{""name"":""windows_eventchannel""}", , , , , , , , , , , , , , , , , , , , , , , , , , , , , , , 
wazuh-alerts-4.x-2023.05.09,_doc,'-sX__4cBy0XUe2K5mp2I,1,1,10.77.77.77,dc,003,ovelse-siem-server,0x3673ab8, , , , , , , , , , ,S-1-5-21-2082646183-1217588593-2819094730-500,0x674, , , , , ,4673,0x8010000000000000,{54849625-5478-4994-a5ba-3e3b0328c30d},0,Security,0,"""A privileged service was called.

Subject:
	Security ID:		S-1-5-21-2082646183-1217588593-2819094730-500
	Account Name:		Administrator
	Account Domain:		DJIKSTRA
	Logon ID:		0x3673AB8

Service:
	Server:	Security
	Service Name:	-

Process:
	Process ID:	0x674
	Process Name:	C:\Windows\System32\svchost.exe

Service Request Information:
	Privileges:		SeTcbPrivilege""",0,2023-05-09T10:12:27.0335151Z,1162465,6192,dc.djikstra.xrg,13056,4,AUDIT_FAILURE,Microsoft-Windows-Security-Auditing,false,4,"[""164.312.b""]","[""10.2.2""]","[""CC6.8"",""CC7.2"",""CC7.3""]",Failed attempt to perform a privileged operation.,"[""windows"",""windows_security""]","[""AC.6"",""AU.14""]","[""IV_32.2""]",115,"[""Valid Accounts""]","[""T1078""]","[""Defense Evasion"",""Persistence"",""Privilege Escalation"",""Initial Access""]",60107, ,windows_eventchannel,log,"May 9, 2023 @ 10:12:33.682",EventChannel,1683627153.12620586,"May 9, 2023 @ 10:12:33.682",C:\\Windows\\System32\\svchost.exe,DJIKSTRA,Security,SeTcbPrivilege,Administrator, , , ,"{""name"":""windows_eventchannel""}", , , , , , , , , , , , , , , , , , , , , , , , , , , , , , , 
wazuh-alerts-4.x-2023.05.09,_doc,'-8X__4cBy0XUe2K5mp2I,1,1,10.77.77.77,dc,003,ovelse-siem-server,0x3673ab8, , , , , , , , , , ,S-1-5-21-2082646183-1217588593-2819094730-500,0x674, , , , , ,4673,0x8010000000000000,{54849625-5478-4994-a5ba-3e3b0328c30d},0,Security,0,"""A privileged service was called.

Subject:
	Security ID:		S-1-5-21-2082646183-1217588593-2819094730-500
	Account Name:		Administrator
	Account Domain:		DJIKSTRA
	Logon ID:		0x3673AB8

Service:
	Server:	Security
	Service Name:	-

Process:
	Process ID:	0x674
	Process Name:	C:\Windows\System32\svchost.exe

Service Request Information:
	Privileges:		SeTcbPrivilege""",0,2023-05-09T10:12:27.0338914Z,1162466,6192,dc.djikstra.xrg,13056,4,AUDIT_FAILURE,Microsoft-Windows-Security-Auditing,false,4,"[""164.312.b""]","[""10.2.2""]","[""CC6.8"",""CC7.2"",""CC7.3""]",Failed attempt to perform a privileged operation.,"[""windows"",""windows_security""]","[""AC.6"",""AU.14""]","[""IV_32.2""]",116,"[""Valid Accounts""]","[""T1078""]","[""Defense Evasion"",""Persistence"",""Privilege Escalation"",""Initial Access""]",60107, ,windows_eventchannel,log,"May 9, 2023 @ 10:12:33.682",EventChannel,1683627153.12623356,"May 9, 2023 @ 10:12:33.682",C:\\Windows\\System32\\svchost.exe,DJIKSTRA,Security,SeTcbPrivilege,Administrator, , , ,"{""name"":""windows_eventchannel""}", , , , , , , , , , , , , , , , , , , , , , , , , , , , , , , 
wazuh-alerts-4.x-2023.05.09,_doc,_cX__4cBy0XUe2K5mp2I,1,1,10.77.77.77,dc,003,ovelse-siem-server,0x3673ab8, , , , , , , , , , ,S-1-5-21-2082646183-1217588593-2819094730-500,0x674, , , , , ,4673,0x8010000000000000,{54849625-5478-4994-a5ba-3e3b0328c30d},0,Security,0,"""A privileged service was called.

Subject:
	Security ID:		S-1-5-21-2082646183-1217588593-2819094730-500
	Account Name:		Administrator
	Account Domain:		DJIKSTRA
	Logon ID:		0x3673AB8

Service:
	Server:	Security
	Service Name:	-

Process:
	Process ID:	0x674
	Process Name:	C:\Windows\System32\svchost.exe

Service Request Information:
	Privileges:		SeTcbPrivilege""",0,2023-05-09T10:12:27.0342003Z,1162468,6192,dc.djikstra.xrg,13056,4,AUDIT_FAILURE,Microsoft-Windows-Security-Auditing,false,4,"[""164.312.b""]","[""10.2.2""]","[""CC6.8"",""CC7.2"",""CC7.3""]",Failed attempt to perform a privileged operation.,"[""windows"",""windows_security""]","[""AC.6"",""AU.14""]","[""IV_32.2""]",118,"[""Valid Accounts""]","[""T1078""]","[""Defense Evasion"",""Persistence"",""Privilege Escalation"",""Initial Access""]",60107, ,windows_eventchannel,log,"May 9, 2023 @ 10:12:33.726",EventChannel,1683627153.12628896,"May 9, 2023 @ 10:12:33.726",C:\\Windows\\System32\\svchost.exe,DJIKSTRA,Security,SeTcbPrivilege,Administrator, , , ,"{""name"":""windows_eventchannel""}", , , , , , , , , , , , , , , , , , , , , , , , , , , , , , , 
wazuh-alerts-4.x-2023.05.09,_doc,_sX__4cBy0XUe2K5mp2I,1,1,10.77.77.77,dc,003,ovelse-siem-server,0x3673ab8, , , , , , , , , , ,S-1-5-21-2082646183-1217588593-2819094730-500,0x674, , , , , ,4673,0x8010000000000000,{54849625-5478-4994-a5ba-3e3b0328c30d},0,Security,0,"""A privileged service was called.

Subject:
	Security ID:		S-1-5-21-2082646183-1217588593-2819094730-500
	Account Name:		Administrator
	Account Domain:		DJIKSTRA
	Logon ID:		0x3673AB8

Service:
	Server:	Security
	Service Name:	-

Process:
	Process ID:	0x674
	Process Name:	C:\Windows\System32\svchost.exe

Service Request Information:
	Privileges:		SeTcbPrivilege""",0,2023-05-09T10:12:27.0342114Z,1162469,6192,dc.djikstra.xrg,13056,4,AUDIT_FAILURE,Microsoft-Windows-Security-Auditing,false,4,"[""164.312.b""]","[""10.2.2""]","[""CC6.8"",""CC7.2"",""CC7.3""]",Failed attempt to perform a privileged operation.,"[""windows"",""windows_security""]","[""AC.6"",""AU.14""]","[""IV_32.2""]",119,"[""Valid Accounts""]","[""T1078""]","[""Defense Evasion"",""Persistence"",""Privilege Escalation"",""Initial Access""]",60107, ,windows_eventchannel,log,"May 9, 2023 @ 10:12:33.726",EventChannel,1683627153.12631666,"May 9, 2023 @ 10:12:33.726",C:\\Windows\\System32\\svchost.exe,DJIKSTRA,Security,SeTcbPrivilege,Administrator, , , ,"{""name"":""windows_eventchannel""}", , , , , , , , , , , , , , , , , , , , , , , , , , , , , , , 
wazuh-alerts-4.x-2023.05.09,_doc,AcX__4cBy0XUe2K5mp6I,1,1,10.77.77.77,dc,003,ovelse-siem-server,0x3673ab8, , , , , , , , , , ,S-1-5-21-2082646183-1217588593-2819094730-500,0x674, , , , , ,4673,0x8010000000000000,{54849625-5478-4994-a5ba-3e3b0328c30d},0,Security,0,"""A privileged service was called.

Subject:
	Security ID:		S-1-5-21-2082646183-1217588593-2819094730-500
	Account Name:		Administrator
	Account Domain:		DJIKSTRA
	Logon ID:		0x3673AB8

Service:
	Server:	Security
	Service Name:	-

Process:
	Process ID:	0x674
	Process Name:	C:\Windows\System32\svchost.exe

Service Request Information:
	Privileges:		SeTcbPrivilege""",0,2023-05-09T10:12:27.0348154Z,1162472,6192,dc.djikstra.xrg,13056,4,AUDIT_FAILURE,Microsoft-Windows-Security-Auditing,false,4,"[""164.312.b""]","[""10.2.2""]","[""CC6.8"",""CC7.2"",""CC7.3""]",Failed attempt to perform a privileged operation.,"[""windows"",""windows_security""]","[""AC.6"",""AU.14""]","[""IV_32.2""]",122,"[""Valid Accounts""]","[""T1078""]","[""Defense Evasion"",""Persistence"",""Privilege Escalation"",""Initial Access""]",60107, ,windows_eventchannel,log,"May 9, 2023 @ 10:12:33.771",EventChannel,1683627153.12639976,"May 9, 2023 @ 10:12:33.771",C:\\Windows\\System32\\svchost.exe,DJIKSTRA,Security,SeTcbPrivilege,Administrator, , , ,"{""name"":""windows_eventchannel""}", , , , , , , , , , , , , , , , , , , , , , , , , , , , , , , 
wazuh-alerts-4.x-2023.05.09,_doc,AsX__4cBy0XUe2K5mp6I,1,1,10.77.77.77,dc,003,ovelse-siem-server,0x3673ab8, , , , , , , , , , ,S-1-5-21-2082646183-1217588593-2819094730-500,0x674, , , , , ,4673,0x8010000000000000,{54849625-5478-4994-a5ba-3e3b0328c30d},0,Security,0,"""A privileged service was called.

Subject:
	Security ID:		S-1-5-21-2082646183-1217588593-2819094730-500
	Account Name:		Administrator
	Account Domain:		DJIKSTRA
	Logon ID:		0x3673AB8

Service:
	Server:	Security
	Service Name:	-

Process:
	Process ID:	0x674
	Process Name:	C:\Windows\System32\svchost.exe

Service Request Information:
	Privileges:		SeTcbPrivilege""",0,2023-05-09T10:12:27.0348260Z,1162473,6192,dc.djikstra.xrg,13056,4,AUDIT_FAILURE,Microsoft-Windows-Security-Auditing,false,4,"[""164.312.b""]","[""10.2.2""]","[""CC6.8"",""CC7.2"",""CC7.3""]",Failed attempt to perform a privileged operation.,"[""windows"",""windows_security""]","[""AC.6"",""AU.14""]","[""IV_32.2""]",123,"[""Valid Accounts""]","[""T1078""]","[""Defense Evasion"",""Persistence"",""Privilege Escalation"",""Initial Access""]",60107, ,windows_eventchannel,log,"May 9, 2023 @ 10:12:33.772",EventChannel,1683627153.12642746,"May 9, 2023 @ 10:12:33.772",C:\\Windows\\System32\\svchost.exe,DJIKSTRA,Security,SeTcbPrivilege,Administrator, , , ,"{""name"":""windows_eventchannel""}", , , , , , , , , , , , , , , , , , , , , , , , , , , , , , , 
wazuh-alerts-4.x-2023.05.09,_doc,u8X9_4cBy0XUe2K5sZt2,1,1,10.77.77.77,dc,003,ovelse-siem-server,0x0,0x0,%%1833,fe80::f816:3eff:fe23:27bc,Kerberos,0x366d7ac,Kerberos,{045aca5a-173e-0b68-1fe8-fe9e5969ef67},DC$,0,%%1842,S-1-0-0,0x0,60870,DC.DJIKSTRA.XRG,S-1-5-18,%%1843,3,4624,0x8020000000000000,{54849625-5478-4994-a5ba-3e3b0328c30d},0,Security,0,"""An account was successfully logged on.

Subject:
	Security ID:		S-1-0-0
	Account Name:		-
	Account Domain:		-
	Logon ID:		0x0

Logon Information:
	Logon Type:		3
	Restricted Admin Mode:	-
	Virtual Account:		No
	Elevated Token:		Yes

Impersonation Level:		Impersonation

New Logon:
	Security ID:		S-1-5-18
	Account Name:		DC$
	Account Domain:		DC.DJIKSTRA.XRG
	Logon ID:		0x366D7AC
	Linked Logon ID:		0x0
	Network Account Name:	-
	Network Account Domain:	-
	Logon GUID:		{045aca5a-173e-0b68-1fe8-fe9e5969ef67}

Process Information:
	Process ID:		0x0
	Process Name:		-

Network Information:
	Workstation Name:	-
	Source Network Address:	fe80::f816:3eff:fe23:27bc
	Source Port:		60870

Detailed Authentication Information:
	Logon Process:		Kerberos
	Authentication Package:	Kerberos
	Transited Services:	-
	Package Name (NTLM only):	-
	Key Length:		0

This event is generated when a logon session is created. It is generated on the computer that was accessed.

The subject fields indicate the account on the local system which requested the logon. This is most commonly a service such as the Server service, or a local process such as Winlogon.exe or Services.exe.

The logon type field indicates the kind of logon that occurred. The most common types are 2 (interactive) and 3 (network).

The New Logon fields indicate the account for whom the new logon was created, i.e. the account that was logged on.

The network fields indicate where a remote logon request originated. Workstation name is not always available and may be left blank in some cases.

The impersonation level field indicates the extent to which a process in the logon session can impersonate.

The authentication information fields provide detailed information about this specific logon request.
	- Logon GUID is a unique identifier that can be used to correlate this event with a KDC event.
	- Transited services indicate which intermediate services have participated in this logon request.
	- Package name indicates which sub-protocol was used among the NTLM protocols.
	- Key length indicates the length of the generated session key. This will be 0 if no session key was requested.""",2,2023-05-09T10:10:18.8613727Z,1162287,2272,dc.djikstra.xrg,12544,792,AUDIT_SUCCESS,Microsoft-Windows-Security-Auditing,false,3,"[""164.312.b""]","[""10.2.5""]","[""CC6.8"",""CC7.2"",""CC7.3""]",Windows logon success.,"[""windows"",""windows_security"",""authentication_success""]","[""AC.7"",""AU.14""]","[""IV_32.2""]",24,"[""Valid Accounts""]","[""T1078""]","[""Defense Evasion"",""Persistence"",""Privilege Escalation"",""Initial Access""]",60106,"[""7.1"",""7.2""]",windows_eventchannel,log,"May 9, 2023 @ 10:10:24.910",EventChannel,1683627024.12279366,"May 9, 2023 @ 10:10:24.910", , , , , , , , ,"{""name"":""windows_eventchannel""}", , , , , , , , , , , , , , , , , , , , , , , , , , , , , , , 
wazuh-alerts-4.x-2023.05.09,_doc,vsX9_4cBy0XUe2K5sZt2,1,1,10.77.77.77,dc,003,ovelse-siem-server, , , , , ,0x366d832, , ,DC$, , , , , ,DJIKSTRA,S-1-5-18, ,3,4634,0x8020000000000000,{54849625-5478-4994-a5ba-3e3b0328c30d},0,Security,0,"""An account was logged off.

Subject:
	Security ID:		S-1-5-18
	Account Name:		DC$
	Account Domain:		DJIKSTRA
	Logon ID:		0x366D832

Logon Type:			3

This event is generated when a logon session is destroyed. It may be positively correlated with a logon event using the Logon ID value. Logon IDs are only unique between reboots on the same computer.""",0,2023-05-09T10:10:18.9127078Z,1162295,5944,dc.djikstra.xrg,12545,792,AUDIT_SUCCESS,Microsoft-Windows-Security-Auditing,false,3,"[""164.312.b""]","[""10.2.5""]","[""CC6.8"",""CC7.2"",""CC7.3""]",Windows User Logoff.,"[""windows"",""windows_security""]","[""AC.7"",""AU.14""]","[""IV_32.2""]",21, , , ,60137, ,windows_eventchannel,log,"May 9, 2023 @ 10:10:25.050",EventChannel,1683627025.12295895,"May 9, 2023 @ 10:10:25.050", , , , , , , , ,"{""name"":""windows_eventchannel""}", , , , , , , , , , , , , , , , , , , , , , , , , , , , , , , 
wazuh-alerts-4.x-2023.05.09,_doc,BcX-_4cBy0XUe2K5upzN,1,1,10.77.77.77,dc,003,ovelse-siem-server,0x0,0x0,%%1833,::1,Kerberos,0x3671790,Kerberos,{045aca5a-173e-0b68-1fe8-fe9e5969ef67},DC$,0,%%1842,S-1-0-0,0x0,60873,DC.DJIKSTRA.XRG,S-1-5-18,%%1843,3,4624,0x8020000000000000,{54849625-5478-4994-a5ba-3e3b0328c30d},0,Security,0,"""An account was successfully logged on.

Subject:
	Security ID:		S-1-0-0
	Account Name:		-
	Account Domain:		-
	Logon ID:		0x0

Logon Information:
	Logon Type:		3
	Restricted Admin Mode:	-
	Virtual Account:		No
	Elevated Token:		Yes

Impersonation Level:		Impersonation

New Logon:
	Security ID:		S-1-5-18
	Account Name:		DC$
	Account Domain:		DC.DJIKSTRA.XRG
	Logon ID:		0x3671790
	Linked Logon ID:		0x0
	Network Account Name:	-
	Network Account Domain:	-
	Logon GUID:		{045aca5a-173e-0b68-1fe8-fe9e5969ef67}

Process Information:
	Process ID:		0x0
	Process Name:		-

Network Information:
	Workstation Name:	-
	Source Network Address:	::1
	Source Port:		60873

Detailed Authentication Information:
	Logon Process:		Kerberos
	Authentication Package:	Kerberos
	Transited Services:	-
	Package Name (NTLM only):	-
	Key Length:		0

This event is generated when a logon session is created. It is generated on the computer that was accessed.

The subject fields indicate the account on the local system which requested the logon. This is most commonly a service such as the Server service, or a local process such as Winlogon.exe or Services.exe.

The logon type field indicates the kind of logon that occurred. The most common types are 2 (interactive) and 3 (network).

The New Logon fields indicate the account for whom the new logon was created, i.e. the account that was logged on.

The network fields indicate where a remote logon request originated. Workstation name is not always available and may be left blank in some cases.

The impersonation level field indicates the extent to which a process in the logon session can impersonate.

The authentication information fields provide detailed information about this specific logon request.
	- Logon GUID is a unique identifier that can be used to correlate this event with a KDC event.
	- Transited services indicate which intermediate services have participated in this logon request.
	- Package name indicates which sub-protocol was used among the NTLM protocols.
	- Key length indicates the length of the generated session key. This will be 0 if no session key was requested.""",2,2023-05-09T10:11:26.5291459Z,1162318,2272,dc.djikstra.xrg,12544,792,AUDIT_SUCCESS,Microsoft-Windows-Security-Auditing,false,3,"[""164.312.b""]","[""10.2.5""]","[""CC6.8"",""CC7.2"",""CC7.3""]",Windows logon success.,"[""windows"",""windows_security"",""authentication_success""]","[""AC.7"",""AU.14""]","[""IV_32.2""]",27,"[""Valid Accounts""]","[""T1078""]","[""Defense Evasion"",""Persistence"",""Privilege Escalation"",""Initial Access""]",60106,"[""7.1"",""7.2""]",windows_eventchannel,log,"May 9, 2023 @ 10:11:32.663",EventChannel,1683627092.12310044,"May 9, 2023 @ 10:11:32.663", , , , , , , , ,"{""name"":""windows_eventchannel""}", , , , , , , , , , , , , , , , , , , , , , , , , , , , , , , 
wazuh-alerts-4.x-2023.05.09,_doc,asX8_4cBy0XUe2K53ps2,1,1,10.77.77.77,dc,003,ovelse-siem-server,0x0,0x0,%%1833,::1,Kerberos,0x36622d5,Kerberos,{045aca5a-173e-0b68-1fe8-fe9e5969ef67},DC$,0,%%1842,S-1-0-0,0x0,60868,DC.DJIKSTRA.XRG,S-1-5-18,%%1843,3,4624,0x8020000000000000,{54849625-5478-4994-a5ba-3e3b0328c30d},0,Security,0,"""An account was successfully logged on.

Subject:
	Security ID:		S-1-0-0
	Account Name:		-
	Account Domain:		-
	Logon ID:		0x0

Logon Information:
	Logon Type:		3
	Restricted Admin Mode:	-
	Virtual Account:		No
	Elevated Token:		Yes

Impersonation Level:		Impersonation

New Logon:
	Security ID:		S-1-5-18
	Account Name:		DC$
	Account Domain:		DC.DJIKSTRA.XRG
	Logon ID:		0x36622D5
	Linked Logon ID:		0x0
	Network Account Name:	-
	Network Account Domain:	-
	Logon GUID:		{045aca5a-173e-0b68-1fe8-fe9e5969ef67}

Process Information:
	Process ID:		0x0
	Process Name:		-

Network Information:
	Workstation Name:	-
	Source Network Address:	::1
	Source Port:		60868

Detailed Authentication Information:
	Logon Process:		Kerberos
	Authentication Package:	Kerberos
	Transited Services:	-
	Package Name (NTLM only):	-
	Key Length:		0

This event is generated when a logon session is created. It is generated on the computer that was accessed.

The subject fields indicate the account on the local system which requested the logon. This is most commonly a service such as the Server service, or a local process such as Winlogon.exe or Services.exe.

The logon type field indicates the kind of logon that occurred. The most common types are 2 (interactive) and 3 (network).

The New Logon fields indicate the account for whom the new logon was created, i.e. the account that was logged on.

The network fields indicate where a remote logon request originated. Workstation name is not always available and may be left blank in some cases.

The impersonation level field indicates the extent to which a process in the logon session can impersonate.

The authentication information fields provide detailed information about this specific logon request.
	- Logon GUID is a unique identifier that can be used to correlate this event with a KDC event.
	- Transited services indicate which intermediate services have participated in this logon request.
	- Package name indicates which sub-protocol was used among the NTLM protocols.
	- Key length indicates the length of the generated session key. This will be 0 if no session key was requested.""",2,2023-05-09T10:09:26.5069162Z,1162266,2272,dc.djikstra.xrg,12544,792,AUDIT_SUCCESS,Microsoft-Windows-Security-Auditing,false,3,"[""164.312.b""]","[""10.2.5""]","[""CC6.8"",""CC7.2"",""CC7.3""]",Windows logon success.,"[""windows"",""windows_security"",""authentication_success""]","[""AC.7"",""AU.14""]","[""IV_32.2""]",23,"[""Valid Accounts""]","[""T1078""]","[""Defense Evasion"",""Persistence"",""Privilege Escalation"",""Initial Access""]",60106,"[""7.1"",""7.2""]",windows_eventchannel,log,"May 9, 2023 @ 10:09:32.637",EventChannel,1683626972.12270037,"May 9, 2023 @ 10:09:32.637", , , , , , , , ,"{""name"":""windows_eventchannel""}", , , , , , , , , , , , , , , , , , , , , , , , , , , , , , , 
wazuh-alerts-4.x-2023.05.09,_doc,FcX7_4cBy0XUe2K5uZov,1,1,10.77.77.77,dc,003,ovelse-siem-server, , , , , , , , , , , , , , , , , , ,1006,0x8000000000000000,{aea1b4fa-97d1-45f2-a64c-4d69fffd92c9},2,System,1,"""The processing of Group Policy failed. Windows could not authenticate to the Active Directory service on a domain controller. (LDAP Bind function call failed). Look in the details tab for error code and description.""",0,2023-05-09T10:08:02.2418315Z,31994,4588,dc.djikstra.xrg,0,1640,ERROR,Microsoft-Windows-GroupPolicy,false,5, , , ,Windows System error event,"[""windows"",""windows_system"",""system_error""]", ,"[""IV_35.7.d""]",2, , , ,61102,"[""4.3""]",windows_eventchannel,log,"May 9, 2023 @ 10:08:08.297",EventChannel,1683626888.12253095,"May 9, 2023 @ 10:08:08.297", , , , , , , , ,"{""name"":""windows_eventchannel""}", , , , , , , , ,Invalid Credentials,15,49,1,6168,0, , , , , , , , , , , , , , , , , 
wazuh-alerts-4.x-2023.05.09,_doc,tMX8_4cBy0XUe2K5eJrE,1,1, ,ovelse-siem-server,000,ovelse-siem-server, , , , , , , , , , , , , , , , , , , , , , , , , , , , , , , , , , ,false,2, , , ,Unknown problem somewhere in the system.,"[""syslog"",""errors""]", , ,26, , , ,1002,"[""4.3""]", ,log,"May 9, 2023 @ 10:09:02.722",/var/log/syslog,1683626942.12264380,"May 9, 2023 @ 10:09:02.722", , , , , ,ovelse-siem-server,opensearch-dashboards,May  9 10:09:01,{},"May  9 10:09:01 ovelse-siem-server opensearch-dashboards[5081]: {""type"":""error"",""@timestamp"":""2023-05-09T10:09:01Z"",""tags"":[""connection"",""client"",""error""],""pid"":5081,""level"":""error"",""error"":{""message"":""139734702114624:error:14094416:SSL routines:ssl3_read_bytes:sslv3 alert certificate unknown:../deps/openssl/openssl/ssl/record/rec_layer_s3.c:1544:SSL alert number 46\n"",""name"":""Error"",""stack"":""Error: 139734702114624:error:14094416:SSL routines:ssl3_read_bytes:sslv3 alert certificate unknown:../deps/openssl/openssl/ssl/record/rec_layer_s3.c:1544:SSL alert number 46\n""},""message"":""139734702114624:error:14094416:SSL routines:ssl3_read_bytes:sslv3 alert certificate unknown:../deps/openssl/openssl/ssl/record/rec_layer_s3.c:1544:SSL alert number 46\n""}", , , , , , , , , , , , , , , , , , , , , , , , , , , , , , 
wazuh-alerts-4.x-2023.05.09,_doc,tsX8_4cBy0XUe2K5eJrE,1,1, ,ovelse-siem-server,000,ovelse-siem-server, , , , , , , , , , , , , , , , , , , , , , , , , , , , , , , , , , ,false,2, , , ,Unknown problem somewhere in the system.,"[""syslog"",""errors""]", , ,28, , , ,1002,"[""4.3""]", ,log,"May 9, 2023 @ 10:09:04.724",/var/log/syslog,1683626944.12266256,"May 9, 2023 @ 10:09:04.724", , , , , ,ovelse-siem-server,opensearch-dashboards,May  9 10:09:04,{},"May  9 10:09:04 ovelse-siem-server opensearch-dashboards[5081]: message repeated 6 times: [ {""type"":""error"",""@timestamp"":""2023-05-09T10:09:04Z"",""tags"":[""connection"",""client"",""error""],""pid"":5081,""level"":""error"",""error"":{""message"":""139734702114624:error:14094416:SSL routines:ssl3_read_bytes:sslv3 alert certificate unknown:../deps/openssl/openssl/ssl/record/rec_layer_s3.c:1544:SSL alert number 46\n"",""name"":""Error"",""stack"":""Error: 139734702114624:error:14094416:SSL routines:ssl3_read_bytes:sslv3 alert certificate unknown:../deps/openssl/openssl/ssl/record/rec_layer_s3.c:1544:SSL alert number 46\n""},""message"":""139734702114624:error:14094416:SSL routines:ssl3_read_bytes:sslv3 alert certificate unknown:../deps/openssl/openssl/ssl/record/rec_layer_s3.c:1544:SSL alert number 46\n""}]", , , , , , , , , , , , , , , , , , , , , , , , , , , , , , 
wazuh-alerts-4.x-2023.05.09,_doc,dMX-_4cBy0XUe2K58pwT,1,1, ,ovelse-siem-server,000,ovelse-siem-server, , , , , , , , , , , , , , , , , , , , , , , , , , , , , , , , , , ,false,2, , , ,Unknown problem somewhere in the system.,"[""syslog"",""errors""]", , ,34, , , ,1002,"[""4.3""]", ,log,"May 9, 2023 @ 10:11:44.897",/var/log/syslog,1683627104.12321280,"May 9, 2023 @ 10:11:44.897", , , , , ,ovelse-siem-server,opensearch-dashboards,May  9 10:11:43,{},"May  9 10:11:43 ovelse-siem-server opensearch-dashboards[5081]: {""type"":""log"",""@timestamp"":""2023-05-09T10:11:43Z"",""tags"":[""error"",""opensearch"",""data""],""pid"":5081,""message"":""[version_conflict_engine_exception]: [search-telemetry:search-telemetry]: version conflict, required seqNo [1139], primary term [3]. current document has seqNo [1141] and primary term [3]""}", , , , , , , , , , , , , , , , , , , , , , , , , , , , , , 
wazuh-alerts-4.x-2023.05.09,_doc,d8X-_4cBy0XUe2K58pwT,1,1, ,ovelse-siem-server,000,ovelse-siem-server, , , , , , , , , , , , , , , , , , , , , , , , , , , , , , , , , , ,false,2, , , ,Unknown problem somewhere in the system.,"[""syslog"",""errors""]", , ,37, , , ,1002,"[""4.3""]", ,log,"May 9, 2023 @ 10:11:44.897",/var/log/syslog,1683627104.12323701,"May 9, 2023 @ 10:11:44.897", , , , , ,ovelse-siem-server,opensearch-dashboards,May  9 10:11:43,{},"May  9 10:11:43 ovelse-siem-server opensearch-dashboards[5081]: {""type"":""error"",""@timestamp"":""2023-05-09T10:11:43Z"",""tags"":[""connection"",""client"",""error""],""pid"":5081,""level"":""error"",""error"":{""message"":""139734702114624:error:14094416:SSL routines:ssl3_read_bytes:sslv3 alert certificate unknown:../deps/openssl/openssl/ssl/record/rec_layer_s3.c:1544:SSL alert number 46\n"",""name"":""Error"",""stack"":""Error: 139734702114624:error:14094416:SSL routines:ssl3_read_bytes:sslv3 alert certificate unknown:../deps/openssl/openssl/ssl/record/rec_layer_s3.c:1544:SSL alert number 46\n""},""message"":""139734702114624:error:14094416:SSL routines:ssl3_read_bytes:sslv3 alert certificate unknown:../deps/openssl/openssl/ssl/record/rec_layer_s3.c:1544:SSL alert number 46\n""}", , , , , , , , , , , , , , , , , , , , , , , , , , , , , , 
wazuh-alerts-4.x-2023.05.09,_doc,4cX6_4cBy0XUe2K59Zna,1,1, ,ovelse-siem-server,000,ovelse-siem-server, , , , , , , , , , , , , , , , , , , , , , , , , , , , , , , , , , ,false,2, , , ,Unknown problem somewhere in the system.,"[""syslog"",""errors""]", , ,24, , , ,1002,"[""4.3""]", ,log,"May 9, 2023 @ 10:07:26.618",/var/log/syslog,1683626846.12241890,"May 9, 2023 @ 10:07:26.618", , , , , ,ovelse-siem-server,opensearch-dashboards,May  9 10:07:26,{},"May  9 10:07:26 ovelse-siem-server opensearch-dashboards[5081]: {""type"":""error"",""@timestamp"":""2023-05-09T10:07:26Z"",""tags"":[""connection"",""client"",""error""],""pid"":5081,""level"":""error"",""error"":{""message"":""139734702114624:error:14094416:SSL routines:ssl3_read_bytes:sslv3 alert certificate unknown:../deps/openssl/openssl/ssl/record/rec_layer_s3.c:1544:SSL alert number 46\n"",""name"":""Error"",""stack"":""Error: 139734702114624:error:14094416:SSL routines:ssl3_read_bytes:sslv3 alert certificate unknown:../deps/openssl/openssl/ssl/record/rec_layer_s3.c:1544:SSL alert number 46\n""},""message"":""139734702114624:error:14094416:SSL routines:ssl3_read_bytes:sslv3 alert certificate unknown:../deps/openssl/openssl/ssl/record/rec_layer_s3.c:1544:SSL alert number 46\n""}", , , , , , , , , , , , , , , , , , , , , , , , , , , , , , 
wazuh-alerts-4.x-2023.05.09,_doc,IcX__4cBy0XUe2K5bp3v,1,1, ,ovelse-siem-server,000,ovelse-siem-server, , , , , , , , , , , , , , , , , , , , , , , , , , , , , , , , , , ,false,2, , , ,Unknown problem somewhere in the system.,"[""syslog"",""errors""]", , ,42, , , ,1002,"[""4.3""]", ,log,"May 9, 2023 @ 10:12:20.939",/var/log/syslog,1683627140.12327063,"May 9, 2023 @ 10:12:20.939", , , , , ,ovelse-siem-server,opensearch-dashboards,May  9 10:12:19,{},"May  9 10:12:19 ovelse-siem-server opensearch-dashboards[5081]: {""type"":""log"",""@timestamp"":""2023-05-09T10:12:19Z"",""tags"":[""error"",""opensearch"",""data""],""pid"":5081,""message"":""[RequestAbortedError]: Request aborted""}", , , , , , , , , , , , , , , , , , , , , , , , , , , , , , 
wazuh-alerts-4.x-2023.05.09,_doc,BMUCAIgBy0XUe2K5A6MC,1,1, ,ovelse-siem-server,000,ovelse-siem-server, , , , , , , , , , , , , , , , , , , , , , , , , , , , , , , , , , ,false,2, , , ,Unknown problem somewhere in the system.,"[""syslog"",""errors""]", , ,61, , , ,1002,"[""4.3""]", ,log,"May 9, 2023 @ 10:15:07.125",/var/log/syslog,1683627307.13482269,"May 9, 2023 @ 10:15:07.125", , , , , ,ovelse-siem-server,opensearch-dashboards,May  9 10:15:06,{},"May  9 10:15:06 ovelse-siem-server opensearch-dashboards[5081]: {""type"":""error"",""@timestamp"":""2023-05-09T10:15:06Z"",""tags"":[""connection"",""client"",""error""],""pid"":5081,""level"":""error"",""error"":{""message"":""139734702114624:error:14094416:SSL routines:ssl3_read_bytes:sslv3 alert certificate unknown:../deps/openssl/openssl/ssl/record/rec_layer_s3.c:1544:SSL alert number 46\n"",""name"":""Error"",""stack"":""Error: 139734702114624:error:14094416:SSL routines:ssl3_read_bytes:sslv3 alert certificate unknown:../deps/openssl/openssl/ssl/record/rec_layer_s3.c:1544:SSL alert number 46\n""},""message"":""139734702114624:error:14094416:SSL routines:ssl3_read_bytes:sslv3 alert certificate unknown:../deps/openssl/openssl/ssl/record/rec_layer_s3.c:1544:SSL alert number 46\n""}", , , , , , , , , , , , , , , , , , , , , , , , , , , , , , 
wazuh-alerts-4.x-2023.05.09,_doc,BcUCAIgBy0XUe2K5A6MC,1,1,10.77.77.77,dc,003,ovelse-siem-server,0x85afe, , , , , , , , , , ,S-1-5-21-2082646183-1217588593-2819094730-500,0x1f50, , , , , ,4656,0x8010000000000000,{54849625-5478-4994-a5ba-3e3b0328c30d},0,Security,0,"""A handle to an object was requested.

Subject:
	Security ID:		S-1-5-21-2082646183-1217588593-2819094730-500
	Account Name:		Administrator
	Account Domain:		DJIKSTRA
	Logon ID:		0x85AFE

Object:
	Object Server:		Security
	Object Type:		File
	Object Name:		C:\Program Files\Windows Defender Advanced Threat Protection\MsSense.exe
	Handle ID:		0x0
	Resource Attributes:	-

Process Information:
	Process ID:		0x1f50
	Process Name:		C:\Users\Administrator\payload.exe

Access Request Information:
	Transaction ID:		{00000000-0000-0000-0000-000000000000}
	Accesses:		READ_CONTROL
				SYNCHRONIZE
				WriteData (or AddFile)
				AppendData (or AddSubdirectory or CreatePipeInstance)
				WriteEA
				ReadAttributes
				WriteAttributes
				
	Access Reasons:		READ_CONTROL:	Granted by	D:(A;;0x1200a9;;;BA)
				SYNCHRONIZE:	Granted by	D:(A;;0x1200a9;;;BA)
				WriteData (or AddFile):	Not granted
				AppendData (or AddSubdirectory or CreatePipeInstance):	Not granted
				WriteEA:	Not granted
				ReadAttributes:	Granted by ACE on parent folder	D:(A;;0x1301bf;;;BA)
				WriteAttributes:	Not granted
				
	Access Mask:		0x120196
	Privileges Used for Access Check:	-
	Restricted SID Count:	0""",1,2023-05-09T10:15:03.2159244Z,1162940,6940,dc.djikstra.xrg,12800,4,AUDIT_FAILURE,Microsoft-Windows-Security-Auditing,false,5,"[""164.312.b""]","[""10.6.1""]","[""CC7.2"",""CC7.3""]",Windows audit failure event.,"[""windows"",""windows_security""]","[""AU.6""]","[""IV_35.7.d""]",14, , , ,60104, ,windows_eventchannel,log,"May 9, 2023 @ 10:15:09.328",EventChannel,1683627309.13483207,"May 9, 2023 @ 10:15:09.328",C:\\Users\\Administrator\\payload.exe,DJIKSTRA,Security, ,Administrator, , , ,"{""name"":""windows_eventchannel""}", , , , , , , , , , , , , , ,%%1538      %%1541      %%4417      %%4418      %%4420      %%4423      %%4424,%%1538: %%1801\tD:(A;;0x1200a9;;;BA)      %%1541: %%1801\tD:(A;;0x1200a9;;;BA)      %%4417: %%1805      %%4418: %%1805      %%4420: %%1805      %%4423: %%1811\tD:(A;;0x1301bf;;;BA)      %%4424: %%1805,0,{00000000-0000-0000-0000-000000000000},File,C:\\Program Files\\Windows Defender Advanced Threat Protection\\MsSense.exe,0x120196,0x0, , , , , , , , , 
wazuh-alerts-4.x-2023.05.09,_doc,DMUCAIgBy0XUe2K5A6MC,1,1,10.77.77.77,dc,003,ovelse-siem-server,0x85afe, , , , , , , , , , ,S-1-5-21-2082646183-1217588593-2819094730-500,0x1f50, , , , , ,4656,0x8010000000000000,{54849625-5478-4994-a5ba-3e3b0328c30d},0,Security,0,"""A handle to an object was requested.

Subject:
	Security ID:		S-1-5-21-2082646183-1217588593-2819094730-500
	Account Name:		Administrator
	Account Domain:		DJIKSTRA
	Logon ID:		0x85AFE

Object:
	Object Server:		Security
	Object Type:		File
	Object Name:		C:\Program Files\Windows Defender Advanced Threat Protection\Classification\SenseCE.exe
	Handle ID:		0x0
	Resource Attributes:	-

Process Information:
	Process ID:		0x1f50
	Process Name:		C:\Users\Administrator\payload.exe

Access Request Information:
	Transaction ID:		{00000000-0000-0000-0000-000000000000}
	Accesses:		READ_CONTROL
				SYNCHRONIZE
				WriteData (or AddFile)
				AppendData (or AddSubdirectory or CreatePipeInstance)
				WriteEA
				ReadAttributes
				WriteAttributes
				
	Access Reasons:		READ_CONTROL:	Granted by	D:(A;;0x1200a9;;;BA)
				SYNCHRONIZE:	Granted by	D:(A;;0x1200a9;;;BA)
				WriteData (or AddFile):	Not granted
				AppendData (or AddSubdirectory or CreatePipeInstance):	Not granted
				WriteEA:	Not granted
				ReadAttributes:	Granted by ACE on parent folder	D:(A;;0x1301bf;;;BA)
				WriteAttributes:	Not granted
				
	Access Mask:		0x120196
	Privileges Used for Access Check:	-
	Restricted SID Count:	0""",1,2023-05-09T10:15:03.5172218Z,1162947,6192,dc.djikstra.xrg,12800,4,AUDIT_FAILURE,Microsoft-Windows-Security-Auditing,false,5,"[""164.312.b""]","[""10.6.1""]","[""CC7.2"",""CC7.3""]",Windows audit failure event.,"[""windows"",""windows_security""]","[""AU.6""]","[""IV_35.7.d""]",21, , , ,60104, ,windows_eventchannel,log,"May 9, 2023 @ 10:15:09.407",EventChannel,1683627309.13522887,"May 9, 2023 @ 10:15:09.407",C:\\Users\\Administrator\\payload.exe,DJIKSTRA,Security, ,Administrator, , , ,"{""name"":""windows_eventchannel""}", , , , , , , , , , , , , , ,%%1538      %%1541      %%4417      %%4418      %%4420      %%4423      %%4424,%%1538: %%1801\tD:(A;;0x1200a9;;;BA)      %%1541: %%1801\tD:(A;;0x1200a9;;;BA)      %%4417: %%1805      %%4418: %%1805      %%4420: %%1805      %%4423: %%1811\tD:(A;;0x1301bf;;;BA)      %%4424: %%1805,0,{00000000-0000-0000-0000-000000000000},File,C:\\Program Files\\Windows Defender Advanced Threat Protection\\Classification\\SenseCE.exe,0x120196,0x0, , , , , , , , , 
wazuh-alerts-4.x-2023.05.09,_doc,D8UCAIgBy0XUe2K5A6MC,1,1,10.77.77.77,dc,003,ovelse-siem-server,0x85afe, , , , , , , , , , ,S-1-5-21-2082646183-1217588593-2819094730-500,0x1f50, , , , , ,4656,0x8010000000000000,{54849625-5478-4994-a5ba-3e3b0328c30d},0,Security,0,"""A handle to an object was requested.

Subject:
	Security ID:		S-1-5-21-2082646183-1217588593-2819094730-500
	Account Name:		Administrator
	Account Domain:		DJIKSTRA
	Logon ID:		0x85AFE

Object:
	Object Server:		Security
	Object Type:		File
	Object Name:		C:\Program Files\Windows Media Player\setup_wm.exe
	Handle ID:		0x0
	Resource Attributes:	-

Process Information:
	Process ID:		0x1f50
	Process Name:		C:\Users\Administrator\payload.exe

Access Request Information:
	Transaction ID:		{00000000-0000-0000-0000-000000000000}
	Accesses:		READ_CONTROL
				SYNCHRONIZE
				WriteData (or AddFile)
				AppendData (or AddSubdirectory or CreatePipeInstance)
				WriteEA
				ReadAttributes
				WriteAttributes
				
	Access Reasons:		READ_CONTROL:	Granted by	D:(A;;0x1200a9;;;BA)
				SYNCHRONIZE:	Granted by	D:(A;;0x1200a9;;;BA)
				WriteData (or AddFile):	Not granted
				AppendData (or AddSubdirectory or CreatePipeInstance):	Not granted
				WriteEA:	Not granted
				ReadAttributes:	Granted by ACE on parent folder	D:(A;;0x1301bf;;;BA)
				WriteAttributes:	Not granted
				
	Access Mask:		0x120196
	Privileges Used for Access Check:	-
	Restricted SID Count:	0""",1,2023-05-09T10:15:03.5543611Z,1162950,8120,dc.djikstra.xrg,12800,4,AUDIT_FAILURE,Microsoft-Windows-Security-Auditing,false,5,"[""164.312.b""]","[""10.6.1""]","[""CC7.2"",""CC7.3""]",Windows audit failure event.,"[""windows"",""windows_security""]","[""AU.6""]","[""IV_35.7.d""]",24, , , ,60104, ,windows_eventchannel,log,"May 9, 2023 @ 10:15:09.455",EventChannel,1683627309.13539631,"May 9, 2023 @ 10:15:09.455",C:\\Users\\Administrator\\payload.exe,DJIKSTRA,Security, ,Administrator, , , ,"{""name"":""windows_eventchannel""}", , , , , , , , , , , , , , ,%%1538      %%1541      %%4417      %%4418      %%4420      %%4423      %%4424,%%1538: %%1801\tD:(A;;0x1200a9;;;BA)      %%1541: %%1801\tD:(A;;0x1200a9;;;BA)      %%4417: %%1805      %%4418: %%1805      %%4420: %%1805      %%4423: %%1811\tD:(A;;0x1301bf;;;BA)      %%4424: %%1805,0,{00000000-0000-0000-0000-000000000000},File,C:\\Program Files\\Windows Media Player\\setup_wm.exe,0x120196,0x0, , , , , , , , , 
wazuh-alerts-4.x-2023.05.09,_doc,EcUCAIgBy0XUe2K5A6MC,1,1,10.77.77.77,dc,003,ovelse-siem-server,0x85afe, , , , , , , , , , ,S-1-5-21-2082646183-1217588593-2819094730-500,0x1f50, , , , , ,4656,0x8010000000000000,{54849625-5478-4994-a5ba-3e3b0328c30d},0,Security,0,"""A handle to an object was requested.

Subject:
	Security ID:		S-1-5-21-2082646183-1217588593-2819094730-500
	Account Name:		Administrator
	Account Domain:		DJIKSTRA
	Logon ID:		0x85AFE

Object:
	Object Server:		Security
	Object Type:		File
	Object Name:		C:\Program Files\Windows Media Player\wmpconfig.exe
	Handle ID:		0x0
	Resource Attributes:	-

Process Information:
	Process ID:		0x1f50
	Process Name:		C:\Users\Administrator\payload.exe

Access Request Information:
	Transaction ID:		{00000000-0000-0000-0000-000000000000}
	Accesses:		READ_CONTROL
				SYNCHRONIZE
				WriteData (or AddFile)
				AppendData (or AddSubdirectory or CreatePipeInstance)
				WriteEA
				ReadAttributes
				WriteAttributes
				
	Access Reasons:		READ_CONTROL:	Granted by	D:(A;;0x1200a9;;;BA)
				SYNCHRONIZE:	Granted by	D:(A;;0x1200a9;;;BA)
				WriteData (or AddFile):	Not granted
				AppendData (or AddSubdirectory or CreatePipeInstance):	Not granted
				WriteEA:	Not granted
				ReadAttributes:	Granted by ACE on parent folder	D:(A;;0x1301bf;;;BA)
				WriteAttributes:	Not granted
				
	Access Mask:		0x120196
	Privileges Used for Access Check:	-
	Restricted SID Count:	0""",1,2023-05-09T10:15:03.5598878Z,1162952,5976,dc.djikstra.xrg,12800,4,AUDIT_FAILURE,Microsoft-Windows-Security-Auditing,false,5,"[""164.312.b""]","[""10.6.1""]","[""CC7.2"",""CC7.3""]",Windows audit failure event.,"[""windows"",""windows_security""]","[""AU.6""]","[""IV_35.7.d""]",26, , , ,60104, ,windows_eventchannel,log,"May 9, 2023 @ 10:15:09.500",EventChannel,1683627309.13550753,"May 9, 2023 @ 10:15:09.500",C:\\Users\\Administrator\\payload.exe,DJIKSTRA,Security, ,Administrator, , , ,"{""name"":""windows_eventchannel""}", , , , , , , , , , , , , , ,%%1538      %%1541      %%4417      %%4418      %%4420      %%4423      %%4424,%%1538: %%1801\tD:(A;;0x1200a9;;;BA)      %%1541: %%1801\tD:(A;;0x1200a9;;;BA)      %%4417: %%1805      %%4418: %%1805      %%4420: %%1805      %%4423: %%1811\tD:(A;;0x1301bf;;;BA)      %%4424: %%1805,0,{00000000-0000-0000-0000-000000000000},File,C:\\Program Files\\Windows Media Player\\wmpconfig.exe,0x120196,0x0, , , , , , , , , 
wazuh-alerts-4.x-2023.05.09,_doc,EsUCAIgBy0XUe2K5A6MC,1,1,10.77.77.77,dc,003,ovelse-siem-server,0x85afe, , , , , , , , , , ,S-1-5-21-2082646183-1217588593-2819094730-500,0x1f50, , , , , ,4656,0x8010000000000000,{54849625-5478-4994-a5ba-3e3b0328c30d},0,Security,0,"""A handle to an object was requested.

Subject:
	Security ID:		S-1-5-21-2082646183-1217588593-2819094730-500
	Account Name:		Administrator
	Account Domain:		DJIKSTRA
	Logon ID:		0x85AFE

Object:
	Object Server:		Security
	Object Type:		File
	Object Name:		C:\Program Files\Windows Media Player\wmplayer.exe
	Handle ID:		0x0
	Resource Attributes:	-

Process Information:
	Process ID:		0x1f50
	Process Name:		C:\Users\Administrator\payload.exe

Access Request Information:
	Transaction ID:		{00000000-0000-0000-0000-000000000000}
	Accesses:		READ_CONTROL
				SYNCHRONIZE
				WriteData (or AddFile)
				AppendData (or AddSubdirectory or CreatePipeInstance)
				WriteEA
				ReadAttributes
				WriteAttributes
				
	Access Reasons:		READ_CONTROL:	Granted by	D:(A;;0x1200a9;;;BA)
				SYNCHRONIZE:	Granted by	D:(A;;0x1200a9;;;BA)
				WriteData (or AddFile):	Not granted
				AppendData (or AddSubdirectory or CreatePipeInstance):	Not granted
				WriteEA:	Not granted
				ReadAttributes:	Granted by ACE on parent folder	D:(A;;0x1301bf;;;BA)
				WriteAttributes:	Not granted
				
	Access Mask:		0x120196
	Privileges Used for Access Check:	-
	Restricted SID Count:	0""",1,2023-05-09T10:15:03.5643608Z,1162953,5976,dc.djikstra.xrg,12800,4,AUDIT_FAILURE,Microsoft-Windows-Security-Auditing,false,5,"[""164.312.b""]","[""10.6.1""]","[""CC7.2"",""CC7.3""]",Windows audit failure event.,"[""windows"",""windows_security""]","[""AU.6""]","[""IV_35.7.d""]",27, , , ,60104, ,windows_eventchannel,log,"May 9, 2023 @ 10:15:09.516",EventChannel,1683627309.13556318,"May 9, 2023 @ 10:15:09.516",C:\\Users\\Administrator\\payload.exe,DJIKSTRA,Security, ,Administrator, , , ,"{""name"":""windows_eventchannel""}", , , , , , , , , , , , , , ,%%1538      %%1541      %%4417      %%4418      %%4420      %%4423      %%4424,%%1538: %%1801\tD:(A;;0x1200a9;;;BA)      %%1541: %%1801\tD:(A;;0x1200a9;;;BA)      %%4417: %%1805      %%4418: %%1805      %%4420: %%1805      %%4423: %%1811\tD:(A;;0x1301bf;;;BA)      %%4424: %%1805,0,{00000000-0000-0000-0000-000000000000},File,C:\\Program Files\\Windows Media Player\\wmplayer.exe,0x120196,0x0, , , , , , , , , 
