wazuh-alerts-4.x-2023.05.09,_doc,SMUBAIgBy0XUe2K5AaFT,1,1,10.77.77.77,dc,003,ovelse-siem-server,0x3677203, , , , , , , , , , ,S-1-5-21-2082646183-1217588593-2819094730-500,0x674, , , , , ,4673,0x8010000000000000,{54849625-5478-4994-a5ba-3e3b0328c30d},0,Security,0,"""A privileged service was called.

Subject:
	Security ID:		S-1-5-21-2082646183-1217588593-2819094730-500
	Account Name:		Administrator
	Account Domain:		DJIKSTRA
	Logon ID:		0x3677203

Service:
	Server:	Security
	Service Name:	-

Process:
	Process ID:	0x674
	Process Name:	C:\Windows\System32\svchost.exe

Service Request Information:
	Privileges:		SeTcbPrivilege""",0,2023-05-09T10:13:57.6911078Z,1162723,6308,dc.djikstra.xrg,13056,4,AUDIT_FAILURE,Microsoft-Windows-Security-Auditing,false,4,"[""164.312.b""]","[""10.2.2""]","[""CC6.8"",""CC7.2"",""CC7.3""]",Failed attempt to perform a privileged operation.,"[""windows"",""windows_security""]","[""AC.6"",""AU.14""]","[""IV_32.2""]",259,"[""Valid Accounts""]","[""T1078""]","[""Defense Evasion"",""Persistence"",""Privilege Escalation"",""Initial Access""]",60107, ,windows_eventchannel,log,"May 9, 2023 @ 10:14:04.658",EventChannel,1683627244.13097556,"May 9, 2023 @ 10:14:04.658",C:\\Windows\\System32\\svchost.exe,DJIKSTRA,Security,SeTcbPrivilege,Administrator, , , ,"{""name"":""windows_eventchannel""}", , , , , , , , , , , , , , , , , , , , , , , , , , , , , , , 
wazuh-alerts-4.x-2023.05.09,_doc,T8UBAIgBy0XUe2K5AaFT,1,1,10.77.77.77,dc,003,ovelse-siem-server,0x3677203, , , , , , , , , , ,S-1-5-21-2082646183-1217588593-2819094730-500,0x674, , , , , ,4673,0x8010000000000000,{54849625-5478-4994-a5ba-3e3b0328c30d},0,Security,0,"""A privileged service was called.

Subject:
	Security ID:		S-1-5-21-2082646183-1217588593-2819094730-500
	Account Name:		Administrator
	Account Domain:		DJIKSTRA
	Logon ID:		0x3677203

Service:
	Server:	Security
	Service Name:	-

Process:
	Process ID:	0x674
	Process Name:	C:\Windows\System32\svchost.exe

Service Request Information:
	Privileges:		SeTcbPrivilege""",0,2023-05-09T10:13:57.6918525Z,1162731,6308,dc.djikstra.xrg,13056,4,AUDIT_FAILURE,Microsoft-Windows-Security-Auditing,false,4,"[""164.312.b""]","[""10.2.2""]","[""CC6.8"",""CC7.2"",""CC7.3""]",Failed attempt to perform a privileged operation.,"[""windows"",""windows_security""]","[""AC.6"",""AU.14""]","[""IV_32.2""]",266,"[""Valid Accounts""]","[""T1078""]","[""Defense Evasion"",""Persistence"",""Privilege Escalation"",""Initial Access""]",60107, ,windows_eventchannel,log,"May 9, 2023 @ 10:14:04.791",EventChannel,1683627244.13116946,"May 9, 2023 @ 10:14:04.791",C:\\Windows\\System32\\svchost.exe,DJIKSTRA,Security,SeTcbPrivilege,Administrator, , , ,"{""name"":""windows_eventchannel""}", , , , , , , , , , , , , , , , , , , , , , , , , , , , , , , 
wazuh-alerts-4.x-2023.05.09,_doc,UMUBAIgBy0XUe2K5AaFT,1,1,10.77.77.77,dc,003,ovelse-siem-server,0x3677203, , , , , , , , , , ,S-1-5-21-2082646183-1217588593-2819094730-500,0x674, , , , , ,4673,0x8010000000000000,{54849625-5478-4994-a5ba-3e3b0328c30d},0,Security,0,"""A privileged service was called.

Subject:
	Security ID:		S-1-5-21-2082646183-1217588593-2819094730-500
	Account Name:		Administrator
	Account Domain:		DJIKSTRA
	Logon ID:		0x3677203

Service:
	Server:	Security
	Service Name:	-

Process:
	Process ID:	0x674
	Process Name:	C:\Windows\System32\svchost.exe

Service Request Information:
	Privileges:		SeTcbPrivilege""",0,2023-05-09T10:13:57.6917920Z,1162730,6308,dc.djikstra.xrg,13056,4,AUDIT_FAILURE,Microsoft-Windows-Security-Auditing,false,4,"[""164.312.b""]","[""10.2.2""]","[""CC6.8"",""CC7.2"",""CC7.3""]",Failed attempt to perform a privileged operation.,"[""windows"",""windows_security""]","[""AC.6"",""AU.14""]","[""IV_32.2""]",267,"[""Valid Accounts""]","[""T1078""]","[""Defense Evasion"",""Persistence"",""Privilege Escalation"",""Initial Access""]",60107, ,windows_eventchannel,log,"May 9, 2023 @ 10:14:04.791",EventChannel,1683627244.13119716,"May 9, 2023 @ 10:14:04.791",C:\\Windows\\System32\\svchost.exe,DJIKSTRA,Security,SeTcbPrivilege,Administrator, , , ,"{""name"":""windows_eventchannel""}", , , , , , , , , , , , , , , , , , , , , , , , , , , , , , , 
wazuh-alerts-4.x-2023.05.09,_doc,ksUBAIgBy0XUe2K5AaGa,1,1,10.77.77.77,dc,003,ovelse-siem-server,0x3677203, , , , , , , , , , ,S-1-5-21-2082646183-1217588593-2819094730-500,0x674, , , , , ,4673,0x8010000000000000,{54849625-5478-4994-a5ba-3e3b0328c30d},0,Security,0,"""A privileged service was called.

Subject:
	Security ID:		S-1-5-21-2082646183-1217588593-2819094730-500
	Account Name:		Administrator
	Account Domain:		DJIKSTRA
	Logon ID:		0x3677203

Service:
	Server:	Security
	Service Name:	-

Process:
	Process ID:	0x674
	Process Name:	C:\Windows\System32\svchost.exe

Service Request Information:
	Privileges:		SeTcbPrivilege""",0,2023-05-09T10:13:57.6921578Z,1162734,6308,dc.djikstra.xrg,13056,4,AUDIT_FAILURE,Microsoft-Windows-Security-Auditing,false,4,"[""164.312.b""]","[""10.2.2""]","[""CC6.8"",""CC7.2"",""CC7.3""]",Failed attempt to perform a privileged operation.,"[""windows"",""windows_security""]","[""AC.6"",""AU.14""]","[""IV_32.2""]",270,"[""Valid Accounts""]","[""T1078""]","[""Defense Evasion"",""Persistence"",""Privilege Escalation"",""Initial Access""]",60107, ,windows_eventchannel,log,"May 9, 2023 @ 10:14:04.835",EventChannel,1683627244.13125256,"May 9, 2023 @ 10:14:04.835",C:\\Windows\\System32\\svchost.exe,DJIKSTRA,Security,SeTcbPrivilege,Administrator, , , ,"{""name"":""windows_eventchannel""}", , , , , , , , , , , , , , , , , , , , , , , , , , , , , , , 
wazuh-alerts-4.x-2023.05.09,_doc,k8UBAIgBy0XUe2K5AaGa,1,1,10.77.77.77,dc,003,ovelse-siem-server,0x3677203, , , , , , , , , , ,S-1-5-21-2082646183-1217588593-2819094730-500,0x674, , , , , ,4673,0x8010000000000000,{54849625-5478-4994-a5ba-3e3b0328c30d},0,Security,0,"""A privileged service was called.

Subject:
	Security ID:		S-1-5-21-2082646183-1217588593-2819094730-500
	Account Name:		Administrator
	Account Domain:		DJIKSTRA
	Logon ID:		0x3677203

Service:
	Server:	Security
	Service Name:	-

Process:
	Process ID:	0x674
	Process Name:	C:\Windows\System32\svchost.exe

Service Request Information:
	Privileges:		SeTcbPrivilege""",0,2023-05-09T10:13:57.6924329Z,1162735,6308,dc.djikstra.xrg,13056,4,AUDIT_FAILURE,Microsoft-Windows-Security-Auditing,false,4,"[""164.312.b""]","[""10.2.2""]","[""CC6.8"",""CC7.2"",""CC7.3""]",Failed attempt to perform a privileged operation.,"[""windows"",""windows_security""]","[""AC.6"",""AU.14""]","[""IV_32.2""]",269,"[""Valid Accounts""]","[""T1078""]","[""Defense Evasion"",""Persistence"",""Privilege Escalation"",""Initial Access""]",60107, ,windows_eventchannel,log,"May 9, 2023 @ 10:14:04.835",EventChannel,1683627244.13128026,"May 9, 2023 @ 10:14:04.835",C:\\Windows\\System32\\svchost.exe,DJIKSTRA,Security,SeTcbPrivilege,Administrator, , , ,"{""name"":""windows_eventchannel""}", , , , , , , , , , , , , , , , , , , , , , , , , , , , , , , 
wazuh-alerts-4.x-2023.05.09,_doc,l8UBAIgBy0XUe2K5AaGa,1,1,10.77.77.77,dc,003,ovelse-siem-server,0x3677203, , , , , , , , , , ,S-1-5-21-2082646183-1217588593-2819094730-500,0x674, , , , , ,4673,0x8010000000000000,{54849625-5478-4994-a5ba-3e3b0328c30d},0,Security,0,"""A privileged service was called.

Subject:
	Security ID:		S-1-5-21-2082646183-1217588593-2819094730-500
	Account Name:		Administrator
	Account Domain:		DJIKSTRA
	Logon ID:		0x3677203

Service:
	Server:	Security
	Service Name:	-

Process:
	Process ID:	0x674
	Process Name:	C:\Windows\System32\svchost.exe

Service Request Information:
	Privileges:		SeTcbPrivilege""",0,2023-05-09T10:13:57.6927147Z,1162738,6308,dc.djikstra.xrg,13056,4,AUDIT_FAILURE,Microsoft-Windows-Security-Auditing,false,4,"[""164.312.b""]","[""10.2.2""]","[""CC6.8"",""CC7.2"",""CC7.3""]",Failed attempt to perform a privileged operation.,"[""windows"",""windows_security""]","[""AC.6"",""AU.14""]","[""IV_32.2""]",274,"[""Valid Accounts""]","[""T1078""]","[""Defense Evasion"",""Persistence"",""Privilege Escalation"",""Initial Access""]",60107, ,windows_eventchannel,log,"May 9, 2023 @ 10:14:04.881",EventChannel,1683627244.13139106,"May 9, 2023 @ 10:14:04.881",C:\\Windows\\System32\\svchost.exe,DJIKSTRA,Security,SeTcbPrivilege,Administrator, , , ,"{""name"":""windows_eventchannel""}", , , , , , , , , , , , , , , , , , , , , , , , , , , , , , , 
wazuh-alerts-4.x-2023.05.09,_doc,mcUBAIgBy0XUe2K5AaGa,1,1,10.77.77.77,dc,003,ovelse-siem-server,0x3677203, , , , , , , , , , ,S-1-5-21-2082646183-1217588593-2819094730-500,0x674, , , , , ,4673,0x8010000000000000,{54849625-5478-4994-a5ba-3e3b0328c30d},0,Security,0,"""A privileged service was called.

Subject:
	Security ID:		S-1-5-21-2082646183-1217588593-2819094730-500
	Account Name:		Administrator
	Account Domain:		DJIKSTRA
	Logon ID:		0x3677203

Service:
	Server:	Security
	Service Name:	-

Process:
	Process ID:	0x674
	Process Name:	C:\Windows\System32\svchost.exe

Service Request Information:
	Privileges:		SeTcbPrivilege""",0,2023-05-09T10:13:57.6928696Z,1162740,6308,dc.djikstra.xrg,13056,4,AUDIT_FAILURE,Microsoft-Windows-Security-Auditing,false,4,"[""164.312.b""]","[""10.2.2""]","[""CC6.8"",""CC7.2"",""CC7.3""]",Failed attempt to perform a privileged operation.,"[""windows"",""windows_security""]","[""AC.6"",""AU.14""]","[""IV_32.2""]",276,"[""Valid Accounts""]","[""T1078""]","[""Defense Evasion"",""Persistence"",""Privilege Escalation"",""Initial Access""]",60107, ,windows_eventchannel,log,"May 9, 2023 @ 10:14:04.922",EventChannel,1683627244.13144646,"May 9, 2023 @ 10:14:04.922",C:\\Windows\\System32\\svchost.exe,DJIKSTRA,Security,SeTcbPrivilege,Administrator, , , ,"{""name"":""windows_eventchannel""}", , , , , , , , , , , , , , , , , , , , , , , , , , , , , , , 
wazuh-alerts-4.x-2023.05.09,_doc,ncUBAIgBy0XUe2K5AaGa,1,1,10.77.77.77,dc,003,ovelse-siem-server,0x3677203, , , , , , , , , , ,S-1-5-21-2082646183-1217588593-2819094730-500,0x674, , , , , ,4673,0x8010000000000000,{54849625-5478-4994-a5ba-3e3b0328c30d},0,Security,0,"""A privileged service was called.

Subject:
	Security ID:		S-1-5-21-2082646183-1217588593-2819094730-500
	Account Name:		Administrator
	Account Domain:		DJIKSTRA
	Logon ID:		0x3677203

Service:
	Server:	Security
	Service Name:	-

Process:
	Process ID:	0x674
	Process Name:	C:\Windows\System32\svchost.exe

Service Request Information:
	Privileges:		SeTcbPrivilege""",0,2023-05-09T10:13:57.6932585Z,1162744,6308,dc.djikstra.xrg,13056,4,AUDIT_FAILURE,Microsoft-Windows-Security-Auditing,false,4,"[""164.312.b""]","[""10.2.2""]","[""CC6.8"",""CC7.2"",""CC7.3""]",Failed attempt to perform a privileged operation.,"[""windows"",""windows_security""]","[""AC.6"",""AU.14""]","[""IV_32.2""]",280,"[""Valid Accounts""]","[""T1078""]","[""Defense Evasion"",""Persistence"",""Privilege Escalation"",""Initial Access""]",60107, ,windows_eventchannel,log,"May 9, 2023 @ 10:14:05.010",EventChannel,1683627245.13155726,"May 9, 2023 @ 10:14:05.010",C:\\Windows\\System32\\svchost.exe,DJIKSTRA,Security,SeTcbPrivilege,Administrator, , , ,"{""name"":""windows_eventchannel""}", , , , , , , , , , , , , , , , , , , , , , , , , , , , , , , 
wazuh-alerts-4.x-2023.05.09,_doc,nsUBAIgBy0XUe2K5AaGa,1,1,10.77.77.77,dc,003,ovelse-siem-server,0x3677203, , , , , , , , , , ,S-1-5-21-2082646183-1217588593-2819094730-500,0x674, , , , , ,4673,0x8010000000000000,{54849625-5478-4994-a5ba-3e3b0328c30d},0,Security,0,"""A privileged service was called.

Subject:
	Security ID:		S-1-5-21-2082646183-1217588593-2819094730-500
	Account Name:		Administrator
	Account Domain:		DJIKSTRA
	Logon ID:		0x3677203

Service:
	Server:	Security
	Service Name:	-

Process:
	Process ID:	0x674
	Process Name:	C:\Windows\System32\svchost.exe

Service Request Information:
	Privileges:		SeTcbPrivilege""",0,2023-05-09T10:13:57.6934880Z,1162746,6308,dc.djikstra.xrg,13056,4,AUDIT_FAILURE,Microsoft-Windows-Security-Auditing,false,4,"[""164.312.b""]","[""10.2.2""]","[""CC6.8"",""CC7.2"",""CC7.3""]",Failed attempt to perform a privileged operation.,"[""windows"",""windows_security""]","[""AC.6"",""AU.14""]","[""IV_32.2""]",281,"[""Valid Accounts""]","[""T1078""]","[""Defense Evasion"",""Persistence"",""Privilege Escalation"",""Initial Access""]",60107, ,windows_eventchannel,log,"May 9, 2023 @ 10:14:05.010",EventChannel,1683627245.13158496,"May 9, 2023 @ 10:14:05.010",C:\\Windows\\System32\\svchost.exe,DJIKSTRA,Security,SeTcbPrivilege,Administrator, , , ,"{""name"":""windows_eventchannel""}", , , , , , , , , , , , , , , , , , , , , , , , , , , , , , , 
wazuh-alerts-4.x-2023.05.09,_doc,n8UBAIgBy0XUe2K5AaGa,1,1,10.77.77.77,dc,003,ovelse-siem-server,0x3677203, , , , , , , , , , ,S-1-5-21-2082646183-1217588593-2819094730-500,0x674, , , , , ,4673,0x8010000000000000,{54849625-5478-4994-a5ba-3e3b0328c30d},0,Security,0,"""A privileged service was called.

Subject:
	Security ID:		S-1-5-21-2082646183-1217588593-2819094730-500
	Account Name:		Administrator
	Account Domain:		DJIKSTRA
	Logon ID:		0x3677203

Service:
	Server:	Security
	Service Name:	-

Process:
	Process ID:	0x674
	Process Name:	C:\Windows\System32\svchost.exe

Service Request Information:
	Privileges:		SeTcbPrivilege""",0,2023-05-09T10:13:57.6933976Z,1162745,6308,dc.djikstra.xrg,13056,4,AUDIT_FAILURE,Microsoft-Windows-Security-Auditing,false,4,"[""164.312.b""]","[""10.2.2""]","[""CC6.8"",""CC7.2"",""CC7.3""]",Failed attempt to perform a privileged operation.,"[""windows"",""windows_security""]","[""AC.6"",""AU.14""]","[""IV_32.2""]",282,"[""Valid Accounts""]","[""T1078""]","[""Defense Evasion"",""Persistence"",""Privilege Escalation"",""Initial Access""]",60107, ,windows_eventchannel,log,"May 9, 2023 @ 10:14:05.010",EventChannel,1683627245.13161266,"May 9, 2023 @ 10:14:05.010",C:\\Windows\\System32\\svchost.exe,DJIKSTRA,Security,SeTcbPrivilege,Administrator, , , ,"{""name"":""windows_eventchannel""}", , , , , , , , , , , , , , , , , , , , , , , , , , , , , , , 
wazuh-alerts-4.x-2023.05.09,_doc,osUBAIgBy0XUe2K5AaGa,1,1,10.77.77.77,dc,003,ovelse-siem-server,0x3677203, , , , , , , , , , ,S-1-5-21-2082646183-1217588593-2819094730-500,0x674, , , , , ,4673,0x8010000000000000,{54849625-5478-4994-a5ba-3e3b0328c30d},0,Security,0,"""A privileged service was called.

Subject:
	Security ID:		S-1-5-21-2082646183-1217588593-2819094730-500
	Account Name:		Administrator
	Account Domain:		DJIKSTRA
	Logon ID:		0x3677203

Service:
	Server:	Security
	Service Name:	-

Process:
	Process ID:	0x674
	Process Name:	C:\Windows\System32\svchost.exe

Service Request Information:
	Privileges:		SeTcbPrivilege""",0,2023-05-09T10:13:57.6938277Z,1162749,6308,dc.djikstra.xrg,13056,4,AUDIT_FAILURE,Microsoft-Windows-Security-Auditing,false,4,"[""164.312.b""]","[""10.2.2""]","[""CC6.8"",""CC7.2"",""CC7.3""]",Failed attempt to perform a privileged operation.,"[""windows"",""windows_security""]","[""AC.6"",""AU.14""]","[""IV_32.2""]",285,"[""Valid Accounts""]","[""T1078""]","[""Defense Evasion"",""Persistence"",""Privilege Escalation"",""Initial Access""]",60107, ,windows_eventchannel,log,"May 9, 2023 @ 10:14:05.055",EventChannel,1683627245.13169576,"May 9, 2023 @ 10:14:05.055",C:\\Windows\\System32\\svchost.exe,DJIKSTRA,Security,SeTcbPrivilege,Administrator, , , ,"{""name"":""windows_eventchannel""}", , , , , , , , , , , , , , , , , , , , , , , , , , , , , , , 
wazuh-alerts-4.x-2023.05.09,_doc,rMUBAIgBy0XUe2K5AaHP,1,1,10.77.77.77,dc,003,ovelse-siem-server,0x3677203, , , , , , , , , , ,S-1-5-21-2082646183-1217588593-2819094730-500,0x674, , , , , ,4673,0x8010000000000000,{54849625-5478-4994-a5ba-3e3b0328c30d},0,Security,0,"""A privileged service was called.

Subject:
	Security ID:		S-1-5-21-2082646183-1217588593-2819094730-500
	Account Name:		Administrator
	Account Domain:		DJIKSTRA
	Logon ID:		0x3677203

Service:
	Server:	Security
	Service Name:	-

Process:
	Process ID:	0x674
	Process Name:	C:\Windows\System32\svchost.exe

Service Request Information:
	Privileges:		SeTcbPrivilege""",0,2023-05-09T10:13:57.6948796Z,1162759,1252,dc.djikstra.xrg,13056,4,AUDIT_FAILURE,Microsoft-Windows-Security-Auditing,false,4,"[""164.312.b""]","[""10.2.2""]","[""CC6.8"",""CC7.2"",""CC7.3""]",Failed attempt to perform a privileged operation.,"[""windows"",""windows_security""]","[""AC.6"",""AU.14""]","[""IV_32.2""]",295,"[""Valid Accounts""]","[""T1078""]","[""Defense Evasion"",""Persistence"",""Privilege Escalation"",""Initial Access""]",60107, ,windows_eventchannel,log,"May 9, 2023 @ 10:14:05.219",EventChannel,1683627245.13197276,"May 9, 2023 @ 10:14:05.219",C:\\Windows\\System32\\svchost.exe,DJIKSTRA,Security,SeTcbPrivilege,Administrator, , , ,"{""name"":""windows_eventchannel""}", , , , , , , , , , , , , , , , , , , , , , , , , , , , , , , 
wazuh-alerts-4.x-2023.05.09,_doc,rsUBAIgBy0XUe2K5AaHP,1,1,10.77.77.77,dc,003,ovelse-siem-server,0x3677203, , , , , , , , , , ,S-1-5-21-2082646183-1217588593-2819094730-500,0x674, , , , , ,4673,0x8010000000000000,{54849625-5478-4994-a5ba-3e3b0328c30d},0,Security,0,"""A privileged service was called.

Subject:
	Security ID:		S-1-5-21-2082646183-1217588593-2819094730-500
	Account Name:		Administrator
	Account Domain:		DJIKSTRA
	Logon ID:		0x3677203

Service:
	Server:	Security
	Service Name:	-

Process:
	Process ID:	0x674
	Process Name:	C:\Windows\System32\svchost.exe

Service Request Information:
	Privileges:		SeTcbPrivilege""",0,2023-05-09T10:13:57.6951650Z,1162762,1252,dc.djikstra.xrg,13056,4,AUDIT_FAILURE,Microsoft-Windows-Security-Auditing,false,4,"[""164.312.b""]","[""10.2.2""]","[""CC6.8"",""CC7.2"",""CC7.3""]",Failed attempt to perform a privileged operation.,"[""windows"",""windows_security""]","[""AC.6"",""AU.14""]","[""IV_32.2""]",297,"[""Valid Accounts""]","[""T1078""]","[""Defense Evasion"",""Persistence"",""Privilege Escalation"",""Initial Access""]",60107, ,windows_eventchannel,log,"May 9, 2023 @ 10:14:05.263",EventChannel,1683627245.13202816,"May 9, 2023 @ 10:14:05.263",C:\\Windows\\System32\\svchost.exe,DJIKSTRA,Security,SeTcbPrivilege,Administrator, , , ,"{""name"":""windows_eventchannel""}", , , , , , , , , , , , , , , , , , , , , , , , , , , , , , , 
wazuh-alerts-4.x-2023.05.09,_doc,r8UBAIgBy0XUe2K5AaHP,1,1,10.77.77.77,dc,003,ovelse-siem-server,0x3677203, , , , , , , , , , ,S-1-5-21-2082646183-1217588593-2819094730-500,0x674, , , , , ,4673,0x8010000000000000,{54849625-5478-4994-a5ba-3e3b0328c30d},0,Security,0,"""A privileged service was called.

Subject:
	Security ID:		S-1-5-21-2082646183-1217588593-2819094730-500
	Account Name:		Administrator
	Account Domain:		DJIKSTRA
	Logon ID:		0x3677203

Service:
	Server:	Security
	Service Name:	-

Process:
	Process ID:	0x674
	Process Name:	C:\Windows\System32\svchost.exe

Service Request Information:
	Privileges:		SeTcbPrivilege""",0,2023-05-09T10:13:57.6951546Z,1162761,1252,dc.djikstra.xrg,13056,4,AUDIT_FAILURE,Microsoft-Windows-Security-Auditing,false,4,"[""164.312.b""]","[""10.2.2""]","[""CC6.8"",""CC7.2"",""CC7.3""]",Failed attempt to perform a privileged operation.,"[""windows"",""windows_security""]","[""AC.6"",""AU.14""]","[""IV_32.2""]",298,"[""Valid Accounts""]","[""T1078""]","[""Defense Evasion"",""Persistence"",""Privilege Escalation"",""Initial Access""]",60107, ,windows_eventchannel,log,"May 9, 2023 @ 10:14:05.263",EventChannel,1683627245.13205586,"May 9, 2023 @ 10:14:05.263",C:\\Windows\\System32\\svchost.exe,DJIKSTRA,Security,SeTcbPrivilege,Administrator, , , ,"{""name"":""windows_eventchannel""}", , , , , , , , , , , , , , , , , , , , , , , , , , , , , , , 
wazuh-alerts-4.x-2023.05.09,_doc,sMUBAIgBy0XUe2K5AaHP,1,1,10.77.77.77,dc,003,ovelse-siem-server,0x3677203, , , , , , , , , , ,S-1-5-21-2082646183-1217588593-2819094730-500,0x674, , , , , ,4673,0x8010000000000000,{54849625-5478-4994-a5ba-3e3b0328c30d},0,Security,0,"""A privileged service was called.

Subject:
	Security ID:		S-1-5-21-2082646183-1217588593-2819094730-500
	Account Name:		Administrator
	Account Domain:		DJIKSTRA
	Logon ID:		0x3677203

Service:
	Server:	Security
	Service Name:	-

Process:
	Process ID:	0x674
	Process Name:	C:\Windows\System32\svchost.exe

Service Request Information:
	Privileges:		SeTcbPrivilege""",0,2023-05-09T10:13:57.6955925Z,1162765,1252,dc.djikstra.xrg,13056,4,AUDIT_FAILURE,Microsoft-Windows-Security-Auditing,false,4,"[""164.312.b""]","[""10.2.2""]","[""CC6.8"",""CC7.2"",""CC7.3""]",Failed attempt to perform a privileged operation.,"[""windows"",""windows_security""]","[""AC.6"",""AU.14""]","[""IV_32.2""]",299,"[""Valid Accounts""]","[""T1078""]","[""Defense Evasion"",""Persistence"",""Privilege Escalation"",""Initial Access""]",60107, ,windows_eventchannel,log,"May 9, 2023 @ 10:14:05.306",EventChannel,1683627245.13208356,"May 9, 2023 @ 10:14:05.306",C:\\Windows\\System32\\svchost.exe,DJIKSTRA,Security,SeTcbPrivilege,Administrator, , , ,"{""name"":""windows_eventchannel""}", , , , , , , , , , , , , , , , , , , , , , , , , , , , , , , 
wazuh-alerts-4.x-2023.05.09,_doc,t8UBAIgBy0XUe2K5AaHP,1,1,10.77.77.77,dc,003,ovelse-siem-server,0x3677203, , , , , , , , , , ,S-1-5-21-2082646183-1217588593-2819094730-500,0x674, , , , , ,4673,0x8010000000000000,{54849625-5478-4994-a5ba-3e3b0328c30d},0,Security,0,"""A privileged service was called.

Subject:
	Security ID:		S-1-5-21-2082646183-1217588593-2819094730-500
	Account Name:		Administrator
	Account Domain:		DJIKSTRA
	Logon ID:		0x3677203

Service:
	Server:	Security
	Service Name:	-

Process:
	Process ID:	0x674
	Process Name:	C:\Windows\System32\svchost.exe

Service Request Information:
	Privileges:		SeTcbPrivilege""",0,2023-05-09T10:13:57.6960499Z,1162772,1252,dc.djikstra.xrg,13056,4,AUDIT_FAILURE,Microsoft-Windows-Security-Auditing,false,4,"[""164.312.b""]","[""10.2.2""]","[""CC6.8"",""CC7.2"",""CC7.3""]",Failed attempt to perform a privileged operation.,"[""windows"",""windows_security""]","[""AC.6"",""AU.14""]","[""IV_32.2""]",306,"[""Valid Accounts""]","[""T1078""]","[""Defense Evasion"",""Persistence"",""Privilege Escalation"",""Initial Access""]",60107, ,windows_eventchannel,log,"May 9, 2023 @ 10:14:05.412",EventChannel,1683627245.13227746,"May 9, 2023 @ 10:14:05.412",C:\\Windows\\System32\\svchost.exe,DJIKSTRA,Security,SeTcbPrivilege,Administrator, , , ,"{""name"":""windows_eventchannel""}", , , , , , , , , , , , , , , , , , , , , , , , , , , , , , , 
wazuh-alerts-4.x-2023.05.09,_doc,uMUBAIgBy0XUe2K5AaHP,1,1,10.77.77.77,dc,003,ovelse-siem-server,0x3677203, , , , , , , , , , ,S-1-5-21-2082646183-1217588593-2819094730-500,0x674, , , , , ,4673,0x8010000000000000,{54849625-5478-4994-a5ba-3e3b0328c30d},0,Security,0,"""A privileged service was called.

Subject:
	Security ID:		S-1-5-21-2082646183-1217588593-2819094730-500
	Account Name:		Administrator
	Account Domain:		DJIKSTRA
	Logon ID:		0x3677203

Service:
	Server:	Security
	Service Name:	-

Process:
	Process ID:	0x674
	Process Name:	C:\Windows\System32\svchost.exe

Service Request Information:
	Privileges:		SeTcbPrivilege""",0,2023-05-09T10:13:57.6964181Z,1162775,1252,dc.djikstra.xrg,13056,4,AUDIT_FAILURE,Microsoft-Windows-Security-Auditing,false,4,"[""164.312.b""]","[""10.2.2""]","[""CC6.8"",""CC7.2"",""CC7.3""]",Failed attempt to perform a privileged operation.,"[""windows"",""windows_security""]","[""AC.6"",""AU.14""]","[""IV_32.2""]",307,"[""Valid Accounts""]","[""T1078""]","[""Defense Evasion"",""Persistence"",""Privilege Escalation"",""Initial Access""]",60107, ,windows_eventchannel,log,"May 9, 2023 @ 10:14:05.459",EventChannel,1683627245.13230516,"May 9, 2023 @ 10:14:05.459",C:\\Windows\\System32\\svchost.exe,DJIKSTRA,Security,SeTcbPrivilege,Administrator, , , ,"{""name"":""windows_eventchannel""}", , , , , , , , , , , , , , , , , , , , , , , , , , , , , , , 
wazuh-alerts-4.x-2023.05.09,_doc,usUBAIgBy0XUe2K5AaHP,1,1,10.77.77.77,dc,003,ovelse-siem-server,0x3677203, , , , , , , , , , ,S-1-5-21-2082646183-1217588593-2819094730-500,0x674, , , , , ,4673,0x8010000000000000,{54849625-5478-4994-a5ba-3e3b0328c30d},0,Security,0,"""A privileged service was called.

Subject:
	Security ID:		S-1-5-21-2082646183-1217588593-2819094730-500
	Account Name:		Administrator
	Account Domain:		DJIKSTRA
	Logon ID:		0x3677203

Service:
	Server:	Security
	Service Name:	-

Process:
	Process ID:	0x674
	Process Name:	C:\Windows\System32\svchost.exe

Service Request Information:
	Privileges:		SeTcbPrivilege""",0,2023-05-09T10:13:57.6967082Z,1162777,1252,dc.djikstra.xrg,13056,4,AUDIT_FAILURE,Microsoft-Windows-Security-Auditing,false,4,"[""164.312.b""]","[""10.2.2""]","[""CC6.8"",""CC7.2"",""CC7.3""]",Failed attempt to perform a privileged operation.,"[""windows"",""windows_security""]","[""AC.6"",""AU.14""]","[""IV_32.2""]",309,"[""Valid Accounts""]","[""T1078""]","[""Defense Evasion"",""Persistence"",""Privilege Escalation"",""Initial Access""]",60107, ,windows_eventchannel,log,"May 9, 2023 @ 10:14:05.490",EventChannel,1683627245.13236056,"May 9, 2023 @ 10:14:05.490",C:\\Windows\\System32\\svchost.exe,DJIKSTRA,Security,SeTcbPrivilege,Administrator, , , ,"{""name"":""windows_eventchannel""}", , , , , , , , , , , , , , , , , , , , , , , , , , , , , , , 
wazuh-alerts-4.x-2023.05.09,_doc,vcUBAIgBy0XUe2K5AaHP,1,1,10.77.77.77,dc,003,ovelse-siem-server,0x3677203, , , , , , , , , , ,S-1-5-21-2082646183-1217588593-2819094730-500,0x674, , , , , ,4673,0x8010000000000000,{54849625-5478-4994-a5ba-3e3b0328c30d},0,Security,0,"""A privileged service was called.

Subject:
	Security ID:		S-1-5-21-2082646183-1217588593-2819094730-500
	Account Name:		Administrator
	Account Domain:		DJIKSTRA
	Logon ID:		0x3677203

Service:
	Server:	Security
	Service Name:	-

Process:
	Process ID:	0x674
	Process Name:	C:\Windows\System32\svchost.exe

Service Request Information:
	Privileges:		SeTcbPrivilege""",0,2023-05-09T10:13:57.6968770Z,1162780,1252,dc.djikstra.xrg,13056,4,AUDIT_FAILURE,Microsoft-Windows-Security-Auditing,false,4,"[""164.312.b""]","[""10.2.2""]","[""CC6.8"",""CC7.2"",""CC7.3""]",Failed attempt to perform a privileged operation.,"[""windows"",""windows_security""]","[""AC.6"",""AU.14""]","[""IV_32.2""]",312,"[""Valid Accounts""]","[""T1078""]","[""Defense Evasion"",""Persistence"",""Privilege Escalation"",""Initial Access""]",60107, ,windows_eventchannel,log,"May 9, 2023 @ 10:14:05.550",EventChannel,1683627245.13244366,"May 9, 2023 @ 10:14:05.550",C:\\Windows\\System32\\svchost.exe,DJIKSTRA,Security,SeTcbPrivilege,Administrator, , , ,"{""name"":""windows_eventchannel""}", , , , , , , , , , , , , , , , , , , , , , , , , , , , , , , 
wazuh-alerts-4.x-2023.05.09,_doc,vsUBAIgBy0XUe2K5AaHP,1,1,10.77.77.77,dc,003,ovelse-siem-server,0x3677203, , , , , , , , , , ,S-1-5-21-2082646183-1217588593-2819094730-500,0x674, , , , , ,4673,0x8010000000000000,{54849625-5478-4994-a5ba-3e3b0328c30d},0,Security,0,"""A privileged service was called.

Subject:
	Security ID:		S-1-5-21-2082646183-1217588593-2819094730-500
	Account Name:		Administrator
	Account Domain:		DJIKSTRA
	Logon ID:		0x3677203

Service:
	Server:	Security
	Service Name:	-

Process:
	Process ID:	0x674
	Process Name:	C:\Windows\System32\svchost.exe

Service Request Information:
	Privileges:		SeTcbPrivilege""",0,2023-05-09T10:13:57.6970676Z,1162782,1252,dc.djikstra.xrg,13056,4,AUDIT_FAILURE,Microsoft-Windows-Security-Auditing,false,4,"[""164.312.b""]","[""10.2.2""]","[""CC6.8"",""CC7.2"",""CC7.3""]",Failed attempt to perform a privileged operation.,"[""windows"",""windows_security""]","[""AC.6"",""AU.14""]","[""IV_32.2""]",313,"[""Valid Accounts""]","[""T1078""]","[""Defense Evasion"",""Persistence"",""Privilege Escalation"",""Initial Access""]",60107, ,windows_eventchannel,log,"May 9, 2023 @ 10:14:05.594",EventChannel,1683627245.13247136,"May 9, 2023 @ 10:14:05.594",C:\\Windows\\System32\\svchost.exe,DJIKSTRA,Security,SeTcbPrivilege,Administrator, , , ,"{""name"":""windows_eventchannel""}", , , , , , , , , , , , , , , , , , , , , , , , , , , , , , , 
wazuh-alerts-4.x-2023.05.09,_doc,w8UBAIgBy0XUe2K5AaHP,1,1,10.77.77.77,dc,003,ovelse-siem-server,0x3677203, , , , , , , , , , ,S-1-5-21-2082646183-1217588593-2819094730-500,0x674, , , , , ,4673,0x8010000000000000,{54849625-5478-4994-a5ba-3e3b0328c30d},0,Security,0,"""A privileged service was called.

Subject:
	Security ID:		S-1-5-21-2082646183-1217588593-2819094730-500
	Account Name:		Administrator
	Account Domain:		DJIKSTRA
	Logon ID:		0x3677203

Service:
	Server:	Security
	Service Name:	-

Process:
	Process ID:	0x674
	Process Name:	C:\Windows\System32\svchost.exe

Service Request Information:
	Privileges:		SeTcbPrivilege""",0,2023-05-09T10:13:57.6974412Z,1162785,1252,dc.djikstra.xrg,13056,4,AUDIT_FAILURE,Microsoft-Windows-Security-Auditing,false,4,"[""164.312.b""]","[""10.2.2""]","[""CC6.8"",""CC7.2"",""CC7.3""]",Failed attempt to perform a privileged operation.,"[""windows"",""windows_security""]","[""AC.6"",""AU.14""]","[""IV_32.2""]",318,"[""Valid Accounts""]","[""T1078""]","[""Defense Evasion"",""Persistence"",""Privilege Escalation"",""Initial Access""]",60107, ,windows_eventchannel,log,"May 9, 2023 @ 10:14:05.638",EventChannel,1683627245.13260986,"May 9, 2023 @ 10:14:05.638",C:\\Windows\\System32\\svchost.exe,DJIKSTRA,Security,SeTcbPrivilege,Administrator, , , ,"{""name"":""windows_eventchannel""}", , , , , , , , , , , , , , , , , , , , , , , , , , , , , , , 
wazuh-alerts-4.x-2023.05.09,_doc,xcUBAIgBy0XUe2K5AaHP,1,1,10.77.77.77,dc,003,ovelse-siem-server,0x3677203, , , , , , , , , , ,S-1-5-21-2082646183-1217588593-2819094730-500,0x674, , , , , ,4673,0x8010000000000000,{54849625-5478-4994-a5ba-3e3b0328c30d},0,Security,0,"""A privileged service was called.

Subject:
	Security ID:		S-1-5-21-2082646183-1217588593-2819094730-500
	Account Name:		Administrator
	Account Domain:		DJIKSTRA
	Logon ID:		0x3677203

Service:
	Server:	Security
	Service Name:	-

Process:
	Process ID:	0x674
	Process Name:	C:\Windows\System32\svchost.exe

Service Request Information:
	Privileges:		SeTcbPrivilege""",0,2023-05-09T10:13:57.6977450Z,1162788,1252,dc.djikstra.xrg,13056,4,AUDIT_FAILURE,Microsoft-Windows-Security-Auditing,false,4,"[""164.312.b""]","[""10.2.2""]","[""CC6.8"",""CC7.2"",""CC7.3""]",Failed attempt to perform a privileged operation.,"[""windows"",""windows_security""]","[""AC.6"",""AU.14""]","[""IV_32.2""]",320,"[""Valid Accounts""]","[""T1078""]","[""Defense Evasion"",""Persistence"",""Privilege Escalation"",""Initial Access""]",60107, ,windows_eventchannel,log,"May 9, 2023 @ 10:14:05.662",EventChannel,1683627245.13266526,"May 9, 2023 @ 10:14:05.662",C:\\Windows\\System32\\svchost.exe,DJIKSTRA,Security,SeTcbPrivilege,Administrator, , , ,"{""name"":""windows_eventchannel""}", , , , , , , , , , , , , , , , , , , , , , , , , , , , , , , 
wazuh-alerts-4.x-2023.05.09,_doc,xsUBAIgBy0XUe2K5AaHP,1,1,10.77.77.77,dc,003,ovelse-siem-server,0x3677203, , , , , , , , , , ,S-1-5-21-2082646183-1217588593-2819094730-500,0x674, , , , , ,4673,0x8010000000000000,{54849625-5478-4994-a5ba-3e3b0328c30d},0,Security,0,"""A privileged service was called.

Subject:
	Security ID:		S-1-5-21-2082646183-1217588593-2819094730-500
	Account Name:		Administrator
	Account Domain:		DJIKSTRA
	Logon ID:		0x3677203

Service:
	Server:	Security
	Service Name:	-

Process:
	Process ID:	0x674
	Process Name:	C:\Windows\System32\svchost.exe

Service Request Information:
	Privileges:		SeTcbPrivilege""",0,2023-05-09T10:13:57.6980344Z,1162790,1252,dc.djikstra.xrg,13056,4,AUDIT_FAILURE,Microsoft-Windows-Security-Auditing,false,4,"[""164.312.b""]","[""10.2.2""]","[""CC6.8"",""CC7.2"",""CC7.3""]",Failed attempt to perform a privileged operation.,"[""windows"",""windows_security""]","[""AC.6"",""AU.14""]","[""IV_32.2""]",321,"[""Valid Accounts""]","[""T1078""]","[""Defense Evasion"",""Persistence"",""Privilege Escalation"",""Initial Access""]",60107, ,windows_eventchannel,log,"May 9, 2023 @ 10:14:05.706",EventChannel,1683627245.13269296,"May 9, 2023 @ 10:14:05.706",C:\\Windows\\System32\\svchost.exe,DJIKSTRA,Security,SeTcbPrivilege,Administrator, , , ,"{""name"":""windows_eventchannel""}", , , , , , , , , , , , , , , , , , , , , , , , , , , , , , , 
wazuh-alerts-4.x-2023.05.09,_doc,x8UBAIgBy0XUe2K5AaHP,1,1,10.77.77.77,dc,003,ovelse-siem-server,0x3677203, , , , , , , , , , ,S-1-5-21-2082646183-1217588593-2819094730-500,0x674, , , , , ,4673,0x8010000000000000,{54849625-5478-4994-a5ba-3e3b0328c30d},0,Security,0,"""A privileged service was called.

Subject:
	Security ID:		S-1-5-21-2082646183-1217588593-2819094730-500
	Account Name:		Administrator
	Account Domain:		DJIKSTRA
	Logon ID:		0x3677203

Service:
	Server:	Security
	Service Name:	-

Process:
	Process ID:	0x674
	Process Name:	C:\Windows\System32\svchost.exe

Service Request Information:
	Privileges:		SeTcbPrivilege""",0,2023-05-09T10:13:57.6979154Z,1162789,1252,dc.djikstra.xrg,13056,4,AUDIT_FAILURE,Microsoft-Windows-Security-Auditing,false,4,"[""164.312.b""]","[""10.2.2""]","[""CC6.8"",""CC7.2"",""CC7.3""]",Failed attempt to perform a privileged operation.,"[""windows"",""windows_security""]","[""AC.6"",""AU.14""]","[""IV_32.2""]",322,"[""Valid Accounts""]","[""T1078""]","[""Defense Evasion"",""Persistence"",""Privilege Escalation"",""Initial Access""]",60107, ,windows_eventchannel,log,"May 9, 2023 @ 10:14:05.706",EventChannel,1683627245.13272066,"May 9, 2023 @ 10:14:05.706",C:\\Windows\\System32\\svchost.exe,DJIKSTRA,Security,SeTcbPrivilege,Administrator, , , ,"{""name"":""windows_eventchannel""}", , , , , , , , , , , , , , , , , , , , , , , , , , , , , , , 
wazuh-alerts-4.x-2023.05.09,_doc,zcUBAIgBy0XUe2K5AaHP,1,1,10.77.77.77,dc,003,ovelse-siem-server,0x3677203, , , , , , , , , , ,S-1-5-21-2082646183-1217588593-2819094730-500,0x674, , , , , ,4673,0x8010000000000000,{54849625-5478-4994-a5ba-3e3b0328c30d},0,Security,0,"""A privileged service was called.

Subject:
	Security ID:		S-1-5-21-2082646183-1217588593-2819094730-500
	Account Name:		Administrator
	Account Domain:		DJIKSTRA
	Logon ID:		0x3677203

Service:
	Server:	Security
	Service Name:	-

Process:
	Process ID:	0x674
	Process Name:	C:\Windows\System32\svchost.exe

Service Request Information:
	Privileges:		SeTcbPrivilege""",0,2023-05-09T10:13:57.6986459Z,1162795,1252,dc.djikstra.xrg,13056,4,AUDIT_FAILURE,Microsoft-Windows-Security-Auditing,false,4,"[""164.312.b""]","[""10.2.2""]","[""CC6.8"",""CC7.2"",""CC7.3""]",Failed attempt to perform a privileged operation.,"[""windows"",""windows_security""]","[""AC.6"",""AU.14""]","[""IV_32.2""]",328,"[""Valid Accounts""]","[""T1078""]","[""Defense Evasion"",""Persistence"",""Privilege Escalation"",""Initial Access""]",60107, ,windows_eventchannel,log,"May 9, 2023 @ 10:14:05.795",EventChannel,1683627245.13288686,"May 9, 2023 @ 10:14:05.795",C:\\Windows\\System32\\svchost.exe,DJIKSTRA,Security,SeTcbPrivilege,Administrator, , , ,"{""name"":""windows_eventchannel""}", , , , , , , , , , , , , , , , , , , , , , , , , , , , , , , 
wazuh-alerts-4.x-2023.05.09,_doc,E8UBAIgBy0XUe2K5BaLV,1,1,10.77.77.77,dc,003,ovelse-siem-server,0x3677203, , , , , , , , , , ,S-1-5-21-2082646183-1217588593-2819094730-500,0x674, , , , , ,4673,0x8010000000000000,{54849625-5478-4994-a5ba-3e3b0328c30d},0,Security,0,"""A privileged service was called.

Subject:
	Security ID:		S-1-5-21-2082646183-1217588593-2819094730-500
	Account Name:		Administrator
	Account Domain:		DJIKSTRA
	Logon ID:		0x3677203

Service:
	Server:	Security
	Service Name:	-

Process:
	Process ID:	0x674
	Process Name:	C:\Windows\System32\svchost.exe

Service Request Information:
	Privileges:		SeTcbPrivilege""",0,2023-05-09T10:13:57.6989293Z,1162798,1252,dc.djikstra.xrg,13056,4,AUDIT_FAILURE,Microsoft-Windows-Security-Auditing,false,4,"[""164.312.b""]","[""10.2.2""]","[""CC6.8"",""CC7.2"",""CC7.3""]",Failed attempt to perform a privileged operation.,"[""windows"",""windows_security""]","[""AC.6"",""AU.14""]","[""IV_32.2""]",330,"[""Valid Accounts""]","[""T1078""]","[""Defense Evasion"",""Persistence"",""Privilege Escalation"",""Initial Access""]",60107, ,windows_eventchannel,log,"May 9, 2023 @ 10:14:05.818",EventChannel,1683627245.13294226,"May 9, 2023 @ 10:14:05.818",C:\\Windows\\System32\\svchost.exe,DJIKSTRA,Security,SeTcbPrivilege,Administrator, , , ,"{""name"":""windows_eventchannel""}", , , , , , , , , , , , , , , , , , , , , , , , , , , , , , , 
wazuh-alerts-4.x-2023.05.09,_doc,FMUBAIgBy0XUe2K5BaLV,1,1,10.77.77.77,dc,003,ovelse-siem-server,0x3677203, , , , , , , , , , ,S-1-5-21-2082646183-1217588593-2819094730-500,0x674, , , , , ,4673,0x8010000000000000,{54849625-5478-4994-a5ba-3e3b0328c30d},0,Security,0,"""A privileged service was called.

Subject:
	Security ID:		S-1-5-21-2082646183-1217588593-2819094730-500
	Account Name:		Administrator
	Account Domain:		DJIKSTRA
	Logon ID:		0x3677203

Service:
	Server:	Security
	Service Name:	-

Process:
	Process ID:	0x674
	Process Name:	C:\Windows\System32\svchost.exe

Service Request Information:
	Privileges:		SeTcbPrivilege""",0,2023-05-09T10:13:57.6990628Z,1162799,1252,dc.djikstra.xrg,13056,4,AUDIT_FAILURE,Microsoft-Windows-Security-Auditing,false,4,"[""164.312.b""]","[""10.2.2""]","[""CC6.8"",""CC7.2"",""CC7.3""]",Failed attempt to perform a privileged operation.,"[""windows"",""windows_security""]","[""AC.6"",""AU.14""]","[""IV_32.2""]",331,"[""Valid Accounts""]","[""T1078""]","[""Defense Evasion"",""Persistence"",""Privilege Escalation"",""Initial Access""]",60107, ,windows_eventchannel,log,"May 9, 2023 @ 10:14:05.834",EventChannel,1683627245.13296996,"May 9, 2023 @ 10:14:05.834",C:\\Windows\\System32\\svchost.exe,DJIKSTRA,Security,SeTcbPrivilege,Administrator, , , ,"{""name"":""windows_eventchannel""}", , , , , , , , , , , , , , , , , , , , , , , , , , , , , , , 
wazuh-alerts-4.x-2023.05.09,_doc,FsUBAIgBy0XUe2K5BaLV,1,1,10.77.77.77,dc,003,ovelse-siem-server,0x3677203, , , , , , , , , , ,S-1-5-21-2082646183-1217588593-2819094730-500,0x674, , , , , ,4673,0x8010000000000000,{54849625-5478-4994-a5ba-3e3b0328c30d},0,Security,0,"""A privileged service was called.

Subject:
	Security ID:		S-1-5-21-2082646183-1217588593-2819094730-500
	Account Name:		Administrator
	Account Domain:		DJIKSTRA
	Logon ID:		0x3677203

Service:
	Server:	Security
	Service Name:	-

Process:
	Process ID:	0x674
	Process Name:	C:\Windows\System32\svchost.exe

Service Request Information:
	Privileges:		SeTcbPrivilege""",0,2023-05-09T10:13:57.6992428Z,1162801,1252,dc.djikstra.xrg,13056,4,AUDIT_FAILURE,Microsoft-Windows-Security-Auditing,false,4,"[""164.312.b""]","[""10.2.2""]","[""CC6.8"",""CC7.2"",""CC7.3""]",Failed attempt to perform a privileged operation.,"[""windows"",""windows_security""]","[""AC.6"",""AU.14""]","[""IV_32.2""]",333,"[""Valid Accounts""]","[""T1078""]","[""Defense Evasion"",""Persistence"",""Privilege Escalation"",""Initial Access""]",60107, ,windows_eventchannel,log,"May 9, 2023 @ 10:14:05.878",EventChannel,1683627245.13302536,"May 9, 2023 @ 10:14:05.878",C:\\Windows\\System32\\svchost.exe,DJIKSTRA,Security,SeTcbPrivilege,Administrator, , , ,"{""name"":""windows_eventchannel""}", , , , , , , , , , , , , , , , , , , , , , , , , , , , , , , 
wazuh-alerts-4.x-2023.05.09,_doc,GsUBAIgBy0XUe2K5BaLV,1,1,10.77.77.77,dc,003,ovelse-siem-server,0x3677203, , , , , , , , , , ,S-1-5-21-2082646183-1217588593-2819094730-500,0x674, , , , , ,4673,0x8010000000000000,{54849625-5478-4994-a5ba-3e3b0328c30d},0,Security,0,"""A privileged service was called.

Subject:
	Security ID:		S-1-5-21-2082646183-1217588593-2819094730-500
	Account Name:		Administrator
	Account Domain:		DJIKSTRA
	Logon ID:		0x3677203

Service:
	Server:	Security
	Service Name:	-

Process:
	Process ID:	0x674
	Process Name:	C:\Windows\System32\svchost.exe

Service Request Information:
	Privileges:		SeTcbPrivilege""",0,2023-05-09T10:13:57.6995928Z,1162806,1252,dc.djikstra.xrg,13056,4,AUDIT_FAILURE,Microsoft-Windows-Security-Auditing,false,4,"[""164.312.b""]","[""10.2.2""]","[""CC6.8"",""CC7.2"",""CC7.3""]",Failed attempt to perform a privileged operation.,"[""windows"",""windows_security""]","[""AC.6"",""AU.14""]","[""IV_32.2""]",337,"[""Valid Accounts""]","[""T1078""]","[""Defense Evasion"",""Persistence"",""Privilege Escalation"",""Initial Access""]",60107, ,windows_eventchannel,log,"May 9, 2023 @ 10:14:05.966",EventChannel,1683627245.13313616,"May 9, 2023 @ 10:14:05.966",C:\\Windows\\System32\\svchost.exe,DJIKSTRA,Security,SeTcbPrivilege,Administrator, , , ,"{""name"":""windows_eventchannel""}", , , , , , , , , , , , , , , , , , , , , , , , , , , , , , , 
wazuh-alerts-4.x-2023.05.09,_doc,HMUBAIgBy0XUe2K5BaLV,1,1,10.77.77.77,dc,003,ovelse-siem-server,0x3677203, , , , , , , , , , ,S-1-5-21-2082646183-1217588593-2819094730-500,0x674, , , , , ,4673,0x8010000000000000,{54849625-5478-4994-a5ba-3e3b0328c30d},0,Security,0,"""A privileged service was called.

Subject:
	Security ID:		S-1-5-21-2082646183-1217588593-2819094730-500
	Account Name:		Administrator
	Account Domain:		DJIKSTRA
	Logon ID:		0x3677203

Service:
	Server:	Security
	Service Name:	-

Process:
	Process ID:	0x674
	Process Name:	C:\Windows\System32\svchost.exe

Service Request Information:
	Privileges:		SeTcbPrivilege""",0,2023-05-09T10:13:57.6996879Z,1162807,1252,dc.djikstra.xrg,13056,4,AUDIT_FAILURE,Microsoft-Windows-Security-Auditing,false,4,"[""164.312.b""]","[""10.2.2""]","[""CC6.8"",""CC7.2"",""CC7.3""]",Failed attempt to perform a privileged operation.,"[""windows"",""windows_security""]","[""AC.6"",""AU.14""]","[""IV_32.2""]",339,"[""Valid Accounts""]","[""T1078""]","[""Defense Evasion"",""Persistence"",""Privilege Escalation"",""Initial Access""]",60107, ,windows_eventchannel,log,"May 9, 2023 @ 10:14:05.966",EventChannel,1683627245.13319156,"May 9, 2023 @ 10:14:05.966",C:\\Windows\\System32\\svchost.exe,DJIKSTRA,Security,SeTcbPrivilege,Administrator, , , ,"{""name"":""windows_eventchannel""}", , , , , , , , , , , , , , , , , , , , , , , , , , , , , , , 
wazuh-alerts-4.x-2023.05.09,_doc,HcUBAIgBy0XUe2K5BaLV,1,1,10.77.77.77,dc,003,ovelse-siem-server,0x3677203, , , , , , , , , , ,S-1-5-21-2082646183-1217588593-2819094730-500,0x674, , , , , ,4673,0x8010000000000000,{54849625-5478-4994-a5ba-3e3b0328c30d},0,Security,0,"""A privileged service was called.

Subject:
	Security ID:		S-1-5-21-2082646183-1217588593-2819094730-500
	Account Name:		Administrator
	Account Domain:		DJIKSTRA
	Logon ID:		0x3677203

Service:
	Server:	Security
	Service Name:	-

Process:
	Process ID:	0x674
	Process Name:	C:\Windows\System32\svchost.exe

Service Request Information:
	Privileges:		SeTcbPrivilege""",0,2023-05-09T10:13:57.6997367Z,1162808,1252,dc.djikstra.xrg,13056,4,AUDIT_FAILURE,Microsoft-Windows-Security-Auditing,false,4,"[""164.312.b""]","[""10.2.2""]","[""CC6.8"",""CC7.2"",""CC7.3""]",Failed attempt to perform a privileged operation.,"[""windows"",""windows_security""]","[""AC.6"",""AU.14""]","[""IV_32.2""]",340,"[""Valid Accounts""]","[""T1078""]","[""Defense Evasion"",""Persistence"",""Privilege Escalation"",""Initial Access""]",60107, ,windows_eventchannel,log,"May 9, 2023 @ 10:14:06.010",EventChannel,1683627246.13321926,"May 9, 2023 @ 10:14:06.010",C:\\Windows\\System32\\svchost.exe,DJIKSTRA,Security,SeTcbPrivilege,Administrator, , , ,"{""name"":""windows_eventchannel""}", , , , , , , , , , , , , , , , , , , , , , , , , , , , , , , 
wazuh-alerts-4.x-2023.05.09,_doc,I8UBAIgBy0XUe2K5BaLV,1,1,10.77.77.77,dc,003,ovelse-siem-server,0x3677203, , , , , , , , , , ,S-1-5-21-2082646183-1217588593-2819094730-500,0x674, , , , , ,4673,0x8010000000000000,{54849625-5478-4994-a5ba-3e3b0328c30d},0,Security,0,"""A privileged service was called.

Subject:
	Security ID:		S-1-5-21-2082646183-1217588593-2819094730-500
	Account Name:		Administrator
	Account Domain:		DJIKSTRA
	Logon ID:		0x3677203

Service:
	Server:	Security
	Service Name:	-

Process:
	Process ID:	0x674
	Process Name:	C:\Windows\System32\svchost.exe

Service Request Information:
	Privileges:		SeTcbPrivilege""",0,2023-05-09T10:13:57.7001669Z,1162814,1252,dc.djikstra.xrg,13056,4,AUDIT_FAILURE,Microsoft-Windows-Security-Auditing,false,4,"[""164.312.b""]","[""10.2.2""]","[""CC6.8"",""CC7.2"",""CC7.3""]",Failed attempt to perform a privileged operation.,"[""windows"",""windows_security""]","[""AC.6"",""AU.14""]","[""IV_32.2""]",346,"[""Valid Accounts""]","[""T1078""]","[""Defense Evasion"",""Persistence"",""Privilege Escalation"",""Initial Access""]",60107, ,windows_eventchannel,log,"May 9, 2023 @ 10:14:06.098",EventChannel,1683627246.13338546,"May 9, 2023 @ 10:14:06.098",C:\\Windows\\System32\\svchost.exe,DJIKSTRA,Security,SeTcbPrivilege,Administrator, , , ,"{""name"":""windows_eventchannel""}", , , , , , , , , , , , , , , , , , , , , , , , , , , , , , , 
wazuh-alerts-4.x-2023.05.09,_doc,LMUBAIgBy0XUe2K5BaLV,1,1,10.77.77.77,dc,003,ovelse-siem-server,0x3677203, , , , , , , , , , ,S-1-5-21-2082646183-1217588593-2819094730-500,0x674, , , , , ,4673,0x8010000000000000,{54849625-5478-4994-a5ba-3e3b0328c30d},0,Security,0,"""A privileged service was called.

Subject:
	Security ID:		S-1-5-21-2082646183-1217588593-2819094730-500
	Account Name:		Administrator
	Account Domain:		DJIKSTRA
	Logon ID:		0x3677203

Service:
	Server:	Security
	Service Name:	-

Process:
	Process ID:	0x674
	Process Name:	C:\Windows\System32\svchost.exe

Service Request Information:
	Privileges:		SeTcbPrivilege""",0,2023-05-09T10:13:57.7008516Z,1162823,1252,dc.djikstra.xrg,13056,4,AUDIT_FAILURE,Microsoft-Windows-Security-Auditing,false,4,"[""164.312.b""]","[""10.2.2""]","[""CC6.8"",""CC7.2"",""CC7.3""]",Failed attempt to perform a privileged operation.,"[""windows"",""windows_security""]","[""AC.6"",""AU.14""]","[""IV_32.2""]",355,"[""Valid Accounts""]","[""T1078""]","[""Defense Evasion"",""Persistence"",""Privilege Escalation"",""Initial Access""]",60107, ,windows_eventchannel,log,"May 9, 2023 @ 10:14:06.246",EventChannel,1683627246.13363476,"May 9, 2023 @ 10:14:06.246",C:\\Windows\\System32\\svchost.exe,DJIKSTRA,Security,SeTcbPrivilege,Administrator, , , ,"{""name"":""windows_eventchannel""}", , , , , , , , , , , , , , , , , , , , , , , , , , , , , , , 
wazuh-alerts-4.x-2023.05.09,_doc,L8UBAIgBy0XUe2K5BaLV,1,1,10.77.77.77,dc,003,ovelse-siem-server,0x3677203, , , , , , , , , , ,S-1-5-21-2082646183-1217588593-2819094730-500,0x674, , , , , ,4673,0x8010000000000000,{54849625-5478-4994-a5ba-3e3b0328c30d},0,Security,0,"""A privileged service was called.

Subject:
	Security ID:		S-1-5-21-2082646183-1217588593-2819094730-500
	Account Name:		Administrator
	Account Domain:		DJIKSTRA
	Logon ID:		0x3677203

Service:
	Server:	Security
	Service Name:	-

Process:
	Process ID:	0x674
	Process Name:	C:\Windows\System32\svchost.exe

Service Request Information:
	Privileges:		SeTcbPrivilege""",0,2023-05-09T10:13:57.7009687Z,1162826,1252,dc.djikstra.xrg,13056,4,AUDIT_FAILURE,Microsoft-Windows-Security-Auditing,false,4,"[""164.312.b""]","[""10.2.2""]","[""CC6.8"",""CC7.2"",""CC7.3""]",Failed attempt to perform a privileged operation.,"[""windows"",""windows_security""]","[""AC.6"",""AU.14""]","[""IV_32.2""]",358,"[""Valid Accounts""]","[""T1078""]","[""Defense Evasion"",""Persistence"",""Privilege Escalation"",""Initial Access""]",60107, ,windows_eventchannel,log,"May 9, 2023 @ 10:14:06.256",EventChannel,1683627246.13371786,"May 9, 2023 @ 10:14:06.256",C:\\Windows\\System32\\svchost.exe,DJIKSTRA,Security,SeTcbPrivilege,Administrator, , , ,"{""name"":""windows_eventchannel""}", , , , , , , , , , , , , , , , , , , , , , , , , , , , , , , 
wazuh-alerts-4.x-2023.05.09,_doc,MMUBAIgBy0XUe2K5BaLV,1,1,10.77.77.77,dc,003,ovelse-siem-server,0x3677203, , , , , , , , , , ,S-1-5-21-2082646183-1217588593-2819094730-500,0x674, , , , , ,4673,0x8010000000000000,{54849625-5478-4994-a5ba-3e3b0328c30d},0,Security,0,"""A privileged service was called.

Subject:
	Security ID:		S-1-5-21-2082646183-1217588593-2819094730-500
	Account Name:		Administrator
	Account Domain:		DJIKSTRA
	Logon ID:		0x3677203

Service:
	Server:	Security
	Service Name:	-

Process:
	Process ID:	0x674
	Process Name:	C:\Windows\System32\svchost.exe

Service Request Information:
	Privileges:		SeTcbPrivilege""",0,2023-05-09T10:13:57.7011793Z,1162829,1252,dc.djikstra.xrg,13056,4,AUDIT_FAILURE,Microsoft-Windows-Security-Auditing,false,4,"[""164.312.b""]","[""10.2.2""]","[""CC6.8"",""CC7.2"",""CC7.3""]",Failed attempt to perform a privileged operation.,"[""windows"",""windows_security""]","[""AC.6"",""AU.14""]","[""IV_32.2""]",359,"[""Valid Accounts""]","[""T1078""]","[""Defense Evasion"",""Persistence"",""Privilege Escalation"",""Initial Access""]",60107, ,windows_eventchannel,log,"May 9, 2023 @ 10:14:06.303",EventChannel,1683627246.13374556,"May 9, 2023 @ 10:14:06.303",C:\\Windows\\System32\\svchost.exe,DJIKSTRA,Security,SeTcbPrivilege,Administrator, , , ,"{""name"":""windows_eventchannel""}", , , , , , , , , , , , , , , , , , , , , , , , , , , , , , , 
