wazuh-alerts-4.x-2023.05.09,_doc,FMUCAIgBy0XUe2K5A6MC,1,1,10.77.77.77,dc,003,ovelse-siem-server,0x85afe, , , , , , , , , , ,S-1-5-21-2082646183-1217588593-2819094730-500,0x1f50, , , , , ,4656,0x8010000000000000,{54849625-5478-4994-a5ba-3e3b0328c30d},0,Security,0,"""A handle to an object was requested.

Subject:
	Security ID:		S-1-5-21-2082646183-1217588593-2819094730-500
	Account Name:		Administrator
	Account Domain:		DJIKSTRA
	Logon ID:		0x85AFE

Object:
	Object Server:		Security
	Object Type:		File
	Object Name:		C:\Program Files\Windows Media Player\wmpnscfg.exe
	Handle ID:		0x0
	Resource Attributes:	-

Process Information:
	Process ID:		0x1f50
	Process Name:		C:\Users\Administrator\payload.exe

Access Request Information:
	Transaction ID:		{00000000-0000-0000-0000-000000000000}
	Accesses:		READ_CONTROL
				SYNCHRONIZE
				WriteData (or AddFile)
				AppendData (or AddSubdirectory or CreatePipeInstance)
				WriteEA
				ReadAttributes
				WriteAttributes
				
	Access Reasons:		READ_CONTROL:	Granted by	D:(A;;0x1200a9;;;BA)
				SYNCHRONIZE:	Granted by	D:(A;;0x1200a9;;;BA)
				WriteData (or AddFile):	Not granted
				AppendData (or AddSubdirectory or CreatePipeInstance):	Not granted
				WriteEA:	Not granted
				ReadAttributes:	Granted by ACE on parent folder	D:(A;;0x1301bf;;;BA)
				WriteAttributes:	Not granted
				
	Access Mask:		0x120196
	Privileges Used for Access Check:	-
	Restricted SID Count:	0""",1,2023-05-09T10:15:03.5842946Z,1162955,5976,dc.djikstra.xrg,12800,4,AUDIT_FAILURE,Microsoft-Windows-Security-Auditing,false,5,"[""164.312.b""]","[""10.6.1""]","[""CC7.2"",""CC7.3""]",Windows audit failure event.,"[""windows"",""windows_security""]","[""AU.6""]","[""IV_35.7.d""]",29, , , ,60104, ,windows_eventchannel,log,"May 9, 2023 @ 10:15:09.548",EventChannel,1683627309.13567440,"May 9, 2023 @ 10:15:09.548",C:\\Users\\Administrator\\payload.exe,DJIKSTRA,Security, ,Administrator, , , ,"{""name"":""windows_eventchannel""}", , , , , , , , , , , , , , ,%%1538      %%1541      %%4417      %%4418      %%4420      %%4423      %%4424,%%1538: %%1801\tD:(A;;0x1200a9;;;BA)      %%1541: %%1801\tD:(A;;0x1200a9;;;BA)      %%4417: %%1805      %%4418: %%1805      %%4420: %%1805      %%4423: %%1811\tD:(A;;0x1301bf;;;BA)      %%4424: %%1805,0,{00000000-0000-0000-0000-000000000000},File,C:\\Program Files\\Windows Media Player\\wmpnscfg.exe,0x120196,0x0, , , , , , , , , 
wazuh-alerts-4.x-2023.05.09,_doc,FsUCAIgBy0XUe2K5A6MC,1,1,10.77.77.77,dc,003,ovelse-siem-server,0x85afe, , , , , , , , , , ,S-1-5-21-2082646183-1217588593-2819094730-500,0x1f50, , , , , ,4656,0x8010000000000000,{54849625-5478-4994-a5ba-3e3b0328c30d},0,Security,0,"""A handle to an object was requested.

Subject:
	Security ID:		S-1-5-21-2082646183-1217588593-2819094730-500
	Account Name:		Administrator
	Account Domain:		DJIKSTRA
	Logon ID:		0x85AFE

Object:
	Object Server:		Security
	Object Type:		File
	Object Name:		C:\Program Files\Windows Media Player\wmpshare.exe
	Handle ID:		0x0
	Resource Attributes:	-

Process Information:
	Process ID:		0x1f50
	Process Name:		C:\Users\Administrator\payload.exe

Access Request Information:
	Transaction ID:		{00000000-0000-0000-0000-000000000000}
	Accesses:		READ_CONTROL
				SYNCHRONIZE
				WriteData (or AddFile)
				AppendData (or AddSubdirectory or CreatePipeInstance)
				WriteEA
				ReadAttributes
				WriteAttributes
				
	Access Reasons:		READ_CONTROL:	Granted by	D:(A;;0x1200a9;;;BA)
				SYNCHRONIZE:	Granted by	D:(A;;0x1200a9;;;BA)
				WriteData (or AddFile):	Not granted
				AppendData (or AddSubdirectory or CreatePipeInstance):	Not granted
				WriteEA:	Not granted
				ReadAttributes:	Granted by ACE on parent folder	D:(A;;0x1301bf;;;BA)
				WriteAttributes:	Not granted
				
	Access Mask:		0x120196
	Privileges Used for Access Check:	-
	Restricted SID Count:	0""",1,2023-05-09T10:15:03.5888580Z,1162957,5976,dc.djikstra.xrg,12800,4,AUDIT_FAILURE,Microsoft-Windows-Security-Auditing,false,5,"[""164.312.b""]","[""10.6.1""]","[""CC7.2"",""CC7.3""]",Windows audit failure event.,"[""windows"",""windows_security""]","[""AU.6""]","[""IV_35.7.d""]",31, , , ,60104, ,windows_eventchannel,log,"May 9, 2023 @ 10:15:09.606",EventChannel,1683627309.13578554,"May 9, 2023 @ 10:15:09.606",C:\\Users\\Administrator\\payload.exe,DJIKSTRA,Security, ,Administrator, , , ,"{""name"":""windows_eventchannel""}", , , , , , , , , , , , , , ,%%1538      %%1541      %%4417      %%4418      %%4420      %%4423      %%4424,%%1538: %%1801\tD:(A;;0x1200a9;;;BA)      %%1541: %%1801\tD:(A;;0x1200a9;;;BA)      %%4417: %%1805      %%4418: %%1805      %%4420: %%1805      %%4423: %%1811\tD:(A;;0x1301bf;;;BA)      %%4424: %%1805,0,{00000000-0000-0000-0000-000000000000},File,C:\\Program Files\\Windows Media Player\\wmpshare.exe,0x120196,0x0, , , , , , , , , 
wazuh-alerts-4.x-2023.05.09,_doc,RMUCAIgBy0XUe2K5BqPj,1,1,10.77.77.77,dc,003,ovelse-siem-server,0x85afe, , , , , , , , , , ,S-1-5-21-2082646183-1217588593-2819094730-500,0x1f50, , , , , ,4656,0x8010000000000000,{54849625-5478-4994-a5ba-3e3b0328c30d},0,Security,0,"""A handle to an object was requested.

Subject:
	Security ID:		S-1-5-21-2082646183-1217588593-2819094730-500
	Account Name:		Administrator
	Account Domain:		DJIKSTRA
	Logon ID:		0x85AFE

Object:
	Object Server:		Security
	Object Type:		File
	Object Name:		C:\Program Files\Windows NT\Accessories\wordpad.exe
	Handle ID:		0x0
	Resource Attributes:	-

Process Information:
	Process ID:		0x1f50
	Process Name:		C:\Users\Administrator\payload.exe

Access Request Information:
	Transaction ID:		{00000000-0000-0000-0000-000000000000}
	Accesses:		READ_CONTROL
				SYNCHRONIZE
				WriteData (or AddFile)
				AppendData (or AddSubdirectory or CreatePipeInstance)
				WriteEA
				ReadAttributes
				WriteAttributes
				
	Access Reasons:		READ_CONTROL:	Granted by	D:(A;;0x1200a9;;;BA)
				SYNCHRONIZE:	Granted by	D:(A;;0x1200a9;;;BA)
				WriteData (or AddFile):	Not granted
				AppendData (or AddSubdirectory or CreatePipeInstance):	Not granted
				WriteEA:	Not granted
				ReadAttributes:	Granted by ACE on parent folder	D:(A;;0x1301bf;;;BA)
				WriteAttributes:	Not granted
				
	Access Mask:		0x120196
	Privileges Used for Access Check:	-
	Restricted SID Count:	0""",1,2023-05-09T10:15:03.6510667Z,1162989,5976,dc.djikstra.xrg,12800,4,AUDIT_FAILURE,Microsoft-Windows-Security-Auditing,false,5,"[""164.312.b""]","[""10.6.1""]","[""CC7.2"",""CC7.3""]",Windows audit failure event.,"[""windows"",""windows_security""]","[""AU.6""]","[""IV_35.7.d""]",42, , , ,60104, ,windows_eventchannel,log,"May 9, 2023 @ 10:15:11.731",EventChannel,1683627311.13640263,"May 9, 2023 @ 10:15:11.731",C:\\Users\\Administrator\\payload.exe,DJIKSTRA,Security, ,Administrator, , , ,"{""name"":""windows_eventchannel""}", , , , , , , , , , , , , , ,%%1538      %%1541      %%4417      %%4418      %%4420      %%4423      %%4424,%%1538: %%1801\tD:(A;;0x1200a9;;;BA)      %%1541: %%1801\tD:(A;;0x1200a9;;;BA)      %%4417: %%1805      %%4418: %%1805      %%4420: %%1805      %%4423: %%1811\tD:(A;;0x1301bf;;;BA)      %%4424: %%1805,0,{00000000-0000-0000-0000-000000000000},File,C:\\Program Files\\Windows NT\\Accessories\\wordpad.exe,0x120196,0x0, , , , , , , , , 
wazuh-alerts-4.x-2023.05.09,_doc,XsUCAIgBy0XUe2K5CqPJ,1,1,10.77.77.77,dc,003,ovelse-siem-server,0x85afe, , , , , , , , , , ,S-1-5-21-2082646183-1217588593-2819094730-500,0x1f50, , , , , ,4656,0x8010000000000000,{54849625-5478-4994-a5ba-3e3b0328c30d},0,Security,0,"""A handle to an object was requested.

Subject:
	Security ID:		S-1-5-21-2082646183-1217588593-2819094730-500
	Account Name:		Administrator
	Account Domain:		DJIKSTRA
	Logon ID:		0x85AFE

Object:
	Object Server:		Security
	Object Type:		File
	Object Name:		C:\Program Files\Windows Photo Viewer\ImagingDevices.exe
	Handle ID:		0x0
	Resource Attributes:	-

Process Information:
	Process ID:		0x1f50
	Process Name:		C:\Users\Administrator\payload.exe

Access Request Information:
	Transaction ID:		{00000000-0000-0000-0000-000000000000}
	Accesses:		READ_CONTROL
				SYNCHRONIZE
				WriteData (or AddFile)
				AppendData (or AddSubdirectory or CreatePipeInstance)
				WriteEA
				ReadAttributes
				WriteAttributes
				
	Access Reasons:		READ_CONTROL:	Granted by	D:(A;;0x1200a9;;;BA)
				SYNCHRONIZE:	Granted by	D:(A;;0x1200a9;;;BA)
				WriteData (or AddFile):	Not granted
				AppendData (or AddSubdirectory or CreatePipeInstance):	Not granted
				WriteEA:	Not granted
				ReadAttributes:	Granted by ACE on parent folder	D:(A;;0x1301bf;;;BA)
				WriteAttributes:	Not granted
				
	Access Mask:		0x120196
	Privileges Used for Access Check:	-
	Restricted SID Count:	0""",1,2023-05-09T10:15:03.7211049Z,1162994,5976,dc.djikstra.xrg,12800,4,AUDIT_FAILURE,Microsoft-Windows-Security-Auditing,false,5,"[""164.312.b""]","[""10.6.1""]","[""CC7.2"",""CC7.3""]",Windows audit failure event.,"[""windows"",""windows_security""]","[""AU.6""]","[""IV_35.7.d""]",46, , , ,60104, ,windows_eventchannel,log,"May 9, 2023 @ 10:15:11.818",EventChannel,1683627311.13662779,"May 9, 2023 @ 10:15:11.818",C:\\Users\\Administrator\\payload.exe,DJIKSTRA,Security, ,Administrator, , , ,"{""name"":""windows_eventchannel""}", , , , , , , , , , , , , , ,%%1538      %%1541      %%4417      %%4418      %%4420      %%4423      %%4424,%%1538: %%1801\tD:(A;;0x1200a9;;;BA)      %%1541: %%1801\tD:(A;;0x1200a9;;;BA)      %%4417: %%1805      %%4418: %%1805      %%4420: %%1805      %%4423: %%1811\tD:(A;;0x1301bf;;;BA)      %%4424: %%1805,0,{00000000-0000-0000-0000-000000000000},File,C:\\Program Files\\Windows Photo Viewer\\ImagingDevices.exe,0x120196,0x0, , , , , , , , , 
wazuh-alerts-4.x-2023.05.09,_doc,X8UCAIgBy0XUe2K5CqPJ,1,1,10.77.77.77,dc,003,ovelse-siem-server,0x85afe, , , , , , , , , , ,S-1-5-21-2082646183-1217588593-2819094730-500,0x1f50, , , , , ,4656,0x8010000000000000,{54849625-5478-4994-a5ba-3e3b0328c30d},0,Security,0,"""A handle to an object was requested.

Subject:
	Security ID:		S-1-5-21-2082646183-1217588593-2819094730-500
	Account Name:		Administrator
	Account Domain:		DJIKSTRA
	Logon ID:		0x85AFE

Object:
	Object Server:		Security
	Object Type:		File
	Object Name:		C:\Program Files\Windows NT\TableTextService\TableTextServiceYi.txt
	Handle ID:		0x0
	Resource Attributes:	-

Process Information:
	Process ID:		0x1f50
	Process Name:		C:\Users\Administrator\payload.exe

Access Request Information:
	Transaction ID:		{00000000-0000-0000-0000-000000000000}
	Accesses:		READ_CONTROL
				SYNCHRONIZE
				WriteData (or AddFile)
				AppendData (or AddSubdirectory or CreatePipeInstance)
				WriteEA
				ReadAttributes
				WriteAttributes
				
	Access Reasons:		READ_CONTROL:	Granted by	D:(A;;0x1200a9;;;BA)
				SYNCHRONIZE:	Granted by	D:(A;;0x1200a9;;;BA)
				WriteData (or AddFile):	Not granted
				AppendData (or AddSubdirectory or CreatePipeInstance):	Not granted
				WriteEA:	Not granted
				ReadAttributes:	Granted by ACE on parent folder	D:(A;;0x1301bf;;;BA)
				WriteAttributes:	Not granted
				
	Access Mask:		0x120196
	Privileges Used for Access Check:	-
	Restricted SID Count:	0""",1,2023-05-09T10:15:03.7174074Z,1162993,5976,dc.djikstra.xrg,12800,4,AUDIT_FAILURE,Microsoft-Windows-Security-Auditing,false,5,"[""164.312.b""]","[""10.6.1""]","[""CC7.2"",""CC7.3""]",Windows audit failure event.,"[""windows"",""windows_security""]","[""AU.6""]","[""IV_35.7.d""]",47, , , ,60104, ,windows_eventchannel,log,"May 9, 2023 @ 10:15:11.818",EventChannel,1683627311.13668364,"May 9, 2023 @ 10:15:11.818",C:\\Users\\Administrator\\payload.exe,DJIKSTRA,Security, ,Administrator, , , ,"{""name"":""windows_eventchannel""}", , , , , , , , , , , , , , ,%%1538      %%1541      %%4417      %%4418      %%4420      %%4423      %%4424,%%1538: %%1801\tD:(A;;0x1200a9;;;BA)      %%1541: %%1801\tD:(A;;0x1200a9;;;BA)      %%4417: %%1805      %%4418: %%1805      %%4420: %%1805      %%4423: %%1811\tD:(A;;0x1301bf;;;BA)      %%4424: %%1805,0,{00000000-0000-0000-0000-000000000000},File,C:\\Program Files\\Windows NT\\TableTextService\\TableTextServiceYi.txt,0x120196,0x0, , , , , , , , , 
wazuh-alerts-4.x-2023.05.09,_doc,YsUCAIgBy0XUe2K5CqPJ,1,1,10.77.77.77,dc,003,ovelse-siem-server,0x85afe, , , , , , , , , , ,S-1-5-21-2082646183-1217588593-2819094730-500,0x1f50, , , , , ,4656,0x8010000000000000,{54849625-5478-4994-a5ba-3e3b0328c30d},0,Security,0,"""A handle to an object was requested.

Subject:
	Security ID:		S-1-5-21-2082646183-1217588593-2819094730-500
	Account Name:		Administrator
	Account Domain:		DJIKSTRA
	Logon ID:		0x85AFE

Object:
	Object Server:		Security
	Object Type:		File
	Object Name:		C:\Program Files\WindowsPowerShell\Modules\Pester\3.4.0\en-US\about_Pester.help.txt
	Handle ID:		0x0
	Resource Attributes:	-

Process Information:
	Process ID:		0x1f50
	Process Name:		C:\Users\Administrator\payload.exe

Access Request Information:
	Transaction ID:		{00000000-0000-0000-0000-000000000000}
	Accesses:		READ_CONTROL
				SYNCHRONIZE
				WriteData (or AddFile)
				AppendData (or AddSubdirectory or CreatePipeInstance)
				WriteEA
				ReadAttributes
				WriteAttributes
				
	Access Reasons:		READ_CONTROL:	Granted by	D:(A;;0x1200a9;;;BA)
				SYNCHRONIZE:	Granted by	D:(A;;0x1200a9;;;BA)
				WriteData (or AddFile):	Not granted
				AppendData (or AddSubdirectory or CreatePipeInstance):	Not granted
				WriteEA:	Not granted
				ReadAttributes:	Granted by ACE on parent folder	D:(A;;0x1301bf;;;BA)
				WriteAttributes:	Not granted
				
	Access Mask:		0x120196
	Privileges Used for Access Check:	-
	Restricted SID Count:	0""",1,2023-05-09T10:15:06.7153210Z,1162997,6192,dc.djikstra.xrg,12800,4,AUDIT_FAILURE,Microsoft-Windows-Security-Auditing,false,5,"[""164.312.b""]","[""10.6.1""]","[""CC7.2"",""CC7.3""]",Windows audit failure event.,"[""windows"",""windows_security""]","[""AU.6""]","[""IV_35.7.d""]",50, , , ,60104, ,windows_eventchannel,log,"May 9, 2023 @ 10:15:12.700",EventChannel,1683627312.13685484,"May 9, 2023 @ 10:15:12.700",C:\\Users\\Administrator\\payload.exe,DJIKSTRA,Security, ,Administrator, , , ,"{""name"":""windows_eventchannel""}", , , , , , , , , , , , , , ,%%1538      %%1541      %%4417      %%4418      %%4420      %%4423      %%4424,%%1538: %%1801\tD:(A;;0x1200a9;;;BA)      %%1541: %%1801\tD:(A;;0x1200a9;;;BA)      %%4417: %%1805      %%4418: %%1805      %%4420: %%1805      %%4423: %%1811\tD:(A;;0x1301bf;;;BA)      %%4424: %%1805,0,{00000000-0000-0000-0000-000000000000},File,C:\\Program Files\\WindowsPowerShell\\Modules\\Pester\\3.4.0\\en-US\\about_Pester.help.txt,0x120196,0x0, , , , , , , , , 
wazuh-alerts-4.x-2023.05.09,_doc,ecUCAIgBy0XUe2K5DqO-,1,1,10.77.77.77,dc,003,ovelse-siem-server,0x85afe, , , , , , , , , , ,S-1-5-21-2082646183-1217588593-2819094730-500,0x1f50, , , , , ,4656,0x8010000000000000,{54849625-5478-4994-a5ba-3e3b0328c30d},0,Security,0,"""A handle to an object was requested.

Subject:
	Security ID:		S-1-5-21-2082646183-1217588593-2819094730-500
	Account Name:		Administrator
	Account Domain:		DJIKSTRA
	Logon ID:		0x85AFE

Object:
	Object Server:		Security
	Object Type:		File
	Object Name:		C:\Program Files\WindowsPowerShell\Modules\Pester\3.4.0\en-US\about_TestDrive.help.txt
	Handle ID:		0x0
	Resource Attributes:	-

Process Information:
	Process ID:		0x1f50
	Process Name:		C:\Users\Administrator\payload.exe

Access Request Information:
	Transaction ID:		{00000000-0000-0000-0000-000000000000}
	Accesses:		READ_CONTROL
				SYNCHRONIZE
				WriteData (or AddFile)
				AppendData (or AddSubdirectory or CreatePipeInstance)
				WriteEA
				ReadAttributes
				WriteAttributes
				
	Access Reasons:		READ_CONTROL:	Granted by	D:(A;;0x1200a9;;;BA)
				SYNCHRONIZE:	Granted by	D:(A;;0x1200a9;;;BA)
				WriteData (or AddFile):	Not granted
				AppendData (or AddSubdirectory or CreatePipeInstance):	Not granted
				WriteEA:	Not granted
				ReadAttributes:	Granted by ACE on parent folder	D:(A;;0x1301bf;;;BA)
				WriteAttributes:	Not granted
				
	Access Mask:		0x120196
	Privileges Used for Access Check:	-
	Restricted SID Count:	0""",1,2023-05-09T10:15:06.7206032Z,1162999,6192,dc.djikstra.xrg,12800,4,AUDIT_FAILURE,Microsoft-Windows-Security-Auditing,false,5,"[""164.312.b""]","[""10.6.1""]","[""CC7.2"",""CC7.3""]",Windows audit failure event.,"[""windows"",""windows_security""]","[""AU.6""]","[""IV_35.7.d""]",52, , , ,60104, ,windows_eventchannel,log,"May 9, 2023 @ 10:15:12.732",EventChannel,1683627312.13696910,"May 9, 2023 @ 10:15:12.732",C:\\Users\\Administrator\\payload.exe,DJIKSTRA,Security, ,Administrator, , , ,"{""name"":""windows_eventchannel""}", , , , , , , , , , , , , , ,%%1538      %%1541      %%4417      %%4418      %%4420      %%4423      %%4424,%%1538: %%1801\tD:(A;;0x1200a9;;;BA)      %%1541: %%1801\tD:(A;;0x1200a9;;;BA)      %%4417: %%1805      %%4418: %%1805      %%4420: %%1805      %%4423: %%1811\tD:(A;;0x1301bf;;;BA)      %%4424: %%1805,0,{00000000-0000-0000-0000-000000000000},File,C:\\Program Files\\WindowsPowerShell\\Modules\\Pester\\3.4.0\\en-US\\about_TestDrive.help.txt,0x120196,0x0, , , , , , , , , 
wazuh-alerts-4.x-2023.05.09,_doc,4MUBAIgBy0XUe2K52KKi,1,1,10.77.77.77,dc,003,ovelse-siem-server,0x3e7,0x0,%%1833, ,Negotiate,0x3e7,Advapi,{00000000-0000-0000-0000-000000000000},SYSTEM,0,%%1842,S-1-5-18,0x310, ,NT AUTHORITY,S-1-5-18,%%1843,5,4624,0x8020000000000000,{54849625-5478-4994-a5ba-3e3b0328c30d},0,Security,0,"""An account was successfully logged on.

Subject:
	Security ID:		S-1-5-18
	Account Name:		DC$
	Account Domain:		DJIKSTRA
	Logon ID:		0x3E7

Logon Information:
	Logon Type:		5
	Restricted Admin Mode:	-
	Virtual Account:		No
	Elevated Token:		Yes

Impersonation Level:		Impersonation

New Logon:
	Security ID:		S-1-5-18
	Account Name:		SYSTEM
	Account Domain:		NT AUTHORITY
	Logon ID:		0x3E7
	Linked Logon ID:		0x0
	Network Account Name:	-
	Network Account Domain:	-
	Logon GUID:		{00000000-0000-0000-0000-000000000000}

Process Information:
	Process ID:		0x310
	Process Name:		C:\Windows\System32\services.exe

Network Information:
	Workstation Name:	-
	Source Network Address:	-
	Source Port:		-

Detailed Authentication Information:
	Logon Process:		Advapi  
	Authentication Package:	Negotiate
	Transited Services:	-
	Package Name (NTLM only):	-
	Key Length:		0

This event is generated when a logon session is created. It is generated on the computer that was accessed.

The subject fields indicate the account on the local system which requested the logon. This is most commonly a service such as the Server service, or a local process such as Winlogon.exe or Services.exe.

The logon type field indicates the kind of logon that occurred. The most common types are 2 (interactive) and 3 (network).

The New Logon fields indicate the account for whom the new logon was created, i.e. the account that was logged on.

The network fields indicate where a remote logon request originated. Workstation name is not always available and may be left blank in some cases.

The impersonation level field indicates the extent to which a process in the logon session can impersonate.

The authentication information fields provide detailed information about this specific logon request.
	- Logon GUID is a unique identifier that can be used to correlate this event with a KDC event.
	- Transited services indicate which intermediate services have participated in this logon request.
	- Package name indicates which sub-protocol was used among the NTLM protocols.
	- Key length indicates the length of the generated session key. This will be 0 if no session key was requested.""",2,2023-05-09T10:14:54.0753861Z,1162921,944,dc.djikstra.xrg,12544,792,AUDIT_SUCCESS,Microsoft-Windows-Security-Auditing,false,3,"[""164.312.b""]","[""10.2.5""]","[""CC6.8"",""CC7.2"",""CC7.3""]",Windows logon success.,"[""windows"",""windows_security"",""authentication_success""]","[""AC.7"",""AU.14""]","[""IV_32.2""]",43,"[""Valid Accounts""]","[""T1078""]","[""Defense Evasion"",""Persistence"",""Privilege Escalation"",""Initial Access""]",60106,"[""7.1"",""7.2""]",windows_eventchannel,log,"May 9, 2023 @ 10:14:59.972",EventChannel,1683627299.13404875,"May 9, 2023 @ 10:14:59.972",C:\\Windows\\System32\\services.exe,DJIKSTRA, , ,DC$, , , ,"{""name"":""windows_eventchannel""}", , , , , , , , , , , , , , , , , , , , , , , , , , , , , , , 
wazuh-alerts-4.x-2023.05.09,_doc,9sUBAIgBy0XUe2K54KJz,1,1,10.77.77.77,dc,003,ovelse-siem-server,0x85afe, , , , , , , , , , ,S-1-5-21-2082646183-1217588593-2819094730-500,0x1f50, , , , , ,4656,0x8010000000000000,{54849625-5478-4994-a5ba-3e3b0328c30d},0,Security,0,"""A handle to an object was requested.

Subject:
	Security ID:		S-1-5-21-2082646183-1217588593-2819094730-500
	Account Name:		Administrator
	Account Domain:		DJIKSTRA
	Logon ID:		0x85AFE

Object:
	Object Server:		Security
	Object Type:		File
	Object Name:		C:\Program Files\Internet Explorer\iexplore.exe
	Handle ID:		0x0
	Resource Attributes:	-

Process Information:
	Process ID:		0x1f50
	Process Name:		C:\Users\Administrator\payload.exe

Access Request Information:
	Transaction ID:		{00000000-0000-0000-0000-000000000000}
	Accesses:		READ_CONTROL
				SYNCHRONIZE
				WriteData (or AddFile)
				AppendData (or AddSubdirectory or CreatePipeInstance)
				WriteEA
				ReadAttributes
				WriteAttributes
				
	Access Reasons:		READ_CONTROL:	Granted by	D:(A;;0x1200a9;;;BA)
				SYNCHRONIZE:	Granted by	D:(A;;0x1200a9;;;BA)
				WriteData (or AddFile):	Not granted
				AppendData (or AddSubdirectory or CreatePipeInstance):	Not granted
				WriteEA:	Not granted
				ReadAttributes:	Granted by ACE on parent folder	D:(A;;0x1301bf;;;BA)
				WriteAttributes:	Not granted
				
	Access Mask:		0x120196
	Privileges Used for Access Check:	-
	Restricted SID Count:	0""",1,2023-05-09T10:14:56.8896801Z,1162938,8568,dc.djikstra.xrg,12800,4,AUDIT_FAILURE,Microsoft-Windows-Security-Auditing,false,5,"[""164.312.b""]","[""10.6.1""]","[""CC7.2"",""CC7.3""]",Windows audit failure event.,"[""windows"",""windows_security""]","[""AU.6""]","[""IV_35.7.d""]",12, , , ,60104, ,windows_eventchannel,log,"May 9, 2023 @ 10:15:02.729",EventChannel,1683627302.13471154,"May 9, 2023 @ 10:15:02.729",C:\\Users\\Administrator\\payload.exe,DJIKSTRA,Security, ,Administrator, , , ,"{""name"":""windows_eventchannel""}", , , , , , , , , , , , , , ,%%1538      %%1541      %%4417      %%4418      %%4420      %%4423      %%4424,%%1538: %%1801\tD:(A;;0x1200a9;;;BA)      %%1541: %%1801\tD:(A;;0x1200a9;;;BA)      %%4417: %%1805      %%4418: %%1805      %%4420: %%1805      %%4423: %%1811\tD:(A;;0x1301bf;;;BA)      %%4424: %%1805,0,{00000000-0000-0000-0000-000000000000},File,C:\\Program Files\\Internet Explorer\\iexplore.exe,0x120196,0x0, , , , , , , , , 
wazuh-alerts-4.x-2023.05.09,_doc,5MUAAIgBy0XUe2K57qBa,1,1,10.77.77.77,dc,003,ovelse-siem-server,0x0,0x0,%%1833,fe80::f816:3eff:fe23:27bc,Kerberos,0x3676f88,Kerberos,{045aca5a-173e-0b68-1fe8-fe9e5969ef67},DC$,0,%%1842,S-1-0-0,0x0,60883,DC.DJIKSTRA.XRG,S-1-5-18,%%1843,3,4624,0x8020000000000000,{54849625-5478-4994-a5ba-3e3b0328c30d},0,Security,0,"""An account was successfully logged on.

Subject:
	Security ID:		S-1-0-0
	Account Name:		-
	Account Domain:		-
	Logon ID:		0x0

Logon Information:
	Logon Type:		3
	Restricted Admin Mode:	-
	Virtual Account:		No
	Elevated Token:		Yes

Impersonation Level:		Impersonation

New Logon:
	Security ID:		S-1-5-18
	Account Name:		DC$
	Account Domain:		DC.DJIKSTRA.XRG
	Logon ID:		0x3676F88
	Linked Logon ID:		0x0
	Network Account Name:	-
	Network Account Domain:	-
	Logon GUID:		{045aca5a-173e-0b68-1fe8-fe9e5969ef67}

Process Information:
	Process ID:		0x0
	Process Name:		-

Network Information:
	Workstation Name:	-
	Source Network Address:	fe80::f816:3eff:fe23:27bc
	Source Port:		60883

Detailed Authentication Information:
	Logon Process:		Kerberos
	Authentication Package:	Kerberos
	Transited Services:	-
	Package Name (NTLM only):	-
	Key Length:		0

This event is generated when a logon session is created. It is generated on the computer that was accessed.

The subject fields indicate the account on the local system which requested the logon. This is most commonly a service such as the Server service, or a local process such as Winlogon.exe or Services.exe.

The logon type field indicates the kind of logon that occurred. The most common types are 2 (interactive) and 3 (network).

The New Logon fields indicate the account for whom the new logon was created, i.e. the account that was logged on.

The network fields indicate where a remote logon request originated. Workstation name is not always available and may be left blank in some cases.

The impersonation level field indicates the extent to which a process in the logon session can impersonate.

The authentication information fields provide detailed information about this specific logon request.
	- Logon GUID is a unique identifier that can be used to correlate this event with a KDC event.
	- Transited services indicate which intermediate services have participated in this logon request.
	- Package name indicates which sub-protocol was used among the NTLM protocols.
	- Key length indicates the length of the generated session key. This will be 0 if no session key was requested.""",2,2023-05-09T10:13:53.3351986Z,1162641,4164,dc.djikstra.xrg,12544,792,AUDIT_SUCCESS,Microsoft-Windows-Security-Auditing,false,3,"[""164.312.b""]","[""10.2.5""]","[""CC6.8"",""CC7.2"",""CC7.3""]",Windows logon success.,"[""windows"",""windows_security"",""authentication_success""]","[""AC.7"",""AU.14""]","[""IV_32.2""]",39,"[""Valid Accounts""]","[""T1078""]","[""Defense Evasion"",""Persistence"",""Privilege Escalation"",""Initial Access""]",60106,"[""7.1"",""7.2""]",windows_eventchannel,log,"May 9, 2023 @ 10:13:59.362",EventChannel,1683627239.12897022,"May 9, 2023 @ 10:13:59.362", , , , , , , , ,"{""name"":""windows_eventchannel""}", , , , , , , , , , , , , , , , , , , , , , , , , , , , , , , 
wazuh-alerts-4.x-2023.05.09,_doc,5sUAAIgBy0XUe2K57qBa,1,1,10.77.77.77,dc,003,ovelse-siem-server, , , , , ,0x3676fdc, , ,Administrator, , , , , ,DJIKSTRA,S-1-5-21-2082646183-1217588593-2819094730-500, ,3,4634,0x8020000000000000,{54849625-5478-4994-a5ba-3e3b0328c30d},0,Security,0,"""An account was logged off.

Subject:
	Security ID:		S-1-5-21-2082646183-1217588593-2819094730-500
	Account Name:		Administrator
	Account Domain:		DJIKSTRA
	Logon ID:		0x3676FDC

Logon Type:			3

This event is generated when a logon session is destroyed. It may be positively correlated with a logon event using the Logon ID value. Logon IDs are only unique between reboots on the same computer.""",0,2023-05-09T10:13:53.3539337Z,1162647,4164,dc.djikstra.xrg,12545,792,AUDIT_SUCCESS,Microsoft-Windows-Security-Auditing,false,3,"[""164.312.b""]","[""10.2.5""]","[""CC6.8"",""CC7.2"",""CC7.3""]",Windows User Logoff.,"[""windows"",""windows_security""]","[""AC.7"",""AU.14""]","[""IV_32.2""]",31, , , ,60137, ,windows_eventchannel,log,"May 9, 2023 @ 10:13:59.451",EventChannel,1683627239.12911623,"May 9, 2023 @ 10:13:59.451", , , , , , , , ,"{""name"":""windows_eventchannel""}", , , , , , , , , , , , , , , , , , , , , , , , , , , , , , , 
wazuh-alerts-4.x-2023.05.09,_doc,78UAAIgBy0XUe2K5_aAs,1,1,10.77.77.77,dc,003,ovelse-siem-server,0x3677203, , , , , , , , , , ,S-1-5-21-2082646183-1217588593-2819094730-500,0x674, , , , , ,4673,0x8010000000000000,{54849625-5478-4994-a5ba-3e3b0328c30d},0,Security,0,"""A privileged service was called.

Subject:
	Security ID:		S-1-5-21-2082646183-1217588593-2819094730-500
	Account Name:		Administrator
	Account Domain:		DJIKSTRA
	Logon ID:		0x3677203

Service:
	Server:	Security
	Service Name:	-

Process:
	Process ID:	0x674
	Process Name:	C:\Windows\System32\svchost.exe

Service Request Information:
	Privileges:		SeTcbPrivilege""",0,2023-05-09T10:13:57.6813777Z,1162664,6308,dc.djikstra.xrg,13056,4,AUDIT_FAILURE,Microsoft-Windows-Security-Auditing,false,4,"[""164.312.b""]","[""10.2.2""]","[""CC6.8"",""CC7.2"",""CC7.3""]",Failed attempt to perform a privileged operation.,"[""windows"",""windows_security""]","[""AC.6"",""AU.14""]","[""IV_32.2""]",202,"[""Valid Accounts""]","[""T1078""]","[""Defense Evasion"",""Persistence"",""Privilege Escalation"",""Initial Access""]",60107, ,windows_eventchannel,log,"May 9, 2023 @ 10:14:03.724",EventChannel,1683627243.12939666,"May 9, 2023 @ 10:14:03.724",C:\\Windows\\System32\\svchost.exe,DJIKSTRA,Security,SeTcbPrivilege,Administrator, , , ,"{""name"":""windows_eventchannel""}", , , , , , , , , , , , , , , , , , , , , , , , , , , , , , , 
wazuh-alerts-4.x-2023.05.09,_doc,FcUBAIgBy0XUe2K5AaET,1,1,10.77.77.77,dc,003,ovelse-siem-server,0x3677203, , , , , , , , , , ,S-1-5-21-2082646183-1217588593-2819094730-500,0x674, , , , , ,4673,0x8010000000000000,{54849625-5478-4994-a5ba-3e3b0328c30d},0,Security,0,"""A privileged service was called.

Subject:
	Security ID:		S-1-5-21-2082646183-1217588593-2819094730-500
	Account Name:		Administrator
	Account Domain:		DJIKSTRA
	Logon ID:		0x3677203

Service:
	Server:	Security
	Service Name:	-

Process:
	Process ID:	0x674
	Process Name:	C:\Windows\System32\svchost.exe

Service Request Information:
	Privileges:		SeTcbPrivilege""",0,2023-05-09T10:13:57.6829514Z,1162670,6308,dc.djikstra.xrg,13056,4,AUDIT_FAILURE,Microsoft-Windows-Security-Auditing,false,4,"[""164.312.b""]","[""10.2.2""]","[""CC6.8"",""CC7.2"",""CC7.3""]",Failed attempt to perform a privileged operation.,"[""windows"",""windows_security""]","[""AC.6"",""AU.14""]","[""IV_32.2""]",208,"[""Valid Accounts""]","[""T1078""]","[""Defense Evasion"",""Persistence"",""Privilege Escalation"",""Initial Access""]",60107, ,windows_eventchannel,log,"May 9, 2023 @ 10:14:03.854",EventChannel,1683627243.12956286,"May 9, 2023 @ 10:14:03.854",C:\\Windows\\System32\\svchost.exe,DJIKSTRA,Security,SeTcbPrivilege,Administrator, , , ,"{""name"":""windows_eventchannel""}", , , , , , , , , , , , , , , , , , , , , , , , , , , , , , , 
wazuh-alerts-4.x-2023.05.09,_doc,FsUBAIgBy0XUe2K5AaET,1,1,10.77.77.77,dc,003,ovelse-siem-server,0x3677203, , , , , , , , , , ,S-1-5-21-2082646183-1217588593-2819094730-500,0x674, , , , , ,4673,0x8010000000000000,{54849625-5478-4994-a5ba-3e3b0328c30d},0,Security,0,"""A privileged service was called.

Subject:
	Security ID:		S-1-5-21-2082646183-1217588593-2819094730-500
	Account Name:		Administrator
	Account Domain:		DJIKSTRA
	Logon ID:		0x3677203

Service:
	Server:	Security
	Service Name:	-

Process:
	Process ID:	0x674
	Process Name:	C:\Windows\System32\svchost.exe

Service Request Information:
	Privileges:		SeTcbPrivilege""",0,2023-05-09T10:13:57.6833197Z,1162672,6308,dc.djikstra.xrg,13056,4,AUDIT_FAILURE,Microsoft-Windows-Security-Auditing,false,4,"[""164.312.b""]","[""10.2.2""]","[""CC6.8"",""CC7.2"",""CC7.3""]",Failed attempt to perform a privileged operation.,"[""windows"",""windows_security""]","[""AC.6"",""AU.14""]","[""IV_32.2""]",209,"[""Valid Accounts""]","[""T1078""]","[""Defense Evasion"",""Persistence"",""Privilege Escalation"",""Initial Access""]",60107, ,windows_eventchannel,log,"May 9, 2023 @ 10:14:03.854",EventChannel,1683627243.12959056,"May 9, 2023 @ 10:14:03.854",C:\\Windows\\System32\\svchost.exe,DJIKSTRA,Security,SeTcbPrivilege,Administrator, , , ,"{""name"":""windows_eventchannel""}", , , , , , , , , , , , , , , , , , , , , , , , , , , , , , , 
wazuh-alerts-4.x-2023.05.09,_doc,GMUBAIgBy0XUe2K5AaET,1,1,10.77.77.77,dc,003,ovelse-siem-server,0x3677203, , , , , , , , , , ,S-1-5-21-2082646183-1217588593-2819094730-500,0x674, , , , , ,4673,0x8010000000000000,{54849625-5478-4994-a5ba-3e3b0328c30d},0,Security,0,"""A privileged service was called.

Subject:
	Security ID:		S-1-5-21-2082646183-1217588593-2819094730-500
	Account Name:		Administrator
	Account Domain:		DJIKSTRA
	Logon ID:		0x3677203

Service:
	Server:	Security
	Service Name:	-

Process:
	Process ID:	0x674
	Process Name:	C:\Windows\System32\svchost.exe

Service Request Information:
	Privileges:		SeTcbPrivilege""",0,2023-05-09T10:13:57.6837099Z,1162673,6308,dc.djikstra.xrg,13056,4,AUDIT_FAILURE,Microsoft-Windows-Security-Auditing,false,4,"[""164.312.b""]","[""10.2.2""]","[""CC6.8"",""CC7.2"",""CC7.3""]",Failed attempt to perform a privileged operation.,"[""windows"",""windows_security""]","[""AC.6"",""AU.14""]","[""IV_32.2""]",211,"[""Valid Accounts""]","[""T1078""]","[""Defense Evasion"",""Persistence"",""Privilege Escalation"",""Initial Access""]",60107, ,windows_eventchannel,log,"May 9, 2023 @ 10:14:03.865",EventChannel,1683627243.12964596,"May 9, 2023 @ 10:14:03.865",C:\\Windows\\System32\\svchost.exe,DJIKSTRA,Security,SeTcbPrivilege,Administrator, , , ,"{""name"":""windows_eventchannel""}", , , , , , , , , , , , , , , , , , , , , , , , , , , , , , , 
wazuh-alerts-4.x-2023.05.09,_doc,H8UBAIgBy0XUe2K5AaET,1,1,10.77.77.77,dc,003,ovelse-siem-server,0x3677203, , , , , , , , , , ,S-1-5-21-2082646183-1217588593-2819094730-500,0x674, , , , , ,4673,0x8010000000000000,{54849625-5478-4994-a5ba-3e3b0328c30d},0,Security,0,"""A privileged service was called.

Subject:
	Security ID:		S-1-5-21-2082646183-1217588593-2819094730-500
	Account Name:		Administrator
	Account Domain:		DJIKSTRA
	Logon ID:		0x3677203

Service:
	Server:	Security
	Service Name:	-

Process:
	Process ID:	0x674
	Process Name:	C:\Windows\System32\svchost.exe

Service Request Information:
	Privileges:		SeTcbPrivilege""",0,2023-05-09T10:13:57.6850914Z,1162681,6308,dc.djikstra.xrg,13056,4,AUDIT_FAILURE,Microsoft-Windows-Security-Auditing,false,4,"[""164.312.b""]","[""10.2.2""]","[""CC6.8"",""CC7.2"",""CC7.3""]",Failed attempt to perform a privileged operation.,"[""windows"",""windows_security""]","[""AC.6"",""AU.14""]","[""IV_32.2""]",218,"[""Valid Accounts""]","[""T1078""]","[""Defense Evasion"",""Persistence"",""Privilege Escalation"",""Initial Access""]",60107, ,windows_eventchannel,log,"May 9, 2023 @ 10:14:04.010",EventChannel,1683627244.12983986,"May 9, 2023 @ 10:14:04.010",C:\\Windows\\System32\\svchost.exe,DJIKSTRA,Security,SeTcbPrivilege,Administrator, , , ,"{""name"":""windows_eventchannel""}", , , , , , , , , , , , , , , , , , , , , , , , , , , , , , , 
wazuh-alerts-4.x-2023.05.09,_doc,I8UBAIgBy0XUe2K5AaET,1,1,10.77.77.77,dc,003,ovelse-siem-server,0x3677203, , , , , , , , , , ,S-1-5-21-2082646183-1217588593-2819094730-500,0x674, , , , , ,4673,0x8010000000000000,{54849625-5478-4994-a5ba-3e3b0328c30d},0,Security,0,"""A privileged service was called.

Subject:
	Security ID:		S-1-5-21-2082646183-1217588593-2819094730-500
	Account Name:		Administrator
	Account Domain:		DJIKSTRA
	Logon ID:		0x3677203

Service:
	Server:	Security
	Service Name:	-

Process:
	Process ID:	0x674
	Process Name:	C:\Windows\System32\svchost.exe

Service Request Information:
	Privileges:		SeTcbPrivilege""",0,2023-05-09T10:13:57.6857708Z,1162685,6308,dc.djikstra.xrg,13056,4,AUDIT_FAILURE,Microsoft-Windows-Security-Auditing,false,4,"[""164.312.b""]","[""10.2.2""]","[""CC6.8"",""CC7.2"",""CC7.3""]",Failed attempt to perform a privileged operation.,"[""windows"",""windows_security""]","[""AC.6"",""AU.14""]","[""IV_32.2""]",223,"[""Valid Accounts""]","[""T1078""]","[""Defense Evasion"",""Persistence"",""Privilege Escalation"",""Initial Access""]",60107, ,windows_eventchannel,log,"May 9, 2023 @ 10:14:04.054",EventChannel,1683627244.12995066,"May 9, 2023 @ 10:14:04.054",C:\\Windows\\System32\\svchost.exe,DJIKSTRA,Security,SeTcbPrivilege,Administrator, , , ,"{""name"":""windows_eventchannel""}", , , , , , , , , , , , , , , , , , , , , , , , , , , , , , , 
wazuh-alerts-4.x-2023.05.09,_doc,LMUBAIgBy0XUe2K5AaET,1,1,10.77.77.77,dc,003,ovelse-siem-server,0x3677203, , , , , , , , , , ,S-1-5-21-2082646183-1217588593-2819094730-500,0x674, , , , , ,4673,0x8010000000000000,{54849625-5478-4994-a5ba-3e3b0328c30d},0,Security,0,"""A privileged service was called.

Subject:
	Security ID:		S-1-5-21-2082646183-1217588593-2819094730-500
	Account Name:		Administrator
	Account Domain:		DJIKSTRA
	Logon ID:		0x3677203

Service:
	Server:	Security
	Service Name:	-

Process:
	Process ID:	0x674
	Process Name:	C:\Windows\System32\svchost.exe

Service Request Information:
	Privileges:		SeTcbPrivilege""",0,2023-05-09T10:13:57.6868275Z,1162691,6308,dc.djikstra.xrg,13056,4,AUDIT_FAILURE,Microsoft-Windows-Security-Auditing,false,4,"[""164.312.b""]","[""10.2.2""]","[""CC6.8"",""CC7.2"",""CC7.3""]",Failed attempt to perform a privileged operation.,"[""windows"",""windows_security""]","[""AC.6"",""AU.14""]","[""IV_32.2""]",231,"[""Valid Accounts""]","[""T1078""]","[""Defense Evasion"",""Persistence"",""Privilege Escalation"",""Initial Access""]",60107, ,windows_eventchannel,log,"May 9, 2023 @ 10:14:04.186",EventChannel,1683627244.13019996,"May 9, 2023 @ 10:14:04.186",C:\\Windows\\System32\\svchost.exe,DJIKSTRA,Security,SeTcbPrivilege,Administrator, , , ,"{""name"":""windows_eventchannel""}", , , , , , , , , , , , , , , , , , , , , , , , , , , , , , , 
wazuh-alerts-4.x-2023.05.09,_doc,LcUBAIgBy0XUe2K5AaET,1,1,10.77.77.77,dc,003,ovelse-siem-server,0x3677203, , , , , , , , , , ,S-1-5-21-2082646183-1217588593-2819094730-500,0x674, , , , , ,4673,0x8010000000000000,{54849625-5478-4994-a5ba-3e3b0328c30d},0,Security,0,"""A privileged service was called.

Subject:
	Security ID:		S-1-5-21-2082646183-1217588593-2819094730-500
	Account Name:		Administrator
	Account Domain:		DJIKSTRA
	Logon ID:		0x3677203

Service:
	Server:	Security
	Service Name:	-

Process:
	Process ID:	0x674
	Process Name:	C:\Windows\System32\svchost.exe

Service Request Information:
	Privileges:		SeTcbPrivilege""",0,2023-05-09T10:13:57.6871775Z,1162694,6308,dc.djikstra.xrg,13056,4,AUDIT_FAILURE,Microsoft-Windows-Security-Auditing,false,4,"[""164.312.b""]","[""10.2.2""]","[""CC6.8"",""CC7.2"",""CC7.3""]",Failed attempt to perform a privileged operation.,"[""windows"",""windows_security""]","[""AC.6"",""AU.14""]","[""IV_32.2""]",232,"[""Valid Accounts""]","[""T1078""]","[""Defense Evasion"",""Persistence"",""Privilege Escalation"",""Initial Access""]",60107, ,windows_eventchannel,log,"May 9, 2023 @ 10:14:04.230",EventChannel,1683627244.13022766,"May 9, 2023 @ 10:14:04.230",C:\\Windows\\System32\\svchost.exe,DJIKSTRA,Security,SeTcbPrivilege,Administrator, , , ,"{""name"":""windows_eventchannel""}", , , , , , , , , , , , , , , , , , , , , , , , , , , , , , , 
wazuh-alerts-4.x-2023.05.09,_doc,McUBAIgBy0XUe2K5AaET,1,1,10.77.77.77,dc,003,ovelse-siem-server,0x3677203, , , , , , , , , , ,S-1-5-21-2082646183-1217588593-2819094730-500,0x674, , , , , ,4673,0x8010000000000000,{54849625-5478-4994-a5ba-3e3b0328c30d},0,Security,0,"""A privileged service was called.

Subject:
	Security ID:		S-1-5-21-2082646183-1217588593-2819094730-500
	Account Name:		Administrator
	Account Domain:		DJIKSTRA
	Logon ID:		0x3677203

Service:
	Server:	Security
	Service Name:	-

Process:
	Process ID:	0x674
	Process Name:	C:\Windows\System32\svchost.exe

Service Request Information:
	Privileges:		SeTcbPrivilege""",0,2023-05-09T10:13:57.6877496Z,1162698,6308,dc.djikstra.xrg,13056,4,AUDIT_FAILURE,Microsoft-Windows-Security-Auditing,false,4,"[""164.312.b""]","[""10.2.2""]","[""CC6.8"",""CC7.2"",""CC7.3""]",Failed attempt to perform a privileged operation.,"[""windows"",""windows_security""]","[""AC.6"",""AU.14""]","[""IV_32.2""]",236,"[""Valid Accounts""]","[""T1078""]","[""Defense Evasion"",""Persistence"",""Privilege Escalation"",""Initial Access""]",60107, ,windows_eventchannel,log,"May 9, 2023 @ 10:14:04.256",EventChannel,1683627244.13033846,"May 9, 2023 @ 10:14:04.256",C:\\Windows\\System32\\svchost.exe,DJIKSTRA,Security,SeTcbPrivilege,Administrator, , , ,"{""name"":""windows_eventchannel""}", , , , , , , , , , , , , , , , , , , , , , , , , , , , , , , 
wazuh-alerts-4.x-2023.05.09,_doc,NMUBAIgBy0XUe2K5AaET,1,1,10.77.77.77,dc,003,ovelse-siem-server,0x3677203, , , , , , , , , , ,S-1-5-21-2082646183-1217588593-2819094730-500,0x674, , , , , ,4673,0x8010000000000000,{54849625-5478-4994-a5ba-3e3b0328c30d},0,Security,0,"""A privileged service was called.

Subject:
	Security ID:		S-1-5-21-2082646183-1217588593-2819094730-500
	Account Name:		Administrator
	Account Domain:		DJIKSTRA
	Logon ID:		0x3677203

Service:
	Server:	Security
	Service Name:	-

Process:
	Process ID:	0x674
	Process Name:	C:\Windows\System32\svchost.exe

Service Request Information:
	Privileges:		SeTcbPrivilege""",0,2023-05-09T10:13:57.6883835Z,1162702,6308,dc.djikstra.xrg,13056,4,AUDIT_FAILURE,Microsoft-Windows-Security-Auditing,false,4,"[""164.312.b""]","[""10.2.2""]","[""CC6.8"",""CC7.2"",""CC7.3""]",Failed attempt to perform a privileged operation.,"[""windows"",""windows_security""]","[""AC.6"",""AU.14""]","[""IV_32.2""]",239,"[""Valid Accounts""]","[""T1078""]","[""Defense Evasion"",""Persistence"",""Privilege Escalation"",""Initial Access""]",60107, ,windows_eventchannel,log,"May 9, 2023 @ 10:14:04.342",EventChannel,1683627244.13042156,"May 9, 2023 @ 10:14:04.342",C:\\Windows\\System32\\svchost.exe,DJIKSTRA,Security,SeTcbPrivilege,Administrator, , , ,"{""name"":""windows_eventchannel""}", , , , , , , , , , , , , , , , , , , , , , , , , , , , , , , 
wazuh-alerts-4.x-2023.05.09,_doc,NsUBAIgBy0XUe2K5AaET,1,1,10.77.77.77,dc,003,ovelse-siem-server,0x3677203, , , , , , , , , , ,S-1-5-21-2082646183-1217588593-2819094730-500,0x674, , , , , ,4673,0x8010000000000000,{54849625-5478-4994-a5ba-3e3b0328c30d},0,Security,0,"""A privileged service was called.

Subject:
	Security ID:		S-1-5-21-2082646183-1217588593-2819094730-500
	Account Name:		Administrator
	Account Domain:		DJIKSTRA
	Logon ID:		0x3677203

Service:
	Server:	Security
	Service Name:	-

Process:
	Process ID:	0x674
	Process Name:	C:\Windows\System32\svchost.exe

Service Request Information:
	Privileges:		SeTcbPrivilege""",0,2023-05-09T10:13:57.6886711Z,1162703,6308,dc.djikstra.xrg,13056,4,AUDIT_FAILURE,Microsoft-Windows-Security-Auditing,false,4,"[""164.312.b""]","[""10.2.2""]","[""CC6.8"",""CC7.2"",""CC7.3""]",Failed attempt to perform a privileged operation.,"[""windows"",""windows_security""]","[""AC.6"",""AU.14""]","[""IV_32.2""]",241,"[""Valid Accounts""]","[""T1078""]","[""Defense Evasion"",""Persistence"",""Privilege Escalation"",""Initial Access""]",60107, ,windows_eventchannel,log,"May 9, 2023 @ 10:14:04.342",EventChannel,1683627244.13047696,"May 9, 2023 @ 10:14:04.342",C:\\Windows\\System32\\svchost.exe,DJIKSTRA,Security,SeTcbPrivilege,Administrator, , , ,"{""name"":""windows_eventchannel""}", , , , , , , , , , , , , , , , , , , , , , , , , , , , , , , 
wazuh-alerts-4.x-2023.05.09,_doc,O8UBAIgBy0XUe2K5AaET,1,1,10.77.77.77,dc,003,ovelse-siem-server,0x3677203, , , , , , , , , , ,S-1-5-21-2082646183-1217588593-2819094730-500,0x674, , , , , ,4673,0x8010000000000000,{54849625-5478-4994-a5ba-3e3b0328c30d},0,Security,0,"""A privileged service was called.

Subject:
	Security ID:		S-1-5-21-2082646183-1217588593-2819094730-500
	Account Name:		Administrator
	Account Domain:		DJIKSTRA
	Logon ID:		0x3677203

Service:
	Server:	Security
	Service Name:	-

Process:
	Process ID:	0x674
	Process Name:	C:\Windows\System32\svchost.exe

Service Request Information:
	Privileges:		SeTcbPrivilege""",0,2023-05-09T10:13:57.6890776Z,1162708,6308,dc.djikstra.xrg,13056,4,AUDIT_FAILURE,Microsoft-Windows-Security-Auditing,false,4,"[""164.312.b""]","[""10.2.2""]","[""CC6.8"",""CC7.2"",""CC7.3""]",Failed attempt to perform a privileged operation.,"[""windows"",""windows_security""]","[""AC.6"",""AU.14""]","[""IV_32.2""]",246,"[""Valid Accounts""]","[""T1078""]","[""Defense Evasion"",""Persistence"",""Privilege Escalation"",""Initial Access""]",60107, ,windows_eventchannel,log,"May 9, 2023 @ 10:14:04.412",EventChannel,1683627244.13061546,"May 9, 2023 @ 10:14:04.412",C:\\Windows\\System32\\svchost.exe,DJIKSTRA,Security,SeTcbPrivilege,Administrator, , , ,"{""name"":""windows_eventchannel""}", , , , , , , , , , , , , , , , , , , , , , , , , , , , , , , 
wazuh-alerts-4.x-2023.05.09,_doc,P8UBAIgBy0XUe2K5AaET,1,1,10.77.77.77,dc,003,ovelse-siem-server,0x3677203, , , , , , , , , , ,S-1-5-21-2082646183-1217588593-2819094730-500,0x674, , , , , ,4673,0x8010000000000000,{54849625-5478-4994-a5ba-3e3b0328c30d},0,Security,0,"""A privileged service was called.

Subject:
	Security ID:		S-1-5-21-2082646183-1217588593-2819094730-500
	Account Name:		Administrator
	Account Domain:		DJIKSTRA
	Logon ID:		0x3677203

Service:
	Server:	Security
	Service Name:	-

Process:
	Process ID:	0x674
	Process Name:	C:\Windows\System32\svchost.exe

Service Request Information:
	Privileges:		SeTcbPrivilege""",0,2023-05-09T10:13:57.6892476Z,1162711,6308,dc.djikstra.xrg,13056,4,AUDIT_FAILURE,Microsoft-Windows-Security-Auditing,false,4,"[""164.312.b""]","[""10.2.2""]","[""CC6.8"",""CC7.2"",""CC7.3""]",Failed attempt to perform a privileged operation.,"[""windows"",""windows_security""]","[""AC.6"",""AU.14""]","[""IV_32.2""]",250,"[""Valid Accounts""]","[""T1078""]","[""Defense Evasion"",""Persistence"",""Privilege Escalation"",""Initial Access""]",60107, ,windows_eventchannel,log,"May 9, 2023 @ 10:14:04.487",EventChannel,1683627244.13072626,"May 9, 2023 @ 10:14:04.487",C:\\Windows\\System32\\svchost.exe,DJIKSTRA,Security,SeTcbPrivilege,Administrator, , , ,"{""name"":""windows_eventchannel""}", , , , , , , , , , , , , , , , , , , , , , , , , , , , , , , 
wazuh-alerts-4.x-2023.05.09,_doc,QcUBAIgBy0XUe2K5AaET,1,1,10.77.77.77,dc,003,ovelse-siem-server,0x3677203, , , , , , , , , , ,S-1-5-21-2082646183-1217588593-2819094730-500,0x674, , , , , ,4673,0x8010000000000000,{54849625-5478-4994-a5ba-3e3b0328c30d},0,Security,0,"""A privileged service was called.

Subject:
	Security ID:		S-1-5-21-2082646183-1217588593-2819094730-500
	Account Name:		Administrator
	Account Domain:		DJIKSTRA
	Logon ID:		0x3677203

Service:
	Server:	Security
	Service Name:	-

Process:
	Process ID:	0x674
	Process Name:	C:\Windows\System32\svchost.exe

Service Request Information:
	Privileges:		SeTcbPrivilege""",0,2023-05-09T10:13:57.6896047Z,1162713,6308,dc.djikstra.xrg,13056,4,AUDIT_FAILURE,Microsoft-Windows-Security-Auditing,false,4,"[""164.312.b""]","[""10.2.2""]","[""CC6.8"",""CC7.2"",""CC7.3""]",Failed attempt to perform a privileged operation.,"[""windows"",""windows_security""]","[""AC.6"",""AU.14""]","[""IV_32.2""]",252,"[""Valid Accounts""]","[""T1078""]","[""Defense Evasion"",""Persistence"",""Privilege Escalation"",""Initial Access""]",60107, ,windows_eventchannel,log,"May 9, 2023 @ 10:14:04.531",EventChannel,1683627244.13078166,"May 9, 2023 @ 10:14:04.531",C:\\Windows\\System32\\svchost.exe,DJIKSTRA,Security,SeTcbPrivilege,Administrator, , , ,"{""name"":""windows_eventchannel""}", , , , , , , , , , , , , , , , , , , , , , , , , , , , , , , 
wazuh-alerts-4.x-2023.05.09,_doc,QsUBAIgBy0XUe2K5AaET,1,1,10.77.77.77,dc,003,ovelse-siem-server,0x3677203, , , , , , , , , , ,S-1-5-21-2082646183-1217588593-2819094730-500,0x674, , , , , ,4673,0x8010000000000000,{54849625-5478-4994-a5ba-3e3b0328c30d},0,Security,0,"""A privileged service was called.

Subject:
	Security ID:		S-1-5-21-2082646183-1217588593-2819094730-500
	Account Name:		Administrator
	Account Domain:		DJIKSTRA
	Logon ID:		0x3677203

Service:
	Server:	Security
	Service Name:	-

Process:
	Process ID:	0x674
	Process Name:	C:\Windows\System32\svchost.exe

Service Request Information:
	Privileges:		SeTcbPrivilege""",0,2023-05-09T10:13:57.6901656Z,1162717,6308,dc.djikstra.xrg,13056,4,AUDIT_FAILURE,Microsoft-Windows-Security-Auditing,false,4,"[""164.312.b""]","[""10.2.2""]","[""CC6.8"",""CC7.2"",""CC7.3""]",Failed attempt to perform a privileged operation.,"[""windows"",""windows_security""]","[""AC.6"",""AU.14""]","[""IV_32.2""]",253,"[""Valid Accounts""]","[""T1078""]","[""Defense Evasion"",""Persistence"",""Privilege Escalation"",""Initial Access""]",60107, ,windows_eventchannel,log,"May 9, 2023 @ 10:14:04.575",EventChannel,1683627244.13080936,"May 9, 2023 @ 10:14:04.575",C:\\Windows\\System32\\svchost.exe,DJIKSTRA,Security,SeTcbPrivilege,Administrator, , , ,"{""name"":""windows_eventchannel""}", , , , , , , , , , , , , , , , , , , , , , , , , , , , , , , 
wazuh-alerts-4.x-2023.05.09,_doc,RMUBAIgBy0XUe2K5AaET,1,1,10.77.77.77,dc,003,ovelse-siem-server,0x3677203, , , , , , , , , , ,S-1-5-21-2082646183-1217588593-2819094730-500,0x674, , , , , ,4673,0x8010000000000000,{54849625-5478-4994-a5ba-3e3b0328c30d},0,Security,0,"""A privileged service was called.

Subject:
	Security ID:		S-1-5-21-2082646183-1217588593-2819094730-500
	Account Name:		Administrator
	Account Domain:		DJIKSTRA
	Logon ID:		0x3677203

Service:
	Server:	Security
	Service Name:	-

Process:
	Process ID:	0x674
	Process Name:	C:\Windows\System32\svchost.exe

Service Request Information:
	Privileges:		SeTcbPrivilege""",0,2023-05-09T10:13:57.6904181Z,1162719,6308,dc.djikstra.xrg,13056,4,AUDIT_FAILURE,Microsoft-Windows-Security-Auditing,false,4,"[""164.312.b""]","[""10.2.2""]","[""CC6.8"",""CC7.2"",""CC7.3""]",Failed attempt to perform a privileged operation.,"[""windows"",""windows_security""]","[""AC.6"",""AU.14""]","[""IV_32.2""]",255,"[""Valid Accounts""]","[""T1078""]","[""Defense Evasion"",""Persistence"",""Privilege Escalation"",""Initial Access""]",60107, ,windows_eventchannel,log,"May 9, 2023 @ 10:14:04.585",EventChannel,1683627244.13086476,"May 9, 2023 @ 10:14:04.585",C:\\Windows\\System32\\svchost.exe,DJIKSTRA,Security,SeTcbPrivilege,Administrator, , , ,"{""name"":""windows_eventchannel""}", , , , , , , , , , , , , , , , , , , , , , , , , , , , , , , 
