wazuh-alerts-4.x-2023.05.09,_doc,LsUBAIgBy0XUe2K5BaLV,1,1,10.77.77.77,dc,003,ovelse-siem-server,0x3677203, , , , , , , , , , ,S-1-5-21-2082646183-1217588593-2819094730-500,0x674, , , , , ,4673,0x8010000000000000,{54849625-5478-4994-a5ba-3e3b0328c30d},0,Security,0,"""A privileged service was called.

Subject:
	Security ID:		S-1-5-21-2082646183-1217588593-2819094730-500
	Account Name:		Administrator
	Account Domain:		DJIKSTRA
	Logon ID:		0x3677203

Service:
	Server:	Security
	Service Name:	-

Process:
	Process ID:	0x674
	Process Name:	C:\Windows\System32\svchost.exe

Service Request Information:
	Privileges:		SeTcbPrivilege""",0,2023-05-09T10:13:57.7009348Z,1162825,1252,dc.djikstra.xrg,13056,4,AUDIT_FAILURE,Microsoft-Windows-Security-Auditing,false,4,"[""164.312.b""]","[""10.2.2""]","[""CC6.8"",""CC7.2"",""CC7.3""]",Failed attempt to perform a privileged operation.,"[""windows"",""windows_security""]","[""AC.6"",""AU.14""]","[""IV_32.2""]",357,"[""Valid Accounts""]","[""T1078""]","[""Defense Evasion"",""Persistence"",""Privilege Escalation"",""Initial Access""]",60107, ,windows_eventchannel,log,"May 9, 2023 @ 10:14:06.246",EventChannel,1683627246.13369016,"May 9, 2023 @ 10:14:06.246",C:\\Windows\\System32\\svchost.exe,DJIKSTRA,Security,SeTcbPrivilege,Administrator, , , ,"{""name"":""windows_eventchannel""}", , , , , , , , , , , , , , , , , , , , , , , , , , , , , , , 
wazuh-alerts-4.x-2023.05.09,_doc,NsUAAIgBy0XUe2K5jKBS,1,1,10.77.77.77,dc,003,ovelse-siem-server,0x0,0x0,%%1833,::1,Kerberos,0x36767ab,Kerberos,{045aca5a-173e-0b68-1fe8-fe9e5969ef67},DC$,0,%%1842,S-1-0-0,0x0,60880,DC.DJIKSTRA.XRG,S-1-5-18,%%1843,3,4624,0x8020000000000000,{54849625-5478-4994-a5ba-3e3b0328c30d},0,Security,0,"""An account was successfully logged on.

Subject:
	Security ID:		S-1-0-0
	Account Name:		-
	Account Domain:		-
	Logon ID:		0x0

Logon Information:
	Logon Type:		3
	Restricted Admin Mode:	-
	Virtual Account:		No
	Elevated Token:		Yes

Impersonation Level:		Impersonation

New Logon:
	Security ID:		S-1-5-18
	Account Name:		DC$
	Account Domain:		DC.DJIKSTRA.XRG
	Logon ID:		0x36767AB
	Linked Logon ID:		0x0
	Network Account Name:	-
	Network Account Domain:	-
	Logon GUID:		{045aca5a-173e-0b68-1fe8-fe9e5969ef67}

Process Information:
	Process ID:		0x0
	Process Name:		-

Network Information:
	Workstation Name:	-
	Source Network Address:	::1
	Source Port:		60880

Detailed Authentication Information:
	Logon Process:		Kerberos
	Authentication Package:	Kerberos
	Transited Services:	-
	Package Name (NTLM only):	-
	Key Length:		0

This event is generated when a logon session is created. It is generated on the computer that was accessed.

The subject fields indicate the account on the local system which requested the logon. This is most commonly a service such as the Server service, or a local process such as Winlogon.exe or Services.exe.

The logon type field indicates the kind of logon that occurred. The most common types are 2 (interactive) and 3 (network).

The New Logon fields indicate the account for whom the new logon was created, i.e. the account that was logged on.

The network fields indicate where a remote logon request originated. Workstation name is not always available and may be left blank in some cases.

The impersonation level field indicates the extent to which a process in the logon session can impersonate.

The authentication information fields provide detailed information about this specific logon request.
	- Logon GUID is a unique identifier that can be used to correlate this event with a KDC event.
	- Transited services indicate which intermediate services have participated in this logon request.
	- Package name indicates which sub-protocol was used among the NTLM protocols.
	- Key length indicates the length of the generated session key. This will be 0 if no session key was requested.""",2,2023-05-09T10:13:26.5713985Z,1162603,2272,dc.djikstra.xrg,12544,792,AUDIT_SUCCESS,Microsoft-Windows-Security-Auditing,false,3,"[""164.312.b""]","[""10.2.5""]","[""CC6.8"",""CC7.2"",""CC7.3""]",Windows logon success.,"[""windows"",""windows_security"",""authentication_success""]","[""AC.7"",""AU.14""]","[""IV_32.2""]",36,"[""Valid Accounts""]","[""T1078""]","[""Defense Evasion"",""Persistence"",""Privilege Escalation"",""Initial Access""]",60106,"[""7.1"",""7.2""]",windows_eventchannel,log,"May 9, 2023 @ 10:13:32.475",EventChannel,1683627212.12866751,"May 9, 2023 @ 10:13:32.475", , , , , , , , ,"{""name"":""windows_eventchannel""}", , , , , , , , , , , , , , , , , , , , , , , , , , , , , , , 
wazuh-alerts-4.x-2023.05.09,_doc,N8UAAIgBy0XUe2K5jKBS,1,1,10.77.77.77,dc,003,ovelse-siem-server, , , , , ,0x36767ab, , ,DC$, , , , , ,DJIKSTRA,S-1-5-18, ,3,4634,0x8020000000000000,{54849625-5478-4994-a5ba-3e3b0328c30d},0,Security,0,"""An account was logged off.

Subject:
	Security ID:		S-1-5-18
	Account Name:		DC$
	Account Domain:		DJIKSTRA
	Logon ID:		0x36767AB

Logon Type:			3

This event is generated when a logon session is destroyed. It may be positively correlated with a logon event using the Logon ID value. Logon IDs are only unique between reboots on the same computer.""",0,2023-05-09T10:13:26.5794840Z,1162605,5944,dc.djikstra.xrg,12545,792,AUDIT_SUCCESS,Microsoft-Windows-Security-Auditing,false,3,"[""164.312.b""]","[""10.2.5""]","[""CC6.8"",""CC7.2"",""CC7.3""]",Windows User Logoff.,"[""windows"",""windows_security""]","[""AC.7"",""AU.14""]","[""IV_32.2""]",30, , , ,60137, ,windows_eventchannel,log,"May 9, 2023 @ 10:13:32.505",EventChannel,1683627212.12873775,"May 9, 2023 @ 10:13:32.505", , , , , , , , ,"{""name"":""windows_eventchannel""}", , , , , , , , , , , , , , , , , , , , , , , , , , , , , , , 
wazuh-alerts-4.x-2023.05.09,_doc,OMUAAIgBy0XUe2K5jKBS,1,1, ,ovelse-siem-server,000,ovelse-siem-server, , , , , , , , , , , , , , , , , , , , , , , , , , , , , , , , , , ,false,2, , , ,Unknown problem somewhere in the system.,"[""syslog"",""errors""]", , ,53, , , ,1002,"[""4.3""]", ,log,"May 9, 2023 @ 10:13:35.024",/var/log/syslog,1683627215.12876082,"May 9, 2023 @ 10:13:35.024", , , , , ,ovelse-siem-server,opensearch-dashboards,May  9 10:13:33,{},"May  9 10:13:33 ovelse-siem-server opensearch-dashboards[5081]: {""type"":""log"",""@timestamp"":""2023-05-09T10:13:33Z"",""tags"":[""error"",""opensearch"",""data""],""pid"":5081,""message"":""[version_conflict_engine_exception]: [search-telemetry:search-telemetry]: version conflict, required seqNo [1193], primary term [3]. current document has seqNo [1194] and primary term [3]""}", , , , , , , , , , , , , , , , , , , , , , , , , , , , , , 
wazuh-alerts-4.x-2023.05.09,_doc,Q8X__4cBy0XUe2K5oZ51,1,1,10.77.77.77,dc,003,ovelse-siem-server,0x3673ab8, , , , , , , , , , ,S-1-5-21-2082646183-1217588593-2819094730-500,0x674, , , , , ,4673,0x8010000000000000,{54849625-5478-4994-a5ba-3e3b0328c30d},0,Security,0,"""A privileged service was called.

Subject:
	Security ID:		S-1-5-21-2082646183-1217588593-2819094730-500
	Account Name:		Administrator
	Account Domain:		DJIKSTRA
	Logon ID:		0x3673AB8

Service:
	Server:	Security
	Service Name:	-

Process:
	Process ID:	0x674
	Process Name:	C:\Windows\System32\svchost.exe

Service Request Information:
	Privileges:		SeTcbPrivilege""",0,2023-05-09T10:12:27.0354880Z,1162476,6192,dc.djikstra.xrg,13056,4,AUDIT_FAILURE,Microsoft-Windows-Security-Auditing,false,4,"[""164.312.b""]","[""10.2.2""]","[""CC6.8"",""CC7.2"",""CC7.3""]",Failed attempt to perform a privileged operation.,"[""windows"",""windows_security""]","[""AC.6"",""AU.14""]","[""IV_32.2""]",125,"[""Valid Accounts""]","[""T1078""]","[""Defense Evasion"",""Persistence"",""Privilege Escalation"",""Initial Access""]",60107, ,windows_eventchannel,log,"May 9, 2023 @ 10:12:33.830",EventChannel,1683627153.12648286,"May 9, 2023 @ 10:12:33.830",C:\\Windows\\System32\\svchost.exe,DJIKSTRA,Security,SeTcbPrivilege,Administrator, , , ,"{""name"":""windows_eventchannel""}", , , , , , , , , , , , , , , , , , , , , , , , , , , , , , , 
wazuh-alerts-4.x-2023.05.09,_doc,SMX__4cBy0XUe2K5oZ51,1,1,10.77.77.77,dc,003,ovelse-siem-server,0x3673ab8, , , , , , , , , , ,S-1-5-21-2082646183-1217588593-2819094730-500,0x674, , , , , ,4673,0x8010000000000000,{54849625-5478-4994-a5ba-3e3b0328c30d},0,Security,0,"""A privileged service was called.

Subject:
	Security ID:		S-1-5-21-2082646183-1217588593-2819094730-500
	Account Name:		Administrator
	Account Domain:		DJIKSTRA
	Logon ID:		0x3673AB8

Service:
	Server:	Security
	Service Name:	-

Process:
	Process ID:	0x674
	Process Name:	C:\Windows\System32\svchost.exe

Service Request Information:
	Privileges:		SeTcbPrivilege""",0,2023-05-09T10:12:27.0361180Z,1162481,6192,dc.djikstra.xrg,13056,4,AUDIT_FAILURE,Microsoft-Windows-Security-Auditing,false,4,"[""164.312.b""]","[""10.2.2""]","[""CC6.8"",""CC7.2"",""CC7.3""]",Failed attempt to perform a privileged operation.,"[""windows"",""windows_security""]","[""AC.6"",""AU.14""]","[""IV_32.2""]",130,"[""Valid Accounts""]","[""T1078""]","[""Defense Evasion"",""Persistence"",""Privilege Escalation"",""Initial Access""]",60107, ,windows_eventchannel,log,"May 9, 2023 @ 10:12:33.919",EventChannel,1683627153.12662136,"May 9, 2023 @ 10:12:33.919",C:\\Windows\\System32\\svchost.exe,DJIKSTRA,Security,SeTcbPrivilege,Administrator, , , ,"{""name"":""windows_eventchannel""}", , , , , , , , , , , , , , , , , , , , , , , , , , , , , , , 
wazuh-alerts-4.x-2023.05.09,_doc,S8X__4cBy0XUe2K5oZ51,1,1,10.77.77.77,dc,003,ovelse-siem-server,0x3673ab8, , , , , , , , , , ,S-1-5-21-2082646183-1217588593-2819094730-500,0x674, , , , , ,4673,0x8010000000000000,{54849625-5478-4994-a5ba-3e3b0328c30d},0,Security,0,"""A privileged service was called.

Subject:
	Security ID:		S-1-5-21-2082646183-1217588593-2819094730-500
	Account Name:		Administrator
	Account Domain:		DJIKSTRA
	Logon ID:		0x3673AB8

Service:
	Server:	Security
	Service Name:	-

Process:
	Process ID:	0x674
	Process Name:	C:\Windows\System32\svchost.exe

Service Request Information:
	Privileges:		SeTcbPrivilege""",0,2023-05-09T10:12:27.0366929Z,1162484,6192,dc.djikstra.xrg,13056,4,AUDIT_FAILURE,Microsoft-Windows-Security-Auditing,false,4,"[""164.312.b""]","[""10.2.2""]","[""CC6.8"",""CC7.2"",""CC7.3""]",Failed attempt to perform a privileged operation.,"[""windows"",""windows_security""]","[""AC.6"",""AU.14""]","[""IV_32.2""]",133,"[""Valid Accounts""]","[""T1078""]","[""Defense Evasion"",""Persistence"",""Privilege Escalation"",""Initial Access""]",60107, ,windows_eventchannel,log,"May 9, 2023 @ 10:12:33.962",EventChannel,1683627153.12670446,"May 9, 2023 @ 10:12:33.962",C:\\Windows\\System32\\svchost.exe,DJIKSTRA,Security,SeTcbPrivilege,Administrator, , , ,"{""name"":""windows_eventchannel""}", , , , , , , , , , , , , , , , , , , , , , , , , , , , , , , 
wazuh-alerts-4.x-2023.05.09,_doc,T8X__4cBy0XUe2K5oZ51,1,1,10.77.77.77,dc,003,ovelse-siem-server,0x3673ab8, , , , , , , , , , ,S-1-5-21-2082646183-1217588593-2819094730-500,0x674, , , , , ,4673,0x8010000000000000,{54849625-5478-4994-a5ba-3e3b0328c30d},0,Security,0,"""A privileged service was called.

Subject:
	Security ID:		S-1-5-21-2082646183-1217588593-2819094730-500
	Account Name:		Administrator
	Account Domain:		DJIKSTRA
	Logon ID:		0x3673AB8

Service:
	Server:	Security
	Service Name:	-

Process:
	Process ID:	0x674
	Process Name:	C:\Windows\System32\svchost.exe

Service Request Information:
	Privileges:		SeTcbPrivilege""",0,2023-05-09T10:12:27.0370240Z,1162486,6192,dc.djikstra.xrg,13056,4,AUDIT_FAILURE,Microsoft-Windows-Security-Auditing,false,4,"[""164.312.b""]","[""10.2.2""]","[""CC6.8"",""CC7.2"",""CC7.3""]",Failed attempt to perform a privileged operation.,"[""windows"",""windows_security""]","[""AC.6"",""AU.14""]","[""IV_32.2""]",137,"[""Valid Accounts""]","[""T1078""]","[""Defense Evasion"",""Persistence"",""Privilege Escalation"",""Initial Access""]",60107, ,windows_eventchannel,log,"May 9, 2023 @ 10:12:34.007",EventChannel,1683627154.12681526,"May 9, 2023 @ 10:12:34.007",C:\\Windows\\System32\\svchost.exe,DJIKSTRA,Security,SeTcbPrivilege,Administrator, , , ,"{""name"":""windows_eventchannel""}", , , , , , , , , , , , , , , , , , , , , , , , , , , , , , , 
wazuh-alerts-4.x-2023.05.09,_doc,VcX__4cBy0XUe2K5oZ51,1,1,10.77.77.77,dc,003,ovelse-siem-server,0x3673ab8, , , , , , , , , , ,S-1-5-21-2082646183-1217588593-2819094730-500,0x674, , , , , ,4673,0x8010000000000000,{54849625-5478-4994-a5ba-3e3b0328c30d},0,Security,0,"""A privileged service was called.

Subject:
	Security ID:		S-1-5-21-2082646183-1217588593-2819094730-500
	Account Name:		Administrator
	Account Domain:		DJIKSTRA
	Logon ID:		0x3673AB8

Service:
	Server:	Security
	Service Name:	-

Process:
	Process ID:	0x674
	Process Name:	C:\Windows\System32\svchost.exe

Service Request Information:
	Privileges:		SeTcbPrivilege""",0,2023-05-09T10:12:27.0385566Z,1162497,6192,dc.djikstra.xrg,13056,4,AUDIT_FAILURE,Microsoft-Windows-Security-Auditing,false,4,"[""164.312.b""]","[""10.2.2""]","[""CC6.8"",""CC7.2"",""CC7.3""]",Failed attempt to perform a privileged operation.,"[""windows"",""windows_security""]","[""AC.6"",""AU.14""]","[""IV_32.2""]",143,"[""Valid Accounts""]","[""T1078""]","[""Defense Evasion"",""Persistence"",""Privilege Escalation"",""Initial Access""]",60107, ,windows_eventchannel,log,"May 9, 2023 @ 10:12:34.145",EventChannel,1683627154.12698146,"May 9, 2023 @ 10:12:34.145",C:\\Windows\\System32\\svchost.exe,DJIKSTRA,Security,SeTcbPrivilege,Administrator, , , ,"{""name"":""windows_eventchannel""}", , , , , , , , , , , , , , , , , , , , , , , , , , , , , , , 
wazuh-alerts-4.x-2023.05.09,_doc,WcX__4cBy0XUe2K5oZ51,1,1,10.77.77.77,dc,003,ovelse-siem-server,0x3673ab8, , , , , , , , , , ,S-1-5-21-2082646183-1217588593-2819094730-500,0x674, , , , , ,4673,0x8010000000000000,{54849625-5478-4994-a5ba-3e3b0328c30d},0,Security,0,"""A privileged service was called.

Subject:
	Security ID:		S-1-5-21-2082646183-1217588593-2819094730-500
	Account Name:		Administrator
	Account Domain:		DJIKSTRA
	Logon ID:		0x3673AB8

Service:
	Server:	Security
	Service Name:	-

Process:
	Process ID:	0x674
	Process Name:	C:\Windows\System32\svchost.exe

Service Request Information:
	Privileges:		SeTcbPrivilege""",0,2023-05-09T10:12:27.0391455Z,1162500,6192,dc.djikstra.xrg,13056,4,AUDIT_FAILURE,Microsoft-Windows-Security-Auditing,false,4,"[""164.312.b""]","[""10.2.2""]","[""CC6.8"",""CC7.2"",""CC7.3""]",Failed attempt to perform a privileged operation.,"[""windows"",""windows_security""]","[""AC.6"",""AU.14""]","[""IV_32.2""]",147,"[""Valid Accounts""]","[""T1078""]","[""Defense Evasion"",""Persistence"",""Privilege Escalation"",""Initial Access""]",60107, ,windows_eventchannel,log,"May 9, 2023 @ 10:12:34.234",EventChannel,1683627154.12709226,"May 9, 2023 @ 10:12:34.234",C:\\Windows\\System32\\svchost.exe,DJIKSTRA,Security,SeTcbPrivilege,Administrator, , , ,"{""name"":""windows_eventchannel""}", , , , , , , , , , , , , , , , , , , , , , , , , , , , , , , 
wazuh-alerts-4.x-2023.05.09,_doc,X8X__4cBy0XUe2K5oZ51,1,1,10.77.77.77,dc,003,ovelse-siem-server,0x3673ab8, , , , , , , , , , ,S-1-5-21-2082646183-1217588593-2819094730-500,0x674, , , , , ,4673,0x8010000000000000,{54849625-5478-4994-a5ba-3e3b0328c30d},0,Security,0,"""A privileged service was called.

Subject:
	Security ID:		S-1-5-21-2082646183-1217588593-2819094730-500
	Account Name:		Administrator
	Account Domain:		DJIKSTRA
	Logon ID:		0x3673AB8

Service:
	Server:	Security
	Service Name:	-

Process:
	Process ID:	0x674
	Process Name:	C:\Windows\System32\svchost.exe

Service Request Information:
	Privileges:		SeTcbPrivilege""",0,2023-05-09T10:12:27.0401267Z,1162507,6192,dc.djikstra.xrg,13056,4,AUDIT_FAILURE,Microsoft-Windows-Security-Auditing,false,4,"[""164.312.b""]","[""10.2.2""]","[""CC6.8"",""CC7.2"",""CC7.3""]",Failed attempt to perform a privileged operation.,"[""windows"",""windows_security""]","[""AC.6"",""AU.14""]","[""IV_32.2""]",153,"[""Valid Accounts""]","[""T1078""]","[""Defense Evasion"",""Persistence"",""Privilege Escalation"",""Initial Access""]",60107, ,windows_eventchannel,log,"May 9, 2023 @ 10:12:34.301",EventChannel,1683627154.12725846,"May 9, 2023 @ 10:12:34.301",C:\\Windows\\System32\\svchost.exe,DJIKSTRA,Security,SeTcbPrivilege,Administrator, , , ,"{""name"":""windows_eventchannel""}", , , , , , , , , , , , , , , , , , , , , , , , , , , , , , , 
wazuh-alerts-4.x-2023.05.09,_doc,YMX__4cBy0XUe2K5oZ51,1,1,10.77.77.77,dc,003,ovelse-siem-server,0x3673ab8, , , , , , , , , , ,S-1-5-21-2082646183-1217588593-2819094730-500,0x674, , , , , ,4673,0x8010000000000000,{54849625-5478-4994-a5ba-3e3b0328c30d},0,Security,0,"""A privileged service was called.

Subject:
	Security ID:		S-1-5-21-2082646183-1217588593-2819094730-500
	Account Name:		Administrator
	Account Domain:		DJIKSTRA
	Logon ID:		0x3673AB8

Service:
	Server:	Security
	Service Name:	-

Process:
	Process ID:	0x674
	Process Name:	C:\Windows\System32\svchost.exe

Service Request Information:
	Privileges:		SeTcbPrivilege""",0,2023-05-09T10:12:27.0404886Z,1162509,6192,dc.djikstra.xrg,13056,4,AUDIT_FAILURE,Microsoft-Windows-Security-Auditing,false,4,"[""164.312.b""]","[""10.2.2""]","[""CC6.8"",""CC7.2"",""CC7.3""]",Failed attempt to perform a privileged operation.,"[""windows"",""windows_security""]","[""AC.6"",""AU.14""]","[""IV_32.2""]",154,"[""Valid Accounts""]","[""T1078""]","[""Defense Evasion"",""Persistence"",""Privilege Escalation"",""Initial Access""]",60107, ,windows_eventchannel,log,"May 9, 2023 @ 10:12:34.346",EventChannel,1683627154.12728616,"May 9, 2023 @ 10:12:34.346",C:\\Windows\\System32\\svchost.exe,DJIKSTRA,Security,SeTcbPrivilege,Administrator, , , ,"{""name"":""windows_eventchannel""}", , , , , , , , , , , , , , , , , , , , , , , , , , , , , , , 
wazuh-alerts-4.x-2023.05.09,_doc,YsX__4cBy0XUe2K5oZ51,1,1,10.77.77.77,dc,003,ovelse-siem-server,0x3673ab8, , , , , , , , , , ,S-1-5-21-2082646183-1217588593-2819094730-500,0x674, , , , , ,4673,0x8010000000000000,{54849625-5478-4994-a5ba-3e3b0328c30d},0,Security,0,"""A privileged service was called.

Subject:
	Security ID:		S-1-5-21-2082646183-1217588593-2819094730-500
	Account Name:		Administrator
	Account Domain:		DJIKSTRA
	Logon ID:		0x3673AB8

Service:
	Server:	Security
	Service Name:	-

Process:
	Process ID:	0x674
	Process Name:	C:\Windows\System32\svchost.exe

Service Request Information:
	Privileges:		SeTcbPrivilege""",0,2023-05-09T10:12:27.0407524Z,1162511,6192,dc.djikstra.xrg,13056,4,AUDIT_FAILURE,Microsoft-Windows-Security-Auditing,false,4,"[""164.312.b""]","[""10.2.2""]","[""CC6.8"",""CC7.2"",""CC7.3""]",Failed attempt to perform a privileged operation.,"[""windows"",""windows_security""]","[""AC.6"",""AU.14""]","[""IV_32.2""]",156,"[""Valid Accounts""]","[""T1078""]","[""Defense Evasion"",""Persistence"",""Privilege Escalation"",""Initial Access""]",60107, ,windows_eventchannel,log,"May 9, 2023 @ 10:12:34.390",EventChannel,1683627154.12734156,"May 9, 2023 @ 10:12:34.390",C:\\Windows\\System32\\svchost.exe,DJIKSTRA,Security,SeTcbPrivilege,Administrator, , , ,"{""name"":""windows_eventchannel""}", , , , , , , , , , , , , , , , , , , , , , , , , , , , , , , 
wazuh-alerts-4.x-2023.05.09,_doc,ZcX__4cBy0XUe2K5oZ51,1,1,10.77.77.77,dc,003,ovelse-siem-server,0x3673ab8, , , , , , , , , , ,S-1-5-21-2082646183-1217588593-2819094730-500,0x674, , , , , ,4673,0x8010000000000000,{54849625-5478-4994-a5ba-3e3b0328c30d},0,Security,0,"""A privileged service was called.

Subject:
	Security ID:		S-1-5-21-2082646183-1217588593-2819094730-500
	Account Name:		Administrator
	Account Domain:		DJIKSTRA
	Logon ID:		0x3673AB8

Service:
	Server:	Security
	Service Name:	-

Process:
	Process ID:	0x674
	Process Name:	C:\Windows\System32\svchost.exe

Service Request Information:
	Privileges:		SeTcbPrivilege""",0,2023-05-09T10:12:27.0409020Z,1162513,6192,dc.djikstra.xrg,13056,4,AUDIT_FAILURE,Microsoft-Windows-Security-Auditing,false,4,"[""164.312.b""]","[""10.2.2""]","[""CC6.8"",""CC7.2"",""CC7.3""]",Failed attempt to perform a privileged operation.,"[""windows"",""windows_security""]","[""AC.6"",""AU.14""]","[""IV_32.2""]",159,"[""Valid Accounts""]","[""T1078""]","[""Defense Evasion"",""Persistence"",""Privilege Escalation"",""Initial Access""]",60107, ,windows_eventchannel,log,"May 9, 2023 @ 10:12:34.434",EventChannel,1683627154.12742466,"May 9, 2023 @ 10:12:34.434",C:\\Windows\\System32\\svchost.exe,DJIKSTRA,Security,SeTcbPrivilege,Administrator, , , ,"{""name"":""windows_eventchannel""}", , , , , , , , , , , , , , , , , , , , , , , , , , , , , , , 
wazuh-alerts-4.x-2023.05.09,_doc,asX__4cBy0XUe2K5oZ51,1,1,10.77.77.77,dc,003,ovelse-siem-server,0x3673ab8, , , , , , , , , , ,S-1-5-21-2082646183-1217588593-2819094730-500,0x674, , , , , ,4673,0x8010000000000000,{54849625-5478-4994-a5ba-3e3b0328c30d},0,Security,0,"""A privileged service was called.

Subject:
	Security ID:		S-1-5-21-2082646183-1217588593-2819094730-500
	Account Name:		Administrator
	Account Domain:		DJIKSTRA
	Logon ID:		0x3673AB8

Service:
	Server:	Security
	Service Name:	-

Process:
	Process ID:	0x674
	Process Name:	C:\Windows\System32\svchost.exe

Service Request Information:
	Privileges:		SeTcbPrivilege""",0,2023-05-09T10:12:27.0415200Z,1162518,6192,dc.djikstra.xrg,13056,4,AUDIT_FAILURE,Microsoft-Windows-Security-Auditing,false,4,"[""164.312.b""]","[""10.2.2""]","[""CC6.8"",""CC7.2"",""CC7.3""]",Failed attempt to perform a privileged operation.,"[""windows"",""windows_security""]","[""AC.6"",""AU.14""]","[""IV_32.2""]",164,"[""Valid Accounts""]","[""T1078""]","[""Defense Evasion"",""Persistence"",""Privilege Escalation"",""Initial Access""]",60107, ,windows_eventchannel,log,"May 9, 2023 @ 10:12:34.478",EventChannel,1683627154.12756316,"May 9, 2023 @ 10:12:34.478",C:\\Windows\\System32\\svchost.exe,DJIKSTRA,Security,SeTcbPrivilege,Administrator, , , ,"{""name"":""windows_eventchannel""}", , , , , , , , , , , , , , , , , , , , , , , , , , , , , , , 
wazuh-alerts-4.x-2023.05.09,_doc,bMX__4cBy0XUe2K5oZ51,1,1,10.77.77.77,dc,003,ovelse-siem-server,0x3673ab8, , , , , , , , , , ,S-1-5-21-2082646183-1217588593-2819094730-500,0x674, , , , , ,4673,0x8010000000000000,{54849625-5478-4994-a5ba-3e3b0328c30d},0,Security,0,"""A privileged service was called.

Subject:
	Security ID:		S-1-5-21-2082646183-1217588593-2819094730-500
	Account Name:		Administrator
	Account Domain:		DJIKSTRA
	Logon ID:		0x3673AB8

Service:
	Server:	Security
	Service Name:	-

Process:
	Process ID:	0x674
	Process Name:	C:\Windows\System32\svchost.exe

Service Request Information:
	Privileges:		SeTcbPrivilege""",0,2023-05-09T10:12:27.0415526Z,1162519,6192,dc.djikstra.xrg,13056,4,AUDIT_FAILURE,Microsoft-Windows-Security-Auditing,false,4,"[""164.312.b""]","[""10.2.2""]","[""CC6.8"",""CC7.2"",""CC7.3""]",Failed attempt to perform a privileged operation.,"[""windows"",""windows_security""]","[""AC.6"",""AU.14""]","[""IV_32.2""]",166,"[""Valid Accounts""]","[""T1078""]","[""Defense Evasion"",""Persistence"",""Privilege Escalation"",""Initial Access""]",60107, ,windows_eventchannel,log,"May 9, 2023 @ 10:12:34.522",EventChannel,1683627154.12761856,"May 9, 2023 @ 10:12:34.522",C:\\Windows\\System32\\svchost.exe,DJIKSTRA,Security,SeTcbPrivilege,Administrator, , , ,"{""name"":""windows_eventchannel""}", , , , , , , , , , , , , , , , , , , , , , , , , , , , , , , 
wazuh-alerts-4.x-2023.05.09,_doc,dcX__4cBy0XUe2K5oZ62,1,1,10.77.77.77,dc,003,ovelse-siem-server,0x3673ab8, , , , , , , , , , ,S-1-5-21-2082646183-1217588593-2819094730-500,0x674, , , , , ,4673,0x8010000000000000,{54849625-5478-4994-a5ba-3e3b0328c30d},0,Security,0,"""A privileged service was called.

Subject:
	Security ID:		S-1-5-21-2082646183-1217588593-2819094730-500
	Account Name:		Administrator
	Account Domain:		DJIKSTRA
	Logon ID:		0x3673AB8

Service:
	Server:	Security
	Service Name:	-

Process:
	Process ID:	0x674
	Process Name:	C:\Windows\System32\svchost.exe

Service Request Information:
	Privileges:		SeTcbPrivilege""",0,2023-05-09T10:12:27.0429505Z,1162530,6192,dc.djikstra.xrg,13056,4,AUDIT_FAILURE,Microsoft-Windows-Security-Auditing,false,4,"[""164.312.b""]","[""10.2.2""]","[""CC6.8"",""CC7.2"",""CC7.3""]",Failed attempt to perform a privileged operation.,"[""windows"",""windows_security""]","[""AC.6"",""AU.14""]","[""IV_32.2""]",175,"[""Valid Accounts""]","[""T1078""]","[""Defense Evasion"",""Persistence"",""Privilege Escalation"",""Initial Access""]",60107, ,windows_eventchannel,log,"May 9, 2023 @ 10:12:34.682",EventChannel,1683627154.12786786,"May 9, 2023 @ 10:12:34.682",C:\\Windows\\System32\\svchost.exe,DJIKSTRA,Security,SeTcbPrivilege,Administrator, , , ,"{""name"":""windows_eventchannel""}", , , , , , , , , , , , , , , , , , , , , , , , , , , , , , , 
wazuh-alerts-4.x-2023.05.09,_doc,ecX__4cBy0XUe2K5oZ62,1,1,10.77.77.77,dc,003,ovelse-siem-server,0x3673ab8, , , , , , , , , , ,S-1-5-21-2082646183-1217588593-2819094730-500,0x674, , , , , ,4673,0x8010000000000000,{54849625-5478-4994-a5ba-3e3b0328c30d},0,Security,0,"""A privileged service was called.

Subject:
	Security ID:		S-1-5-21-2082646183-1217588593-2819094730-500
	Account Name:		Administrator
	Account Domain:		DJIKSTRA
	Logon ID:		0x3673AB8

Service:
	Server:	Security
	Service Name:	-

Process:
	Process ID:	0x674
	Process Name:	C:\Windows\System32\svchost.exe

Service Request Information:
	Privileges:		SeTcbPrivilege""",0,2023-05-09T10:12:27.0430184Z,1162531,6192,dc.djikstra.xrg,13056,4,AUDIT_FAILURE,Microsoft-Windows-Security-Auditing,false,4,"[""164.312.b""]","[""10.2.2""]","[""CC6.8"",""CC7.2"",""CC7.3""]",Failed attempt to perform a privileged operation.,"[""windows"",""windows_security""]","[""AC.6"",""AU.14""]","[""IV_32.2""]",179,"[""Valid Accounts""]","[""T1078""]","[""Defense Evasion"",""Persistence"",""Privilege Escalation"",""Initial Access""]",60107, ,windows_eventchannel,log,"May 9, 2023 @ 10:12:34.727",EventChannel,1683627154.12797866,"May 9, 2023 @ 10:12:34.727",C:\\Windows\\System32\\svchost.exe,DJIKSTRA,Security,SeTcbPrivilege,Administrator, , , ,"{""name"":""windows_eventchannel""}", , , , , , , , , , , , , , , , , , , , , , , , , , , , , , , 
wazuh-alerts-4.x-2023.05.09,_doc,vsX__4cBy0XUe2K5oZ71,1,1,10.77.77.77,dc,003,ovelse-siem-server,0x3673ab8, , , , , , , , , , ,S-1-5-21-2082646183-1217588593-2819094730-500,0x674, , , , , ,4673,0x8010000000000000,{54849625-5478-4994-a5ba-3e3b0328c30d},0,Security,0,"""A privileged service was called.

Subject:
	Security ID:		S-1-5-21-2082646183-1217588593-2819094730-500
	Account Name:		Administrator
	Account Domain:		DJIKSTRA
	Logon ID:		0x3673AB8

Service:
	Server:	Security
	Service Name:	-

Process:
	Process ID:	0x674
	Process Name:	C:\Windows\System32\svchost.exe

Service Request Information:
	Privileges:		SeTcbPrivilege""",0,2023-05-09T10:12:27.0436402Z,1162537,6192,dc.djikstra.xrg,13056,4,AUDIT_FAILURE,Microsoft-Windows-Security-Auditing,false,4,"[""164.312.b""]","[""10.2.2""]","[""CC6.8"",""CC7.2"",""CC7.3""]",Failed attempt to perform a privileged operation.,"[""windows"",""windows_security""]","[""AC.6"",""AU.14""]","[""IV_32.2""]",183,"[""Valid Accounts""]","[""T1078""]","[""Defense Evasion"",""Persistence"",""Privilege Escalation"",""Initial Access""]",60107, ,windows_eventchannel,log,"May 9, 2023 @ 10:12:34.798",EventChannel,1683627154.12808946,"May 9, 2023 @ 10:12:34.798",C:\\Windows\\System32\\svchost.exe,DJIKSTRA,Security,SeTcbPrivilege,Administrator, , , ,"{""name"":""windows_eventchannel""}", , , , , , , , , , , , , , , , , , , , , , , , , , , , , , , 
wazuh-alerts-4.x-2023.05.09,_doc,v8X__4cBy0XUe2K5oZ71,1,1,10.77.77.77,dc,003,ovelse-siem-server,0x3673ab8, , , , , , , , , , ,S-1-5-21-2082646183-1217588593-2819094730-500,0x674, , , , , ,4673,0x8010000000000000,{54849625-5478-4994-a5ba-3e3b0328c30d},0,Security,0,"""A privileged service was called.

Subject:
	Security ID:		S-1-5-21-2082646183-1217588593-2819094730-500
	Account Name:		Administrator
	Account Domain:		DJIKSTRA
	Logon ID:		0x3673AB8

Service:
	Server:	Security
	Service Name:	-

Process:
	Process ID:	0x674
	Process Name:	C:\Windows\System32\svchost.exe

Service Request Information:
	Privileges:		SeTcbPrivilege""",0,2023-05-09T10:12:27.0439579Z,1162540,6192,dc.djikstra.xrg,13056,4,AUDIT_FAILURE,Microsoft-Windows-Security-Auditing,false,4,"[""164.312.b""]","[""10.2.2""]","[""CC6.8"",""CC7.2"",""CC7.3""]",Failed attempt to perform a privileged operation.,"[""windows"",""windows_security""]","[""AC.6"",""AU.14""]","[""IV_32.2""]",184,"[""Valid Accounts""]","[""T1078""]","[""Defense Evasion"",""Persistence"",""Privilege Escalation"",""Initial Access""]",60107, ,windows_eventchannel,log,"May 9, 2023 @ 10:12:34.843",EventChannel,1683627154.12811716,"May 9, 2023 @ 10:12:34.843",C:\\Windows\\System32\\svchost.exe,DJIKSTRA,Security,SeTcbPrivilege,Administrator, , , ,"{""name"":""windows_eventchannel""}", , , , , , , , , , , , , , , , , , , , , , , , , , , , , , , 
wazuh-alerts-4.x-2023.05.09,_doc,wcX__4cBy0XUe2K5oZ71,1,1,10.77.77.77,dc,003,ovelse-siem-server,0x3673ab8, , , , , , , , , , ,S-1-5-21-2082646183-1217588593-2819094730-500,0x674, , , , , ,4673,0x8010000000000000,{54849625-5478-4994-a5ba-3e3b0328c30d},0,Security,0,"""A privileged service was called.

Subject:
	Security ID:		S-1-5-21-2082646183-1217588593-2819094730-500
	Account Name:		Administrator
	Account Domain:		DJIKSTRA
	Logon ID:		0x3673AB8

Service:
	Server:	Security
	Service Name:	-

Process:
	Process ID:	0x674
	Process Name:	C:\Windows\System32\svchost.exe

Service Request Information:
	Privileges:		SeTcbPrivilege""",0,2023-05-09T10:12:27.0438322Z,1162539,6192,dc.djikstra.xrg,13056,4,AUDIT_FAILURE,Microsoft-Windows-Security-Auditing,false,4,"[""164.312.b""]","[""10.2.2""]","[""CC6.8"",""CC7.2"",""CC7.3""]",Failed attempt to perform a privileged operation.,"[""windows"",""windows_security""]","[""AC.6"",""AU.14""]","[""IV_32.2""]",186,"[""Valid Accounts""]","[""T1078""]","[""Defense Evasion"",""Persistence"",""Privilege Escalation"",""Initial Access""]",60107, ,windows_eventchannel,log,"May 9, 2023 @ 10:12:34.843",EventChannel,1683627154.12817256,"May 9, 2023 @ 10:12:34.843",C:\\Windows\\System32\\svchost.exe,DJIKSTRA,Security,SeTcbPrivilege,Administrator, , , ,"{""name"":""windows_eventchannel""}", , , , , , , , , , , , , , , , , , , , , , , , , , , , , , , 
wazuh-alerts-4.x-2023.05.09,_doc,xsX__4cBy0XUe2K5oZ71,1,1,10.77.77.77,dc,003,ovelse-siem-server,0x3673ab8, , , , , , , , , , ,S-1-5-21-2082646183-1217588593-2819094730-500,0x674, , , , , ,4673,0x8010000000000000,{54849625-5478-4994-a5ba-3e3b0328c30d},0,Security,0,"""A privileged service was called.

Subject:
	Security ID:		S-1-5-21-2082646183-1217588593-2819094730-500
	Account Name:		Administrator
	Account Domain:		DJIKSTRA
	Logon ID:		0x3673AB8

Service:
	Server:	Security
	Service Name:	-

Process:
	Process ID:	0x674
	Process Name:	C:\Windows\System32\svchost.exe

Service Request Information:
	Privileges:		SeTcbPrivilege""",0,2023-05-09T10:12:27.0443966Z,1162544,6192,dc.djikstra.xrg,13056,4,AUDIT_FAILURE,Microsoft-Windows-Security-Auditing,false,4,"[""164.312.b""]","[""10.2.2""]","[""CC6.8"",""CC7.2"",""CC7.3""]",Failed attempt to perform a privileged operation.,"[""windows"",""windows_security""]","[""AC.6"",""AU.14""]","[""IV_32.2""]",190,"[""Valid Accounts""]","[""T1078""]","[""Defense Evasion"",""Persistence"",""Privilege Escalation"",""Initial Access""]",60107, ,windows_eventchannel,log,"May 9, 2023 @ 10:12:34.930",EventChannel,1683627154.12835689,"May 9, 2023 @ 10:12:34.930",C:\\Windows\\System32\\svchost.exe,DJIKSTRA,Security,SeTcbPrivilege,Administrator, , , ,"{""name"":""windows_eventchannel""}", , , , , , , , , , , , , , , , , , , , , , , , , , , , , , , 
wazuh-alerts-4.x-2023.05.09,_doc,x8X__4cBy0XUe2K5oZ71,1,1,10.77.77.77,dc,003,ovelse-siem-server,0x3673ab8, , , , , , , , , , ,S-1-5-21-2082646183-1217588593-2819094730-500,0x674, , , , , ,4673,0x8010000000000000,{54849625-5478-4994-a5ba-3e3b0328c30d},0,Security,0,"""A privileged service was called.

Subject:
	Security ID:		S-1-5-21-2082646183-1217588593-2819094730-500
	Account Name:		Administrator
	Account Domain:		DJIKSTRA
	Logon ID:		0x3673AB8

Service:
	Server:	Security
	Service Name:	-

Process:
	Process ID:	0x674
	Process Name:	C:\Windows\System32\svchost.exe

Service Request Information:
	Privileges:		SeTcbPrivilege""",0,2023-05-09T10:12:27.0444625Z,1162545,6192,dc.djikstra.xrg,13056,4,AUDIT_FAILURE,Microsoft-Windows-Security-Auditing,false,4,"[""164.312.b""]","[""10.2.2""]","[""CC6.8"",""CC7.2"",""CC7.3""]",Failed attempt to perform a privileged operation.,"[""windows"",""windows_security""]","[""AC.6"",""AU.14""]","[""IV_32.2""]",191,"[""Valid Accounts""]","[""T1078""]","[""Defense Evasion"",""Persistence"",""Privilege Escalation"",""Initial Access""]",60107, ,windows_eventchannel,log,"May 9, 2023 @ 10:12:34.930",EventChannel,1683627154.12838459,"May 9, 2023 @ 10:12:34.930",C:\\Windows\\System32\\svchost.exe,DJIKSTRA,Security,SeTcbPrivilege,Administrator, , , ,"{""name"":""windows_eventchannel""}", , , , , , , , , , , , , , , , , , , , , , , , , , , , , , , 
wazuh-alerts-4.x-2023.05.09,_doc,BsX__4cBy0XUe2K5pp8A,1,1,10.77.77.77,dc,003,ovelse-siem-server, , , , , ,0x367374d, , ,DC$, , , , , ,DJIKSTRA,S-1-5-18, ,3,4634,0x8020000000000000,{54849625-5478-4994-a5ba-3e3b0328c30d},0,Security,0,"""An account was logged off.

Subject:
	Security ID:		S-1-5-18
	Account Name:		DC$
	Account Domain:		DJIKSTRA
	Logon ID:		0x367374D

Logon Type:			3

This event is generated when a logon session is destroyed. It may be positively correlated with a logon event using the Logon ID value. Logon IDs are only unique between reboots on the same computer.""",0,2023-05-09T10:12:27.6122576Z,1162590,5944,dc.djikstra.xrg,12545,792,AUDIT_SUCCESS,Microsoft-Windows-Security-Auditing,false,3,"[""164.312.b""]","[""10.2.5""]","[""CC6.8"",""CC7.2"",""CC7.3""]",Windows User Logoff.,"[""windows"",""windows_security""]","[""AC.7"",""AU.14""]","[""IV_32.2""]",28, , , ,60137, ,windows_eventchannel,log,"May 9, 2023 @ 10:12:35.614",EventChannel,1683627155.12855830,"May 9, 2023 @ 10:12:35.614", , , , , , , , ,"{""name"":""windows_eventchannel""}", , , , , , , , , , , , , , , , , , , , , , , , , , , , , , , 
wazuh-alerts-4.x-2023.05.09,_doc,CsX__4cBy0XUe2K5qZ-i,1,1, ,ovelse-siem-server,000,ovelse-siem-server, , , , , , , , , , , , , , , , , , , , , , , , , , , , , , , , , , ,false,2, , , ,Unknown problem somewhere in the system.,"[""syslog"",""errors""]", , ,48, , , ,1002,"[""4.3""]", ,log,"May 9, 2023 @ 10:12:36.957",/var/log/syslog,1683627156.12858137,"May 9, 2023 @ 10:12:36.957", , , , , ,ovelse-siem-server,opensearch-dashboards,May  9 10:12:35,{},"May  9 10:12:35 ovelse-siem-server opensearch-dashboards[5081]: {""type"":""error"",""@timestamp"":""2023-05-09T10:12:35Z"",""tags"":[""connection"",""client"",""error""],""pid"":5081,""level"":""error"",""error"":{""message"":""139734702114624:error:14094416:SSL routines:ssl3_read_bytes:sslv3 alert certificate unknown:../deps/openssl/openssl/ssl/record/rec_layer_s3.c:1544:SSL alert number 46\n"",""name"":""Error"",""stack"":""Error: 139734702114624:error:14094416:SSL routines:ssl3_read_bytes:sslv3 alert certificate unknown:../deps/openssl/openssl/ssl/record/rec_layer_s3.c:1544:SSL alert number 46\n""},""message"":""139734702114624:error:14094416:SSL routines:ssl3_read_bytes:sslv3 alert certificate unknown:../deps/openssl/openssl/ssl/record/rec_layer_s3.c:1544:SSL alert number 46\n""}", , , , , , , , , , , , , , , , , , , , , , , , , , , , , , 
wazuh-alerts-4.x-2023.05.09,_doc,C8X__4cBy0XUe2K5qZ-i,1,1, ,ovelse-siem-server,000,ovelse-siem-server, , , , , , , , , , , , , , , , , , , , , , , , , , , , , , , , , , ,false,2, , , ,Unknown problem somewhere in the system.,"[""syslog"",""errors""]", , ,49, , , ,1002,"[""4.3""]", ,log,"May 9, 2023 @ 10:12:36.958",/var/log/syslog,1683627156.12859075,"May 9, 2023 @ 10:12:36.958", , , , , ,ovelse-siem-server,opensearch-dashboards,May  9 10:12:35,{},"May  9 10:12:35 ovelse-siem-server opensearch-dashboards[5081]: {""type"":""error"",""@timestamp"":""2023-05-09T10:12:35Z"",""tags"":[""connection"",""client"",""error""],""pid"":5081,""level"":""error"",""error"":{""message"":""139734702114624:error:14094416:SSL routines:ssl3_read_bytes:sslv3 alert certificate unknown:../deps/openssl/openssl/ssl/record/rec_layer_s3.c:1544:SSL alert number 46\n"",""name"":""Error"",""stack"":""Error: 139734702114624:error:14094416:SSL routines:ssl3_read_bytes:sslv3 alert certificate unknown:../deps/openssl/openssl/ssl/record/rec_layer_s3.c:1544:SSL alert number 46\n""},""message"":""139734702114624:error:14094416:SSL routines:ssl3_read_bytes:sslv3 alert certificate unknown:../deps/openssl/openssl/ssl/record/rec_layer_s3.c:1544:SSL alert number 46\n""}", , , , , , , , , , , , , , , , , , , , , , , , , , , , , , 
wazuh-alerts-4.x-2023.05.09,_doc,x8X9_4cBy0XUe2K5zJvJ,1,1,10.77.77.77,dc,003,ovelse-siem-server,0x0,0x0,%%1833,::1,Kerberos,0x366ea13,Kerberos,{045aca5a-173e-0b68-1fe8-fe9e5969ef67},DC$,0,%%1842,S-1-0-0,0x0,60872,DC.DJIKSTRA.XRG,S-1-5-18,%%1843,3,4624,0x8020000000000000,{54849625-5478-4994-a5ba-3e3b0328c30d},0,Security,0,"""An account was successfully logged on.

Subject:
	Security ID:		S-1-0-0
	Account Name:		-
	Account Domain:		-
	Logon ID:		0x0

Logon Information:
	Logon Type:		3
	Restricted Admin Mode:	-
	Virtual Account:		No
	Elevated Token:		Yes

Impersonation Level:		Impersonation

New Logon:
	Security ID:		S-1-5-18
	Account Name:		DC$
	Account Domain:		DC.DJIKSTRA.XRG
	Logon ID:		0x366EA13
	Linked Logon ID:		0x0
	Network Account Name:	-
	Network Account Domain:	-
	Logon GUID:		{045aca5a-173e-0b68-1fe8-fe9e5969ef67}

Process Information:
	Process ID:		0x0
	Process Name:		-

Network Information:
	Workstation Name:	-
	Source Network Address:	::1
	Source Port:		60872

Detailed Authentication Information:
	Logon Process:		Kerberos
	Authentication Package:	Kerberos
	Transited Services:	-
	Package Name (NTLM only):	-
	Key Length:		0

This event is generated when a logon session is created. It is generated on the computer that was accessed.

The subject fields indicate the account on the local system which requested the logon. This is most commonly a service such as the Server service, or a local process such as Winlogon.exe or Services.exe.

The logon type field indicates the kind of logon that occurred. The most common types are 2 (interactive) and 3 (network).

The New Logon fields indicate the account for whom the new logon was created, i.e. the account that was logged on.

The network fields indicate where a remote logon request originated. Workstation name is not always available and may be left blank in some cases.

The impersonation level field indicates the extent to which a process in the logon session can impersonate.

The authentication information fields provide detailed information about this specific logon request.
	- Logon GUID is a unique identifier that can be used to correlate this event with a KDC event.
	- Transited services indicate which intermediate services have participated in this logon request.
	- Package name indicates which sub-protocol was used among the NTLM protocols.
	- Key length indicates the length of the generated session key. This will be 0 if no session key was requested.""",2,2023-05-09T10:10:26.5163335Z,1162300,3660,dc.djikstra.xrg,12544,792,AUDIT_SUCCESS,Microsoft-Windows-Security-Auditing,false,3,"[""164.312.b""]","[""10.2.5""]","[""CC6.8"",""CC7.2"",""CC7.3""]",Windows logon success.,"[""windows"",""windows_security"",""authentication_success""]","[""AC.7"",""AU.14""]","[""IV_32.2""]",26,"[""Valid Accounts""]","[""T1078""]","[""Defense Evasion"",""Persistence"",""Privilege Escalation"",""Initial Access""]",60106,"[""7.1"",""7.2""]",windows_eventchannel,log,"May 9, 2023 @ 10:10:31.988",EventChannel,1683627031.12298202,"May 9, 2023 @ 10:10:31.988", , , , , , , , ,"{""name"":""windows_eventchannel""}", , , , , , , , , , , , , , , , , , , , , , , , , , , , , , , 
wazuh-alerts-4.x-2023.05.09,_doc,csX-_4cBy0XUe2K58pwT,1,1, ,ovelse-siem-server,000,ovelse-siem-server, , , , , , , , , , , , , , , , , , , , , , , , , , , , , , , , , , ,false,2, , , ,Unknown problem somewhere in the system.,"[""syslog"",""errors""]", , ,32, , , ,1002,"[""4.3""]", ,log,"May 9, 2023 @ 10:11:42.894",/var/log/syslog,1683627102.12319375,"May 9, 2023 @ 10:11:42.894", , , , , ,ovelse-siem-server,opensearch-dashboards,May  9 10:11:42,{},"May  9 10:11:42 ovelse-siem-server opensearch-dashboards[5081]: {""type"":""error"",""@timestamp"":""2023-05-09T10:11:42Z"",""tags"":[""connection"",""client"",""error""],""pid"":5081,""level"":""error"",""error"":{""message"":""139734702114624:error:14094416:SSL routines:ssl3_read_bytes:sslv3 alert certificate unknown:../deps/openssl/openssl/ssl/record/rec_layer_s3.c:1544:SSL alert number 46\n"",""name"":""Error"",""stack"":""Error: 139734702114624:error:14094416:SSL routines:ssl3_read_bytes:sslv3 alert certificate unknown:../deps/openssl/openssl/ssl/record/rec_layer_s3.c:1544:SSL alert number 46\n""},""message"":""139734702114624:error:14094416:SSL routines:ssl3_read_bytes:sslv3 alert certificate unknown:../deps/openssl/openssl/ssl/record/rec_layer_s3.c:1544:SSL alert number 46\n""}", , , , , , , , , , , , , , , , , , , , , , , , , , , , , , 
wazuh-alerts-4.x-2023.05.09,_doc,dcX-_4cBy0XUe2K58pwT,1,1, ,ovelse-siem-server,000,ovelse-siem-server, , , , , , , , , , , , , , , , , , , , , , , , , , , , , , , , , , ,false,2, , , ,Unknown problem somewhere in the system.,"[""syslog"",""errors""]", , ,35, , , ,1002,"[""4.3""]", ,log,"May 9, 2023 @ 10:11:44.897",/var/log/syslog,1683627104.12321825,"May 9, 2023 @ 10:11:44.897", , , , , ,ovelse-siem-server,opensearch-dashboards,May  9 10:11:43,{},"May  9 10:11:43 ovelse-siem-server opensearch-dashboards[5081]: {""type"":""error"",""@timestamp"":""2023-05-09T10:11:43Z"",""tags"":[""connection"",""client"",""error""],""pid"":5081,""level"":""error"",""error"":{""message"":""139734702114624:error:14094416:SSL routines:ssl3_read_bytes:sslv3 alert certificate unknown:../deps/openssl/openssl/ssl/record/rec_layer_s3.c:1544:SSL alert number 46\n"",""name"":""Error"",""stack"":""Error: 139734702114624:error:14094416:SSL routines:ssl3_read_bytes:sslv3 alert certificate unknown:../deps/openssl/openssl/ssl/record/rec_layer_s3.c:1544:SSL alert number 46\n""},""message"":""139734702114624:error:14094416:SSL routines:ssl3_read_bytes:sslv3 alert certificate unknown:../deps/openssl/openssl/ssl/record/rec_layer_s3.c:1544:SSL alert number 46\n""}", , , , , , , , , , , , , , , , , , , , , , , , , , , , , , 
wazuh-alerts-4.x-2023.05.09,_doc,gcUBAIgBy0XUe2K5PKJG,1,1, ,ovelse-siem-server,000,ovelse-siem-server, , , , , , , , , , , , , , , , , , , , , , , , , , , , , , , , , , ,false,2, , , ,Unknown problem somewhere in the system.,"[""syslog"",""errors""]", , ,59, , , ,1002,"[""4.3""]", ,log,"May 9, 2023 @ 10:14:19.072",/var/log/syslog,1683627259.13388229,"May 9, 2023 @ 10:14:19.072", , , , , ,ovelse-siem-server,opensearch-dashboards,May  9 10:14:17,{},"May  9 10:14:17 ovelse-siem-server opensearch-dashboards[5081]: {""type"":""error"",""@timestamp"":""2023-05-09T10:14:17Z"",""tags"":[""connection"",""client"",""error""],""pid"":5081,""level"":""error"",""error"":{""message"":""139734702114624:error:14094416:SSL routines:ssl3_read_bytes:sslv3 alert certificate unknown:../deps/openssl/openssl/ssl/record/rec_layer_s3.c:1544:SSL alert number 46\n"",""name"":""Error"",""stack"":""Error: 139734702114624:error:14094416:SSL routines:ssl3_read_bytes:sslv3 alert certificate unknown:../deps/openssl/openssl/ssl/record/rec_layer_s3.c:1544:SSL alert number 46\n""},""message"":""139734702114624:error:14094416:SSL routines:ssl3_read_bytes:sslv3 alert certificate unknown:../deps/openssl/openssl/ssl/record/rec_layer_s3.c:1544:SSL alert number 46\n""}", , , , , , , , , , , , , , , , , , , , , , , , , , , , , , 
wazuh-alerts-4.x-2023.05.09,_doc,xMX__4cBy0XUe2K5EJzE,1,1, ,ovelse-siem-server,000,ovelse-siem-server, , , , , , , , , , , , , , , , , , , , , , , , , , , , , , , , , , ,false,2, , , ,Unknown problem somewhere in the system.,"[""syslog"",""errors""]", , ,40, , , ,1002,"[""4.3""]", ,log,"May 9, 2023 @ 10:11:56.912",/var/log/syslog,1683627116.12326122,"May 9, 2023 @ 10:11:56.912", , , , , ,ovelse-siem-server,opensearch-dashboards,May  9 10:11:55,{},"May  9 10:11:55 ovelse-siem-server opensearch-dashboards[5081]: {""type"":""log"",""@timestamp"":""2023-05-09T10:11:55Z"",""tags"":[""error"",""opensearch"",""data""],""pid"":5081,""message"":""[version_conflict_engine_exception]: [search-telemetry:search-telemetry]: version conflict, required seqNo [1153], primary term [3]. current document has seqNo [1154] and primary term [3]""}", , , , , , , , , , , , , , , , , , , , , , , , , , , , , , 
wazuh-alerts-4.x-2023.05.09,_doc,TMUFAIgBy0XUe2K5N6ht,1,1,10.77.77.77,dc,003,ovelse-siem-server, , , , , ,0x36acb4b, , ,DC$, , , , , ,DJIKSTRA,S-1-5-18, ,3,4634,0x8020000000000000,{54849625-5478-4994-a5ba-3e3b0328c30d},0,Security,0,"""An account was logged off.

Subject:
	Security ID:		S-1-5-18
	Account Name:		DC$
	Account Domain:		DJIKSTRA
	Logon ID:		0x36ACB4B

Logon Type:			3

This event is generated when a logon session is destroyed. It may be positively correlated with a logon event using the Logon ID value. Logon IDs are only unique between reboots on the same computer.""",0,2023-05-09T10:18:26.6255384Z,1163278,5944,dc.djikstra.xrg,12545,792,AUDIT_SUCCESS,Microsoft-Windows-Security-Auditing,false,3,"[""164.312.b""]","[""10.2.5""]","[""CC6.8"",""CC7.2"",""CC7.3""]",Windows User Logoff.,"[""windows"",""windows_security""]","[""AC.7"",""AU.14""]","[""IV_32.2""]",42, , , ,60137, ,windows_eventchannel,log,"May 9, 2023 @ 10:18:32.554",EventChannel,1683627512.13838662,"May 9, 2023 @ 10:18:32.554", , , , , , , , ,"{""name"":""windows_eventchannel""}", , , , , , , , , , , , , , , , , , , , , , , , , , , , , , , 
