wazuh-alerts-4.x-2023.05.09,_doc,lsUBAIgBy0XUe2K5AaGa,1,1,10.77.77.77,dc,003,ovelse-siem-server,0x3677203, , , , , , , , , , ,S-1-5-21-2082646183-1217588593-2819094730-500,0x674, , , , , ,4673,0x8010000000000000,{54849625-5478-4994-a5ba-3e3b0328c30d},0,Security,0,"""A privileged service was called.

Subject:
	Security ID:		S-1-5-21-2082646183-1217588593-2819094730-500
	Account Name:		Administrator
	Account Domain:		DJIKSTRA
	Logon ID:		0x3677203

Service:
	Server:	Security
	Service Name:	-

Process:
	Process ID:	0x674
	Process Name:	C:\Windows\System32\svchost.exe

Service Request Information:
	Privileges:		SeTcbPrivilege""",0,2023-05-09T10:13:57.6927044Z,1162737,6308,dc.djikstra.xrg,13056,4,AUDIT_FAILURE,Microsoft-Windows-Security-Auditing,false,4,"[""164.312.b""]","[""10.2.2""]","[""CC6.8"",""CC7.2"",""CC7.3""]",Failed attempt to perform a privileged operation.,"[""windows"",""windows_security""]","[""AC.6"",""AU.14""]","[""IV_32.2""]",273,"[""Valid Accounts""]","[""T1078""]","[""Defense Evasion"",""Persistence"",""Privilege Escalation"",""Initial Access""]",60107, ,windows_eventchannel,log,"May 9, 2023 @ 10:14:04.865",EventChannel,1683627244.13136336,"May 9, 2023 @ 10:14:04.865",C:\\Windows\\System32\\svchost.exe,DJIKSTRA,Security,SeTcbPrivilege,Administrator, , , ,"{""name"":""windows_eventchannel""}", , , , , , , , , , , , , , , , , , , , , , , , , , , , , , , 
wazuh-alerts-4.x-2023.05.09,_doc,mMUBAIgBy0XUe2K5AaGa,1,1,10.77.77.77,dc,003,ovelse-siem-server,0x3677203, , , , , , , , , , ,S-1-5-21-2082646183-1217588593-2819094730-500,0x674, , , , , ,4673,0x8010000000000000,{54849625-5478-4994-a5ba-3e3b0328c30d},0,Security,0,"""A privileged service was called.

Subject:
	Security ID:		S-1-5-21-2082646183-1217588593-2819094730-500
	Account Name:		Administrator
	Account Domain:		DJIKSTRA
	Logon ID:		0x3677203

Service:
	Server:	Security
	Service Name:	-

Process:
	Process ID:	0x674
	Process Name:	C:\Windows\System32\svchost.exe

Service Request Information:
	Privileges:		SeTcbPrivilege""",0,2023-05-09T10:13:57.6927560Z,1162739,6308,dc.djikstra.xrg,13056,4,AUDIT_FAILURE,Microsoft-Windows-Security-Auditing,false,4,"[""164.312.b""]","[""10.2.2""]","[""CC6.8"",""CC7.2"",""CC7.3""]",Failed attempt to perform a privileged operation.,"[""windows"",""windows_security""]","[""AC.6"",""AU.14""]","[""IV_32.2""]",275,"[""Valid Accounts""]","[""T1078""]","[""Defense Evasion"",""Persistence"",""Privilege Escalation"",""Initial Access""]",60107, ,windows_eventchannel,log,"May 9, 2023 @ 10:14:04.922",EventChannel,1683627244.13141876,"May 9, 2023 @ 10:14:04.922",C:\\Windows\\System32\\svchost.exe,DJIKSTRA,Security,SeTcbPrivilege,Administrator, , , ,"{""name"":""windows_eventchannel""}", , , , , , , , , , , , , , , , , , , , , , , , , , , , , , , 
wazuh-alerts-4.x-2023.05.09,_doc,msUBAIgBy0XUe2K5AaGa,1,1,10.77.77.77,dc,003,ovelse-siem-server,0x3677203, , , , , , , , , , ,S-1-5-21-2082646183-1217588593-2819094730-500,0x674, , , , , ,4673,0x8010000000000000,{54849625-5478-4994-a5ba-3e3b0328c30d},0,Security,0,"""A privileged service was called.

Subject:
	Security ID:		S-1-5-21-2082646183-1217588593-2819094730-500
	Account Name:		Administrator
	Account Domain:		DJIKSTRA
	Logon ID:		0x3677203

Service:
	Server:	Security
	Service Name:	-

Process:
	Process ID:	0x674
	Process Name:	C:\Windows\System32\svchost.exe

Service Request Information:
	Privileges:		SeTcbPrivilege""",0,2023-05-09T10:13:57.6930524Z,1162742,6308,dc.djikstra.xrg,13056,4,AUDIT_FAILURE,Microsoft-Windows-Security-Auditing,false,4,"[""164.312.b""]","[""10.2.2""]","[""CC6.8"",""CC7.2"",""CC7.3""]",Failed attempt to perform a privileged operation.,"[""windows"",""windows_security""]","[""AC.6"",""AU.14""]","[""IV_32.2""]",277,"[""Valid Accounts""]","[""T1078""]","[""Defense Evasion"",""Persistence"",""Privilege Escalation"",""Initial Access""]",60107, ,windows_eventchannel,log,"May 9, 2023 @ 10:14:04.966",EventChannel,1683627244.13147416,"May 9, 2023 @ 10:14:04.966",C:\\Windows\\System32\\svchost.exe,DJIKSTRA,Security,SeTcbPrivilege,Administrator, , , ,"{""name"":""windows_eventchannel""}", , , , , , , , , , , , , , , , , , , , , , , , , , , , , , , 
wazuh-alerts-4.x-2023.05.09,_doc,ocUBAIgBy0XUe2K5AaGa,1,1,10.77.77.77,dc,003,ovelse-siem-server,0x3677203, , , , , , , , , , ,S-1-5-21-2082646183-1217588593-2819094730-500,0x674, , , , , ,4673,0x8010000000000000,{54849625-5478-4994-a5ba-3e3b0328c30d},0,Security,0,"""A privileged service was called.

Subject:
	Security ID:		S-1-5-21-2082646183-1217588593-2819094730-500
	Account Name:		Administrator
	Account Domain:		DJIKSTRA
	Logon ID:		0x3677203

Service:
	Server:	Security
	Service Name:	-

Process:
	Process ID:	0x674
	Process Name:	C:\Windows\System32\svchost.exe

Service Request Information:
	Privileges:		SeTcbPrivilege""",0,2023-05-09T10:13:57.6936246Z,1162747,6308,dc.djikstra.xrg,13056,4,AUDIT_FAILURE,Microsoft-Windows-Security-Auditing,false,4,"[""164.312.b""]","[""10.2.2""]","[""CC6.8"",""CC7.2"",""CC7.3""]",Failed attempt to perform a privileged operation.,"[""windows"",""windows_security""]","[""AC.6"",""AU.14""]","[""IV_32.2""]",284,"[""Valid Accounts""]","[""T1078""]","[""Defense Evasion"",""Persistence"",""Privilege Escalation"",""Initial Access""]",60107, ,windows_eventchannel,log,"May 9, 2023 @ 10:14:05.054",EventChannel,1683627245.13166806,"May 9, 2023 @ 10:14:05.054",C:\\Windows\\System32\\svchost.exe,DJIKSTRA,Security,SeTcbPrivilege,Administrator, , , ,"{""name"":""windows_eventchannel""}", , , , , , , , , , , , , , , , , , , , , , , , , , , , , , , 
wazuh-alerts-4.x-2023.05.09,_doc,p8UBAIgBy0XUe2K5AaGa,1,1,10.77.77.77,dc,003,ovelse-siem-server,0x3677203, , , , , , , , , , ,S-1-5-21-2082646183-1217588593-2819094730-500,0x674, , , , , ,4673,0x8010000000000000,{54849625-5478-4994-a5ba-3e3b0328c30d},0,Security,0,"""A privileged service was called.

Subject:
	Security ID:		S-1-5-21-2082646183-1217588593-2819094730-500
	Account Name:		Administrator
	Account Domain:		DJIKSTRA
	Logon ID:		0x3677203

Service:
	Server:	Security
	Service Name:	-

Process:
	Process ID:	0x674
	Process Name:	C:\Windows\System32\svchost.exe

Service Request Information:
	Privileges:		SeTcbPrivilege""",0,2023-05-09T10:13:57.6943083Z,1162754,1252,dc.djikstra.xrg,13056,4,AUDIT_FAILURE,Microsoft-Windows-Security-Auditing,false,4,"[""164.312.b""]","[""10.2.2""]","[""CC6.8"",""CC7.2"",""CC7.3""]",Failed attempt to perform a privileged operation.,"[""windows"",""windows_security""]","[""AC.6"",""AU.14""]","[""IV_32.2""]",290,"[""Valid Accounts""]","[""T1078""]","[""Defense Evasion"",""Persistence"",""Privilege Escalation"",""Initial Access""]",60107, ,windows_eventchannel,log,"May 9, 2023 @ 10:14:05.131",EventChannel,1683627245.13183426,"May 9, 2023 @ 10:14:05.131",C:\\Windows\\System32\\svchost.exe,DJIKSTRA,Security,SeTcbPrivilege,Administrator, , , ,"{""name"":""windows_eventchannel""}", , , , , , , , , , , , , , , , , , , , , , , , , , , , , , , 
wazuh-alerts-4.x-2023.05.09,_doc,qcUBAIgBy0XUe2K5AaHP,1,1,10.77.77.77,dc,003,ovelse-siem-server,0x3677203, , , , , , , , , , ,S-1-5-21-2082646183-1217588593-2819094730-500,0x674, , , , , ,4673,0x8010000000000000,{54849625-5478-4994-a5ba-3e3b0328c30d},0,Security,0,"""A privileged service was called.

Subject:
	Security ID:		S-1-5-21-2082646183-1217588593-2819094730-500
	Account Name:		Administrator
	Account Domain:		DJIKSTRA
	Logon ID:		0x3677203

Service:
	Server:	Security
	Service Name:	-

Process:
	Process ID:	0x674
	Process Name:	C:\Windows\System32\svchost.exe

Service Request Information:
	Privileges:		SeTcbPrivilege""",0,2023-05-09T10:13:57.6946116Z,1162756,1252,dc.djikstra.xrg,13056,4,AUDIT_FAILURE,Microsoft-Windows-Security-Auditing,false,4,"[""164.312.b""]","[""10.2.2""]","[""CC6.8"",""CC7.2"",""CC7.3""]",Failed attempt to perform a privileged operation.,"[""windows"",""windows_security""]","[""AC.6"",""AU.14""]","[""IV_32.2""]",292,"[""Valid Accounts""]","[""T1078""]","[""Defense Evasion"",""Persistence"",""Privilege Escalation"",""Initial Access""]",60107, ,windows_eventchannel,log,"May 9, 2023 @ 10:14:05.174",EventChannel,1683627245.13188966,"May 9, 2023 @ 10:14:05.174",C:\\Windows\\System32\\svchost.exe,DJIKSTRA,Security,SeTcbPrivilege,Administrator, , , ,"{""name"":""windows_eventchannel""}", , , , , , , , , , , , , , , , , , , , , , , , , , , , , , , 
wazuh-alerts-4.x-2023.05.09,_doc,qsUBAIgBy0XUe2K5AaHP,1,1,10.77.77.77,dc,003,ovelse-siem-server,0x3677203, , , , , , , , , , ,S-1-5-21-2082646183-1217588593-2819094730-500,0x674, , , , , ,4673,0x8010000000000000,{54849625-5478-4994-a5ba-3e3b0328c30d},0,Security,0,"""A privileged service was called.

Subject:
	Security ID:		S-1-5-21-2082646183-1217588593-2819094730-500
	Account Name:		Administrator
	Account Domain:		DJIKSTRA
	Logon ID:		0x3677203

Service:
	Server:	Security
	Service Name:	-

Process:
	Process ID:	0x674
	Process Name:	C:\Windows\System32\svchost.exe

Service Request Information:
	Privileges:		SeTcbPrivilege""",0,2023-05-09T10:13:57.6946180Z,1162757,1252,dc.djikstra.xrg,13056,4,AUDIT_FAILURE,Microsoft-Windows-Security-Auditing,false,4,"[""164.312.b""]","[""10.2.2""]","[""CC6.8"",""CC7.2"",""CC7.3""]",Failed attempt to perform a privileged operation.,"[""windows"",""windows_security""]","[""AC.6"",""AU.14""]","[""IV_32.2""]",293,"[""Valid Accounts""]","[""T1078""]","[""Defense Evasion"",""Persistence"",""Privilege Escalation"",""Initial Access""]",60107, ,windows_eventchannel,log,"May 9, 2023 @ 10:14:05.218",EventChannel,1683627245.13191736,"May 9, 2023 @ 10:14:05.218",C:\\Windows\\System32\\svchost.exe,DJIKSTRA,Security,SeTcbPrivilege,Administrator, , , ,"{""name"":""windows_eventchannel""}", , , , , , , , , , , , , , , , , , , , , , , , , , , , , , , 
wazuh-alerts-4.x-2023.05.09,_doc,q8UBAIgBy0XUe2K5AaHP,1,1,10.77.77.77,dc,003,ovelse-siem-server,0x3677203, , , , , , , , , , ,S-1-5-21-2082646183-1217588593-2819094730-500,0x674, , , , , ,4673,0x8010000000000000,{54849625-5478-4994-a5ba-3e3b0328c30d},0,Security,0,"""A privileged service was called.

Subject:
	Security ID:		S-1-5-21-2082646183-1217588593-2819094730-500
	Account Name:		Administrator
	Account Domain:		DJIKSTRA
	Logon ID:		0x3677203

Service:
	Server:	Security
	Service Name:	-

Process:
	Process ID:	0x674
	Process Name:	C:\Windows\System32\svchost.exe

Service Request Information:
	Privileges:		SeTcbPrivilege""",0,2023-05-09T10:13:57.6948693Z,1162758,1252,dc.djikstra.xrg,13056,4,AUDIT_FAILURE,Microsoft-Windows-Security-Auditing,false,4,"[""164.312.b""]","[""10.2.2""]","[""CC6.8"",""CC7.2"",""CC7.3""]",Failed attempt to perform a privileged operation.,"[""windows"",""windows_security""]","[""AC.6"",""AU.14""]","[""IV_32.2""]",294,"[""Valid Accounts""]","[""T1078""]","[""Defense Evasion"",""Persistence"",""Privilege Escalation"",""Initial Access""]",60107, ,windows_eventchannel,log,"May 9, 2023 @ 10:14:05.219",EventChannel,1683627245.13194506,"May 9, 2023 @ 10:14:05.219",C:\\Windows\\System32\\svchost.exe,DJIKSTRA,Security,SeTcbPrivilege,Administrator, , , ,"{""name"":""windows_eventchannel""}", , , , , , , , , , , , , , , , , , , , , , , , , , , , , , , 
wazuh-alerts-4.x-2023.05.09,_doc,rcUBAIgBy0XUe2K5AaHP,1,1,10.77.77.77,dc,003,ovelse-siem-server,0x3677203, , , , , , , , , , ,S-1-5-21-2082646183-1217588593-2819094730-500,0x674, , , , , ,4673,0x8010000000000000,{54849625-5478-4994-a5ba-3e3b0328c30d},0,Security,0,"""A privileged service was called.

Subject:
	Security ID:		S-1-5-21-2082646183-1217588593-2819094730-500
	Account Name:		Administrator
	Account Domain:		DJIKSTRA
	Logon ID:		0x3677203

Service:
	Server:	Security
	Service Name:	-

Process:
	Process ID:	0x674
	Process Name:	C:\Windows\System32\svchost.exe

Service Request Information:
	Privileges:		SeTcbPrivilege""",0,2023-05-09T10:13:57.6948927Z,1162760,1252,dc.djikstra.xrg,13056,4,AUDIT_FAILURE,Microsoft-Windows-Security-Auditing,false,4,"[""164.312.b""]","[""10.2.2""]","[""CC6.8"",""CC7.2"",""CC7.3""]",Failed attempt to perform a privileged operation.,"[""windows"",""windows_security""]","[""AC.6"",""AU.14""]","[""IV_32.2""]",296,"[""Valid Accounts""]","[""T1078""]","[""Defense Evasion"",""Persistence"",""Privilege Escalation"",""Initial Access""]",60107, ,windows_eventchannel,log,"May 9, 2023 @ 10:14:05.263",EventChannel,1683627245.13200046,"May 9, 2023 @ 10:14:05.263",C:\\Windows\\System32\\svchost.exe,DJIKSTRA,Security,SeTcbPrivilege,Administrator, , , ,"{""name"":""windows_eventchannel""}", , , , , , , , , , , , , , , , , , , , , , , , , , , , , , , 
wazuh-alerts-4.x-2023.05.09,_doc,ssUBAIgBy0XUe2K5AaHP,1,1,10.77.77.77,dc,003,ovelse-siem-server,0x3677203, , , , , , , , , , ,S-1-5-21-2082646183-1217588593-2819094730-500,0x674, , , , , ,4673,0x8010000000000000,{54849625-5478-4994-a5ba-3e3b0328c30d},0,Security,0,"""A privileged service was called.

Subject:
	Security ID:		S-1-5-21-2082646183-1217588593-2819094730-500
	Account Name:		Administrator
	Account Domain:		DJIKSTRA
	Logon ID:		0x3677203

Service:
	Server:	Security
	Service Name:	-

Process:
	Process ID:	0x674
	Process Name:	C:\Windows\System32\svchost.exe

Service Request Information:
	Privileges:		SeTcbPrivilege""",0,2023-05-09T10:13:57.6953048Z,1162764,1252,dc.djikstra.xrg,13056,4,AUDIT_FAILURE,Microsoft-Windows-Security-Auditing,false,4,"[""164.312.b""]","[""10.2.2""]","[""CC6.8"",""CC7.2"",""CC7.3""]",Failed attempt to perform a privileged operation.,"[""windows"",""windows_security""]","[""AC.6"",""AU.14""]","[""IV_32.2""]",301,"[""Valid Accounts""]","[""T1078""]","[""Defense Evasion"",""Persistence"",""Privilege Escalation"",""Initial Access""]",60107, ,windows_eventchannel,log,"May 9, 2023 @ 10:14:05.306",EventChannel,1683627245.13213896,"May 9, 2023 @ 10:14:05.306",C:\\Windows\\System32\\svchost.exe,DJIKSTRA,Security,SeTcbPrivilege,Administrator, , , ,"{""name"":""windows_eventchannel""}", , , , , , , , , , , , , , , , , , , , , , , , , , , , , , , 
wazuh-alerts-4.x-2023.05.09,_doc,s8UBAIgBy0XUe2K5AaHP,1,1,10.77.77.77,dc,003,ovelse-siem-server,0x3677203, , , , , , , , , , ,S-1-5-21-2082646183-1217588593-2819094730-500,0x674, , , , , ,4673,0x8010000000000000,{54849625-5478-4994-a5ba-3e3b0328c30d},0,Security,0,"""A privileged service was called.

Subject:
	Security ID:		S-1-5-21-2082646183-1217588593-2819094730-500
	Account Name:		Administrator
	Account Domain:		DJIKSTRA
	Logon ID:		0x3677203

Service:
	Server:	Security
	Service Name:	-

Process:
	Process ID:	0x674
	Process Name:	C:\Windows\System32\svchost.exe

Service Request Information:
	Privileges:		SeTcbPrivilege""",0,2023-05-09T10:13:57.6956162Z,1162768,1252,dc.djikstra.xrg,13056,4,AUDIT_FAILURE,Microsoft-Windows-Security-Auditing,false,4,"[""164.312.b""]","[""10.2.2""]","[""CC6.8"",""CC7.2"",""CC7.3""]",Failed attempt to perform a privileged operation.,"[""windows"",""windows_security""]","[""AC.6"",""AU.14""]","[""IV_32.2""]",302,"[""Valid Accounts""]","[""T1078""]","[""Defense Evasion"",""Persistence"",""Privilege Escalation"",""Initial Access""]",60107, ,windows_eventchannel,log,"May 9, 2023 @ 10:14:05.351",EventChannel,1683627245.13216666,"May 9, 2023 @ 10:14:05.351",C:\\Windows\\System32\\svchost.exe,DJIKSTRA,Security,SeTcbPrivilege,Administrator, , , ,"{""name"":""windows_eventchannel""}", , , , , , , , , , , , , , , , , , , , , , , , , , , , , , , 
wazuh-alerts-4.x-2023.05.09,_doc,tcUBAIgBy0XUe2K5AaHP,1,1,10.77.77.77,dc,003,ovelse-siem-server,0x3677203, , , , , , , , , , ,S-1-5-21-2082646183-1217588593-2819094730-500,0x674, , , , , ,4673,0x8010000000000000,{54849625-5478-4994-a5ba-3e3b0328c30d},0,Security,0,"""A privileged service was called.

Subject:
	Security ID:		S-1-5-21-2082646183-1217588593-2819094730-500
	Account Name:		Administrator
	Account Domain:		DJIKSTRA
	Logon ID:		0x3677203

Service:
	Server:	Security
	Service Name:	-

Process:
	Process ID:	0x674
	Process Name:	C:\Windows\System32\svchost.exe

Service Request Information:
	Privileges:		SeTcbPrivilege""",0,2023-05-09T10:13:57.6956101Z,1162767,1252,dc.djikstra.xrg,13056,4,AUDIT_FAILURE,Microsoft-Windows-Security-Auditing,false,4,"[""164.312.b""]","[""10.2.2""]","[""CC6.8"",""CC7.2"",""CC7.3""]",Failed attempt to perform a privileged operation.,"[""windows"",""windows_security""]","[""AC.6"",""AU.14""]","[""IV_32.2""]",304,"[""Valid Accounts""]","[""T1078""]","[""Defense Evasion"",""Persistence"",""Privilege Escalation"",""Initial Access""]",60107, ,windows_eventchannel,log,"May 9, 2023 @ 10:14:05.351",EventChannel,1683627245.13222206,"May 9, 2023 @ 10:14:05.351",C:\\Windows\\System32\\svchost.exe,DJIKSTRA,Security,SeTcbPrivilege,Administrator, , , ,"{""name"":""windows_eventchannel""}", , , , , , , , , , , , , , , , , , , , , , , , , , , , , , , 
wazuh-alerts-4.x-2023.05.09,_doc,ucUBAIgBy0XUe2K5AaHP,1,1,10.77.77.77,dc,003,ovelse-siem-server,0x3677203, , , , , , , , , , ,S-1-5-21-2082646183-1217588593-2819094730-500,0x674, , , , , ,4673,0x8010000000000000,{54849625-5478-4994-a5ba-3e3b0328c30d},0,Security,0,"""A privileged service was called.

Subject:
	Security ID:		S-1-5-21-2082646183-1217588593-2819094730-500
	Account Name:		Administrator
	Account Domain:		DJIKSTRA
	Logon ID:		0x3677203

Service:
	Server:	Security
	Service Name:	-

Process:
	Process ID:	0x674
	Process Name:	C:\Windows\System32\svchost.exe

Service Request Information:
	Privileges:		SeTcbPrivilege""",0,2023-05-09T10:13:57.6964517Z,1162776,1252,dc.djikstra.xrg,13056,4,AUDIT_FAILURE,Microsoft-Windows-Security-Auditing,false,4,"[""164.312.b""]","[""10.2.2""]","[""CC6.8"",""CC7.2"",""CC7.3""]",Failed attempt to perform a privileged operation.,"[""windows"",""windows_security""]","[""AC.6"",""AU.14""]","[""IV_32.2""]",308,"[""Valid Accounts""]","[""T1078""]","[""Defense Evasion"",""Persistence"",""Privilege Escalation"",""Initial Access""]",60107, ,windows_eventchannel,log,"May 9, 2023 @ 10:14:05.475",EventChannel,1683627245.13233286,"May 9, 2023 @ 10:14:05.475",C:\\Windows\\System32\\svchost.exe,DJIKSTRA,Security,SeTcbPrivilege,Administrator, , , ,"{""name"":""windows_eventchannel""}", , , , , , , , , , , , , , , , , , , , , , , , , , , , , , , 
wazuh-alerts-4.x-2023.05.09,_doc,u8UBAIgBy0XUe2K5AaHP,1,1,10.77.77.77,dc,003,ovelse-siem-server,0x3677203, , , , , , , , , , ,S-1-5-21-2082646183-1217588593-2819094730-500,0x674, , , , , ,4673,0x8010000000000000,{54849625-5478-4994-a5ba-3e3b0328c30d},0,Security,0,"""A privileged service was called.

Subject:
	Security ID:		S-1-5-21-2082646183-1217588593-2819094730-500
	Account Name:		Administrator
	Account Domain:		DJIKSTRA
	Logon ID:		0x3677203

Service:
	Server:	Security
	Service Name:	-

Process:
	Process ID:	0x674
	Process Name:	C:\Windows\System32\svchost.exe

Service Request Information:
	Privileges:		SeTcbPrivilege""",0,2023-05-09T10:13:57.6967184Z,1162778,1252,dc.djikstra.xrg,13056,4,AUDIT_FAILURE,Microsoft-Windows-Security-Auditing,false,4,"[""164.312.b""]","[""10.2.2""]","[""CC6.8"",""CC7.2"",""CC7.3""]",Failed attempt to perform a privileged operation.,"[""windows"",""windows_security""]","[""AC.6"",""AU.14""]","[""IV_32.2""]",310,"[""Valid Accounts""]","[""T1078""]","[""Defense Evasion"",""Persistence"",""Privilege Escalation"",""Initial Access""]",60107, ,windows_eventchannel,log,"May 9, 2023 @ 10:14:05.506",EventChannel,1683627245.13238826,"May 9, 2023 @ 10:14:05.506",C:\\Windows\\System32\\svchost.exe,DJIKSTRA,Security,SeTcbPrivilege,Administrator, , , ,"{""name"":""windows_eventchannel""}", , , , , , , , , , , , , , , , , , , , , , , , , , , , , , , 
wazuh-alerts-4.x-2023.05.09,_doc,v8UBAIgBy0XUe2K5AaHP,1,1,10.77.77.77,dc,003,ovelse-siem-server,0x3677203, , , , , , , , , , ,S-1-5-21-2082646183-1217588593-2819094730-500,0x674, , , , , ,4673,0x8010000000000000,{54849625-5478-4994-a5ba-3e3b0328c30d},0,Security,0,"""A privileged service was called.

Subject:
	Security ID:		S-1-5-21-2082646183-1217588593-2819094730-500
	Account Name:		Administrator
	Account Domain:		DJIKSTRA
	Logon ID:		0x3677203

Service:
	Server:	Security
	Service Name:	-

Process:
	Process ID:	0x674
	Process Name:	C:\Windows\System32\svchost.exe

Service Request Information:
	Privileges:		SeTcbPrivilege""",0,2023-05-09T10:13:57.6972134Z,1162783,1252,dc.djikstra.xrg,13056,4,AUDIT_FAILURE,Microsoft-Windows-Security-Auditing,false,4,"[""164.312.b""]","[""10.2.2""]","[""CC6.8"",""CC7.2"",""CC7.3""]",Failed attempt to perform a privileged operation.,"[""windows"",""windows_security""]","[""AC.6"",""AU.14""]","[""IV_32.2""]",314,"[""Valid Accounts""]","[""T1078""]","[""Defense Evasion"",""Persistence"",""Privilege Escalation"",""Initial Access""]",60107, ,windows_eventchannel,log,"May 9, 2023 @ 10:14:05.594",EventChannel,1683627245.13249906,"May 9, 2023 @ 10:14:05.594",C:\\Windows\\System32\\svchost.exe,DJIKSTRA,Security,SeTcbPrivilege,Administrator, , , ,"{""name"":""windows_eventchannel""}", , , , , , , , , , , , , , , , , , , , , , , , , , , , , , , 
wazuh-alerts-4.x-2023.05.09,_doc,wMUBAIgBy0XUe2K5AaHP,1,1,10.77.77.77,dc,003,ovelse-siem-server,0x3677203, , , , , , , , , , ,S-1-5-21-2082646183-1217588593-2819094730-500,0x674, , , , , ,4673,0x8010000000000000,{54849625-5478-4994-a5ba-3e3b0328c30d},0,Security,0,"""A privileged service was called.

Subject:
	Security ID:		S-1-5-21-2082646183-1217588593-2819094730-500
	Account Name:		Administrator
	Account Domain:		DJIKSTRA
	Logon ID:		0x3677203

Service:
	Server:	Security
	Service Name:	-

Process:
	Process ID:	0x674
	Process Name:	C:\Windows\System32\svchost.exe

Service Request Information:
	Privileges:		SeTcbPrivilege""",0,2023-05-09T10:13:57.6970066Z,1162781,1252,dc.djikstra.xrg,13056,4,AUDIT_FAILURE,Microsoft-Windows-Security-Auditing,false,4,"[""164.312.b""]","[""10.2.2""]","[""CC6.8"",""CC7.2"",""CC7.3""]",Failed attempt to perform a privileged operation.,"[""windows"",""windows_security""]","[""AC.6"",""AU.14""]","[""IV_32.2""]",315,"[""Valid Accounts""]","[""T1078""]","[""Defense Evasion"",""Persistence"",""Privilege Escalation"",""Initial Access""]",60107, ,windows_eventchannel,log,"May 9, 2023 @ 10:14:05.594",EventChannel,1683627245.13252676,"May 9, 2023 @ 10:14:05.594",C:\\Windows\\System32\\svchost.exe,DJIKSTRA,Security,SeTcbPrivilege,Administrator, , , ,"{""name"":""windows_eventchannel""}", , , , , , , , , , , , , , , , , , , , , , , , , , , , , , , 
wazuh-alerts-4.x-2023.05.09,_doc,wsUBAIgBy0XUe2K5AaHP,1,1,10.77.77.77,dc,003,ovelse-siem-server,0x3677203, , , , , , , , , , ,S-1-5-21-2082646183-1217588593-2819094730-500,0x674, , , , , ,4673,0x8010000000000000,{54849625-5478-4994-a5ba-3e3b0328c30d},0,Security,0,"""A privileged service was called.

Subject:
	Security ID:		S-1-5-21-2082646183-1217588593-2819094730-500
	Account Name:		Administrator
	Account Domain:		DJIKSTRA
	Logon ID:		0x3677203

Service:
	Server:	Security
	Service Name:	-

Process:
	Process ID:	0x674
	Process Name:	C:\Windows\System32\svchost.exe

Service Request Information:
	Privileges:		SeTcbPrivilege""",0,2023-05-09T10:13:57.6975205Z,1162786,1252,dc.djikstra.xrg,13056,4,AUDIT_FAILURE,Microsoft-Windows-Security-Auditing,false,4,"[""164.312.b""]","[""10.2.2""]","[""CC6.8"",""CC7.2"",""CC7.3""]",Failed attempt to perform a privileged operation.,"[""windows"",""windows_security""]","[""AC.6"",""AU.14""]","[""IV_32.2""]",317,"[""Valid Accounts""]","[""T1078""]","[""Defense Evasion"",""Persistence"",""Privilege Escalation"",""Initial Access""]",60107, ,windows_eventchannel,log,"May 9, 2023 @ 10:14:05.638",EventChannel,1683627245.13258216,"May 9, 2023 @ 10:14:05.638",C:\\Windows\\System32\\svchost.exe,DJIKSTRA,Security,SeTcbPrivilege,Administrator, , , ,"{""name"":""windows_eventchannel""}", , , , , , , , , , , , , , , , , , , , , , , , , , , , , , , 
wazuh-alerts-4.x-2023.05.09,_doc,ycUBAIgBy0XUe2K5AaHP,1,1,10.77.77.77,dc,003,ovelse-siem-server,0x3677203, , , , , , , , , , ,S-1-5-21-2082646183-1217588593-2819094730-500,0x674, , , , , ,4673,0x8010000000000000,{54849625-5478-4994-a5ba-3e3b0328c30d},0,Security,0,"""A privileged service was called.

Subject:
	Security ID:		S-1-5-21-2082646183-1217588593-2819094730-500
	Account Name:		Administrator
	Account Domain:		DJIKSTRA
	Logon ID:		0x3677203

Service:
	Server:	Security
	Service Name:	-

Process:
	Process ID:	0x674
	Process Name:	C:\Windows\System32\svchost.exe

Service Request Information:
	Privileges:		SeTcbPrivilege""",0,2023-05-09T10:13:57.6982510Z,1162792,1252,dc.djikstra.xrg,13056,4,AUDIT_FAILURE,Microsoft-Windows-Security-Auditing,false,4,"[""164.312.b""]","[""10.2.2""]","[""CC6.8"",""CC7.2"",""CC7.3""]",Failed attempt to perform a privileged operation.,"[""windows"",""windows_security""]","[""AC.6"",""AU.14""]","[""IV_32.2""]",324,"[""Valid Accounts""]","[""T1078""]","[""Defense Evasion"",""Persistence"",""Privilege Escalation"",""Initial Access""]",60107, ,windows_eventchannel,log,"May 9, 2023 @ 10:14:05.750",EventChannel,1683627245.13277606,"May 9, 2023 @ 10:14:05.750",C:\\Windows\\System32\\svchost.exe,DJIKSTRA,Security,SeTcbPrivilege,Administrator, , , ,"{""name"":""windows_eventchannel""}", , , , , , , , , , , , , , , , , , , , , , , , , , , , , , , 
wazuh-alerts-4.x-2023.05.09,_doc,ysUBAIgBy0XUe2K5AaHP,1,1,10.77.77.77,dc,003,ovelse-siem-server,0x3677203, , , , , , , , , , ,S-1-5-21-2082646183-1217588593-2819094730-500,0x674, , , , , ,4673,0x8010000000000000,{54849625-5478-4994-a5ba-3e3b0328c30d},0,Security,0,"""A privileged service was called.

Subject:
	Security ID:		S-1-5-21-2082646183-1217588593-2819094730-500
	Account Name:		Administrator
	Account Domain:		DJIKSTRA
	Logon ID:		0x3677203

Service:
	Server:	Security
	Service Name:	-

Process:
	Process ID:	0x674
	Process Name:	C:\Windows\System32\svchost.exe

Service Request Information:
	Privileges:		SeTcbPrivilege""",0,2023-05-09T10:13:57.6983856Z,1162793,1252,dc.djikstra.xrg,13056,4,AUDIT_FAILURE,Microsoft-Windows-Security-Auditing,false,4,"[""164.312.b""]","[""10.2.2""]","[""CC6.8"",""CC7.2"",""CC7.3""]",Failed attempt to perform a privileged operation.,"[""windows"",""windows_security""]","[""AC.6"",""AU.14""]","[""IV_32.2""]",325,"[""Valid Accounts""]","[""T1078""]","[""Defense Evasion"",""Persistence"",""Privilege Escalation"",""Initial Access""]",60107, ,windows_eventchannel,log,"May 9, 2023 @ 10:14:05.751",EventChannel,1683627245.13280376,"May 9, 2023 @ 10:14:05.751",C:\\Windows\\System32\\svchost.exe,DJIKSTRA,Security,SeTcbPrivilege,Administrator, , , ,"{""name"":""windows_eventchannel""}", , , , , , , , , , , , , , , , , , , , , , , , , , , , , , , 
wazuh-alerts-4.x-2023.05.09,_doc,zMUBAIgBy0XUe2K5AaHP,1,1,10.77.77.77,dc,003,ovelse-siem-server,0x3677203, , , , , , , , , , ,S-1-5-21-2082646183-1217588593-2819094730-500,0x674, , , , , ,4673,0x8010000000000000,{54849625-5478-4994-a5ba-3e3b0328c30d},0,Security,0,"""A privileged service was called.

Subject:
	Security ID:		S-1-5-21-2082646183-1217588593-2819094730-500
	Account Name:		Administrator
	Account Domain:		DJIKSTRA
	Logon ID:		0x3677203

Service:
	Server:	Security
	Service Name:	-

Process:
	Process ID:	0x674
	Process Name:	C:\Windows\System32\svchost.exe

Service Request Information:
	Privileges:		SeTcbPrivilege""",0,2023-05-09T10:13:57.6987264Z,1162796,1252,dc.djikstra.xrg,13056,4,AUDIT_FAILURE,Microsoft-Windows-Security-Auditing,false,4,"[""164.312.b""]","[""10.2.2""]","[""CC6.8"",""CC7.2"",""CC7.3""]",Failed attempt to perform a privileged operation.,"[""windows"",""windows_security""]","[""AC.6"",""AU.14""]","[""IV_32.2""]",327,"[""Valid Accounts""]","[""T1078""]","[""Defense Evasion"",""Persistence"",""Privilege Escalation"",""Initial Access""]",60107, ,windows_eventchannel,log,"May 9, 2023 @ 10:14:05.795",EventChannel,1683627245.13285916,"May 9, 2023 @ 10:14:05.795",C:\\Windows\\System32\\svchost.exe,DJIKSTRA,Security,SeTcbPrivilege,Administrator, , , ,"{""name"":""windows_eventchannel""}", , , , , , , , , , , , , , , , , , , , , , , , , , , , , , , 
wazuh-alerts-4.x-2023.05.09,_doc,EsUBAIgBy0XUe2K5BaLV,1,1,10.77.77.77,dc,003,ovelse-siem-server,0x3677203, , , , , , , , , , ,S-1-5-21-2082646183-1217588593-2819094730-500,0x674, , , , , ,4673,0x8010000000000000,{54849625-5478-4994-a5ba-3e3b0328c30d},0,Security,0,"""A privileged service was called.

Subject:
	Security ID:		S-1-5-21-2082646183-1217588593-2819094730-500
	Account Name:		Administrator
	Account Domain:		DJIKSTRA
	Logon ID:		0x3677203

Service:
	Server:	Security
	Service Name:	-

Process:
	Process ID:	0x674
	Process Name:	C:\Windows\System32\svchost.exe

Service Request Information:
	Privileges:		SeTcbPrivilege""",0,2023-05-09T10:13:57.6988613Z,1162797,1252,dc.djikstra.xrg,13056,4,AUDIT_FAILURE,Microsoft-Windows-Security-Auditing,false,4,"[""164.312.b""]","[""10.2.2""]","[""CC6.8"",""CC7.2"",""CC7.3""]",Failed attempt to perform a privileged operation.,"[""windows"",""windows_security""]","[""AC.6"",""AU.14""]","[""IV_32.2""]",329,"[""Valid Accounts""]","[""T1078""]","[""Defense Evasion"",""Persistence"",""Privilege Escalation"",""Initial Access""]",60107, ,windows_eventchannel,log,"May 9, 2023 @ 10:14:05.802",EventChannel,1683627245.13291456,"May 9, 2023 @ 10:14:05.802",C:\\Windows\\System32\\svchost.exe,DJIKSTRA,Security,SeTcbPrivilege,Administrator, , , ,"{""name"":""windows_eventchannel""}", , , , , , , , , , , , , , , , , , , , , , , , , , , , , , , 
wazuh-alerts-4.x-2023.05.09,_doc,G8UBAIgBy0XUe2K5BaLV,1,1,10.77.77.77,dc,003,ovelse-siem-server,0x3677203, , , , , , , , , , ,S-1-5-21-2082646183-1217588593-2819094730-500,0x674, , , , , ,4673,0x8010000000000000,{54849625-5478-4994-a5ba-3e3b0328c30d},0,Security,0,"""A privileged service was called.

Subject:
	Security ID:		S-1-5-21-2082646183-1217588593-2819094730-500
	Account Name:		Administrator
	Account Domain:		DJIKSTRA
	Logon ID:		0x3677203

Service:
	Server:	Security
	Service Name:	-

Process:
	Process ID:	0x674
	Process Name:	C:\Windows\System32\svchost.exe

Service Request Information:
	Privileges:		SeTcbPrivilege""",0,2023-05-09T10:13:57.6995423Z,1162805,1252,dc.djikstra.xrg,13056,4,AUDIT_FAILURE,Microsoft-Windows-Security-Auditing,false,4,"[""164.312.b""]","[""10.2.2""]","[""CC6.8"",""CC7.2"",""CC7.3""]",Failed attempt to perform a privileged operation.,"[""windows"",""windows_security""]","[""AC.6"",""AU.14""]","[""IV_32.2""]",338,"[""Valid Accounts""]","[""T1078""]","[""Defense Evasion"",""Persistence"",""Privilege Escalation"",""Initial Access""]",60107, ,windows_eventchannel,log,"May 9, 2023 @ 10:14:05.966",EventChannel,1683627245.13316386,"May 9, 2023 @ 10:14:05.966",C:\\Windows\\System32\\svchost.exe,DJIKSTRA,Security,SeTcbPrivilege,Administrator, , , ,"{""name"":""windows_eventchannel""}", , , , , , , , , , , , , , , , , , , , , , , , , , , , , , , 
wazuh-alerts-4.x-2023.05.09,_doc,H8UBAIgBy0XUe2K5BaLV,1,1,10.77.77.77,dc,003,ovelse-siem-server,0x3677203, , , , , , , , , , ,S-1-5-21-2082646183-1217588593-2819094730-500,0x674, , , , , ,4673,0x8010000000000000,{54849625-5478-4994-a5ba-3e3b0328c30d},0,Security,0,"""A privileged service was called.

Subject:
	Security ID:		S-1-5-21-2082646183-1217588593-2819094730-500
	Account Name:		Administrator
	Account Domain:		DJIKSTRA
	Logon ID:		0x3677203

Service:
	Server:	Security
	Service Name:	-

Process:
	Process ID:	0x674
	Process Name:	C:\Windows\System32\svchost.exe

Service Request Information:
	Privileges:		SeTcbPrivilege""",0,2023-05-09T10:13:57.6998797Z,1162810,1252,dc.djikstra.xrg,13056,4,AUDIT_FAILURE,Microsoft-Windows-Security-Auditing,false,4,"[""164.312.b""]","[""10.2.2""]","[""CC6.8"",""CC7.2"",""CC7.3""]",Failed attempt to perform a privileged operation.,"[""windows"",""windows_security""]","[""AC.6"",""AU.14""]","[""IV_32.2""]",342,"[""Valid Accounts""]","[""T1078""]","[""Defense Evasion"",""Persistence"",""Privilege Escalation"",""Initial Access""]",60107, ,windows_eventchannel,log,"May 9, 2023 @ 10:14:06.010",EventChannel,1683627246.13327466,"May 9, 2023 @ 10:14:06.010",C:\\Windows\\System32\\svchost.exe,DJIKSTRA,Security,SeTcbPrivilege,Administrator, , , ,"{""name"":""windows_eventchannel""}", , , , , , , , , , , , , , , , , , , , , , , , , , , , , , , 
wazuh-alerts-4.x-2023.05.09,_doc,IcUBAIgBy0XUe2K5BaLV,1,1,10.77.77.77,dc,003,ovelse-siem-server,0x3677203, , , , , , , , , , ,S-1-5-21-2082646183-1217588593-2819094730-500,0x674, , , , , ,4673,0x8010000000000000,{54849625-5478-4994-a5ba-3e3b0328c30d},0,Security,0,"""A privileged service was called.

Subject:
	Security ID:		S-1-5-21-2082646183-1217588593-2819094730-500
	Account Name:		Administrator
	Account Domain:		DJIKSTRA
	Logon ID:		0x3677203

Service:
	Server:	Security
	Service Name:	-

Process:
	Process ID:	0x674
	Process Name:	C:\Windows\System32\svchost.exe

Service Request Information:
	Privileges:		SeTcbPrivilege""",0,2023-05-09T10:13:57.7000231Z,1162812,1252,dc.djikstra.xrg,13056,4,AUDIT_FAILURE,Microsoft-Windows-Security-Auditing,false,4,"[""164.312.b""]","[""10.2.2""]","[""CC6.8"",""CC7.2"",""CC7.3""]",Failed attempt to perform a privileged operation.,"[""windows"",""windows_security""]","[""AC.6"",""AU.14""]","[""IV_32.2""]",344,"[""Valid Accounts""]","[""T1078""]","[""Defense Evasion"",""Persistence"",""Privilege Escalation"",""Initial Access""]",60107, ,windows_eventchannel,log,"May 9, 2023 @ 10:14:06.054",EventChannel,1683627246.13333006,"May 9, 2023 @ 10:14:06.054",C:\\Windows\\System32\\svchost.exe,DJIKSTRA,Security,SeTcbPrivilege,Administrator, , , ,"{""name"":""windows_eventchannel""}", , , , , , , , , , , , , , , , , , , , , , , , , , , , , , , 
wazuh-alerts-4.x-2023.05.09,_doc,JMUBAIgBy0XUe2K5BaLV,1,1,10.77.77.77,dc,003,ovelse-siem-server,0x3677203, , , , , , , , , , ,S-1-5-21-2082646183-1217588593-2819094730-500,0x674, , , , , ,4673,0x8010000000000000,{54849625-5478-4994-a5ba-3e3b0328c30d},0,Security,0,"""A privileged service was called.

Subject:
	Security ID:		S-1-5-21-2082646183-1217588593-2819094730-500
	Account Name:		Administrator
	Account Domain:		DJIKSTRA
	Logon ID:		0x3677203

Service:
	Server:	Security
	Service Name:	-

Process:
	Process ID:	0x674
	Process Name:	C:\Windows\System32\svchost.exe

Service Request Information:
	Privileges:		SeTcbPrivilege""",0,2023-05-09T10:13:57.7002625Z,1162815,1252,dc.djikstra.xrg,13056,4,AUDIT_FAILURE,Microsoft-Windows-Security-Auditing,false,4,"[""164.312.b""]","[""10.2.2""]","[""CC6.8"",""CC7.2"",""CC7.3""]",Failed attempt to perform a privileged operation.,"[""windows"",""windows_security""]","[""AC.6"",""AU.14""]","[""IV_32.2""]",347,"[""Valid Accounts""]","[""T1078""]","[""Defense Evasion"",""Persistence"",""Privilege Escalation"",""Initial Access""]",60107, ,windows_eventchannel,log,"May 9, 2023 @ 10:14:06.099",EventChannel,1683627246.13341316,"May 9, 2023 @ 10:14:06.099",C:\\Windows\\System32\\svchost.exe,DJIKSTRA,Security,SeTcbPrivilege,Administrator, , , ,"{""name"":""windows_eventchannel""}", , , , , , , , , , , , , , , , , , , , , , , , , , , , , , , 
wazuh-alerts-4.x-2023.05.09,_doc,JcUBAIgBy0XUe2K5BaLV,1,1,10.77.77.77,dc,003,ovelse-siem-server,0x3677203, , , , , , , , , , ,S-1-5-21-2082646183-1217588593-2819094730-500,0x674, , , , , ,4673,0x8010000000000000,{54849625-5478-4994-a5ba-3e3b0328c30d},0,Security,0,"""A privileged service was called.

Subject:
	Security ID:		S-1-5-21-2082646183-1217588593-2819094730-500
	Account Name:		Administrator
	Account Domain:		DJIKSTRA
	Logon ID:		0x3677203

Service:
	Server:	Security
	Service Name:	-

Process:
	Process ID:	0x674
	Process Name:	C:\Windows\System32\svchost.exe

Service Request Information:
	Privileges:		SeTcbPrivilege""",0,2023-05-09T10:13:57.7003116Z,1162816,1252,dc.djikstra.xrg,13056,4,AUDIT_FAILURE,Microsoft-Windows-Security-Auditing,false,4,"[""164.312.b""]","[""10.2.2""]","[""CC6.8"",""CC7.2"",""CC7.3""]",Failed attempt to perform a privileged operation.,"[""windows"",""windows_security""]","[""AC.6"",""AU.14""]","[""IV_32.2""]",348,"[""Valid Accounts""]","[""T1078""]","[""Defense Evasion"",""Persistence"",""Privilege Escalation"",""Initial Access""]",60107, ,windows_eventchannel,log,"May 9, 2023 @ 10:14:06.099",EventChannel,1683627246.13344086,"May 9, 2023 @ 10:14:06.099",C:\\Windows\\System32\\svchost.exe,DJIKSTRA,Security,SeTcbPrivilege,Administrator, , , ,"{""name"":""windows_eventchannel""}", , , , , , , , , , , , , , , , , , , , , , , , , , , , , , , 
wazuh-alerts-4.x-2023.05.09,_doc,JsUBAIgBy0XUe2K5BaLV,1,1,10.77.77.77,dc,003,ovelse-siem-server,0x3677203, , , , , , , , , , ,S-1-5-21-2082646183-1217588593-2819094730-500,0x674, , , , , ,4673,0x8010000000000000,{54849625-5478-4994-a5ba-3e3b0328c30d},0,Security,0,"""A privileged service was called.

Subject:
	Security ID:		S-1-5-21-2082646183-1217588593-2819094730-500
	Account Name:		Administrator
	Account Domain:		DJIKSTRA
	Logon ID:		0x3677203

Service:
	Server:	Security
	Service Name:	-

Process:
	Process ID:	0x674
	Process Name:	C:\Windows\System32\svchost.exe

Service Request Information:
	Privileges:		SeTcbPrivilege""",0,2023-05-09T10:13:57.7004209Z,1162817,1252,dc.djikstra.xrg,13056,4,AUDIT_FAILURE,Microsoft-Windows-Security-Auditing,false,4,"[""164.312.b""]","[""10.2.2""]","[""CC6.8"",""CC7.2"",""CC7.3""]",Failed attempt to perform a privileged operation.,"[""windows"",""windows_security""]","[""AC.6"",""AU.14""]","[""IV_32.2""]",349,"[""Valid Accounts""]","[""T1078""]","[""Defense Evasion"",""Persistence"",""Privilege Escalation"",""Initial Access""]",60107, ,windows_eventchannel,log,"May 9, 2023 @ 10:14:06.115",EventChannel,1683627246.13346856,"May 9, 2023 @ 10:14:06.115",C:\\Windows\\System32\\svchost.exe,DJIKSTRA,Security,SeTcbPrivilege,Administrator, , , ,"{""name"":""windows_eventchannel""}", , , , , , , , , , , , , , , , , , , , , , , , , , , , , , , 
wazuh-alerts-4.x-2023.05.09,_doc,KMUBAIgBy0XUe2K5BaLV,1,1,10.77.77.77,dc,003,ovelse-siem-server,0x3677203, , , , , , , , , , ,S-1-5-21-2082646183-1217588593-2819094730-500,0x674, , , , , ,4673,0x8010000000000000,{54849625-5478-4994-a5ba-3e3b0328c30d},0,Security,0,"""A privileged service was called.

Subject:
	Security ID:		S-1-5-21-2082646183-1217588593-2819094730-500
	Account Name:		Administrator
	Account Domain:		DJIKSTRA
	Logon ID:		0x3677203

Service:
	Server:	Security
	Service Name:	-

Process:
	Process ID:	0x674
	Process Name:	C:\Windows\System32\svchost.exe

Service Request Information:
	Privileges:		SeTcbPrivilege""",0,2023-05-09T10:13:57.7004698Z,1162818,1252,dc.djikstra.xrg,13056,4,AUDIT_FAILURE,Microsoft-Windows-Security-Auditing,false,4,"[""164.312.b""]","[""10.2.2""]","[""CC6.8"",""CC7.2"",""CC7.3""]",Failed attempt to perform a privileged operation.,"[""windows"",""windows_security""]","[""AC.6"",""AU.14""]","[""IV_32.2""]",351,"[""Valid Accounts""]","[""T1078""]","[""Defense Evasion"",""Persistence"",""Privilege Escalation"",""Initial Access""]",60107, ,windows_eventchannel,log,"May 9, 2023 @ 10:14:06.158",EventChannel,1683627246.13352396,"May 9, 2023 @ 10:14:06.158",C:\\Windows\\System32\\svchost.exe,DJIKSTRA,Security,SeTcbPrivilege,Administrator, , , ,"{""name"":""windows_eventchannel""}", , , , , , , , , , , , , , , , , , , , , , , , , , , , , , , 
wazuh-alerts-4.x-2023.05.09,_doc,KcUBAIgBy0XUe2K5BaLV,1,1,10.77.77.77,dc,003,ovelse-siem-server,0x3677203, , , , , , , , , , ,S-1-5-21-2082646183-1217588593-2819094730-500,0x674, , , , , ,4673,0x8010000000000000,{54849625-5478-4994-a5ba-3e3b0328c30d},0,Security,0,"""A privileged service was called.

Subject:
	Security ID:		S-1-5-21-2082646183-1217588593-2819094730-500
	Account Name:		Administrator
	Account Domain:		DJIKSTRA
	Logon ID:		0x3677203

Service:
	Server:	Security
	Service Name:	-

Process:
	Process ID:	0x674
	Process Name:	C:\Windows\System32\svchost.exe

Service Request Information:
	Privileges:		SeTcbPrivilege""",0,2023-05-09T10:13:57.7006134Z,1162820,1252,dc.djikstra.xrg,13056,4,AUDIT_FAILURE,Microsoft-Windows-Security-Auditing,false,4,"[""164.312.b""]","[""10.2.2""]","[""CC6.8"",""CC7.2"",""CC7.3""]",Failed attempt to perform a privileged operation.,"[""windows"",""windows_security""]","[""AC.6"",""AU.14""]","[""IV_32.2""]",352,"[""Valid Accounts""]","[""T1078""]","[""Defense Evasion"",""Persistence"",""Privilege Escalation"",""Initial Access""]",60107, ,windows_eventchannel,log,"May 9, 2023 @ 10:14:06.203",EventChannel,1683627246.13355166,"May 9, 2023 @ 10:14:06.203",C:\\Windows\\System32\\svchost.exe,DJIKSTRA,Security,SeTcbPrivilege,Administrator, , , ,"{""name"":""windows_eventchannel""}", , , , , , , , , , , , , , , , , , , , , , , , , , , , , , , 
wazuh-alerts-4.x-2023.05.09,_doc,K8UBAIgBy0XUe2K5BaLV,1,1,10.77.77.77,dc,003,ovelse-siem-server,0x3677203, , , , , , , , , , ,S-1-5-21-2082646183-1217588593-2819094730-500,0x674, , , , , ,4673,0x8010000000000000,{54849625-5478-4994-a5ba-3e3b0328c30d},0,Security,0,"""A privileged service was called.

Subject:
	Security ID:		S-1-5-21-2082646183-1217588593-2819094730-500
	Account Name:		Administrator
	Account Domain:		DJIKSTRA
	Logon ID:		0x3677203

Service:
	Server:	Security
	Service Name:	-

Process:
	Process ID:	0x674
	Process Name:	C:\Windows\System32\svchost.exe

Service Request Information:
	Privileges:		SeTcbPrivilege""",0,2023-05-09T10:13:57.7007569Z,1162822,1252,dc.djikstra.xrg,13056,4,AUDIT_FAILURE,Microsoft-Windows-Security-Auditing,false,4,"[""164.312.b""]","[""10.2.2""]","[""CC6.8"",""CC7.2"",""CC7.3""]",Failed attempt to perform a privileged operation.,"[""windows"",""windows_security""]","[""AC.6"",""AU.14""]","[""IV_32.2""]",354,"[""Valid Accounts""]","[""T1078""]","[""Defense Evasion"",""Persistence"",""Privilege Escalation"",""Initial Access""]",60107, ,windows_eventchannel,log,"May 9, 2023 @ 10:14:06.203",EventChannel,1683627246.13360706,"May 9, 2023 @ 10:14:06.203",C:\\Windows\\System32\\svchost.exe,DJIKSTRA,Security,SeTcbPrivilege,Administrator, , , ,"{""name"":""windows_eventchannel""}", , , , , , , , , , , , , , , , , , , , , , , , , , , , , , , 
wazuh-alerts-4.x-2023.05.09,_doc,McUBAIgBy0XUe2K5BaLV,1,1,10.77.77.77,dc,003,ovelse-siem-server,0x3677203, , , , , , , , , , ,S-1-5-21-2082646183-1217588593-2819094730-500,0x674, , , , , ,4673,0x8010000000000000,{54849625-5478-4994-a5ba-3e3b0328c30d},0,Security,0,"""A privileged service was called.

Subject:
	Security ID:		S-1-5-21-2082646183-1217588593-2819094730-500
	Account Name:		Administrator
	Account Domain:		DJIKSTRA
	Logon ID:		0x3677203

Service:
	Server:	Security
	Service Name:	-

Process:
	Process ID:	0x674
	Process Name:	C:\Windows\System32\svchost.exe

Service Request Information:
	Privileges:		SeTcbPrivilege""",0,2023-05-09T10:13:57.7019177Z,1162830,1252,dc.djikstra.xrg,13056,4,AUDIT_FAILURE,Microsoft-Windows-Security-Auditing,false,4,"[""164.312.b""]","[""10.2.2""]","[""CC6.8"",""CC7.2"",""CC7.3""]",Failed attempt to perform a privileged operation.,"[""windows"",""windows_security""]","[""AC.6"",""AU.14""]","[""IV_32.2""]",360,"[""Valid Accounts""]","[""T1078""]","[""Defense Evasion"",""Persistence"",""Privilege Escalation"",""Initial Access""]",60107, ,windows_eventchannel,log,"May 9, 2023 @ 10:14:06.318",EventChannel,1683627246.13377326,"May 9, 2023 @ 10:14:06.318",C:\\Windows\\System32\\svchost.exe,DJIKSTRA,Security,SeTcbPrivilege,Administrator, , , ,"{""name"":""windows_eventchannel""}", , , , , , , , , , , , , , , , , , , , , , , , , , , , , , , 
wazuh-alerts-4.x-2023.05.09,_doc,RsX__4cBy0XUe2K5oZ51,1,1,10.77.77.77,dc,003,ovelse-siem-server,0x3673ab8, , , , , , , , , , ,S-1-5-21-2082646183-1217588593-2819094730-500,0x674, , , , , ,4673,0x8010000000000000,{54849625-5478-4994-a5ba-3e3b0328c30d},0,Security,0,"""A privileged service was called.

Subject:
	Security ID:		S-1-5-21-2082646183-1217588593-2819094730-500
	Account Name:		Administrator
	Account Domain:		DJIKSTRA
	Logon ID:		0x3673AB8

Service:
	Server:	Security
	Service Name:	-

Process:
	Process ID:	0x674
	Process Name:	C:\Windows\System32\svchost.exe

Service Request Information:
	Privileges:		SeTcbPrivilege""",0,2023-05-09T10:12:27.0358030Z,1162479,6192,dc.djikstra.xrg,13056,4,AUDIT_FAILURE,Microsoft-Windows-Security-Auditing,false,4,"[""164.312.b""]","[""10.2.2""]","[""CC6.8"",""CC7.2"",""CC7.3""]",Failed attempt to perform a privileged operation.,"[""windows"",""windows_security""]","[""AC.6"",""AU.14""]","[""IV_32.2""]",127,"[""Valid Accounts""]","[""T1078""]","[""Defense Evasion"",""Persistence"",""Privilege Escalation"",""Initial Access""]",60107, ,windows_eventchannel,log,"May 9, 2023 @ 10:12:33.875",EventChannel,1683627153.12656596,"May 9, 2023 @ 10:12:33.875",C:\\Windows\\System32\\svchost.exe,DJIKSTRA,Security,SeTcbPrivilege,Administrator, , , ,"{""name"":""windows_eventchannel""}", , , , , , , , , , , , , , , , , , , , , , , , , , , , , , , 
wazuh-alerts-4.x-2023.05.09,_doc,ScX__4cBy0XUe2K5oZ51,1,1,10.77.77.77,dc,003,ovelse-siem-server,0x3673ab8, , , , , , , , , , ,S-1-5-21-2082646183-1217588593-2819094730-500,0x674, , , , , ,4673,0x8010000000000000,{54849625-5478-4994-a5ba-3e3b0328c30d},0,Security,0,"""A privileged service was called.

Subject:
	Security ID:		S-1-5-21-2082646183-1217588593-2819094730-500
	Account Name:		Administrator
	Account Domain:		DJIKSTRA
	Logon ID:		0x3673AB8

Service:
	Server:	Security
	Service Name:	-

Process:
	Process ID:	0x674
	Process Name:	C:\Windows\System32\svchost.exe

Service Request Information:
	Privileges:		SeTcbPrivilege""",0,2023-05-09T10:12:27.0364152Z,1162482,6192,dc.djikstra.xrg,13056,4,AUDIT_FAILURE,Microsoft-Windows-Security-Auditing,false,4,"[""164.312.b""]","[""10.2.2""]","[""CC6.8"",""CC7.2"",""CC7.3""]",Failed attempt to perform a privileged operation.,"[""windows"",""windows_security""]","[""AC.6"",""AU.14""]","[""IV_32.2""]",131,"[""Valid Accounts""]","[""T1078""]","[""Defense Evasion"",""Persistence"",""Privilege Escalation"",""Initial Access""]",60107, ,windows_eventchannel,log,"May 9, 2023 @ 10:12:33.919",EventChannel,1683627153.12664906,"May 9, 2023 @ 10:12:33.919",C:\\Windows\\System32\\svchost.exe,DJIKSTRA,Security,SeTcbPrivilege,Administrator, , , ,"{""name"":""windows_eventchannel""}", , , , , , , , , , , , , , , , , , , , , , , , , , , , , , , 
wazuh-alerts-4.x-2023.05.09,_doc,SsX__4cBy0XUe2K5oZ51,1,1,10.77.77.77,dc,003,ovelse-siem-server,0x3673ab8, , , , , , , , , , ,S-1-5-21-2082646183-1217588593-2819094730-500,0x674, , , , , ,4673,0x8010000000000000,{54849625-5478-4994-a5ba-3e3b0328c30d},0,Security,0,"""A privileged service was called.

Subject:
	Security ID:		S-1-5-21-2082646183-1217588593-2819094730-500
	Account Name:		Administrator
	Account Domain:		DJIKSTRA
	Logon ID:		0x3673AB8

Service:
	Server:	Security
	Service Name:	-

Process:
	Process ID:	0x674
	Process Name:	C:\Windows\System32\svchost.exe

Service Request Information:
	Privileges:		SeTcbPrivilege""",0,2023-05-09T10:12:27.0361068Z,1162480,6192,dc.djikstra.xrg,13056,4,AUDIT_FAILURE,Microsoft-Windows-Security-Auditing,false,4,"[""164.312.b""]","[""10.2.2""]","[""CC6.8"",""CC7.2"",""CC7.3""]",Failed attempt to perform a privileged operation.,"[""windows"",""windows_security""]","[""AC.6"",""AU.14""]","[""IV_32.2""]",132,"[""Valid Accounts""]","[""T1078""]","[""Defense Evasion"",""Persistence"",""Privilege Escalation"",""Initial Access""]",60107, ,windows_eventchannel,log,"May 9, 2023 @ 10:12:33.919",EventChannel,1683627153.12667676,"May 9, 2023 @ 10:12:33.919",C:\\Windows\\System32\\svchost.exe,DJIKSTRA,Security,SeTcbPrivilege,Administrator, , , ,"{""name"":""windows_eventchannel""}", , , , , , , , , , , , , , , , , , , , , , , , , , , , , , , 
wazuh-alerts-4.x-2023.05.09,_doc,TMX__4cBy0XUe2K5oZ51,1,1,10.77.77.77,dc,003,ovelse-siem-server,0x3673ab8, , , , , , , , , , ,S-1-5-21-2082646183-1217588593-2819094730-500,0x674, , , , , ,4673,0x8010000000000000,{54849625-5478-4994-a5ba-3e3b0328c30d},0,Security,0,"""A privileged service was called.

Subject:
	Security ID:		S-1-5-21-2082646183-1217588593-2819094730-500
	Account Name:		Administrator
	Account Domain:		DJIKSTRA
	Logon ID:		0x3673AB8

Service:
	Server:	Security
	Service Name:	-

Process:
	Process ID:	0x674
	Process Name:	C:\Windows\System32\svchost.exe

Service Request Information:
	Privileges:		SeTcbPrivilege""",0,2023-05-09T10:12:27.0364266Z,1162483,6192,dc.djikstra.xrg,13056,4,AUDIT_FAILURE,Microsoft-Windows-Security-Auditing,false,4,"[""164.312.b""]","[""10.2.2""]","[""CC6.8"",""CC7.2"",""CC7.3""]",Failed attempt to perform a privileged operation.,"[""windows"",""windows_security""]","[""AC.6"",""AU.14""]","[""IV_32.2""]",134,"[""Valid Accounts""]","[""T1078""]","[""Defense Evasion"",""Persistence"",""Privilege Escalation"",""Initial Access""]",60107, ,windows_eventchannel,log,"May 9, 2023 @ 10:12:33.962",EventChannel,1683627153.12673216,"May 9, 2023 @ 10:12:33.962",C:\\Windows\\System32\\svchost.exe,DJIKSTRA,Security,SeTcbPrivilege,Administrator, , , ,"{""name"":""windows_eventchannel""}", , , , , , , , , , , , , , , , , , , , , , , , , , , , , , , 
