wazuh-alerts-4.x-2023.05.09,_doc,ecUFAIgBy0XUe2K5T6j2,1,1, ,ovelse-siem-server,000,ovelse-siem-server, , , , , , , , , , , , , , , , , , , , , , , , , , , , , , , , , , ,false,2, , , ,Unknown problem somewhere in the system.,"[""syslog"",""errors""]", , ,125, , , ,1002,"[""4.3""]", ,log,"May 9, 2023 @ 10:18:47.372",/var/log/syslog,1683627527.13845295,"May 9, 2023 @ 10:18:47.372", , , , , ,ovelse-siem-server,opensearch-dashboards,May  9 10:18:46,{},"May  9 10:18:46 ovelse-siem-server opensearch-dashboards[5081]: {""type"":""log"",""@timestamp"":""2023-05-09T10:18:46Z"",""tags"":[""error"",""opensearch"",""data""],""pid"":5081,""message"":""[version_conflict_engine_exception]: [search-telemetry:search-telemetry]: version conflict, required seqNo [1303], primary term [3]. current document has seqNo [1304] and primary term [3]""}", , , , , , , , , , , , , , , , , , , , , , , , , , , , , , 
wazuh-alerts-4.x-2023.05.09,_doc,e8UFAIgBy0XUe2K5T6j2,1,1, ,ovelse-siem-server,000,ovelse-siem-server, , , , , , , , , , , , , , , , , , , , , , , , , , , , , , , , , , ,false,2, , , ,Unknown problem somewhere in the system.,"[""syslog"",""errors""]", , ,127, , , ,1002,"[""4.3""]", ,log,"May 9, 2023 @ 10:18:47.373",/var/log/syslog,1683627527.13846385,"May 9, 2023 @ 10:18:47.373", , , , , ,ovelse-siem-server,opensearch-dashboards,May  9 10:18:46,{},"May  9 10:18:46 ovelse-siem-server opensearch-dashboards[5081]: {""type"":""error"",""@timestamp"":""2023-05-09T10:18:46Z"",""tags"":[""connection"",""client"",""error""],""pid"":5081,""level"":""error"",""error"":{""message"":""139734702114624:error:14094416:SSL routines:ssl3_read_bytes:sslv3 alert certificate unknown:../deps/openssl/openssl/ssl/record/rec_layer_s3.c:1544:SSL alert number 46\n"",""name"":""Error"",""stack"":""Error: 139734702114624:error:14094416:SSL routines:ssl3_read_bytes:sslv3 alert certificate unknown:../deps/openssl/openssl/ssl/record/rec_layer_s3.c:1544:SSL alert number 46\n""},""message"":""139734702114624:error:14094416:SSL routines:ssl3_read_bytes:sslv3 alert certificate unknown:../deps/openssl/openssl/ssl/record/rec_layer_s3.c:1544:SSL alert number 46\n""}", , , , , , , , , , , , , , , , , , , , , , , , , , , , , , 
wazuh-alerts-4.x-2023.05.09,_doc,uMUFAIgBy0XUe2K5W6ix,1,1, ,ovelse-siem-server,000,ovelse-siem-server, , , , , , , , , , , , , , , , , , , , , , , , , , , , , , , , , , ,false,2, , , ,Unknown problem somewhere in the system.,"[""syslog"",""errors""]", , ,129, , , ,1002,"[""4.3""]", ,log,"May 9, 2023 @ 10:18:49.375",/var/log/syslog,1683627529.13848290,"May 9, 2023 @ 10:18:49.375", , , , , ,ovelse-siem-server,opensearch-dashboards,May  9 10:18:49,{},"May  9 10:18:49 ovelse-siem-server opensearch-dashboards[5081]: {""type"":""error"",""@timestamp"":""2023-05-09T10:18:49Z"",""tags"":[""connection"",""client"",""error""],""pid"":5081,""level"":""error"",""error"":{""message"":""139734702114624:error:14094416:SSL routines:ssl3_read_bytes:sslv3 alert certificate unknown:../deps/openssl/openssl/ssl/record/rec_layer_s3.c:1544:SSL alert number 46\n"",""name"":""Error"",""stack"":""Error: 139734702114624:error:14094416:SSL routines:ssl3_read_bytes:sslv3 alert certificate unknown:../deps/openssl/openssl/ssl/record/rec_layer_s3.c:1544:SSL alert number 46\n""},""message"":""139734702114624:error:14094416:SSL routines:ssl3_read_bytes:sslv3 alert certificate unknown:../deps/openssl/openssl/ssl/record/rec_layer_s3.c:1544:SSL alert number 46\n""}", , , , , , , , , , , , , , , , , , , , , , , , , , , , , , 
wazuh-alerts-4.x-2023.05.09,_doc,E8UFAIgBy0XUe2K58Kk1,1,1, ,ovelse-siem-server,000,ovelse-siem-server, , , , , , , , , , , , , , , , , , , , , , , , , , , , , , , , , , ,false,2, , , ,Unknown problem somewhere in the system.,"[""syslog"",""errors""]", , ,134, , , ,1002,"[""4.3""]", ,log,"May 9, 2023 @ 10:19:25.413",/var/log/syslog,1683627565.13852980,"May 9, 2023 @ 10:19:25.413", , , , , ,ovelse-siem-server,opensearch-dashboards,May  9 10:19:23,{},"May  9 10:19:23 ovelse-siem-server opensearch-dashboards[5081]: {""type"":""error"",""@timestamp"":""2023-05-09T10:19:23Z"",""tags"":[""connection"",""client"",""error""],""pid"":5081,""level"":""error"",""error"":{""message"":""139734702114624:error:14094416:SSL routines:ssl3_read_bytes:sslv3 alert certificate unknown:../deps/openssl/openssl/ssl/record/rec_layer_s3.c:1544:SSL alert number 46\n"",""name"":""Error"",""stack"":""Error: 139734702114624:error:14094416:SSL routines:ssl3_read_bytes:sslv3 alert certificate unknown:../deps/openssl/openssl/ssl/record/rec_layer_s3.c:1544:SSL alert number 46\n""},""message"":""139734702114624:error:14094416:SSL routines:ssl3_read_bytes:sslv3 alert certificate unknown:../deps/openssl/openssl/ssl/record/rec_layer_s3.c:1544:SSL alert number 46\n""}", , , , , , , , , , , , , , , , , , , , , , , , , , , , , , 
wazuh-alerts-4.x-2023.05.09,_doc,MMUGAIgBy0XUe2K5DqlS,1,1,10.77.77.77,dc,003,ovelse-siem-server,0x0,0x0,%%1833,::1,Kerberos,0x36ae61a,Kerberos,{045aca5a-173e-0b68-1fe8-fe9e5969ef67},DC$,0,%%1842,S-1-0-0,0x0,60900,DC.DJIKSTRA.XRG,S-1-5-18,%%1843,3,4624,0x8020000000000000,{54849625-5478-4994-a5ba-3e3b0328c30d},0,Security,0,"""An account was successfully logged on.

Subject:
	Security ID:		S-1-0-0
	Account Name:		-
	Account Domain:		-
	Logon ID:		0x0

Logon Information:
	Logon Type:		3
	Restricted Admin Mode:	-
	Virtual Account:		No
	Elevated Token:		Yes

Impersonation Level:		Impersonation

New Logon:
	Security ID:		S-1-5-18
	Account Name:		DC$
	Account Domain:		DC.DJIKSTRA.XRG
	Logon ID:		0x36AE61A
	Linked Logon ID:		0x0
	Network Account Name:	-
	Network Account Domain:	-
	Logon GUID:		{045aca5a-173e-0b68-1fe8-fe9e5969ef67}

Process Information:
	Process ID:		0x0
	Process Name:		-

Network Information:
	Workstation Name:	-
	Source Network Address:	::1
	Source Port:		60900

Detailed Authentication Information:
	Logon Process:		Kerberos
	Authentication Package:	Kerberos
	Transited Services:	-
	Package Name (NTLM only):	-
	Key Length:		0

This event is generated when a logon session is created. It is generated on the computer that was accessed.

The subject fields indicate the account on the local system which requested the logon. This is most commonly a service such as the Server service, or a local process such as Winlogon.exe or Services.exe.

The logon type field indicates the kind of logon that occurred. The most common types are 2 (interactive) and 3 (network).

The New Logon fields indicate the account for whom the new logon was created, i.e. the account that was logged on.

The network fields indicate where a remote logon request originated. Workstation name is not always available and may be left blank in some cases.

The impersonation level field indicates the extent to which a process in the logon session can impersonate.

The authentication information fields provide detailed information about this specific logon request.
	- Logon GUID is a unique identifier that can be used to correlate this event with a KDC event.
	- Transited services indicate which intermediate services have participated in this logon request.
	- Package name indicates which sub-protocol was used among the NTLM protocols.
	- Key length indicates the length of the generated session key. This will be 0 if no session key was requested.""",2,2023-05-09T10:19:26.6366505Z,1163287,2272,dc.djikstra.xrg,12544,792,AUDIT_SUCCESS,Microsoft-Windows-Security-Auditing,false,3,"[""164.312.b""]","[""10.2.5""]","[""CC6.8"",""CC7.2"",""CC7.3""]",Windows logon success.,"[""windows"",""windows_security"",""authentication_success""]","[""AC.7"",""AU.14""]","[""IV_32.2""]",52,"[""Valid Accounts""]","[""T1078""]","[""Defense Evasion"",""Persistence"",""Privilege Escalation"",""Initial Access""]",60106,"[""7.1"",""7.2""]",windows_eventchannel,log,"May 9, 2023 @ 10:19:32.571",EventChannel,1683627572.13854856,"May 9, 2023 @ 10:19:32.571", , , , , , , , ,"{""name"":""windows_eventchannel""}", , , , , , , , , , , , , , , , , , , , , , , , , , , , , , , 
wazuh-alerts-4.x-2023.05.09,_doc,McUGAIgBy0XUe2K5DqlS,1,1,10.77.77.77,dc,003,ovelse-siem-server, , , , , ,0x36ae61a, , ,DC$, , , , , ,DJIKSTRA,S-1-5-18, ,3,4634,0x8020000000000000,{54849625-5478-4994-a5ba-3e3b0328c30d},0,Security,0,"""An account was logged off.

Subject:
	Security ID:		S-1-5-18
	Account Name:		DC$
	Account Domain:		DJIKSTRA
	Logon ID:		0x36AE61A

Logon Type:			3

This event is generated when a logon session is destroyed. It may be positively correlated with a logon event using the Logon ID value. Logon IDs are only unique between reboots on the same computer.""",0,2023-05-09T10:19:26.6414362Z,1163289,3676,dc.djikstra.xrg,12545,792,AUDIT_SUCCESS,Microsoft-Windows-Security-Auditing,false,3,"[""164.312.b""]","[""10.2.5""]","[""CC6.8"",""CC7.2"",""CC7.3""]",Windows User Logoff.,"[""windows"",""windows_security""]","[""AC.7"",""AU.14""]","[""IV_32.2""]",43, , , ,60137, ,windows_eventchannel,log,"May 9, 2023 @ 10:19:32.602",EventChannel,1683627572.13861880,"May 9, 2023 @ 10:19:32.602", , , , , , , , ,"{""name"":""windows_eventchannel""}", , , , , , , , , , , , , , , , , , , , , , , , , , , , , , , 
wazuh-alerts-4.x-2023.05.09,_doc,MsUGAIgBy0XUe2K5DqlS,1,1, ,ovelse-siem-server,000,ovelse-siem-server, , , , , , , , , , , , , , , , , , , , , , , , , , , , , , , , , , ,false,2, , , ,Unknown problem somewhere in the system.,"[""syslog"",""errors""]", , ,136, , , ,1002,"[""4.3""]", ,log,"May 9, 2023 @ 10:19:35.426",/var/log/syslog,1683627575.13864187,"May 9, 2023 @ 10:19:35.426", , , , , ,ovelse-siem-server,opensearch-dashboards,May  9 10:19:34,{},"May  9 10:19:34 ovelse-siem-server opensearch-dashboards[5081]: message repeated 2 times: [ {""type"":""error"",""@timestamp"":""2023-05-09T10:19:34Z"",""tags"":[""connection"",""client"",""error""],""pid"":5081,""level"":""error"",""error"":{""message"":""139734702114624:error:14094416:SSL routines:ssl3_read_bytes:sslv3 alert certificate unknown:../deps/openssl/openssl/ssl/record/rec_layer_s3.c:1544:SSL alert number 46\n"",""name"":""Error"",""stack"":""Error: 139734702114624:error:14094416:SSL routines:ssl3_read_bytes:sslv3 alert certificate unknown:../deps/openssl/openssl/ssl/record/rec_layer_s3.c:1544:SSL alert number 46\n""},""message"":""139734702114624:error:14094416:SSL routines:ssl3_read_bytes:sslv3 alert certificate unknown:../deps/openssl/openssl/ssl/record/rec_layer_s3.c:1544:SSL alert number 46\n""}]", , , , , , , , , , , , , , , , , , , , , , , , , , , , , , 
wazuh-alerts-4.x-2023.05.09,_doc,DsUGAIgBy0XUe2K5J6oJ,1,1, ,ovelse-siem-server,000,ovelse-siem-server, , , , , , , , , , , , , , , , , , , , , , , , , , , , , , , , , , ,false,2, , , ,Unknown problem somewhere in the system.,"[""syslog"",""errors""]", , ,138, , , ,1002,"[""4.3""]", ,log,"May 9, 2023 @ 10:19:41.433",/var/log/syslog,1683627581.13866092,"May 9, 2023 @ 10:19:41.433", , , , , ,ovelse-siem-server,opensearch-dashboards,May  9 10:19:40,{},"May  9 10:19:40 ovelse-siem-server opensearch-dashboards[5081]: {""type"":""log"",""@timestamp"":""2023-05-09T10:19:40Z"",""tags"":[""error"",""opensearch"",""data""],""pid"":5081,""message"":""[version_conflict_engine_exception]: [search-telemetry:search-telemetry]: version conflict, required seqNo [1336], primary term [3]. current document has seqNo [1337] and primary term [3]""}", , , , , , , , , , , , , , , , , , , , , , , , , , , , , , 
wazuh-alerts-4.x-2023.05.09,_doc,EMUGAIgBy0XUe2K5J6oJ,1,1, ,ovelse-siem-server,000,ovelse-siem-server, , , , , , , , , , , , , , , , , , , , , , , , , , , , , , , , , , ,false,2, , , ,Unknown problem somewhere in the system.,"[""syslog"",""errors""]", , ,140, , , ,1002,"[""4.3""]", ,log,"May 9, 2023 @ 10:19:41.433",/var/log/syslog,1683627581.13867182,"May 9, 2023 @ 10:19:41.433", , , , , ,ovelse-siem-server,opensearch-dashboards,May  9 10:19:41,{},"May  9 10:19:41 ovelse-siem-server opensearch-dashboards[5081]: {""type"":""log"",""@timestamp"":""2023-05-09T10:19:41Z"",""tags"":[""error"",""opensearch"",""data""],""pid"":5081,""message"":""[version_conflict_engine_exception]: [search-telemetry:search-telemetry]: version conflict, required seqNo [1337], primary term [3]. current document has seqNo [1338] and primary term [3]""}", , , , , , , , , , , , , , , , , , , , , , , , , , , , , , 
wazuh-alerts-4.x-2023.05.09,_doc,GMUGAIgBy0XUe2K5Kqrk,1,1, ,ovelse-siem-server,000,ovelse-siem-server, , , , , , , , , , , , , , , , , , , , , , , , , , , , , , , , , , ,false,2, , , ,Unknown problem somewhere in the system.,"[""syslog"",""errors""]", , ,142, , , ,1002,"[""4.3""]", ,log,"May 9, 2023 @ 10:19:43.433",/var/log/syslog,1683627583.13868123,"May 9, 2023 @ 10:19:43.433", , , , , ,ovelse-siem-server,opensearch-dashboards,May  9 10:19:42,{},"May  9 10:19:42 ovelse-siem-server opensearch-dashboards[5081]: {""type"":""log"",""@timestamp"":""2023-05-09T10:19:42Z"",""tags"":[""error"",""opensearch"",""data""],""pid"":5081,""message"":""[RequestAbortedError]: Request aborted""}", , , , , , , , , , , , , , , , , , , , , , , , , , , , , , 
wazuh-alerts-4.x-2023.05.09,_doc,GcUGAIgBy0XUe2K5Kqrk,1,1, ,ovelse-siem-server,000,ovelse-siem-server, , , , , , , , , , , , , , , , , , , , , , , , , , , , , , , , , , ,false,2, , , ,Unknown problem somewhere in the system.,"[""syslog"",""errors""]", , ,143, , , ,1002,"[""4.3""]", ,log,"May 9, 2023 @ 10:19:43.433",/var/log/syslog,1683627583.13868519,"May 9, 2023 @ 10:19:43.433", , , , , ,ovelse-siem-server,opensearch-dashboards,May  9 10:19:42,{},"May  9 10:19:42 ovelse-siem-server opensearch-dashboards[5081]: {""type"":""log"",""@timestamp"":""2023-05-09T10:19:42Z"",""tags"":[""error"",""opensearch"",""data""],""pid"":5081,""message"":""[version_conflict_engine_exception]: [search-telemetry:search-telemetry]: version conflict, required seqNo [1350], primary term [3]. current document has seqNo [1351] and primary term [3]""}", , , , , , , , , , , , , , , , , , , , , , , , , , , , , , 
wazuh-alerts-4.x-2023.05.09,_doc,GsUGAIgBy0XUe2K5Kqrk,1,1, ,ovelse-siem-server,000,ovelse-siem-server, , , , , , , , , , , , , , , , , , , , , , , , , , , , , , , , , , ,false,2, , , ,Unknown problem somewhere in the system.,"[""syslog"",""errors""]", , ,144, , , ,1002,"[""4.3""]", ,log,"May 9, 2023 @ 10:19:43.433",/var/log/syslog,1683627583.13869064,"May 9, 2023 @ 10:19:43.433", , , , , ,ovelse-siem-server,opensearch-dashboards,May  9 10:19:42,{},"May  9 10:19:42 ovelse-siem-server opensearch-dashboards[5081]: {""type"":""error"",""@timestamp"":""2023-05-09T10:19:42Z"",""tags"":[""connection"",""client"",""error""],""pid"":5081,""level"":""error"",""error"":{""message"":""139734702114624:error:14094416:SSL routines:ssl3_read_bytes:sslv3 alert certificate unknown:../deps/openssl/openssl/ssl/record/rec_layer_s3.c:1544:SSL alert number 46\n"",""name"":""Error"",""stack"":""Error: 139734702114624:error:14094416:SSL routines:ssl3_read_bytes:sslv3 alert certificate unknown:../deps/openssl/openssl/ssl/record/rec_layer_s3.c:1544:SSL alert number 46\n""},""message"":""139734702114624:error:14094416:SSL routines:ssl3_read_bytes:sslv3 alert certificate unknown:../deps/openssl/openssl/ssl/record/rec_layer_s3.c:1544:SSL alert number 46\n""}", , , , , , , , , , , , , , , , , , , , , , , , , , , , , , 
wazuh-alerts-4.x-2023.05.09,_doc,HMUGAIgBy0XUe2K5Kqrk,1,1, ,ovelse-siem-server,000,ovelse-siem-server, , , , , , , , , , , , , , , , , , , , , , , , , , , , , , , , , , ,false,2, , , ,Unknown problem somewhere in the system.,"[""syslog"",""errors""]", , ,146, , , ,1002,"[""4.3""]", ,log,"May 9, 2023 @ 10:19:43.433",/var/log/syslog,1683627583.13870940,"May 9, 2023 @ 10:19:43.433", , , , , ,ovelse-siem-server,opensearch-dashboards,May  9 10:19:42,{},"May  9 10:19:42 ovelse-siem-server opensearch-dashboards[5081]: {""type"":""log"",""@timestamp"":""2023-05-09T10:19:42Z"",""tags"":[""error"",""opensearch"",""data""],""pid"":5081,""message"":""[version_conflict_engine_exception]: [search-telemetry:search-telemetry]: version conflict, required seqNo [1350], primary term [3]. current document has seqNo [1351] and primary term [3]""}", , , , , , , , , , , , , , , , , , , , , , , , , , , , , , 
wazuh-alerts-4.x-2023.05.09,_doc,HsUGAIgBy0XUe2K5Kqrk,1,1, ,ovelse-siem-server,000,ovelse-siem-server, , , , , , , , , , , , , , , , , , , , , , , , , , , , , , , , , , ,false,2, , , ,Unknown problem somewhere in the system.,"[""syslog"",""errors""]", , ,148, , , ,1002,"[""4.3""]", ,log,"May 9, 2023 @ 10:19:43.433",/var/log/syslog,1683627583.13872423,"May 9, 2023 @ 10:19:43.433", , , , , ,ovelse-siem-server,opensearch-dashboards,May  9 10:19:42,{},"May  9 10:19:42 ovelse-siem-server opensearch-dashboards[5081]: {""type"":""error"",""@timestamp"":""2023-05-09T10:19:42Z"",""tags"":[""connection"",""client"",""error""],""pid"":5081,""level"":""error"",""error"":{""message"":""139734702114624:error:14094416:SSL routines:ssl3_read_bytes:sslv3 alert certificate unknown:../deps/openssl/openssl/ssl/record/rec_layer_s3.c:1544:SSL alert number 46\n"",""name"":""Error"",""stack"":""Error: 139734702114624:error:14094416:SSL routines:ssl3_read_bytes:sslv3 alert certificate unknown:../deps/openssl/openssl/ssl/record/rec_layer_s3.c:1544:SSL alert number 46\n""},""message"":""139734702114624:error:14094416:SSL routines:ssl3_read_bytes:sslv3 alert certificate unknown:../deps/openssl/openssl/ssl/record/rec_layer_s3.c:1544:SSL alert number 46\n""}", , , , , , , , , , , , , , , , , , , , , , , , , , , , , , 
wazuh-alerts-4.x-2023.05.09,_doc,Z8UGAIgBy0XUe2K5Nqqp,1,1, ,ovelse-siem-server,000,ovelse-siem-server, , , , , , , , , , , , , , , , , , , , , , , , , , , , , , , , , , ,false,2, , , ,Unknown problem somewhere in the system.,"[""syslog"",""errors""]", , ,149, , , ,1002,"[""4.3""]", ,log,"May 9, 2023 @ 10:19:45.616",/var/log/syslog,1683627585.13873361,"May 9, 2023 @ 10:19:45.616", , , , , ,ovelse-siem-server,opensearch-dashboards,May  9 10:19:45,{},"May  9 10:19:45 ovelse-siem-server opensearch-dashboards[5081]: {""type"":""log"",""@timestamp"":""2023-05-09T10:19:45Z"",""tags"":[""error"",""opensearch"",""data""],""pid"":5081,""message"":""[RequestAbortedError]: Request aborted""}", , , , , , , , , , , , , , , , , , , , , , , , , , , , , , 
wazuh-alerts-4.x-2023.05.09,_doc,aMUGAIgBy0XUe2K5Nqqp,1,1, ,ovelse-siem-server,000,ovelse-siem-server, , , , , , , , , , , , , , , , , , , , , , , , , , , , , , , , , , ,false,2, , , ,Unknown problem somewhere in the system.,"[""syslog"",""errors""]", , ,150, , , ,1002,"[""4.3""]", ,log,"May 9, 2023 @ 10:19:45.616",/var/log/syslog,1683627585.13873757,"May 9, 2023 @ 10:19:45.616", , , , , ,ovelse-siem-server,opensearch-dashboards,May  9 10:19:45,{},"May  9 10:19:45 ovelse-siem-server opensearch-dashboards[5081]: {""type"":""log"",""@timestamp"":""2023-05-09T10:19:45Z"",""tags"":[""error"",""opensearch"",""data""],""pid"":5081,""message"":""[RequestAbortedError]: Request aborted""}", , , , , , , , , , , , , , , , , , , , , , , , , , , , , , 
wazuh-alerts-4.x-2023.05.09,_doc,acUGAIgBy0XUe2K5Nqqp,1,1, ,ovelse-siem-server,000,ovelse-siem-server, , , , , , , , , , , , , , , , , , , , , , , , , , , , , , , , , , ,false,2, , , ,Unknown problem somewhere in the system.,"[""syslog"",""errors""]", , ,151, , , ,1002,"[""4.3""]", ,log,"May 9, 2023 @ 10:19:45.616",/var/log/syslog,1683627585.13874153,"May 9, 2023 @ 10:19:45.616", , , , , ,ovelse-siem-server,opensearch-dashboards,May  9 10:19:45,{},"May  9 10:19:45 ovelse-siem-server opensearch-dashboards[5081]: message repeated 2 times: [ {""type"":""log"",""@timestamp"":""2023-05-09T10:19:45Z"",""tags"":[""error"",""opensearch"",""data""],""pid"":5081,""message"":""[RequestAbortedError]: Request aborted""}]", , , , , , , , , , , , , , , , , , , , , , , , , , , , , , 
wazuh-alerts-4.x-2023.05.09,_doc,asUGAIgBy0XUe2K5Nqqp,1,1, ,ovelse-siem-server,000,ovelse-siem-server, , , , , , , , , , , , , , , , , , , , , , , , , , , , , , , , , , ,false,2, , , ,Unknown problem somewhere in the system.,"[""syslog"",""errors""]", , ,152, , , ,1002,"[""4.3""]", ,log,"May 9, 2023 @ 10:19:45.616",/var/log/syslog,1683627585.13874578,"May 9, 2023 @ 10:19:45.616", , , , , ,ovelse-siem-server,opensearch-dashboards,May  9 10:19:45,{},"May  9 10:19:45 ovelse-siem-server opensearch-dashboards[5081]: message repeated 10 times: [ {""type"":""error"",""@timestamp"":""2023-05-09T10:19:45Z"",""tags"":[""connection"",""client"",""error""],""pid"":5081,""level"":""error"",""error"":{""message"":""139734702114624:error:14094416:SSL routines:ssl3_read_bytes:sslv3 alert certificate unknown:../deps/openssl/openssl/ssl/record/rec_layer_s3.c:1544:SSL alert number 46\n"",""name"":""Error"",""stack"":""Error: 139734702114624:error:14094416:SSL routines:ssl3_read_bytes:sslv3 alert certificate unknown:../deps/openssl/openssl/ssl/record/rec_layer_s3.c:1544:SSL alert number 46\n""},""message"":""139734702114624:error:14094416:SSL routines:ssl3_read_bytes:sslv3 alert certificate unknown:../deps/openssl/openssl/ssl/record/rec_layer_s3.c:1544:SSL alert number 46\n""}]", , , , , , , , , , , , , , , , , , , , , , , , , , , , , , 
wazuh-alerts-4.x-2023.05.09,_doc,bcUGAIgBy0XUe2K5Nqqp,1,1, ,ovelse-siem-server,000,ovelse-siem-server, , , , , , , , , , , , , , , , , , , , , , , , , , , , , , , , , , ,false,2, , , ,Unknown problem somewhere in the system.,"[""syslog"",""errors""]", , ,155, , , ,1002,"[""4.3""]", ,log,"May 9, 2023 @ 10:19:45.616",/var/log/syslog,1683627585.13876880,"May 9, 2023 @ 10:19:45.616", , , , , ,ovelse-siem-server,opensearch-dashboards,May  9 10:19:45,{},"May  9 10:19:45 ovelse-siem-server opensearch-dashboards[5081]: {""type"":""log"",""@timestamp"":""2023-05-09T10:19:45Z"",""tags"":[""error"",""opensearch"",""data""],""pid"":5081,""message"":""[version_conflict_engine_exception]: [search-telemetry:search-telemetry]: version conflict, required seqNo [1363], primary term [3]. current document has seqNo [1364] and primary term [3]""}", , , , , , , , , , , , , , , , , , , , , , , , , , , , , , 
wazuh-alerts-4.x-2023.05.09,_doc,l8UGAIgBy0XUe2K5Uar-,1,1, ,ovelse-siem-server,000,ovelse-siem-server, , , , , , , , , , , , , , , , , , , , , , , , , , , , , , , , , , ,false,2, , , ,Unknown problem somewhere in the system.,"[""syslog"",""errors""]", , ,157, , , ,1002,"[""4.3""]", ,log,"May 9, 2023 @ 10:19:49.621",/var/log/syslog,1683627589.13877970,"May 9, 2023 @ 10:19:49.621", , , , , ,ovelse-siem-server,opensearch-dashboards,May  9 10:19:49,{},"May  9 10:19:49 ovelse-siem-server opensearch-dashboards[5081]: {""type"":""log"",""@timestamp"":""2023-05-09T10:19:49Z"",""tags"":[""error"",""opensearch"",""data""],""pid"":5081,""message"":""[version_conflict_engine_exception]: [search-telemetry:search-telemetry]: version conflict, required seqNo [1372], primary term [3]. current document has seqNo [1373] and primary term [3]""}", , , , , , , , , , , , , , , , , , , , , , , , , , , , , , 
wazuh-alerts-4.x-2023.05.09,_doc,dcUGAIgBy0XUe2K5u6uP,1,1, ,ovelse-siem-server,000,ovelse-siem-server, , , , , , , , , , , , , , , , , , , , , , , , , , , , , , , , , , ,false,2, , , ,Unknown problem somewhere in the system.,"[""syslog"",""errors""]", , ,162, , , ,1002,"[""4.3""]", ,log,"May 9, 2023 @ 10:20:19.475",/var/log/syslog,1683627619.13884385,"May 9, 2023 @ 10:20:19.475", , , , , ,ovelse-siem-server,opensearch-dashboards,May  9 10:20:18,{},"May  9 10:20:18 ovelse-siem-server opensearch-dashboards[5081]: {""type"":""error"",""@timestamp"":""2023-05-09T10:20:18Z"",""tags"":[""connection"",""client"",""error""],""pid"":5081,""level"":""error"",""error"":{""message"":""139734702114624:error:14094416:SSL routines:ssl3_read_bytes:sslv3 alert certificate unknown:../deps/openssl/openssl/ssl/record/rec_layer_s3.c:1544:SSL alert number 46\n"",""name"":""Error"",""stack"":""Error: 139734702114624:error:14094416:SSL routines:ssl3_read_bytes:sslv3 alert certificate unknown:../deps/openssl/openssl/ssl/record/rec_layer_s3.c:1544:SSL alert number 46\n""},""message"":""139734702114624:error:14094416:SSL routines:ssl3_read_bytes:sslv3 alert certificate unknown:../deps/openssl/openssl/ssl/record/rec_layer_s3.c:1544:SSL alert number 46\n""}", , , , , , , , , , , , , , , , , , , , , , , , , , , , , , 
wazuh-alerts-4.x-2023.05.09,_doc,rsXw_4cBy0XUe2K5AJLM,1,1,10.77.77.77,dc,003,ovelse-siem-server, , , , , ,0x362ed19, , ,DC$, , , , , ,DJIKSTRA,S-1-5-18, ,3,4634,0x8020000000000000,{54849625-5478-4994-a5ba-3e3b0328c30d},0,Security,0,"""An account was logged off.

Subject:
	Security ID:		S-1-5-18
	Account Name:		DC$
	Account Domain:		DJIKSTRA
	Logon ID:		0x362ED19

Logon Type:			3

This event is generated when a logon session is destroyed. It may be positively correlated with a logon event using the Logon ID value. Logon IDs are only unique between reboots on the same computer.""",0,2023-05-09T09:55:16.3603649Z,1161828,944,dc.djikstra.xrg,12545,792,AUDIT_SUCCESS,Microsoft-Windows-Security-Auditing,false,3,"[""164.312.b""]","[""10.2.5""]","[""CC6.8"",""CC7.2"",""CC7.3""]",Windows User Logoff.,"[""windows"",""windows_security""]","[""AC.7"",""AU.14""]","[""IV_32.2""]",108, , , ,60137, ,windows_eventchannel,log,"May 9, 2023 @ 09:55:22.449",EventChannel,1683626122.11849163,"May 9, 2023 @ 09:55:22.449", , , , , , , , ,"{""name"":""windows_eventchannel""}", , , , , , , , , , , , , , , , , , , , , , , , , , , , , , , 
wazuh-alerts-4.x-2023.05.09,_doc,r8Xw_4cBy0XUe2K5AJLM,1,1,10.77.77.77,dc,003,ovelse-siem-server,0x0,0x0,%%1833,fe80::f816:3eff:fe23:27bc,Kerberos,0x362ed9f,Kerberos,{045aca5a-173e-0b68-1fe8-fe9e5969ef67},DC$,0,%%1842,S-1-0-0,0x0,60831,DC.DJIKSTRA.XRG,S-1-5-18,%%1843,3,4624,0x8020000000000000,{54849625-5478-4994-a5ba-3e3b0328c30d},0,Security,0,"""An account was successfully logged on.

Subject:
	Security ID:		S-1-0-0
	Account Name:		-
	Account Domain:		-
	Logon ID:		0x0

Logon Information:
	Logon Type:		3
	Restricted Admin Mode:	-
	Virtual Account:		No
	Elevated Token:		Yes

Impersonation Level:		Impersonation

New Logon:
	Security ID:		S-1-5-18
	Account Name:		DC$
	Account Domain:		DC.DJIKSTRA.XRG
	Logon ID:		0x362ED9F
	Linked Logon ID:		0x0
	Network Account Name:	-
	Network Account Domain:	-
	Logon GUID:		{045aca5a-173e-0b68-1fe8-fe9e5969ef67}

Process Information:
	Process ID:		0x0
	Process Name:		-

Network Information:
	Workstation Name:	-
	Source Network Address:	fe80::f816:3eff:fe23:27bc
	Source Port:		60831

Detailed Authentication Information:
	Logon Process:		Kerberos
	Authentication Package:	Kerberos
	Transited Services:	-
	Package Name (NTLM only):	-
	Key Length:		0

This event is generated when a logon session is created. It is generated on the computer that was accessed.

The subject fields indicate the account on the local system which requested the logon. This is most commonly a service such as the Server service, or a local process such as Winlogon.exe or Services.exe.

The logon type field indicates the kind of logon that occurred. The most common types are 2 (interactive) and 3 (network).

The New Logon fields indicate the account for whom the new logon was created, i.e. the account that was logged on.

The network fields indicate where a remote logon request originated. Workstation name is not always available and may be left blank in some cases.

The impersonation level field indicates the extent to which a process in the logon session can impersonate.

The authentication information fields provide detailed information about this specific logon request.
	- Logon GUID is a unique identifier that can be used to correlate this event with a KDC event.
	- Transited services indicate which intermediate services have participated in this logon request.
	- Package name indicates which sub-protocol was used among the NTLM protocols.
	- Key length indicates the length of the generated session key. This will be 0 if no session key was requested.""",2,2023-05-09T09:55:16.3682646Z,1161832,3660,dc.djikstra.xrg,12544,792,AUDIT_SUCCESS,Microsoft-Windows-Security-Auditing,false,3,"[""164.312.b""]","[""10.2.5""]","[""CC6.8"",""CC7.2"",""CC7.3""]",Windows logon success.,"[""windows"",""windows_security"",""authentication_success""]","[""AC.7"",""AU.14""]","[""IV_32.2""]",108,"[""Valid Accounts""]","[""T1078""]","[""Defense Evasion"",""Persistence"",""Privilege Escalation"",""Initial Access""]",60106,"[""7.1"",""7.2""]",windows_eventchannel,log,"May 9, 2023 @ 09:55:22.511",EventChannel,1683626122.11851468,"May 9, 2023 @ 09:55:22.511", , , , , , , , ,"{""name"":""windows_eventchannel""}", , , , , , , , , , , , , , , , , , , , , , , , , , , , , , , 
wazuh-alerts-4.x-2023.05.09,_doc,t8Xu_4cBy0XUe2K5P5GG,1,1,10.77.77.77,dc,003,ovelse-siem-server,0x0,0x0,%%1833,::1,Kerberos,0x362c81f,Kerberos,{045aca5a-173e-0b68-1fe8-fe9e5969ef67},DC$,0,%%1842,S-1-0-0,0x0,60827,DC.DJIKSTRA.XRG,S-1-5-18,%%1843,3,4624,0x8020000000000000,{54849625-5478-4994-a5ba-3e3b0328c30d},0,Security,0,"""An account was successfully logged on.

Subject:
	Security ID:		S-1-0-0
	Account Name:		-
	Account Domain:		-
	Logon ID:		0x0

Logon Information:
	Logon Type:		3
	Restricted Admin Mode:	-
	Virtual Account:		No
	Elevated Token:		Yes

Impersonation Level:		Impersonation

New Logon:
	Security ID:		S-1-5-18
	Account Name:		DC$
	Account Domain:		DC.DJIKSTRA.XRG
	Logon ID:		0x362C81F
	Linked Logon ID:		0x0
	Network Account Name:	-
	Network Account Domain:	-
	Logon GUID:		{045aca5a-173e-0b68-1fe8-fe9e5969ef67}

Process Information:
	Process ID:		0x0
	Process Name:		-

Network Information:
	Workstation Name:	-
	Source Network Address:	::1
	Source Port:		60827

Detailed Authentication Information:
	Logon Process:		Kerberos
	Authentication Package:	Kerberos
	Transited Services:	-
	Package Name (NTLM only):	-
	Key Length:		0

This event is generated when a logon session is created. It is generated on the computer that was accessed.

The subject fields indicate the account on the local system which requested the logon. This is most commonly a service such as the Server service, or a local process such as Winlogon.exe or Services.exe.

The logon type field indicates the kind of logon that occurred. The most common types are 2 (interactive) and 3 (network).

The New Logon fields indicate the account for whom the new logon was created, i.e. the account that was logged on.

The network fields indicate where a remote logon request originated. Workstation name is not always available and may be left blank in some cases.

The impersonation level field indicates the extent to which a process in the logon session can impersonate.

The authentication information fields provide detailed information about this specific logon request.
	- Logon GUID is a unique identifier that can be used to correlate this event with a KDC event.
	- Transited services indicate which intermediate services have participated in this logon request.
	- Package name indicates which sub-protocol was used among the NTLM protocols.
	- Key length indicates the length of the generated session key. This will be 0 if no session key was requested.""",2,2023-05-09T09:53:26.2797730Z,1161812,2272,dc.djikstra.xrg,12544,792,AUDIT_SUCCESS,Microsoft-Windows-Security-Auditing,false,3,"[""164.312.b""]","[""10.2.5""]","[""CC6.8"",""CC7.2"",""CC7.3""]",Windows logon success.,"[""windows"",""windows_security"",""authentication_success""]","[""AC.7"",""AU.14""]","[""IV_32.2""]",105,"[""Valid Accounts""]","[""T1078""]","[""Defense Evasion"",""Persistence"",""Privilege Escalation"",""Initial Access""]",60106,"[""7.1"",""7.2""]",windows_eventchannel,log,"May 9, 2023 @ 09:53:32.385",EventChannel,1683626012.11822478,"May 9, 2023 @ 09:53:32.385", , , , , , , , ,"{""name"":""windows_eventchannel""}", , , , , , , , , , , , , , , , , , , , , , , , , , , , , , , 
wazuh-alerts-4.x-2023.05.09,_doc,uMXu_4cBy0XUe2K5P5GG,1,1,10.77.77.77,dc,003,ovelse-siem-server, , , , , ,0x362c81f, , ,DC$, , , , , ,DJIKSTRA,S-1-5-18, ,3,4634,0x8020000000000000,{54849625-5478-4994-a5ba-3e3b0328c30d},0,Security,0,"""An account was logged off.

Subject:
	Security ID:		S-1-5-18
	Account Name:		DC$
	Account Domain:		DJIKSTRA
	Logon ID:		0x362C81F

Logon Type:			3

This event is generated when a logon session is destroyed. It may be positively correlated with a logon event using the Logon ID value. Logon IDs are only unique between reboots on the same computer.""",0,2023-05-09T09:53:26.2845592Z,1161814,5332,dc.djikstra.xrg,12545,792,AUDIT_SUCCESS,Microsoft-Windows-Security-Auditing,false,3,"[""164.312.b""]","[""10.2.5""]","[""CC6.8"",""CC7.2"",""CC7.3""]",Windows User Logoff.,"[""windows"",""windows_security""]","[""AC.7"",""AU.14""]","[""IV_32.2""]",106, , , ,60137, ,windows_eventchannel,log,"May 9, 2023 @ 09:53:32.416",EventChannel,1683626012.11829502,"May 9, 2023 @ 09:53:32.416", , , , , , , , ,"{""name"":""windows_eventchannel""}", , , , , , , , , , , , , , , , , , , , , , , , , , , , , , , 
wazuh-alerts-4.x-2023.05.09,_doc,m8Xt_4cBy0XUe2K56JGk,1,1,10.77.77.77,dc,003,ovelse-siem-server,0x0,0x0,%%1840,fe80::f816:3eff:fe23:27bc,Kerberos,0x362b6ab,Kerberos,{d9727a5c-28e3-f0c1-36b0-1e84efcf3c70},DC$,0,%%1842,S-1-0-0,0x0,60826,DC.DJIKSTRA.XRG,S-1-5-18,%%1843,3,4624,0x8020000000000000,{54849625-5478-4994-a5ba-3e3b0328c30d},0,Security,0,"""An account was successfully logged on.

Subject:
	Security ID:		S-1-0-0
	Account Name:		-
	Account Domain:		-
	Logon ID:		0x0

Logon Information:
	Logon Type:		3
	Restricted Admin Mode:	-
	Virtual Account:		No
	Elevated Token:		Yes

Impersonation Level:		Delegation

New Logon:
	Security ID:		S-1-5-18
	Account Name:		DC$
	Account Domain:		DC.DJIKSTRA.XRG
	Logon ID:		0x362B6AB
	Linked Logon ID:		0x0
	Network Account Name:	-
	Network Account Domain:	-
	Logon GUID:		{d9727a5c-28e3-f0c1-36b0-1e84efcf3c70}

Process Information:
	Process ID:		0x0
	Process Name:		-

Network Information:
	Workstation Name:	-
	Source Network Address:	fe80::f816:3eff:fe23:27bc
	Source Port:		60826

Detailed Authentication Information:
	Logon Process:		Kerberos
	Authentication Package:	Kerberos
	Transited Services:	-
	Package Name (NTLM only):	-
	Key Length:		0

This event is generated when a logon session is created. It is generated on the computer that was accessed.

The subject fields indicate the account on the local system which requested the logon. This is most commonly a service such as the Server service, or a local process such as Winlogon.exe or Services.exe.

The logon type field indicates the kind of logon that occurred. The most common types are 2 (interactive) and 3 (network).

The New Logon fields indicate the account for whom the new logon was created, i.e. the account that was logged on.

The network fields indicate where a remote logon request originated. Workstation name is not always available and may be left blank in some cases.

The impersonation level field indicates the extent to which a process in the logon session can impersonate.

The authentication information fields provide detailed information about this specific logon request.
	- Logon GUID is a unique identifier that can be used to correlate this event with a KDC event.
	- Transited services indicate which intermediate services have participated in this logon request.
	- Package name indicates which sub-protocol was used among the NTLM protocols.
	- Key length indicates the length of the generated session key. This will be 0 if no session key was requested.""",2,2023-05-09T09:53:05.7110038Z,1161804,5332,dc.djikstra.xrg,12544,792,AUDIT_SUCCESS,Microsoft-Windows-Security-Auditing,false,3,"[""164.312.b""]","[""10.2.5""]","[""CC6.8"",""CC7.2"",""CC7.3""]",Windows logon success.,"[""windows"",""windows_security"",""authentication_success""]","[""AC.7"",""AU.14""]","[""IV_32.2""]",104,"[""Valid Accounts""]","[""T1078""]","[""Defense Evasion"",""Persistence"",""Privilege Escalation"",""Initial Access""]",60106,"[""7.1"",""7.2""]",windows_eventchannel,log,"May 9, 2023 @ 09:53:11.822",EventChannel,1683625991.11813065,"May 9, 2023 @ 09:53:11.822", , , , , , , , ,"{""name"":""windows_eventchannel""}", , , , , , , , , , , , , , , , , , , , , , , , , , , , , , , 
wazuh-alerts-4.x-2023.05.09,_doc,sMXu_4cBy0XUe2K5JJEs,1,1,10.77.77.77,dc,003,ovelse-siem-server, , , , , ,0x362b6ab, , ,DC$, , , , , ,DJIKSTRA,S-1-5-18, ,3,4634,0x8020000000000000,{54849625-5478-4994-a5ba-3e3b0328c30d},0,Security,0,"""An account was logged off.

Subject:
	Security ID:		S-1-5-18
	Account Name:		DC$
	Account Domain:		DJIKSTRA
	Logon ID:		0x362B6AB

Logon Type:			3

This event is generated when a logon session is destroyed. It may be positively correlated with a logon event using the Logon ID value. Logon IDs are only unique between reboots on the same computer.""",0,2023-05-09T09:53:16.9768359Z,1161808,5332,dc.djikstra.xrg,12545,792,AUDIT_SUCCESS,Microsoft-Windows-Security-Auditing,false,3,"[""164.312.b""]","[""10.2.5""]","[""CC6.8"",""CC7.2"",""CC7.3""]",Windows User Logoff.,"[""windows"",""windows_security""]","[""AC.7"",""AU.14""]","[""IV_32.2""]",105, , , ,60137, ,windows_eventchannel,log,"May 9, 2023 @ 09:53:22.997",EventChannel,1683626002.11820171,"May 9, 2023 @ 09:53:22.997", , , , , , , , ,"{""name"":""windows_eventchannel""}", , , , , , , , , , , , , , , , , , , , , , , , , , , , , , , 
wazuh-alerts-4.x-2023.05.09,_doc,I8Xw_4cBy0XUe2K59pMj,1,1,10.77.77.77,dc,003,ovelse-siem-server, , , , , ,0x36318d9, , ,DC$, , , , , ,DJIKSTRA,S-1-5-18, ,3,4634,0x8020000000000000,{54849625-5478-4994-a5ba-3e3b0328c30d},0,Security,0,"""An account was logged off.

Subject:
	Security ID:		S-1-5-18
	Account Name:		DC$
	Account Domain:		DJIKSTRA
	Logon ID:		0x36318D9

Logon Type:			3

This event is generated when a logon session is destroyed. It may be positively correlated with a logon event using the Logon ID value. Logon IDs are only unique between reboots on the same computer.""",0,2023-05-09T09:56:26.3330833Z,1161855,5332,dc.djikstra.xrg,12545,792,AUDIT_SUCCESS,Microsoft-Windows-Security-Auditing,false,3,"[""164.312.b""]","[""10.2.5""]","[""CC6.8"",""CC7.2"",""CC7.3""]",Windows User Logoff.,"[""windows"",""windows_security""]","[""AC.7"",""AU.14""]","[""IV_32.2""]",112, , , ,60137, ,windows_eventchannel,log,"May 9, 2023 @ 09:56:32.496",EventChannel,1683626192.11883955,"May 9, 2023 @ 09:56:32.496", , , , , , , , ,"{""name"":""windows_eventchannel""}", , , , , , , , , , , , , , , , , , , , , , , , , , , , , , , 
wazuh-alerts-4.x-2023.05.09,_doc,CcXw_4cBy0XUe2K56pNw,1,1, ,ovelse-siem-server,000,ovelse-siem-server, , , , , , , , , , , , , , , , , , , , , , , , , , , , , , , , , , ,false,2, , , ,Unknown problem somewhere in the system.,"[""syslog"",""errors""]", , ,17, , , ,1002,"[""4.3""]", ,log,"May 9, 2023 @ 09:56:27.892",/var/log/syslog,1683626187.11873150,"May 9, 2023 @ 09:56:27.892", , , , , ,ovelse-siem-server,opensearch-dashboards,May  9 09:56:26,{},"May  9 09:56:26 ovelse-siem-server opensearch-dashboards[5081]: {""type"":""error"",""@timestamp"":""2023-05-09T09:56:26Z"",""tags"":[""connection"",""client"",""error""],""pid"":5081,""level"":""error"",""error"":{""message"":""139734702114624:error:14094416:SSL routines:ssl3_read_bytes:sslv3 alert certificate unknown:../deps/openssl/openssl/ssl/record/rec_layer_s3.c:1544:SSL alert number 46\n"",""name"":""Error"",""stack"":""Error: 139734702114624:error:14094416:SSL routines:ssl3_read_bytes:sslv3 alert certificate unknown:../deps/openssl/openssl/ssl/record/rec_layer_s3.c:1544:SSL alert number 46\n""},""message"":""139734702114624:error:14094416:SSL routines:ssl3_read_bytes:sslv3 alert certificate unknown:../deps/openssl/openssl/ssl/record/rec_layer_s3.c:1544:SSL alert number 46\n""}", , , , , , , , , , , , , , , , , , , , , , , , , , , , , , 
wazuh-alerts-4.x-2023.05.09,_doc,CsXw_4cBy0XUe2K56pNw,1,1, ,ovelse-siem-server,000,ovelse-siem-server, , , , , , , , , , , , , , , , , , , , , , , , , , , , , , , , , , ,false,2, , , ,Unknown problem somewhere in the system.,"[""syslog"",""errors""]", , ,18, , , ,1002,"[""4.3""]", ,log,"May 9, 2023 @ 09:56:29.895",/var/log/syslog,1683626189.11874088,"May 9, 2023 @ 09:56:29.895", , , , , ,ovelse-siem-server,opensearch-dashboards,May  9 09:56:28,{},"May  9 09:56:28 ovelse-siem-server opensearch-dashboards[5081]: {""type"":""error"",""@timestamp"":""2023-05-09T09:56:28Z"",""tags"":[""connection"",""client"",""error""],""pid"":5081,""level"":""error"",""error"":{""message"":""139734702114624:error:14094416:SSL routines:ssl3_read_bytes:sslv3 alert certificate unknown:../deps/openssl/openssl/ssl/record/rec_layer_s3.c:1544:SSL alert number 46\n"",""name"":""Error"",""stack"":""Error: 139734702114624:error:14094416:SSL routines:ssl3_read_bytes:sslv3 alert certificate unknown:../deps/openssl/openssl/ssl/record/rec_layer_s3.c:1544:SSL alert number 46\n""},""message"":""139734702114624:error:14094416:SSL routines:ssl3_read_bytes:sslv3 alert certificate unknown:../deps/openssl/openssl/ssl/record/rec_layer_s3.c:1544:SSL alert number 46\n""}", , , , , , , , , , , , , , , , , , , , , , , , , , , , , , 
wazuh-alerts-4.x-2023.05.09,_doc,X8X4_4cBy0XUe2K5o5jF,1,1,10.77.77.77,dc,003,ovelse-siem-server,0x0,0x0,%%1833,10.250.250.250,NTLM,0x363f3a2,NtLmSsp,{00000000-0000-0000-0000-000000000000},Administrator,128,%%1842,S-1-0-0,0x0,0,DJIKSTRA,S-1-5-21-2082646183-1217588593-2819094730-500,%%1843,3,4624,0x8020000000000000,{54849625-5478-4994-a5ba-3e3b0328c30d},0,Security,0,"""An account was successfully logged on.

Subject:
	Security ID:		S-1-0-0
	Account Name:		-
	Account Domain:		-
	Logon ID:		0x0

Logon Information:
	Logon Type:		3
	Restricted Admin Mode:	-
	Virtual Account:		No
	Elevated Token:		Yes

Impersonation Level:		Impersonation

New Logon:
	Security ID:		S-1-5-21-2082646183-1217588593-2819094730-500
	Account Name:		Administrator
	Account Domain:		DJIKSTRA
	Logon ID:		0x363F3A2
	Linked Logon ID:		0x0
	Network Account Name:	-
	Network Account Domain:	-
	Logon GUID:		{00000000-0000-0000-0000-000000000000}

Process Information:
	Process ID:		0x0
	Process Name:		-

Network Information:
	Workstation Name:	MMPEAL
	Source Network Address:	10.250.250.250
	Source Port:		0

Detailed Authentication Information:
	Logon Process:		NtLmSsp 
	Authentication Package:	NTLM
	Transited Services:	-
	Package Name (NTLM only):	NTLM V2
	Key Length:		128

This event is generated when a logon session is created. It is generated on the computer that was accessed.

The subject fields indicate the account on the local system which requested the logon. This is most commonly a service such as the Server service, or a local process such as Winlogon.exe or Services.exe.

The logon type field indicates the kind of logon that occurred. The most common types are 2 (interactive) and 3 (network).

The New Logon fields indicate the account for whom the new logon was created, i.e. the account that was logged on.

The network fields indicate where a remote logon request originated. Workstation name is not always available and may be left blank in some cases.

The impersonation level field indicates the extent to which a process in the logon session can impersonate.

The authentication information fields provide detailed information about this specific logon request.
	- Logon GUID is a unique identifier that can be used to correlate this event with a KDC event.
	- Transited services indicate which intermediate services have participated in this logon request.
	- Package name indicates which sub-protocol was used among the NTLM protocols.
	- Key length indicates the length of the generated session key. This will be 0 if no session key was requested.""",2,2023-05-09T10:04:47.7801583Z,1162023,5944,dc.djikstra.xrg,12544,792,AUDIT_SUCCESS,Microsoft-Windows-Security-Auditing,false,6,"[""164.312.b""]","[""10.2.5""]","[""CC6.8"",""CC7.2"",""CC7.3""]","Successful Remote Logon Detected - NTLM authentication, possible pass-the-hash attack.","[""win_evt_channel"",""authentication_success""]","[""AC.7"",""AU.14""]","[""IV_32.2""]",2,"[""Pass the Hash""]","[""T1550.002""]","[""Defense Evasion"",""Lateral Movement""]",92652,"[""7.1"",""7.2""]",windows_eventchannel,log,"May 9, 2023 @ 10:04:53.783",EventChannel,1683626693.12081684,"May 9, 2023 @ 10:04:53.783", , , , , , , , ,"{""name"":""windows_eventchannel""}","{""win"":{""system"":{""providerName"":""Microsoft-Windows-Security-Auditing"",""providerGuid"":""{54849625-5478-4994-a5ba-3e3b0328c30d}"",""eventID"":""4624"",""version"":""2"",""level"":""0"",""task"":""12544"",""opcode"":""0"",""keywords"":""0x8020000000000000"",""systemTime"":""2023-05-09T10:04:47.7801583Z"",""eventRecordID"":""1162023"",""processID"":""792"",""threadID"":""5944"",""channel"":""Security"",""computer"":""dc.djikstra.xrg"",""severityValue"":""AUDIT_SUCCESS"",""message"":""\""An account was successfully logged on.\r\n\r\nSubject:\r\n\tSecurity ID:\t\tS-1-0-0\r\n\tAccount Name:\t\t-\r\n\tAccount Domain:\t\t-\r\n\tLogon ID:\t\t0x0\r\n\r\nLogon Information:\r\n\tLogon Type:\t\t3\r\n\tRestricted Admin Mode:\t-\r\n\tVirtual Account:\t\tNo\r\n\tElevated Token:\t\tYes\r\n\r\nImpersonation Level:\t\tImpersonation\r\n\r\nNew Logon:\r\n\tSecurity ID:\t\tS-1-5-21-2082646183-1217588593-2819094730-500\r\n\tAccount Name:\t\tAdministrator\r\n\tAccount Domain:\t\tDJIKSTRA\r\n\tLogon ID:\t\t0x363F3A2\r\n\tLinked Logon ID:\t\t0x0\r\n\tNetwork Account Name:\t-\r\n\tNetwork Account Domain:\t-\r\n\tLogon GUID:\t\t{00000000-0000-0000-0000-000000000000}\r\n\r\nProcess Information:\r\n\tProcess ID:\t\t0x0\r\n\tProcess Name:\t\t-\r\n\r\nNetwork Information:\r\n\tWorkstation Name:\tMMPEAL\r\n\tSource Network Address:\t10.250.250.250\r\n\tSource Port:\t\t0\r\n\r\nDetailed Authentication Information:\r\n\tLogon Process:\t\tNtLmSsp \r\n\tAuthentication Package:\tNTLM\r\n\tTransited Services:\t-\r\n\tPackage Name (NTLM only):\tNTLM V2\r\n\tKey Length:\t\t128\r\n\r\nThis event is generated when a logon session is created. It is generated on the computer that was accessed.\r\n\r\nThe subject fields indicate the account on the local system which requested the logon. This is most commonly a service such as the Server service, or a local process such as Winlogon.exe or Services.exe.\r\n\r\nThe logon type field indicates the kind of logon that occurred. The most common types are 2 (interactive) and 3 (network).\r\n\r\nThe New Logon fields indicate the account for whom the new logon was created, i.e. the account that was logged on.\r\n\r\nThe network fields indicate where a remote logon request originated. Workstation name is not always available and may be left blank in some cases.\r\n\r\nThe impersonation level field indicates the extent to which a process in the logon session can impersonate.\r\n\r\nThe authentication information fields provide detailed information about this specific logon request.\r\n\t- Logon GUID is a unique identifier that can be used to correlate this event with a KDC event.\r\n\t- Transited services indicate which intermediate services have participated in this logon request.\r\n\t- Package name indicates which sub-protocol was used among the NTLM protocols.\r\n\t- Key length indicates the length of the generated session key. This will be 0 if no session key was requested.\""""},""eventdata"":{""subjectUserSid"":""S-1-0-0"",""subjectLogonId"":""0x0"",""targetUserSid"":""S-1-5-21-2082646183-1217588593-2819094730-500"",""targetUserName"":""Administrator"",""targetDomainName"":""DJIKSTRA"",""targetLogonId"":""0x363f3a2"",""logonType"":""3"",""logonProcessName"":""NtLmSsp"",""authenticationPackageName"":""NTLM"",""workstationName"":""MMPEAL"",""logonGuid"":""{00000000-0000-0000-0000-000000000000}"",""lmPackageName"":""NTLM V2"",""keyLength"":""128"",""processId"":""0x0"",""ipAddress"":""10.250.250.250"",""ipPort"":""0"",""impersonationLevel"":""%%1833"",""virtualAccount"":""%%1843"",""targetLinkedLogonId"":""0x0"",""elevatedToken"":""%%1842""}}}", , , , , , ,MMPEAL, , , , , , , , , , , , , , , , , , , , , , ,NTLM V2
