wazuh-alerts-4.x-2023.05.09,_doc,u8UEAIgBy0XUe2K5Mqaa,1,1,10.77.77.77,dc,003,ovelse-siem-server, , , , , ,0x36aadaa, , ,DC$, , , , , ,DJIKSTRA,S-1-5-18, ,3,4634,0x8020000000000000,{54849625-5478-4994-a5ba-3e3b0328c30d},0,Security,0,"""An account was logged off.

Subject:
	Security ID:		S-1-5-18
	Account Name:		DC$
	Account Domain:		DJIKSTRA
	Logon ID:		0x36AADAA

Logon Type:			3

This event is generated when a logon session is destroyed. It may be positively correlated with a logon event using the Logon ID value. Logon IDs are only unique between reboots on the same computer.""",0,2023-05-09T10:17:26.6252834Z,1163258,3676,dc.djikstra.xrg,12545,792,AUDIT_SUCCESS,Microsoft-Windows-Security-Auditing,false,3,"[""164.312.b""]","[""10.2.5""]","[""CC6.8"",""CC7.2"",""CC7.3""]",Windows User Logoff.,"[""windows"",""windows_security""]","[""AC.7"",""AU.14""]","[""IV_32.2""]",41, , , ,60137, ,windows_eventchannel,log,"May 9, 2023 @ 10:17:32.553",EventChannel,1683627452.13814609,"May 9, 2023 @ 10:17:32.553", , , , , , , , ,"{""name"":""windows_eventchannel""}", , , , , , , , , , , , , , , , , , , , , , , , , , , , , , , 
wazuh-alerts-4.x-2023.05.09,_doc,58UDAIgBy0XUe2K5naUv,1,1, ,ovelse-siem-server,000,ovelse-siem-server, , , , , , , , , , , , , , , , , , , , , , , , , , , , , , , , , , ,false,2, , , ,Unknown problem somewhere in the system.,"[""syslog"",""errors""]", , ,91, , , ,1002,"[""4.3""]", ,log,"May 9, 2023 @ 10:16:53.241",/var/log/syslog,1683627413.13797168,"May 9, 2023 @ 10:16:53.241", , , , , ,ovelse-siem-server,opensearch-dashboards,May  9 10:16:51,{},"May  9 10:16:51 ovelse-siem-server opensearch-dashboards[5081]: {""type"":""log"",""@timestamp"":""2023-05-09T10:16:51Z"",""tags"":[""error"",""opensearch"",""data""],""pid"":5081,""message"":""[RequestAbortedError]: Request aborted""}", , , , , , , , , , , , , , , , , , , , , , , , , , , , , , 
wazuh-alerts-4.x-2023.05.09,_doc,6sUDAIgBy0XUe2K5naUv,1,1, ,ovelse-siem-server,000,ovelse-siem-server, , , , , , , , , , , , , , , , , , , , , , , , , , , , , , , , , , ,false,2, , , ,Unknown problem somewhere in the system.,"[""syslog"",""errors""]", , ,94, , , ,1002,"[""4.3""]", ,log,"May 9, 2023 @ 10:16:53.240",/var/log/syslog,1683627413.13798534,"May 9, 2023 @ 10:16:53.240", , , , , ,ovelse-siem-server,opensearch-dashboards,May  9 10:16:51,{},"May  9 10:16:51 ovelse-siem-server opensearch-dashboards[5081]: {""type"":""log"",""@timestamp"":""2023-05-09T10:16:51Z"",""tags"":[""error"",""opensearch"",""data""],""pid"":5081,""message"":""[RequestAbortedError]: Request aborted""}", , , , , , , , , , , , , , , , , , , , , , , , , , , , , , 
wazuh-alerts-4.x-2023.05.09,_doc,7MUDAIgBy0XUe2K5naUv,1,1, ,ovelse-siem-server,000,ovelse-siem-server, , , , , , , , , , , , , , , , , , , , , , , , , , , , , , , , , , ,false,2, , , ,Unknown problem somewhere in the system.,"[""syslog"",""errors""]", , ,96, , , ,1002,"[""4.3""]", ,log,"May 9, 2023 @ 10:16:53.241",/var/log/syslog,1683627413.13799475,"May 9, 2023 @ 10:16:53.241", , , , , ,ovelse-siem-server,opensearch-dashboards,May  9 10:16:51,{},"May  9 10:16:51 ovelse-siem-server opensearch-dashboards[5081]: {""type"":""log"",""@timestamp"":""2023-05-09T10:16:51Z"",""tags"":[""error"",""opensearch"",""data""],""pid"":5081,""message"":""[version_conflict_engine_exception]: [search-telemetry:search-telemetry]: version conflict, required seqNo [1263], primary term [3]. current document has seqNo [1264] and primary term [3]""}", , , , , , , , , , , , , , , , , , , , , , , , , , , , , , 
wazuh-alerts-4.x-2023.05.09,_doc,7cUDAIgBy0XUe2K5naUv,1,1, ,ovelse-siem-server,000,ovelse-siem-server, , , , , , , , , , , , , , , , , , , , , , , , , , , , , , , , , , ,false,2, , , ,Unknown problem somewhere in the system.,"[""syslog"",""errors""]", , ,97, , , ,1002,"[""4.3""]", ,log,"May 9, 2023 @ 10:16:53.241",/var/log/syslog,1683627413.13800020,"May 9, 2023 @ 10:16:53.241", , , , , ,ovelse-siem-server,opensearch-dashboards,May  9 10:16:51,{},"May  9 10:16:51 ovelse-siem-server opensearch-dashboards[5081]: {""type"":""error"",""@timestamp"":""2023-05-09T10:16:51Z"",""tags"":[""connection"",""client"",""error""],""pid"":5081,""level"":""error"",""error"":{""message"":""139734702114624:error:14094416:SSL routines:ssl3_read_bytes:sslv3 alert certificate unknown:../deps/openssl/openssl/ssl/record/rec_layer_s3.c:1544:SSL alert number 46\n"",""name"":""Error"",""stack"":""Error: 139734702114624:error:14094416:SSL routines:ssl3_read_bytes:sslv3 alert certificate unknown:../deps/openssl/openssl/ssl/record/rec_layer_s3.c:1544:SSL alert number 46\n""},""message"":""139734702114624:error:14094416:SSL routines:ssl3_read_bytes:sslv3 alert certificate unknown:../deps/openssl/openssl/ssl/record/rec_layer_s3.c:1544:SSL alert number 46\n""}", , , , , , , , , , , , , , , , , , , , , , , , , , , , , , 
wazuh-alerts-4.x-2023.05.09,_doc,F8UEAIgBy0XUe2K5k6dk,1,1, ,ovelse-siem-server,000,ovelse-siem-server, , , , , , , , , , , , , , , , , , , , , , , , , , , , , , , , , , ,false,2, , , ,Unknown problem somewhere in the system.,"[""syslog"",""errors""]", , ,112, , , ,1002,"[""4.3""]", ,log,"May 9, 2023 @ 10:17:57.310",/var/log/syslog,1683627477.13822151,"May 9, 2023 @ 10:17:57.310", , , , , ,ovelse-siem-server,opensearch-dashboards,May  9 10:17:56,{},"May  9 10:17:56 ovelse-siem-server opensearch-dashboards[5081]: {""type"":""error"",""@timestamp"":""2023-05-09T10:17:56Z"",""tags"":[""connection"",""client"",""error""],""pid"":5081,""level"":""error"",""error"":{""message"":""139734702114624:error:14094416:SSL routines:ssl3_read_bytes:sslv3 alert certificate unknown:../deps/openssl/openssl/ssl/record/rec_layer_s3.c:1544:SSL alert number 46\n"",""name"":""Error"",""stack"":""Error: 139734702114624:error:14094416:SSL routines:ssl3_read_bytes:sslv3 alert certificate unknown:../deps/openssl/openssl/ssl/record/rec_layer_s3.c:1544:SSL alert number 46\n""},""message"":""139734702114624:error:14094416:SSL routines:ssl3_read_bytes:sslv3 alert certificate unknown:../deps/openssl/openssl/ssl/record/rec_layer_s3.c:1544:SSL alert number 46\n""}", , , , , , , , , , , , , , , , , , , , , , , , , , , , , , 
wazuh-alerts-4.x-2023.05.09,_doc,GMUEAIgBy0XUe2K5k6dk,1,1, ,ovelse-siem-server,000,ovelse-siem-server, , , , , , , , , , , , , , , , , , , , , , , , , , , , , , , , , , ,false,2, , , ,Unknown problem somewhere in the system.,"[""syslog"",""errors""]", , ,113, , , ,1002,"[""4.3""]", ,log,"May 9, 2023 @ 10:17:57.311",/var/log/syslog,1683627477.13823089,"May 9, 2023 @ 10:17:57.311", , , , , ,ovelse-siem-server,opensearch-dashboards,May  9 10:17:56,{},"May  9 10:17:56 ovelse-siem-server opensearch-dashboards[5081]: {""type"":""error"",""@timestamp"":""2023-05-09T10:17:56Z"",""tags"":[""connection"",""client"",""error""],""pid"":5081,""level"":""error"",""error"":{""message"":""139734702114624:error:14094416:SSL routines:ssl3_read_bytes:sslv3 alert certificate unknown:../deps/openssl/openssl/ssl/record/rec_layer_s3.c:1544:SSL alert number 46\n"",""name"":""Error"",""stack"":""Error: 139734702114624:error:14094416:SSL routines:ssl3_read_bytes:sslv3 alert certificate unknown:../deps/openssl/openssl/ssl/record/rec_layer_s3.c:1544:SSL alert number 46\n""},""message"":""139734702114624:error:14094416:SSL routines:ssl3_read_bytes:sslv3 alert certificate unknown:../deps/openssl/openssl/ssl/record/rec_layer_s3.c:1544:SSL alert number 46\n""}", , , , , , , , , , , , , , , , , , , , , , , , , , , , , , 
wazuh-alerts-4.x-2023.05.09,_doc,acUDAIgBy0XUe2K5-6bt,1,1, ,ovelse-siem-server,000,ovelse-siem-server, , , , , , , , , , , , , , , , , , , , , , , , , , , , , , , , , , ,false,2, , , ,Unknown problem somewhere in the system.,"[""syslog"",""errors""]", , ,104, , , ,1002,"[""4.3""]", ,log,"May 9, 2023 @ 10:17:17.266",/var/log/syslog,1683627437.13805680,"May 9, 2023 @ 10:17:17.266", , , , , ,ovelse-siem-server,opensearch-dashboards,May  9 10:17:16,{},"May  9 10:17:16 ovelse-siem-server opensearch-dashboards[5081]: message repeated 4 times: [ {""type"":""error"",""@timestamp"":""2023-05-09T10:17:16Z"",""tags"":[""connection"",""client"",""error""],""pid"":5081,""level"":""error"",""error"":{""message"":""139734702114624:error:14094416:SSL routines:ssl3_read_bytes:sslv3 alert certificate unknown:../deps/openssl/openssl/ssl/record/rec_layer_s3.c:1544:SSL alert number 46\n"",""name"":""Error"",""stack"":""Error: 139734702114624:error:14094416:SSL routines:ssl3_read_bytes:sslv3 alert certificate unknown:../deps/openssl/openssl/ssl/record/rec_layer_s3.c:1544:SSL alert number 46\n""},""message"":""139734702114624:error:14094416:SSL routines:ssl3_read_bytes:sslv3 alert certificate unknown:../deps/openssl/openssl/ssl/record/rec_layer_s3.c:1544:SSL alert number 46\n""}]", , , , , , , , , , , , , , , , , , , , , , , , , , , , , , 
wazuh-alerts-4.x-2023.05.09,_doc,CMUEAIgBy0XUe2K50qje,1,1, ,ovelse-siem-server,000,ovelse-siem-server, , , , , , , , , , , , , , , , , , , , , , , , , , , , , , , , , , ,false,2, , , ,Unknown problem somewhere in the system.,"[""syslog"",""errors""]", , ,119, , , ,1002,"[""4.3""]", ,log,"May 9, 2023 @ 10:18:15.335",/var/log/syslog,1683627495.13830700,"May 9, 2023 @ 10:18:15.335", , , , , ,ovelse-siem-server,opensearch-dashboards,May  9 10:18:14,{},"May  9 10:18:14 ovelse-siem-server opensearch-dashboards[5081]: {""type"":""error"",""@timestamp"":""2023-05-09T10:18:14Z"",""tags"":[""connection"",""client"",""error""],""pid"":5081,""level"":""error"",""error"":{""message"":""139734702114624:error:14094416:SSL routines:ssl3_read_bytes:sslv3 alert certificate unknown:../deps/openssl/openssl/ssl/record/rec_layer_s3.c:1544:SSL alert number 46\n"",""name"":""Error"",""stack"":""Error: 139734702114624:error:14094416:SSL routines:ssl3_read_bytes:sslv3 alert certificate unknown:../deps/openssl/openssl/ssl/record/rec_layer_s3.c:1544:SSL alert number 46\n""},""message"":""139734702114624:error:14094416:SSL routines:ssl3_read_bytes:sslv3 alert certificate unknown:../deps/openssl/openssl/ssl/record/rec_layer_s3.c:1544:SSL alert number 46\n""}", , , , , , , , , , , , , , , , , , , , , , , , , , , , , , 
wazuh-alerts-4.x-2023.05.09,_doc,4MUEAIgBy0XUe2K5VKbM,1,1, ,ovelse-siem-server,000,ovelse-siem-server, , , , , , , , , , , , , , , , , , , , , , , , , , , , , , , , , , ,false,2, , , ,Unknown problem somewhere in the system.,"[""syslog"",""errors""]", , ,107, , , ,1002,"[""4.3""]", ,log,"May 9, 2023 @ 10:17:41.293",/var/log/syslog,1683627461.13817854,"May 9, 2023 @ 10:17:41.293", , , , , ,ovelse-siem-server,opensearch-dashboards,May  9 10:17:39,{},"May  9 10:17:39 ovelse-siem-server opensearch-dashboards[5081]: {""type"":""error"",""@timestamp"":""2023-05-09T10:17:39Z"",""tags"":[""connection"",""client"",""error""],""pid"":5081,""level"":""error"",""error"":{""message"":""139734702114624:error:14094416:SSL routines:ssl3_read_bytes:sslv3 alert certificate unknown:../deps/openssl/openssl/ssl/record/rec_layer_s3.c:1544:SSL alert number 46\n"",""name"":""Error"",""stack"":""Error: 139734702114624:error:14094416:SSL routines:ssl3_read_bytes:sslv3 alert certificate unknown:../deps/openssl/openssl/ssl/record/rec_layer_s3.c:1544:SSL alert number 46\n""},""message"":""139734702114624:error:14094416:SSL routines:ssl3_read_bytes:sslv3 alert certificate unknown:../deps/openssl/openssl/ssl/record/rec_layer_s3.c:1544:SSL alert number 46\n""}", , , , , , , , , , , , , , , , , , , , , , , , , , , , , , 
wazuh-alerts-4.x-2023.05.09,_doc,D8UEAIgBy0XUe2K5eKf6,1,1, ,ovelse-siem-server,000,ovelse-siem-server, , , , , , , , , , , , , , , , , , , , , , , , , , , , , , , , , , ,false,2, , , ,Unknown problem somewhere in the system.,"[""syslog"",""errors""]", , ,109, , , ,1002,"[""4.3""]", ,log,"May 9, 2023 @ 10:17:51.304",/var/log/syslog,1683627471.13819730,"May 9, 2023 @ 10:17:51.304", , , , , ,ovelse-siem-server,opensearch-dashboards,May  9 10:17:50,{},"May  9 10:17:50 ovelse-siem-server opensearch-dashboards[5081]: {""type"":""log"",""@timestamp"":""2023-05-09T10:17:50Z"",""tags"":[""error"",""opensearch"",""data""],""pid"":5081,""message"":""[version_conflict_engine_exception]: [search-telemetry:search-telemetry]: version conflict, required seqNo [1282], primary term [3]. current document has seqNo [1283] and primary term [3]""}", , , , , , , , , , , , , , , , , , , , , , , , , , , , , , 
wazuh-alerts-4.x-2023.05.09,_doc,rcXw_4cBy0XUe2K5AJLM,1,1,10.77.77.77,dc,003,ovelse-siem-server,0x0,0x0,%%1833,fe80::f816:3eff:fe23:27bc,Kerberos,0x362ed19,Kerberos,{045aca5a-173e-0b68-1fe8-fe9e5969ef67},DC$,0,%%1842,S-1-0-0,0x0,60830,DC.DJIKSTRA.XRG,S-1-5-18,%%1843,3,4624,0x8020000000000000,{54849625-5478-4994-a5ba-3e3b0328c30d},0,Security,0,"""An account was successfully logged on.

Subject:
	Security ID:		S-1-0-0
	Account Name:		-
	Account Domain:		-
	Logon ID:		0x0

Logon Information:
	Logon Type:		3
	Restricted Admin Mode:	-
	Virtual Account:		No
	Elevated Token:		Yes

Impersonation Level:		Impersonation

New Logon:
	Security ID:		S-1-5-18
	Account Name:		DC$
	Account Domain:		DC.DJIKSTRA.XRG
	Logon ID:		0x362ED19
	Linked Logon ID:		0x0
	Network Account Name:	-
	Network Account Domain:	-
	Logon GUID:		{045aca5a-173e-0b68-1fe8-fe9e5969ef67}

Process Information:
	Process ID:		0x0
	Process Name:		-

Network Information:
	Workstation Name:	-
	Source Network Address:	fe80::f816:3eff:fe23:27bc
	Source Port:		60830

Detailed Authentication Information:
	Logon Process:		Kerberos
	Authentication Package:	Kerberos
	Transited Services:	-
	Package Name (NTLM only):	-
	Key Length:		0

This event is generated when a logon session is created. It is generated on the computer that was accessed.

The subject fields indicate the account on the local system which requested the logon. This is most commonly a service such as the Server service, or a local process such as Winlogon.exe or Services.exe.

The logon type field indicates the kind of logon that occurred. The most common types are 2 (interactive) and 3 (network).

The New Logon fields indicate the account for whom the new logon was created, i.e. the account that was logged on.

The network fields indicate where a remote logon request originated. Workstation name is not always available and may be left blank in some cases.

The impersonation level field indicates the extent to which a process in the logon session can impersonate.

The authentication information fields provide detailed information about this specific logon request.
	- Logon GUID is a unique identifier that can be used to correlate this event with a KDC event.
	- Transited services indicate which intermediate services have participated in this logon request.
	- Package name indicates which sub-protocol was used among the NTLM protocols.
	- Key length indicates the length of the generated session key. This will be 0 if no session key was requested.""",2,2023-05-09T09:55:16.3433911Z,1161826,2272,dc.djikstra.xrg,12544,792,AUDIT_SUCCESS,Microsoft-Windows-Security-Auditing,false,3,"[""164.312.b""]","[""10.2.5""]","[""CC6.8"",""CC7.2"",""CC7.3""]",Windows logon success.,"[""windows"",""windows_security"",""authentication_success""]","[""AC.7"",""AU.14""]","[""IV_32.2""]",107,"[""Valid Accounts""]","[""T1078""]","[""Defense Evasion"",""Persistence"",""Privilege Escalation"",""Initial Access""]",60106,"[""7.1"",""7.2""]",windows_eventchannel,log,"May 9, 2023 @ 09:55:22.418",EventChannel,1683626122.11842051,"May 9, 2023 @ 09:55:22.418", , , , , , , , ,"{""name"":""windows_eventchannel""}", , , , , , , , , , , , , , , , , , , , , , , , , , , , , , , 
wazuh-alerts-4.x-2023.05.09,_doc,sMXw_4cBy0XUe2K5AJLM,1,1,10.77.77.77,dc,003,ovelse-siem-server, , , , , ,0x362ed9f, , ,DC$, , , , , ,DJIKSTRA,S-1-5-18, ,3,4634,0x8020000000000000,{54849625-5478-4994-a5ba-3e3b0328c30d},0,Security,0,"""An account was logged off.

Subject:
	Security ID:		S-1-5-18
	Account Name:		DC$
	Account Domain:		DJIKSTRA
	Logon ID:		0x362ED9F

Logon Type:			3

This event is generated when a logon session is destroyed. It may be positively correlated with a logon event using the Logon ID value. Logon IDs are only unique between reboots on the same computer.""",0,2023-05-09T09:55:16.3905997Z,1161834,944,dc.djikstra.xrg,12545,792,AUDIT_SUCCESS,Microsoft-Windows-Security-Auditing,false,3,"[""164.312.b""]","[""10.2.5""]","[""CC6.8"",""CC7.2"",""CC7.3""]",Windows User Logoff.,"[""windows"",""windows_security""]","[""AC.7"",""AU.14""]","[""IV_32.2""]",109, , , ,60137, ,windows_eventchannel,log,"May 9, 2023 @ 09:55:22.542",EventChannel,1683626122.11858580,"May 9, 2023 @ 09:55:22.542", , , , , , , , ,"{""name"":""windows_eventchannel""}", , , , , , , , , , , , , , , , , , , , , , , , , , , , , , , 
wazuh-alerts-4.x-2023.05.09,_doc,GMXv_4cBy0XUe2K5PZJ1,1,1,10.77.77.77,dc,003,ovelse-siem-server,0x0,0x0,%%1833,::1,Kerberos,0x362e140,Kerberos,{045aca5a-173e-0b68-1fe8-fe9e5969ef67},DC$,0,%%1842,S-1-0-0,0x0,60828,DC.DJIKSTRA.XRG,S-1-5-18,%%1843,3,4624,0x8020000000000000,{54849625-5478-4994-a5ba-3e3b0328c30d},0,Security,0,"""An account was successfully logged on.

Subject:
	Security ID:		S-1-0-0
	Account Name:		-
	Account Domain:		-
	Logon ID:		0x0

Logon Information:
	Logon Type:		3
	Restricted Admin Mode:	-
	Virtual Account:		No
	Elevated Token:		Yes

Impersonation Level:		Impersonation

New Logon:
	Security ID:		S-1-5-18
	Account Name:		DC$
	Account Domain:		DC.DJIKSTRA.XRG
	Logon ID:		0x362E140
	Linked Logon ID:		0x0
	Network Account Name:	-
	Network Account Domain:	-
	Logon GUID:		{045aca5a-173e-0b68-1fe8-fe9e5969ef67}

Process Information:
	Process ID:		0x0
	Process Name:		-

Network Information:
	Workstation Name:	-
	Source Network Address:	::1
	Source Port:		60828

Detailed Authentication Information:
	Logon Process:		Kerberos
	Authentication Package:	Kerberos
	Transited Services:	-
	Package Name (NTLM only):	-
	Key Length:		0

This event is generated when a logon session is created. It is generated on the computer that was accessed.

The subject fields indicate the account on the local system which requested the logon. This is most commonly a service such as the Server service, or a local process such as Winlogon.exe or Services.exe.

The logon type field indicates the kind of logon that occurred. The most common types are 2 (interactive) and 3 (network).

The New Logon fields indicate the account for whom the new logon was created, i.e. the account that was logged on.

The network fields indicate where a remote logon request originated. Workstation name is not always available and may be left blank in some cases.

The impersonation level field indicates the extent to which a process in the logon session can impersonate.

The authentication information fields provide detailed information about this specific logon request.
	- Logon GUID is a unique identifier that can be used to correlate this event with a KDC event.
	- Transited services indicate which intermediate services have participated in this logon request.
	- Package name indicates which sub-protocol was used among the NTLM protocols.
	- Key length indicates the length of the generated session key. This will be 0 if no session key was requested.""",2,2023-05-09T09:54:26.2952861Z,1161818,2272,dc.djikstra.xrg,12544,792,AUDIT_SUCCESS,Microsoft-Windows-Security-Auditing,false,3,"[""164.312.b""]","[""10.2.5""]","[""CC6.8"",""CC7.2"",""CC7.3""]",Windows logon success.,"[""windows"",""windows_security"",""authentication_success""]","[""AC.7"",""AU.14""]","[""IV_32.2""]",106,"[""Valid Accounts""]","[""T1078""]","[""Defense Evasion"",""Persistence"",""Privilege Escalation"",""Initial Access""]",60106,"[""7.1"",""7.2""]",windows_eventchannel,log,"May 9, 2023 @ 09:54:32.419",EventChannel,1683626072.11831809,"May 9, 2023 @ 09:54:32.419", , , , , , , , ,"{""name"":""windows_eventchannel""}", , , , , , , , , , , , , , , , , , , , , , , , , , , , , , , 
wazuh-alerts-4.x-2023.05.09,_doc,GcXv_4cBy0XUe2K5PZJ1,1,1,10.77.77.77,dc,003,ovelse-siem-server, , , , , ,0x362e140, , ,DC$, , , , , ,DJIKSTRA,S-1-5-18, ,3,4634,0x8020000000000000,{54849625-5478-4994-a5ba-3e3b0328c30d},0,Security,0,"""An account was logged off.

Subject:
	Security ID:		S-1-5-18
	Account Name:		DC$
	Account Domain:		DJIKSTRA
	Logon ID:		0x362E140

Logon Type:			3

This event is generated when a logon session is destroyed. It may be positively correlated with a logon event using the Logon ID value. Logon IDs are only unique between reboots on the same computer.""",0,2023-05-09T09:54:26.2999423Z,1161820,5332,dc.djikstra.xrg,12545,792,AUDIT_SUCCESS,Microsoft-Windows-Security-Auditing,false,3,"[""164.312.b""]","[""10.2.5""]","[""CC6.8"",""CC7.2"",""CC7.3""]",Windows User Logoff.,"[""windows"",""windows_security""]","[""AC.7"",""AU.14""]","[""IV_32.2""]",107, , , ,60137, ,windows_eventchannel,log,"May 9, 2023 @ 09:54:32.432",EventChannel,1683626072.11838833,"May 9, 2023 @ 09:54:32.432", , , , , , , , ,"{""name"":""windows_eventchannel""}", , , , , , , , , , , , , , , , , , , , , , , , , , , , , , , 
wazuh-alerts-4.x-2023.05.09,_doc,t8Xw_4cBy0XUe2K5C5Kn,1,1,10.77.77.77,dc,003,ovelse-siem-server,0x0,0x0,%%1833,::1,Kerberos,0x362ff0c,Kerberos,{045aca5a-173e-0b68-1fe8-fe9e5969ef67},DC$,0,%%1842,S-1-0-0,0x0,60832,DC.DJIKSTRA.XRG,S-1-5-18,%%1843,3,4624,0x8020000000000000,{54849625-5478-4994-a5ba-3e3b0328c30d},0,Security,0,"""An account was successfully logged on.

Subject:
	Security ID:		S-1-0-0
	Account Name:		-
	Account Domain:		-
	Logon ID:		0x0

Logon Information:
	Logon Type:		3
	Restricted Admin Mode:	-
	Virtual Account:		No
	Elevated Token:		Yes

Impersonation Level:		Impersonation

New Logon:
	Security ID:		S-1-5-18
	Account Name:		DC$
	Account Domain:		DC.DJIKSTRA.XRG
	Logon ID:		0x362FF0C
	Linked Logon ID:		0x0
	Network Account Name:	-
	Network Account Domain:	-
	Logon GUID:		{045aca5a-173e-0b68-1fe8-fe9e5969ef67}

Process Information:
	Process ID:		0x0
	Process Name:		-

Network Information:
	Workstation Name:	-
	Source Network Address:	::1
	Source Port:		60832

Detailed Authentication Information:
	Logon Process:		Kerberos
	Authentication Package:	Kerberos
	Transited Services:	-
	Package Name (NTLM only):	-
	Key Length:		0

This event is generated when a logon session is created. It is generated on the computer that was accessed.

The subject fields indicate the account on the local system which requested the logon. This is most commonly a service such as the Server service, or a local process such as Winlogon.exe or Services.exe.

The logon type field indicates the kind of logon that occurred. The most common types are 2 (interactive) and 3 (network).

The New Logon fields indicate the account for whom the new logon was created, i.e. the account that was logged on.

The network fields indicate where a remote logon request originated. Workstation name is not always available and may be left blank in some cases.

The impersonation level field indicates the extent to which a process in the logon session can impersonate.

The authentication information fields provide detailed information about this specific logon request.
	- Logon GUID is a unique identifier that can be used to correlate this event with a KDC event.
	- Transited services indicate which intermediate services have participated in this logon request.
	- Package name indicates which sub-protocol was used among the NTLM protocols.
	- Key length indicates the length of the generated session key. This will be 0 if no session key was requested.""",2,2023-05-09T09:55:26.3104162Z,1161839,3660,dc.djikstra.xrg,12544,792,AUDIT_SUCCESS,Microsoft-Windows-Security-Auditing,false,3,"[""164.312.b""]","[""10.2.5""]","[""CC6.8"",""CC7.2"",""CC7.3""]",Windows logon success.,"[""windows"",""windows_security"",""authentication_success""]","[""AC.7"",""AU.14""]","[""IV_32.2""]",109,"[""Valid Accounts""]","[""T1078""]","[""Defense Evasion"",""Persistence"",""Privilege Escalation"",""Initial Access""]",60106,"[""7.1"",""7.2""]",windows_eventchannel,log,"May 9, 2023 @ 09:55:32.215",EventChannel,1683626132.11860885,"May 9, 2023 @ 09:55:32.215", , , , , , , , ,"{""name"":""windows_eventchannel""}", , , , , , , , , , , , , , , , , , , , , , , , , , , , , , , 
wazuh-alerts-4.x-2023.05.09,_doc,msXt_4cBy0XUe2K56JGk,1,1,10.77.77.77,dc,003,ovelse-siem-server, , , , , , , , , , , , , , , , , , ,1006,0x8000000000000000,{aea1b4fa-97d1-45f2-a64c-4d69fffd92c9},2,System,1,"""The processing of Group Policy failed. Windows could not authenticate to the Active Directory service on a domain controller. (LDAP Bind function call failed). Look in the details tab for error code and description.""",0,2023-05-09T09:53:02.0797593Z,31984,4588,dc.djikstra.xrg,0,1640,ERROR,Microsoft-Windows-GroupPolicy,false,5, , , ,Windows System error event,"[""windows"",""windows_system"",""system_error""]", ,"[""IV_35.7.d""]",13, , , ,61102,"[""4.3""]",windows_eventchannel,log,"May 9, 2023 @ 09:53:08.075",EventChannel,1683625988.11811111,"May 9, 2023 @ 09:53:08.075", , , , , , , , ,"{""name"":""windows_eventchannel""}", , , , , , , , ,Invalid Credentials,15,49,1,6168,0, , , , , , , , , , , , , , , , , 
wazuh-alerts-4.x-2023.05.09,_doc,RsXr_4cBy0XUe2K5xZGa,1,1,10.77.77.77,dc,003,ovelse-siem-server, , , , , , , , , , , , , , , , , , ,16384,0x80000000000000,{E23B33B0-C8C9-472C-A5F9-F2BDFEA0F156},4,Application,0,"""Successfully scheduled Software Protection service for re-start at 2023-05-10T08:54:40Z. Reason: RulesEngine.""",0,2023-05-09T09:50:40.1779803Z,4558,0,dc.djikstra.xrg,0,0,INFORMATION,Microsoft-Windows-Security-SPP,false,3, , , ,Software protection service scheduled successfully.,"[""windows"",""windows_application""]", , ,2, , , ,60642, ,windows_eventchannel,log,"May 9, 2023 @ 09:50:45.051",EventChannel,1683625845.11785480,"May 9, 2023 @ 09:50:45.051", , , , , , , , ,"{""name"":""windows_eventchannel""}", ,"2023-05-10T08:54:40Z, RulesEngine", , , , , , , , , , , , , , , , , , , , , , , , , , , ,Software Protection Platform Service, 
wazuh-alerts-4.x-2023.05.09,_doc,QsXv_4cBy0XUe2K5eJIO,1,1, ,ovelse-siem-server,000,ovelse-siem-server, , , , , , , , , , , , , , , , , , , , , , , , , , , , , , , , , , ,false,2, , , ,Unknown problem somewhere in the system.,"[""syslog"",""errors""]", , ,15, , , ,1002,"[""4.3""]", ,log,"May 9, 2023 @ 09:54:47.783",/var/log/syslog,1683626087.11841140,"May 9, 2023 @ 09:54:47.783", , , , , ,ovelse-siem-server,opensearch-dashboards,May  9 09:54:46,{},"May  9 09:54:46 ovelse-siem-server opensearch-dashboards[5081]: {""type"":""error"",""@timestamp"":""2023-05-09T09:54:46Z"",""tags"":[""connection"",""client"",""error""],""pid"":5081,""level"":""error"",""error"":{""message"":""139734702114624:error:14094418:SSL routines:ssl3_read_bytes:tlsv1 alert unknown ca:../deps/openssl/openssl/ssl/record/rec_layer_s3.c:1544:SSL alert number 48\n"",""name"":""Error"",""stack"":""Error: 139734702114624:error:14094418:SSL routines:ssl3_read_bytes:tlsv1 alert unknown ca:../deps/openssl/openssl/ssl/record/rec_layer_s3.c:1544:SSL alert number 48\n""},""message"":""139734702114624:error:14094418:SSL routines:ssl3_read_bytes:tlsv1 alert unknown ca:../deps/openssl/openssl/ssl/record/rec_layer_s3.c:1544:SSL alert number 48\n""}", , , , , , , , , , , , , , , , , , , , , , , , , , , , , , 
wazuh-alerts-4.x-2023.05.09,_doc,XcX4_4cBy0XUe2K5o5jF,1,1,10.77.77.77,dc,003,ovelse-siem-server,0x0,0x0,%%1833,10.250.250.250,NTLM,0x363f27a,NtLmSsp,{00000000-0000-0000-0000-000000000000},Administrator,128,%%1842,S-1-0-0,0x0,0,DJIKSTRA,S-1-5-21-2082646183-1217588593-2819094730-500,%%1843,3,4624,0x8020000000000000,{54849625-5478-4994-a5ba-3e3b0328c30d},0,Security,0,"""An account was successfully logged on.

Subject:
	Security ID:		S-1-0-0
	Account Name:		-
	Account Domain:		-
	Logon ID:		0x0

Logon Information:
	Logon Type:		3
	Restricted Admin Mode:	-
	Virtual Account:		No
	Elevated Token:		Yes

Impersonation Level:		Impersonation

New Logon:
	Security ID:		S-1-5-21-2082646183-1217588593-2819094730-500
	Account Name:		Administrator
	Account Domain:		DJIKSTRA
	Logon ID:		0x363F27A
	Linked Logon ID:		0x0
	Network Account Name:	-
	Network Account Domain:	-
	Logon GUID:		{00000000-0000-0000-0000-000000000000}

Process Information:
	Process ID:		0x0
	Process Name:		-

Network Information:
	Workstation Name:	MMPEAL
	Source Network Address:	10.250.250.250
	Source Port:		0

Detailed Authentication Information:
	Logon Process:		NtLmSsp 
	Authentication Package:	NTLM
	Transited Services:	-
	Package Name (NTLM only):	NTLM V2
	Key Length:		128

This event is generated when a logon session is created. It is generated on the computer that was accessed.

The subject fields indicate the account on the local system which requested the logon. This is most commonly a service such as the Server service, or a local process such as Winlogon.exe or Services.exe.

The logon type field indicates the kind of logon that occurred. The most common types are 2 (interactive) and 3 (network).

The New Logon fields indicate the account for whom the new logon was created, i.e. the account that was logged on.

The network fields indicate where a remote logon request originated. Workstation name is not always available and may be left blank in some cases.

The impersonation level field indicates the extent to which a process in the logon session can impersonate.

The authentication information fields provide detailed information about this specific logon request.
	- Logon GUID is a unique identifier that can be used to correlate this event with a KDC event.
	- Transited services indicate which intermediate services have participated in this logon request.
	- Package name indicates which sub-protocol was used among the NTLM protocols.
	- Key length indicates the length of the generated session key. This will be 0 if no session key was requested.""",2,2023-05-09T10:04:47.6242778Z,1162013,5944,dc.djikstra.xrg,12544,792,AUDIT_SUCCESS,Microsoft-Windows-Security-Auditing,false,6,"[""164.312.b""]","[""10.2.5""]","[""CC6.8"",""CC7.2"",""CC7.3""]","Successful Remote Logon Detected - NTLM authentication, possible pass-the-hash attack.","[""win_evt_channel"",""authentication_success""]","[""AC.7"",""AU.14""]","[""IV_32.2""]",1,"[""Pass the Hash""]","[""T1550.002""]","[""Defense Evasion"",""Lateral Movement""]",92652,"[""7.1"",""7.2""]",windows_eventchannel,log,"May 9, 2023 @ 10:04:53.627",EventChannel,1683626693.12071782,"May 9, 2023 @ 10:04:53.627", , , , , , , , ,"{""name"":""windows_eventchannel""}","{""win"":{""system"":{""providerName"":""Microsoft-Windows-Security-Auditing"",""providerGuid"":""{54849625-5478-4994-a5ba-3e3b0328c30d}"",""eventID"":""4624"",""version"":""2"",""level"":""0"",""task"":""12544"",""opcode"":""0"",""keywords"":""0x8020000000000000"",""systemTime"":""2023-05-09T10:04:47.6242778Z"",""eventRecordID"":""1162013"",""processID"":""792"",""threadID"":""5944"",""channel"":""Security"",""computer"":""dc.djikstra.xrg"",""severityValue"":""AUDIT_SUCCESS"",""message"":""\""An account was successfully logged on.\r\n\r\nSubject:\r\n\tSecurity ID:\t\tS-1-0-0\r\n\tAccount Name:\t\t-\r\n\tAccount Domain:\t\t-\r\n\tLogon ID:\t\t0x0\r\n\r\nLogon Information:\r\n\tLogon Type:\t\t3\r\n\tRestricted Admin Mode:\t-\r\n\tVirtual Account:\t\tNo\r\n\tElevated Token:\t\tYes\r\n\r\nImpersonation Level:\t\tImpersonation\r\n\r\nNew Logon:\r\n\tSecurity ID:\t\tS-1-5-21-2082646183-1217588593-2819094730-500\r\n\tAccount Name:\t\tAdministrator\r\n\tAccount Domain:\t\tDJIKSTRA\r\n\tLogon ID:\t\t0x363F27A\r\n\tLinked Logon ID:\t\t0x0\r\n\tNetwork Account Name:\t-\r\n\tNetwork Account Domain:\t-\r\n\tLogon GUID:\t\t{00000000-0000-0000-0000-000000000000}\r\n\r\nProcess Information:\r\n\tProcess ID:\t\t0x0\r\n\tProcess Name:\t\t-\r\n\r\nNetwork Information:\r\n\tWorkstation Name:\tMMPEAL\r\n\tSource Network Address:\t10.250.250.250\r\n\tSource Port:\t\t0\r\n\r\nDetailed Authentication Information:\r\n\tLogon Process:\t\tNtLmSsp \r\n\tAuthentication Package:\tNTLM\r\n\tTransited Services:\t-\r\n\tPackage Name (NTLM only):\tNTLM V2\r\n\tKey Length:\t\t128\r\n\r\nThis event is generated when a logon session is created. It is generated on the computer that was accessed.\r\n\r\nThe subject fields indicate the account on the local system which requested the logon. This is most commonly a service such as the Server service, or a local process such as Winlogon.exe or Services.exe.\r\n\r\nThe logon type field indicates the kind of logon that occurred. The most common types are 2 (interactive) and 3 (network).\r\n\r\nThe New Logon fields indicate the account for whom the new logon was created, i.e. the account that was logged on.\r\n\r\nThe network fields indicate where a remote logon request originated. Workstation name is not always available and may be left blank in some cases.\r\n\r\nThe impersonation level field indicates the extent to which a process in the logon session can impersonate.\r\n\r\nThe authentication information fields provide detailed information about this specific logon request.\r\n\t- Logon GUID is a unique identifier that can be used to correlate this event with a KDC event.\r\n\t- Transited services indicate which intermediate services have participated in this logon request.\r\n\t- Package name indicates which sub-protocol was used among the NTLM protocols.\r\n\t- Key length indicates the length of the generated session key. This will be 0 if no session key was requested.\""""},""eventdata"":{""subjectUserSid"":""S-1-0-0"",""subjectLogonId"":""0x0"",""targetUserSid"":""S-1-5-21-2082646183-1217588593-2819094730-500"",""targetUserName"":""Administrator"",""targetDomainName"":""DJIKSTRA"",""targetLogonId"":""0x363f27a"",""logonType"":""3"",""logonProcessName"":""NtLmSsp"",""authenticationPackageName"":""NTLM"",""workstationName"":""MMPEAL"",""logonGuid"":""{00000000-0000-0000-0000-000000000000}"",""lmPackageName"":""NTLM V2"",""keyLength"":""128"",""processId"":""0x0"",""ipAddress"":""10.250.250.250"",""ipPort"":""0"",""impersonationLevel"":""%%1833"",""virtualAccount"":""%%1843"",""targetLinkedLogonId"":""0x0"",""elevatedToken"":""%%1842""}}}", , , , , , ,MMPEAL, , , , , , , , , , , , , , , , , , , , , , ,NTLM V2
wazuh-alerts-4.x-2023.05.09,_doc,CsX5_4cBy0XUe2K5PJk9,1,1,10.77.77.77,dc,003,ovelse-siem-server,0x3e7,0x0,%%1833, ,Negotiate,0x3e7,Advapi,{00000000-0000-0000-0000-000000000000},SYSTEM,0,%%1842,S-1-5-18,0x310, ,NT AUTHORITY,S-1-5-18,%%1843,5,4624,0x8020000000000000,{54849625-5478-4994-a5ba-3e3b0328c30d},0,Security,0,"""An account was successfully logged on.

Subject:
	Security ID:		S-1-5-18
	Account Name:		DC$
	Account Domain:		DJIKSTRA
	Logon ID:		0x3E7

Logon Information:
	Logon Type:		5
	Restricted Admin Mode:	-
	Virtual Account:		No
	Elevated Token:		Yes

Impersonation Level:		Impersonation

New Logon:
	Security ID:		S-1-5-18
	Account Name:		SYSTEM
	Account Domain:		NT AUTHORITY
	Logon ID:		0x3E7
	Linked Logon ID:		0x0
	Network Account Name:	-
	Network Account Domain:	-
	Logon GUID:		{00000000-0000-0000-0000-000000000000}

Process Information:
	Process ID:		0x310
	Process Name:		C:\Windows\System32\services.exe

Network Information:
	Workstation Name:	-
	Source Network Address:	-
	Source Port:		-

Detailed Authentication Information:
	Logon Process:		Advapi  
	Authentication Package:	Negotiate
	Transited Services:	-
	Package Name (NTLM only):	-
	Key Length:		0

This event is generated when a logon session is created. It is generated on the computer that was accessed.

The subject fields indicate the account on the local system which requested the logon. This is most commonly a service such as the Server service, or a local process such as Winlogon.exe or Services.exe.

The logon type field indicates the kind of logon that occurred. The most common types are 2 (interactive) and 3 (network).

The New Logon fields indicate the account for whom the new logon was created, i.e. the account that was logged on.

The network fields indicate where a remote logon request originated. Workstation name is not always available and may be left blank in some cases.

The impersonation level field indicates the extent to which a process in the logon session can impersonate.

The authentication information fields provide detailed information about this specific logon request.
	- Logon GUID is a unique identifier that can be used to correlate this event with a KDC event.
	- Transited services indicate which intermediate services have participated in this logon request.
	- Package name indicates which sub-protocol was used among the NTLM protocols.
	- Key length indicates the length of the generated session key. This will be 0 if no session key was requested.""",2,2023-05-09T10:05:28.3292723Z,1162171,7940,dc.djikstra.xrg,12544,792,AUDIT_SUCCESS,Microsoft-Windows-Security-Auditing,false,3,"[""164.312.b""]","[""10.2.5""]","[""CC6.8"",""CC7.2"",""CC7.3""]",Windows logon success.,"[""windows"",""windows_security"",""authentication_success""]","[""AC.7"",""AU.14""]","[""IV_32.2""]",18,"[""Valid Accounts""]","[""T1078""]","[""Defense Evasion"",""Persistence"",""Privilege Escalation"",""Initial Access""]",60106,"[""7.1"",""7.2""]",windows_eventchannel,log,"May 9, 2023 @ 10:05:34.207",EventChannel,1683626734.12163499,"May 9, 2023 @ 10:05:34.207",C:\\Windows\\System32\\services.exe,DJIKSTRA, , ,DC$, , , ,"{""name"":""windows_eventchannel""}", , , , , , , , , , , , , , , , , , , , , , , , , , , , , , , 
wazuh-alerts-4.x-2023.05.09,_doc,DMX5_4cBy0XUe2K5PJk9,1,1,10.77.77.77,dc,003,ovelse-siem-server,0x85afe, , , , , , , , , , ,S-1-5-21-2082646183-1217588593-2819094730-500,0x15fc, , , , , ,4673,0x8010000000000000,{54849625-5478-4994-a5ba-3e3b0328c30d},0,Security,0,"""A privileged service was called.

Subject:
	Security ID:		S-1-5-21-2082646183-1217588593-2819094730-500
	Account Name:		Administrator
	Account Domain:		DJIKSTRA
	Logon ID:		0x85AFE

Service:
	Server:	Security
	Service Name:	-

Process:
	Process ID:	0x15fc
	Process Name:	C:\Windows\System32\WerFault.exe

Service Request Information:
	Privileges:		SeTcbPrivilege""",0,2023-05-09T10:05:28.7600449Z,1162179,6192,dc.djikstra.xrg,13056,4,AUDIT_FAILURE,Microsoft-Windows-Security-Auditing,false,4,"[""164.312.b""]","[""10.2.2""]","[""CC6.8"",""CC7.2"",""CC7.3""]",Failed attempt to perform a privileged operation.,"[""windows"",""windows_security""]","[""AC.6"",""AU.14""]","[""IV_32.2""]",20,"[""Valid Accounts""]","[""T1078""]","[""Defense Evasion"",""Persistence"",""Privilege Escalation"",""Initial Access""]",60107, ,windows_eventchannel,log,"May 9, 2023 @ 10:05:34.300",EventChannel,1683626734.12173529,"May 9, 2023 @ 10:05:34.300",C:\\Windows\\System32\\WerFault.exe,DJIKSTRA,Security,SeTcbPrivilege,Administrator, , , ,"{""name"":""windows_eventchannel""}", , , , , , , , , , , , , , , , , , , , , , , , , , , , , , , 
wazuh-alerts-4.x-2023.05.09,_doc,DsX5_4cBy0XUe2K5PJk9,1,1,10.77.77.77,dc,003,ovelse-siem-server,0x85afe, , , , , , , , , , ,S-1-5-21-2082646183-1217588593-2819094730-500,0x15fc, , , , , ,4673,0x8010000000000000,{54849625-5478-4994-a5ba-3e3b0328c30d},0,Security,0,"""A privileged service was called.

Subject:
	Security ID:		S-1-5-21-2082646183-1217588593-2819094730-500
	Account Name:		Administrator
	Account Domain:		DJIKSTRA
	Logon ID:		0x85AFE

Service:
	Server:	Security
	Service Name:	-

Process:
	Process ID:	0x15fc
	Process Name:	C:\Windows\System32\WerFault.exe

Service Request Information:
	Privileges:		SeTcbPrivilege""",0,2023-05-09T10:05:29.1315167Z,1162181,6192,dc.djikstra.xrg,13056,4,AUDIT_FAILURE,Microsoft-Windows-Security-Auditing,false,4,"[""164.312.b""]","[""10.2.2""]","[""CC6.8"",""CC7.2"",""CC7.3""]",Failed attempt to perform a privileged operation.,"[""windows"",""windows_security""]","[""AC.6"",""AU.14""]","[""IV_32.2""]",22,"[""Valid Accounts""]","[""T1078""]","[""Defense Evasion"",""Persistence"",""Privilege Escalation"",""Initial Access""]",60107, ,windows_eventchannel,log,"May 9, 2023 @ 10:05:34.316",EventChannel,1683626734.12179069,"May 9, 2023 @ 10:05:34.316",C:\\Windows\\System32\\WerFault.exe,DJIKSTRA,Security,SeTcbPrivilege,Administrator, , , ,"{""name"":""windows_eventchannel""}", , , , , , , , , , , , , , , , , , , , , , , , , , , , , , , 
wazuh-alerts-4.x-2023.05.09,_doc,rsX3_4cBy0XUe2K5FZeF,1,1,10.77.77.77,dc,003,ovelse-siem-server, , , , , , , , , , , , , , , , , , ,1006,0x8000000000000000,{aea1b4fa-97d1-45f2-a64c-4d69fffd92c9},2,System,1,"""The processing of Group Policy failed. Windows could not authenticate to the Active Directory service on a domain controller. (LDAP Bind function call failed). Look in the details tab for error code and description.""",0,2023-05-09T10:03:02.1874234Z,31987,4588,dc.djikstra.xrg,0,1640,ERROR,Microsoft-Windows-GroupPolicy,false,5, , , ,Windows System error event,"[""windows"",""windows_system"",""system_error""]", ,"[""IV_35.7.d""]",1, , , ,61102,"[""4.3""]",windows_eventchannel,log,"May 9, 2023 @ 10:03:08.314",EventChannel,1683626588.12032340,"May 9, 2023 @ 10:03:08.314", , , , , , , , ,"{""name"":""windows_eventchannel""}", , , , , , , , ,Invalid Credentials,16,49,1,6168,0, , , , , , , , , , , , , , , , , 
wazuh-alerts-4.x-2023.05.09,_doc,sMX3_4cBy0XUe2K5FZeF,1,1,10.77.77.77,dc,003,ovelse-siem-server,0x0,0x0,%%1840,fe80::f816:3eff:fe23:27bc,Kerberos,0x363c57b,Kerberos,{d9727a5c-28e3-f0c1-36b0-1e84efcf3c70},DC$,0,%%1842,S-1-0-0,0x0,60851,DC.DJIKSTRA.XRG,S-1-5-18,%%1843,3,4624,0x8020000000000000,{54849625-5478-4994-a5ba-3e3b0328c30d},0,Security,0,"""An account was successfully logged on.

Subject:
	Security ID:		S-1-0-0
	Account Name:		-
	Account Domain:		-
	Logon ID:		0x0

Logon Information:
	Logon Type:		3
	Restricted Admin Mode:	-
	Virtual Account:		No
	Elevated Token:		Yes

Impersonation Level:		Delegation

New Logon:
	Security ID:		S-1-5-18
	Account Name:		DC$
	Account Domain:		DC.DJIKSTRA.XRG
	Logon ID:		0x363C57B
	Linked Logon ID:		0x0
	Network Account Name:	-
	Network Account Domain:	-
	Logon GUID:		{d9727a5c-28e3-f0c1-36b0-1e84efcf3c70}

Process Information:
	Process ID:		0x0
	Process Name:		-

Network Information:
	Workstation Name:	-
	Source Network Address:	fe80::f816:3eff:fe23:27bc
	Source Port:		60851

Detailed Authentication Information:
	Logon Process:		Kerberos
	Authentication Package:	Kerberos
	Transited Services:	-
	Package Name (NTLM only):	-
	Key Length:		0

This event is generated when a logon session is created. It is generated on the computer that was accessed.

The subject fields indicate the account on the local system which requested the logon. This is most commonly a service such as the Server service, or a local process such as Winlogon.exe or Services.exe.

The logon type field indicates the kind of logon that occurred. The most common types are 2 (interactive) and 3 (network).

The New Logon fields indicate the account for whom the new logon was created, i.e. the account that was logged on.

The network fields indicate where a remote logon request originated. Workstation name is not always available and may be left blank in some cases.

The impersonation level field indicates the extent to which a process in the logon session can impersonate.

The authentication information fields provide detailed information about this specific logon request.
	- Logon GUID is a unique identifier that can be used to correlate this event with a KDC event.
	- Transited services indicate which intermediate services have participated in this logon request.
	- Package name indicates which sub-protocol was used among the NTLM protocols.
	- Key length indicates the length of the generated session key. This will be 0 if no session key was requested.""",2,2023-05-09T10:03:05.7238709Z,1161988,5944,dc.djikstra.xrg,12544,792,AUDIT_SUCCESS,Microsoft-Windows-Security-Auditing,false,3,"[""164.312.b""]","[""10.2.5""]","[""CC6.8"",""CC7.2"",""CC7.3""]",Windows logon success.,"[""windows"",""windows_security"",""authentication_success""]","[""AC.7"",""AU.14""]","[""IV_32.2""]",7,"[""Valid Accounts""]","[""T1078""]","[""Defense Evasion"",""Persistence"",""Privilege Escalation"",""Initial Access""]",60106,"[""7.1"",""7.2""]",windows_eventchannel,log,"May 9, 2023 @ 10:03:11.626",EventChannel,1683626591.12041406,"May 9, 2023 @ 10:03:11.626", , , , , , , , ,"{""name"":""windows_eventchannel""}", , , , , , , , , , , , , , , , , , , , , , , , , , , , , , , 
wazuh-alerts-4.x-2023.05.09,_doc,'-sX5_4cBy0XUe2K5MJiD,1,1,10.77.77.77,dc,003,ovelse-siem-server,0x3e7,0x0,%%1833, ,Negotiate,0x3e7,Advapi,{00000000-0000-0000-0000-000000000000},SYSTEM,0,%%1842,S-1-5-18,0x310, ,NT AUTHORITY,S-1-5-18,%%1843,5,4624,0x8020000000000000,{54849625-5478-4994-a5ba-3e3b0328c30d},0,Security,0,"""An account was successfully logged on.

Subject:
	Security ID:		S-1-5-18
	Account Name:		DC$
	Account Domain:		DJIKSTRA
	Logon ID:		0x3E7

Logon Information:
	Logon Type:		5
	Restricted Admin Mode:	-
	Virtual Account:		No
	Elevated Token:		Yes

Impersonation Level:		Impersonation

New Logon:
	Security ID:		S-1-5-18
	Account Name:		SYSTEM
	Account Domain:		NT AUTHORITY
	Logon ID:		0x3E7
	Linked Logon ID:		0x0
	Network Account Name:	-
	Network Account Domain:	-
	Logon GUID:		{00000000-0000-0000-0000-000000000000}

Process Information:
	Process ID:		0x310
	Process Name:		C:\Windows\System32\services.exe

Network Information:
	Workstation Name:	-
	Source Network Address:	-
	Source Port:		-

Detailed Authentication Information:
	Logon Process:		Advapi  
	Authentication Package:	Negotiate
	Transited Services:	-
	Package Name (NTLM only):	-
	Key Length:		0

This event is generated when a logon session is created. It is generated on the computer that was accessed.

The subject fields indicate the account on the local system which requested the logon. This is most commonly a service such as the Server service, or a local process such as Winlogon.exe or Services.exe.

The logon type field indicates the kind of logon that occurred. The most common types are 2 (interactive) and 3 (network).

The New Logon fields indicate the account for whom the new logon was created, i.e. the account that was logged on.

The network fields indicate where a remote logon request originated. Workstation name is not always available and may be left blank in some cases.

The impersonation level field indicates the extent to which a process in the logon session can impersonate.

The authentication information fields provide detailed information about this specific logon request.
	- Logon GUID is a unique identifier that can be used to correlate this event with a KDC event.
	- Transited services indicate which intermediate services have participated in this logon request.
	- Package name indicates which sub-protocol was used among the NTLM protocols.
	- Key length indicates the length of the generated session key. This will be 0 if no session key was requested.""",2,2023-05-09T10:05:25.6808334Z,1162159,944,dc.djikstra.xrg,12544,792,AUDIT_SUCCESS,Microsoft-Windows-Security-Auditing,false,3,"[""164.312.b""]","[""10.2.5""]","[""CC6.8"",""CC7.2"",""CC7.3""]",Windows logon success.,"[""windows"",""windows_security"",""authentication_success""]","[""AC.7"",""AU.14""]","[""IV_32.2""]",16,"[""Valid Accounts""]","[""T1078""]","[""Defense Evasion"",""Persistence"",""Privilege Escalation"",""Initial Access""]",60106,"[""7.1"",""7.2""]",windows_eventchannel,log,"May 9, 2023 @ 10:05:31.608",EventChannel,1683626731.12146912,"May 9, 2023 @ 10:05:31.608",C:\\Windows\\System32\\services.exe,DJIKSTRA, , ,DC$, , , ,"{""name"":""windows_eventchannel""}", , , , , , , , , , , , , , , , , , , , , , , , , , , , , , , 
wazuh-alerts-4.x-2023.05.09,_doc,2sX1_4cBy0XUe2K5jpXZ,1,1, ,ovelse-siem-server,000,ovelse-siem-server, , , , , , , , , , , , , , , , , , , , , , , , , , , , , , , , , , ,false,2, , , ,Unknown problem somewhere in the system.,"[""syslog"",""errors""]", , ,6, , , ,1002,"[""4.3""]", ,log,"May 9, 2023 @ 10:01:30.226",/var/log/syslog,1683626490.12005209,"May 9, 2023 @ 10:01:30.226", , , , , ,ovelse-siem-server,opensearch-dashboards,May  9 10:01:28,{},"May  9 10:01:28 ovelse-siem-server opensearch-dashboards[5081]: {""type"":""error"",""@timestamp"":""2023-05-09T10:01:28Z"",""tags"":[""connection"",""client"",""error""],""pid"":5081,""level"":""error"",""error"":{""message"":""139734702114624:error:14094416:SSL routines:ssl3_read_bytes:sslv3 alert certificate unknown:../deps/openssl/openssl/ssl/record/rec_layer_s3.c:1544:SSL alert number 46\n"",""name"":""Error"",""stack"":""Error: 139734702114624:error:14094416:SSL routines:ssl3_read_bytes:sslv3 alert certificate unknown:../deps/openssl/openssl/ssl/record/rec_layer_s3.c:1544:SSL alert number 46\n""},""message"":""139734702114624:error:14094416:SSL routines:ssl3_read_bytes:sslv3 alert certificate unknown:../deps/openssl/openssl/ssl/record/rec_layer_s3.c:1544:SSL alert number 46\n""}", , , , , , , , , , , , , , , , , , , , , , , , , , , , , , 
wazuh-alerts-4.x-2023.05.09,_doc,3MX1_4cBy0XUe2K5jpXZ,1,1,10.77.77.77,dc,003,ovelse-siem-server, , , , , ,0x363a0fd, , ,DC$, , , , , ,DJIKSTRA,S-1-5-18, ,3,4634,0x8020000000000000,{54849625-5478-4994-a5ba-3e3b0328c30d},0,Security,0,"""An account was logged off.

Subject:
	Security ID:		S-1-5-18
	Account Name:		DC$
	Account Domain:		DJIKSTRA
	Logon ID:		0x363A0FD

Logon Type:			3

This event is generated when a logon session is destroyed. It may be positively correlated with a logon event using the Logon ID value. Logon IDs are only unique between reboots on the same computer.""",0,2023-05-09T10:01:26.4090524Z,1161940,944,dc.djikstra.xrg,12545,792,AUDIT_SUCCESS,Microsoft-Windows-Security-Auditing,false,3,"[""164.312.b""]","[""10.2.5""]","[""CC6.8"",""CC7.2"",""CC7.3""]",Windows User Logoff.,"[""windows"",""windows_security""]","[""AC.7"",""AU.14""]","[""IV_32.2""]",4, , , ,60137, ,windows_eventchannel,log,"May 9, 2023 @ 10:01:32.562",EventChannel,1683626492.12013171,"May 9, 2023 @ 10:01:32.562", , , , , , , , ,"{""name"":""windows_eventchannel""}", , , , , , , , , , , , , , , , , , , , , , , , , , , , , , , 
