wazuh-alerts-4.x-2023.05.09,_doc,QsX__4cBy0XUe2K5oZ51,1,1,10.77.77.77,dc,003,ovelse-siem-server,0x3673ab8, , , , , , , , , , ,S-1-5-21-2082646183-1217588593-2819094730-500,0x674, , , , , ,4673,0x8010000000000000,{54849625-5478-4994-a5ba-3e3b0328c30d},0,Security,0,"""A privileged service was called.

Subject:
	Security ID:		S-1-5-21-2082646183-1217588593-2819094730-500
	Account Name:		Administrator
	Account Domain:		DJIKSTRA
	Logon ID:		0x3673AB8

Service:
	Server:	Security
	Service Name:	-

Process:
	Process ID:	0x674
	Process Name:	C:\Windows\System32\svchost.exe

Service Request Information:
	Privileges:		SeTcbPrivilege""",0,2023-05-09T10:12:27.0350898Z,1162474,6192,dc.djikstra.xrg,13056,4,AUDIT_FAILURE,Microsoft-Windows-Security-Auditing,false,4,"[""164.312.b""]","[""10.2.2""]","[""CC6.8"",""CC7.2"",""CC7.3""]",Failed attempt to perform a privileged operation.,"[""windows"",""windows_security""]","[""AC.6"",""AU.14""]","[""IV_32.2""]",124,"[""Valid Accounts""]","[""T1078""]","[""Defense Evasion"",""Persistence"",""Privilege Escalation"",""Initial Access""]",60107, ,windows_eventchannel,log,"May 9, 2023 @ 10:12:33.786",EventChannel,1683627153.12645516,"May 9, 2023 @ 10:12:33.786",C:\\Windows\\System32\\svchost.exe,DJIKSTRA,Security,SeTcbPrivilege,Administrator, , , ,"{""name"":""windows_eventchannel""}", , , , , , , , , , , , , , , , , , , , , , , , , , , , , , , 
wazuh-alerts-4.x-2023.05.09,_doc,RMX__4cBy0XUe2K5oZ51,1,1,10.77.77.77,dc,003,ovelse-siem-server,0x3673ab8, , , , , , , , , , ,S-1-5-21-2082646183-1217588593-2819094730-500,0x674, , , , , ,4673,0x8010000000000000,{54849625-5478-4994-a5ba-3e3b0328c30d},0,Security,0,"""A privileged service was called.

Subject:
	Security ID:		S-1-5-21-2082646183-1217588593-2819094730-500
	Account Name:		Administrator
	Account Domain:		DJIKSTRA
	Logon ID:		0x3673AB8

Service:
	Server:	Security
	Service Name:	-

Process:
	Process ID:	0x674
	Process Name:	C:\Windows\System32\svchost.exe

Service Request Information:
	Privileges:		SeTcbPrivilege""",0,2023-05-09T10:12:27.0351674Z,1162475,6192,dc.djikstra.xrg,13056,4,AUDIT_FAILURE,Microsoft-Windows-Security-Auditing,false,4,"[""164.312.b""]","[""10.2.2""]","[""CC6.8"",""CC7.2"",""CC7.3""]",Failed attempt to perform a privileged operation.,"[""windows"",""windows_security""]","[""AC.6"",""AU.14""]","[""IV_32.2""]",126,"[""Valid Accounts""]","[""T1078""]","[""Defense Evasion"",""Persistence"",""Privilege Escalation"",""Initial Access""]",60107, ,windows_eventchannel,log,"May 9, 2023 @ 10:12:33.830",EventChannel,1683627153.12651056,"May 9, 2023 @ 10:12:33.830",C:\\Windows\\System32\\svchost.exe,DJIKSTRA,Security,SeTcbPrivilege,Administrator, , , ,"{""name"":""windows_eventchannel""}", , , , , , , , , , , , , , , , , , , , , , , , , , , , , , , 
wazuh-alerts-4.x-2023.05.09,_doc,RcX__4cBy0XUe2K5oZ51,1,1,10.77.77.77,dc,003,ovelse-siem-server,0x3673ab8, , , , , , , , , , ,S-1-5-21-2082646183-1217588593-2819094730-500,0x674, , , , , ,4673,0x8010000000000000,{54849625-5478-4994-a5ba-3e3b0328c30d},0,Security,0,"""A privileged service was called.

Subject:
	Security ID:		S-1-5-21-2082646183-1217588593-2819094730-500
	Account Name:		Administrator
	Account Domain:		DJIKSTRA
	Logon ID:		0x3673AB8

Service:
	Server:	Security
	Service Name:	-

Process:
	Process ID:	0x674
	Process Name:	C:\Windows\System32\svchost.exe

Service Request Information:
	Privileges:		SeTcbPrivilege""",0,2023-05-09T10:12:27.0357920Z,1162478,6192,dc.djikstra.xrg,13056,4,AUDIT_FAILURE,Microsoft-Windows-Security-Auditing,false,4,"[""164.312.b""]","[""10.2.2""]","[""CC6.8"",""CC7.2"",""CC7.3""]",Failed attempt to perform a privileged operation.,"[""windows"",""windows_security""]","[""AC.6"",""AU.14""]","[""IV_32.2""]",128,"[""Valid Accounts""]","[""T1078""]","[""Defense Evasion"",""Persistence"",""Privilege Escalation"",""Initial Access""]",60107, ,windows_eventchannel,log,"May 9, 2023 @ 10:12:33.875",EventChannel,1683627153.12653826,"May 9, 2023 @ 10:12:33.875",C:\\Windows\\System32\\svchost.exe,DJIKSTRA,Security,SeTcbPrivilege,Administrator, , , ,"{""name"":""windows_eventchannel""}", , , , , , , , , , , , , , , , , , , , , , , , , , , , , , , 
wazuh-alerts-4.x-2023.05.09,_doc,R8X__4cBy0XUe2K5oZ51,1,1,10.77.77.77,dc,003,ovelse-siem-server,0x3673ab8, , , , , , , , , , ,S-1-5-21-2082646183-1217588593-2819094730-500,0x674, , , , , ,4673,0x8010000000000000,{54849625-5478-4994-a5ba-3e3b0328c30d},0,Security,0,"""A privileged service was called.

Subject:
	Security ID:		S-1-5-21-2082646183-1217588593-2819094730-500
	Account Name:		Administrator
	Account Domain:		DJIKSTRA
	Logon ID:		0x3673AB8

Service:
	Server:	Security
	Service Name:	-

Process:
	Process ID:	0x674
	Process Name:	C:\Windows\System32\svchost.exe

Service Request Information:
	Privileges:		SeTcbPrivilege""",0,2023-05-09T10:12:27.0354993Z,1162477,6192,dc.djikstra.xrg,13056,4,AUDIT_FAILURE,Microsoft-Windows-Security-Auditing,false,4,"[""164.312.b""]","[""10.2.2""]","[""CC6.8"",""CC7.2"",""CC7.3""]",Failed attempt to perform a privileged operation.,"[""windows"",""windows_security""]","[""AC.6"",""AU.14""]","[""IV_32.2""]",129,"[""Valid Accounts""]","[""T1078""]","[""Defense Evasion"",""Persistence"",""Privilege Escalation"",""Initial Access""]",60107, ,windows_eventchannel,log,"May 9, 2023 @ 10:12:33.875",EventChannel,1683627153.12659366,"May 9, 2023 @ 10:12:33.875",C:\\Windows\\System32\\svchost.exe,DJIKSTRA,Security,SeTcbPrivilege,Administrator, , , ,"{""name"":""windows_eventchannel""}", , , , , , , , , , , , , , , , , , , , , , , , , , , , , , , 
wazuh-alerts-4.x-2023.05.09,_doc,TcX__4cBy0XUe2K5oZ51,1,1,10.77.77.77,dc,003,ovelse-siem-server,0x3673ab8, , , , , , , , , , ,S-1-5-21-2082646183-1217588593-2819094730-500,0x674, , , , , ,4673,0x8010000000000000,{54849625-5478-4994-a5ba-3e3b0328c30d},0,Security,0,"""A privileged service was called.

Subject:
	Security ID:		S-1-5-21-2082646183-1217588593-2819094730-500
	Account Name:		Administrator
	Account Domain:		DJIKSTRA
	Logon ID:		0x3673AB8

Service:
	Server:	Security
	Service Name:	-

Process:
	Process ID:	0x674
	Process Name:	C:\Windows\System32\svchost.exe

Service Request Information:
	Privileges:		SeTcbPrivilege""",0,2023-05-09T10:12:27.0367038Z,1162485,6192,dc.djikstra.xrg,13056,4,AUDIT_FAILURE,Microsoft-Windows-Security-Auditing,false,4,"[""164.312.b""]","[""10.2.2""]","[""CC6.8"",""CC7.2"",""CC7.3""]",Failed attempt to perform a privileged operation.,"[""windows"",""windows_security""]","[""AC.6"",""AU.14""]","[""IV_32.2""]",135,"[""Valid Accounts""]","[""T1078""]","[""Defense Evasion"",""Persistence"",""Privilege Escalation"",""Initial Access""]",60107, ,windows_eventchannel,log,"May 9, 2023 @ 10:12:33.962",EventChannel,1683627153.12675986,"May 9, 2023 @ 10:12:33.962",C:\\Windows\\System32\\svchost.exe,DJIKSTRA,Security,SeTcbPrivilege,Administrator, , , ,"{""name"":""windows_eventchannel""}", , , , , , , , , , , , , , , , , , , , , , , , , , , , , , , 
wazuh-alerts-4.x-2023.05.09,_doc,UcX__4cBy0XUe2K5oZ51,1,1,10.77.77.77,dc,003,ovelse-siem-server,0x3673ab8, , , , , , , , , , ,S-1-5-21-2082646183-1217588593-2819094730-500,0x674, , , , , ,4673,0x8010000000000000,{54849625-5478-4994-a5ba-3e3b0328c30d},0,Security,0,"""A privileged service was called.

Subject:
	Security ID:		S-1-5-21-2082646183-1217588593-2819094730-500
	Account Name:		Administrator
	Account Domain:		DJIKSTRA
	Logon ID:		0x3673AB8

Service:
	Server:	Security
	Service Name:	-

Process:
	Process ID:	0x674
	Process Name:	C:\Windows\System32\svchost.exe

Service Request Information:
	Privileges:		SeTcbPrivilege""",0,2023-05-09T10:12:27.0372851Z,1162490,6192,dc.djikstra.xrg,13056,4,AUDIT_FAILURE,Microsoft-Windows-Security-Auditing,false,4,"[""164.312.b""]","[""10.2.2""]","[""CC6.8"",""CC7.2"",""CC7.3""]",Failed attempt to perform a privileged operation.,"[""windows"",""windows_security""]","[""AC.6"",""AU.14""]","[""IV_32.2""]",139,"[""Valid Accounts""]","[""T1078""]","[""Defense Evasion"",""Persistence"",""Privilege Escalation"",""Initial Access""]",60107, ,windows_eventchannel,log,"May 9, 2023 @ 10:12:34.051",EventChannel,1683627154.12687066,"May 9, 2023 @ 10:12:34.051",C:\\Windows\\System32\\svchost.exe,DJIKSTRA,Security,SeTcbPrivilege,Administrator, , , ,"{""name"":""windows_eventchannel""}", , , , , , , , , , , , , , , , , , , , , , , , , , , , , , , 
wazuh-alerts-4.x-2023.05.09,_doc,U8X__4cBy0XUe2K5oZ51,1,1,10.77.77.77,dc,003,ovelse-siem-server,0x3673ab8, , , , , , , , , , ,S-1-5-21-2082646183-1217588593-2819094730-500,0x674, , , , , ,4673,0x8010000000000000,{54849625-5478-4994-a5ba-3e3b0328c30d},0,Security,0,"""A privileged service was called.

Subject:
	Security ID:		S-1-5-21-2082646183-1217588593-2819094730-500
	Account Name:		Administrator
	Account Domain:		DJIKSTRA
	Logon ID:		0x3673AB8

Service:
	Server:	Security
	Service Name:	-

Process:
	Process ID:	0x674
	Process Name:	C:\Windows\System32\svchost.exe

Service Request Information:
	Privileges:		SeTcbPrivilege""",0,2023-05-09T10:12:27.0378989Z,1162493,6192,dc.djikstra.xrg,13056,4,AUDIT_FAILURE,Microsoft-Windows-Security-Auditing,false,4,"[""164.312.b""]","[""10.2.2""]","[""CC6.8"",""CC7.2"",""CC7.3""]",Failed attempt to perform a privileged operation.,"[""windows"",""windows_security""]","[""AC.6"",""AU.14""]","[""IV_32.2""]",141,"[""Valid Accounts""]","[""T1078""]","[""Defense Evasion"",""Persistence"",""Privilege Escalation"",""Initial Access""]",60107, ,windows_eventchannel,log,"May 9, 2023 @ 10:12:34.083",EventChannel,1683627154.12692606,"May 9, 2023 @ 10:12:34.083",C:\\Windows\\System32\\svchost.exe,DJIKSTRA,Security,SeTcbPrivilege,Administrator, , , ,"{""name"":""windows_eventchannel""}", , , , , , , , , , , , , , , , , , , , , , , , , , , , , , , 
wazuh-alerts-4.x-2023.05.09,_doc,VMX__4cBy0XUe2K5oZ51,1,1,10.77.77.77,dc,003,ovelse-siem-server,0x3673ab8, , , , , , , , , , ,S-1-5-21-2082646183-1217588593-2819094730-500,0x674, , , , , ,4673,0x8010000000000000,{54849625-5478-4994-a5ba-3e3b0328c30d},0,Security,0,"""A privileged service was called.

Subject:
	Security ID:		S-1-5-21-2082646183-1217588593-2819094730-500
	Account Name:		Administrator
	Account Domain:		DJIKSTRA
	Logon ID:		0x3673AB8

Service:
	Server:	Security
	Service Name:	-

Process:
	Process ID:	0x674
	Process Name:	C:\Windows\System32\svchost.exe

Service Request Information:
	Privileges:		SeTcbPrivilege""",0,2023-05-09T10:12:27.0385455Z,1162496,6192,dc.djikstra.xrg,13056,4,AUDIT_FAILURE,Microsoft-Windows-Security-Auditing,false,4,"[""164.312.b""]","[""10.2.2""]","[""CC6.8"",""CC7.2"",""CC7.3""]",Failed attempt to perform a privileged operation.,"[""windows"",""windows_security""]","[""AC.6"",""AU.14""]","[""IV_32.2""]",142,"[""Valid Accounts""]","[""T1078""]","[""Defense Evasion"",""Persistence"",""Privilege Escalation"",""Initial Access""]",60107, ,windows_eventchannel,log,"May 9, 2023 @ 10:12:34.130",EventChannel,1683627154.12695376,"May 9, 2023 @ 10:12:34.130",C:\\Windows\\System32\\svchost.exe,DJIKSTRA,Security,SeTcbPrivilege,Administrator, , , ,"{""name"":""windows_eventchannel""}", , , , , , , , , , , , , , , , , , , , , , , , , , , , , , , 
wazuh-alerts-4.x-2023.05.09,_doc,VsX__4cBy0XUe2K5oZ51,1,1,10.77.77.77,dc,003,ovelse-siem-server,0x3673ab8, , , , , , , , , , ,S-1-5-21-2082646183-1217588593-2819094730-500,0x674, , , , , ,4673,0x8010000000000000,{54849625-5478-4994-a5ba-3e3b0328c30d},0,Security,0,"""A privileged service was called.

Subject:
	Security ID:		S-1-5-21-2082646183-1217588593-2819094730-500
	Account Name:		Administrator
	Account Domain:		DJIKSTRA
	Logon ID:		0x3673AB8

Service:
	Server:	Security
	Service Name:	-

Process:
	Process ID:	0x674
	Process Name:	C:\Windows\System32\svchost.exe

Service Request Information:
	Privileges:		SeTcbPrivilege""",0,2023-05-09T10:12:27.0388599Z,1162498,6192,dc.djikstra.xrg,13056,4,AUDIT_FAILURE,Microsoft-Windows-Security-Auditing,false,4,"[""164.312.b""]","[""10.2.2""]","[""CC6.8"",""CC7.2"",""CC7.3""]",Failed attempt to perform a privileged operation.,"[""windows"",""windows_security""]","[""AC.6"",""AU.14""]","[""IV_32.2""]",144,"[""Valid Accounts""]","[""T1078""]","[""Defense Evasion"",""Persistence"",""Privilege Escalation"",""Initial Access""]",60107, ,windows_eventchannel,log,"May 9, 2023 @ 10:12:34.190",EventChannel,1683627154.12700916,"May 9, 2023 @ 10:12:34.190",C:\\Windows\\System32\\svchost.exe,DJIKSTRA,Security,SeTcbPrivilege,Administrator, , , ,"{""name"":""windows_eventchannel""}", , , , , , , , , , , , , , , , , , , , , , , , , , , , , , , 
wazuh-alerts-4.x-2023.05.09,_doc,V8X__4cBy0XUe2K5oZ51,1,1,10.77.77.77,dc,003,ovelse-siem-server,0x3673ab8, , , , , , , , , , ,S-1-5-21-2082646183-1217588593-2819094730-500,0x674, , , , , ,4673,0x8010000000000000,{54849625-5478-4994-a5ba-3e3b0328c30d},0,Security,0,"""A privileged service was called.

Subject:
	Security ID:		S-1-5-21-2082646183-1217588593-2819094730-500
	Account Name:		Administrator
	Account Domain:		DJIKSTRA
	Logon ID:		0x3673AB8

Service:
	Server:	Security
	Service Name:	-

Process:
	Process ID:	0x674
	Process Name:	C:\Windows\System32\svchost.exe

Service Request Information:
	Privileges:		SeTcbPrivilege""",0,2023-05-09T10:12:27.0388703Z,1162499,6192,dc.djikstra.xrg,13056,4,AUDIT_FAILURE,Microsoft-Windows-Security-Auditing,false,4,"[""164.312.b""]","[""10.2.2""]","[""CC6.8"",""CC7.2"",""CC7.3""]",Failed attempt to perform a privileged operation.,"[""windows"",""windows_security""]","[""AC.6"",""AU.14""]","[""IV_32.2""]",145,"[""Valid Accounts""]","[""T1078""]","[""Defense Evasion"",""Persistence"",""Privilege Escalation"",""Initial Access""]",60107, ,windows_eventchannel,log,"May 9, 2023 @ 10:12:34.190",EventChannel,1683627154.12703686,"May 9, 2023 @ 10:12:34.190",C:\\Windows\\System32\\svchost.exe,DJIKSTRA,Security,SeTcbPrivilege,Administrator, , , ,"{""name"":""windows_eventchannel""}", , , , , , , , , , , , , , , , , , , , , , , , , , , , , , , 
wazuh-alerts-4.x-2023.05.09,_doc,XcX__4cBy0XUe2K5oZ51,1,1,10.77.77.77,dc,003,ovelse-siem-server,0x3673ab8, , , , , , , , , , ,S-1-5-21-2082646183-1217588593-2819094730-500,0x674, , , , , ,4673,0x8010000000000000,{54849625-5478-4994-a5ba-3e3b0328c30d},0,Security,0,"""A privileged service was called.

Subject:
	Security ID:		S-1-5-21-2082646183-1217588593-2819094730-500
	Account Name:		Administrator
	Account Domain:		DJIKSTRA
	Logon ID:		0x3673AB8

Service:
	Server:	Security
	Service Name:	-

Process:
	Process ID:	0x674
	Process Name:	C:\Windows\System32\svchost.exe

Service Request Information:
	Privileges:		SeTcbPrivilege""",0,2023-05-09T10:12:27.0397668Z,1162505,6192,dc.djikstra.xrg,13056,4,AUDIT_FAILURE,Microsoft-Windows-Security-Auditing,false,4,"[""164.312.b""]","[""10.2.2""]","[""CC6.8"",""CC7.2"",""CC7.3""]",Failed attempt to perform a privileged operation.,"[""windows"",""windows_security""]","[""AC.6"",""AU.14""]","[""IV_32.2""]",151,"[""Valid Accounts""]","[""T1078""]","[""Defense Evasion"",""Persistence"",""Privilege Escalation"",""Initial Access""]",60107, ,windows_eventchannel,log,"May 9, 2023 @ 10:12:34.279",EventChannel,1683627154.12720306,"May 9, 2023 @ 10:12:34.279",C:\\Windows\\System32\\svchost.exe,DJIKSTRA,Security,SeTcbPrivilege,Administrator, , , ,"{""name"":""windows_eventchannel""}", , , , , , , , , , , , , , , , , , , , , , , , , , , , , , , 
wazuh-alerts-4.x-2023.05.09,_doc,XsX__4cBy0XUe2K5oZ51,1,1,10.77.77.77,dc,003,ovelse-siem-server,0x3673ab8, , , , , , , , , , ,S-1-5-21-2082646183-1217588593-2819094730-500,0x674, , , , , ,4673,0x8010000000000000,{54849625-5478-4994-a5ba-3e3b0328c30d},0,Security,0,"""A privileged service was called.

Subject:
	Security ID:		S-1-5-21-2082646183-1217588593-2819094730-500
	Account Name:		Administrator
	Account Domain:		DJIKSTRA
	Logon ID:		0x3673AB8

Service:
	Server:	Security
	Service Name:	-

Process:
	Process ID:	0x674
	Process Name:	C:\Windows\System32\svchost.exe

Service Request Information:
	Privileges:		SeTcbPrivilege""",0,2023-05-09T10:12:27.0400607Z,1162506,6192,dc.djikstra.xrg,13056,4,AUDIT_FAILURE,Microsoft-Windows-Security-Auditing,false,4,"[""164.312.b""]","[""10.2.2""]","[""CC6.8"",""CC7.2"",""CC7.3""]",Failed attempt to perform a privileged operation.,"[""windows"",""windows_security""]","[""AC.6"",""AU.14""]","[""IV_32.2""]",152,"[""Valid Accounts""]","[""T1078""]","[""Defense Evasion"",""Persistence"",""Privilege Escalation"",""Initial Access""]",60107, ,windows_eventchannel,log,"May 9, 2023 @ 10:12:34.286",EventChannel,1683627154.12723076,"May 9, 2023 @ 10:12:34.286",C:\\Windows\\System32\\svchost.exe,DJIKSTRA,Security,SeTcbPrivilege,Administrator, , , ,"{""name"":""windows_eventchannel""}", , , , , , , , , , , , , , , , , , , , , , , , , , , , , , , 
wazuh-alerts-4.x-2023.05.09,_doc,aMX__4cBy0XUe2K5oZ51,1,1,10.77.77.77,dc,003,ovelse-siem-server,0x3673ab8, , , , , , , , , , ,S-1-5-21-2082646183-1217588593-2819094730-500,0x674, , , , , ,4673,0x8010000000000000,{54849625-5478-4994-a5ba-3e3b0328c30d},0,Security,0,"""A privileged service was called.

Subject:
	Security ID:		S-1-5-21-2082646183-1217588593-2819094730-500
	Account Name:		Administrator
	Account Domain:		DJIKSTRA
	Logon ID:		0x3673AB8

Service:
	Server:	Security
	Service Name:	-

Process:
	Process ID:	0x674
	Process Name:	C:\Windows\System32\svchost.exe

Service Request Information:
	Privileges:		SeTcbPrivilege""",0,2023-05-09T10:12:27.0413515Z,1162517,6192,dc.djikstra.xrg,13056,4,AUDIT_FAILURE,Microsoft-Windows-Security-Auditing,false,4,"[""164.312.b""]","[""10.2.2""]","[""CC6.8"",""CC7.2"",""CC7.3""]",Failed attempt to perform a privileged operation.,"[""windows"",""windows_security""]","[""AC.6"",""AU.14""]","[""IV_32.2""]",162,"[""Valid Accounts""]","[""T1078""]","[""Defense Evasion"",""Persistence"",""Privilege Escalation"",""Initial Access""]",60107, ,windows_eventchannel,log,"May 9, 2023 @ 10:12:34.478",EventChannel,1683627154.12750776,"May 9, 2023 @ 10:12:34.478",C:\\Windows\\System32\\svchost.exe,DJIKSTRA,Security,SeTcbPrivilege,Administrator, , , ,"{""name"":""windows_eventchannel""}", , , , , , , , , , , , , , , , , , , , , , , , , , , , , , , 
wazuh-alerts-4.x-2023.05.09,_doc,a8X__4cBy0XUe2K5oZ51,1,1,10.77.77.77,dc,003,ovelse-siem-server,0x3673ab8, , , , , , , , , , ,S-1-5-21-2082646183-1217588593-2819094730-500,0x674, , , , , ,4673,0x8010000000000000,{54849625-5478-4994-a5ba-3e3b0328c30d},0,Security,0,"""A privileged service was called.

Subject:
	Security ID:		S-1-5-21-2082646183-1217588593-2819094730-500
	Account Name:		Administrator
	Account Domain:		DJIKSTRA
	Logon ID:		0x3673AB8

Service:
	Server:	Security
	Service Name:	-

Process:
	Process ID:	0x674
	Process Name:	C:\Windows\System32\svchost.exe

Service Request Information:
	Privileges:		SeTcbPrivilege""",0,2023-05-09T10:12:27.0417040Z,1162520,6192,dc.djikstra.xrg,13056,4,AUDIT_FAILURE,Microsoft-Windows-Security-Auditing,false,4,"[""164.312.b""]","[""10.2.2""]","[""CC6.8"",""CC7.2"",""CC7.3""]",Failed attempt to perform a privileged operation.,"[""windows"",""windows_security""]","[""AC.6"",""AU.14""]","[""IV_32.2""]",165,"[""Valid Accounts""]","[""T1078""]","[""Defense Evasion"",""Persistence"",""Privilege Escalation"",""Initial Access""]",60107, ,windows_eventchannel,log,"May 9, 2023 @ 10:12:34.522",EventChannel,1683627154.12759086,"May 9, 2023 @ 10:12:34.522",C:\\Windows\\System32\\svchost.exe,DJIKSTRA,Security,SeTcbPrivilege,Administrator, , , ,"{""name"":""windows_eventchannel""}", , , , , , , , , , , , , , , , , , , , , , , , , , , , , , , 
wazuh-alerts-4.x-2023.05.09,_doc,bsX__4cBy0XUe2K5oZ51,1,1,10.77.77.77,dc,003,ovelse-siem-server,0x3673ab8, , , , , , , , , , ,S-1-5-21-2082646183-1217588593-2819094730-500,0x674, , , , , ,4673,0x8010000000000000,{54849625-5478-4994-a5ba-3e3b0328c30d},0,Security,0,"""A privileged service was called.

Subject:
	Security ID:		S-1-5-21-2082646183-1217588593-2819094730-500
	Account Name:		Administrator
	Account Domain:		DJIKSTRA
	Logon ID:		0x3673AB8

Service:
	Server:	Security
	Service Name:	-

Process:
	Process ID:	0x674
	Process Name:	C:\Windows\System32\svchost.exe

Service Request Information:
	Privileges:		SeTcbPrivilege""",0,2023-05-09T10:12:27.0419026Z,1162522,6192,dc.djikstra.xrg,13056,4,AUDIT_FAILURE,Microsoft-Windows-Security-Auditing,false,4,"[""164.312.b""]","[""10.2.2""]","[""CC6.8"",""CC7.2"",""CC7.3""]",Failed attempt to perform a privileged operation.,"[""windows"",""windows_security""]","[""AC.6"",""AU.14""]","[""IV_32.2""]",168,"[""Valid Accounts""]","[""T1078""]","[""Defense Evasion"",""Persistence"",""Privilege Escalation"",""Initial Access""]",60107, ,windows_eventchannel,log,"May 9, 2023 @ 10:12:34.551",EventChannel,1683627154.12767396,"May 9, 2023 @ 10:12:34.551",C:\\Windows\\System32\\svchost.exe,DJIKSTRA,Security,SeTcbPrivilege,Administrator, , , ,"{""name"":""windows_eventchannel""}", , , , , , , , , , , , , , , , , , , , , , , , , , , , , , , 
wazuh-alerts-4.x-2023.05.09,_doc,b8X__4cBy0XUe2K5oZ51,1,1,10.77.77.77,dc,003,ovelse-siem-server,0x3673ab8, , , , , , , , , , ,S-1-5-21-2082646183-1217588593-2819094730-500,0x674, , , , , ,4673,0x8010000000000000,{54849625-5478-4994-a5ba-3e3b0328c30d},0,Security,0,"""A privileged service was called.

Subject:
	Security ID:		S-1-5-21-2082646183-1217588593-2819094730-500
	Account Name:		Administrator
	Account Domain:		DJIKSTRA
	Logon ID:		0x3673AB8

Service:
	Server:	Security
	Service Name:	-

Process:
	Process ID:	0x674
	Process Name:	C:\Windows\System32\svchost.exe

Service Request Information:
	Privileges:		SeTcbPrivilege""",0,2023-05-09T10:12:27.0419680Z,1162523,6192,dc.djikstra.xrg,13056,4,AUDIT_FAILURE,Microsoft-Windows-Security-Auditing,false,4,"[""164.312.b""]","[""10.2.2""]","[""CC6.8"",""CC7.2"",""CC7.3""]",Failed attempt to perform a privileged operation.,"[""windows"",""windows_security""]","[""AC.6"",""AU.14""]","[""IV_32.2""]",169,"[""Valid Accounts""]","[""T1078""]","[""Defense Evasion"",""Persistence"",""Privilege Escalation"",""Initial Access""]",60107, ,windows_eventchannel,log,"May 9, 2023 @ 10:12:34.594",EventChannel,1683627154.12770166,"May 9, 2023 @ 10:12:34.594",C:\\Windows\\System32\\svchost.exe,DJIKSTRA,Security,SeTcbPrivilege,Administrator, , , ,"{""name"":""windows_eventchannel""}", , , , , , , , , , , , , , , , , , , , , , , , , , , , , , , 
wazuh-alerts-4.x-2023.05.09,_doc,cMX__4cBy0XUe2K5oZ51,1,1,10.77.77.77,dc,003,ovelse-siem-server,0x3673ab8, , , , , , , , , , ,S-1-5-21-2082646183-1217588593-2819094730-500,0x674, , , , , ,4673,0x8010000000000000,{54849625-5478-4994-a5ba-3e3b0328c30d},0,Security,0,"""A privileged service was called.

Subject:
	Security ID:		S-1-5-21-2082646183-1217588593-2819094730-500
	Account Name:		Administrator
	Account Domain:		DJIKSTRA
	Logon ID:		0x3673AB8

Service:
	Server:	Security
	Service Name:	-

Process:
	Process ID:	0x674
	Process Name:	C:\Windows\System32\svchost.exe

Service Request Information:
	Privileges:		SeTcbPrivilege""",0,2023-05-09T10:12:27.0421204Z,1162524,6192,dc.djikstra.xrg,13056,4,AUDIT_FAILURE,Microsoft-Windows-Security-Auditing,false,4,"[""164.312.b""]","[""10.2.2""]","[""CC6.8"",""CC7.2"",""CC7.3""]",Failed attempt to perform a privileged operation.,"[""windows"",""windows_security""]","[""AC.6"",""AU.14""]","[""IV_32.2""]",170,"[""Valid Accounts""]","[""T1078""]","[""Defense Evasion"",""Persistence"",""Privilege Escalation"",""Initial Access""]",60107, ,windows_eventchannel,log,"May 9, 2023 @ 10:12:34.594",EventChannel,1683627154.12772936,"May 9, 2023 @ 10:12:34.594",C:\\Windows\\System32\\svchost.exe,DJIKSTRA,Security,SeTcbPrivilege,Administrator, , , ,"{""name"":""windows_eventchannel""}", , , , , , , , , , , , , , , , , , , , , , , , , , , , , , , 
wazuh-alerts-4.x-2023.05.09,_doc,ccX__4cBy0XUe2K5oZ51,1,1,10.77.77.77,dc,003,ovelse-siem-server,0x3673ab8, , , , , , , , , , ,S-1-5-21-2082646183-1217588593-2819094730-500,0x674, , , , , ,4673,0x8010000000000000,{54849625-5478-4994-a5ba-3e3b0328c30d},0,Security,0,"""A privileged service was called.

Subject:
	Security ID:		S-1-5-21-2082646183-1217588593-2819094730-500
	Account Name:		Administrator
	Account Domain:		DJIKSTRA
	Logon ID:		0x3673AB8

Service:
	Server:	Security
	Service Name:	-

Process:
	Process ID:	0x674
	Process Name:	C:\Windows\System32\svchost.exe

Service Request Information:
	Privileges:		SeTcbPrivilege""",0,2023-05-09T10:12:27.0423506Z,1162526,6192,dc.djikstra.xrg,13056,4,AUDIT_FAILURE,Microsoft-Windows-Security-Auditing,false,4,"[""164.312.b""]","[""10.2.2""]","[""CC6.8"",""CC7.2"",""CC7.3""]",Failed attempt to perform a privileged operation.,"[""windows"",""windows_security""]","[""AC.6"",""AU.14""]","[""IV_32.2""]",171,"[""Valid Accounts""]","[""T1078""]","[""Defense Evasion"",""Persistence"",""Privilege Escalation"",""Initial Access""]",60107, ,windows_eventchannel,log,"May 9, 2023 @ 10:12:34.639",EventChannel,1683627154.12775706,"May 9, 2023 @ 10:12:34.639",C:\\Windows\\System32\\svchost.exe,DJIKSTRA,Security,SeTcbPrivilege,Administrator, , , ,"{""name"":""windows_eventchannel""}", , , , , , , , , , , , , , , , , , , , , , , , , , , , , , , 
wazuh-alerts-4.x-2023.05.09,_doc,eMX__4cBy0XUe2K5oZ62,1,1,10.77.77.77,dc,003,ovelse-siem-server,0x3673ab8, , , , , , , , , , ,S-1-5-21-2082646183-1217588593-2819094730-500,0x674, , , , , ,4673,0x8010000000000000,{54849625-5478-4994-a5ba-3e3b0328c30d},0,Security,0,"""A privileged service was called.

Subject:
	Security ID:		S-1-5-21-2082646183-1217588593-2819094730-500
	Account Name:		Administrator
	Account Domain:		DJIKSTRA
	Logon ID:		0x3673AB8

Service:
	Server:	Security
	Service Name:	-

Process:
	Process ID:	0x674
	Process Name:	C:\Windows\System32\svchost.exe

Service Request Information:
	Privileges:		SeTcbPrivilege""",0,2023-05-09T10:12:27.0431663Z,1162532,6192,dc.djikstra.xrg,13056,4,AUDIT_FAILURE,Microsoft-Windows-Security-Auditing,false,4,"[""164.312.b""]","[""10.2.2""]","[""CC6.8"",""CC7.2"",""CC7.3""]",Failed attempt to perform a privileged operation.,"[""windows"",""windows_security""]","[""AC.6"",""AU.14""]","[""IV_32.2""]",178,"[""Valid Accounts""]","[""T1078""]","[""Defense Evasion"",""Persistence"",""Privilege Escalation"",""Initial Access""]",60107, ,windows_eventchannel,log,"May 9, 2023 @ 10:12:34.727",EventChannel,1683627154.12795096,"May 9, 2023 @ 10:12:34.727",C:\\Windows\\System32\\svchost.exe,DJIKSTRA,Security,SeTcbPrivilege,Administrator, , , ,"{""name"":""windows_eventchannel""}", , , , , , , , , , , , , , , , , , , , , , , , , , , , , , , 
wazuh-alerts-4.x-2023.05.09,_doc,u8X__4cBy0XUe2K5oZ71,1,1,10.77.77.77,dc,003,ovelse-siem-server,0x3673ab8, , , , , , , , , , ,S-1-5-21-2082646183-1217588593-2819094730-500,0x674, , , , , ,4673,0x8010000000000000,{54849625-5478-4994-a5ba-3e3b0328c30d},0,Security,0,"""A privileged service was called.

Subject:
	Security ID:		S-1-5-21-2082646183-1217588593-2819094730-500
	Account Name:		Administrator
	Account Domain:		DJIKSTRA
	Logon ID:		0x3673AB8

Service:
	Server:	Security
	Service Name:	-

Process:
	Process ID:	0x674
	Process Name:	C:\Windows\System32\svchost.exe

Service Request Information:
	Privileges:		SeTcbPrivilege""",0,2023-05-09T10:12:27.0433585Z,1162534,6192,dc.djikstra.xrg,13056,4,AUDIT_FAILURE,Microsoft-Windows-Security-Auditing,false,4,"[""164.312.b""]","[""10.2.2""]","[""CC6.8"",""CC7.2"",""CC7.3""]",Failed attempt to perform a privileged operation.,"[""windows"",""windows_security""]","[""AC.6"",""AU.14""]","[""IV_32.2""]",180,"[""Valid Accounts""]","[""T1078""]","[""Defense Evasion"",""Persistence"",""Privilege Escalation"",""Initial Access""]",60107, ,windows_eventchannel,log,"May 9, 2023 @ 10:12:34.739",EventChannel,1683627154.12800636,"May 9, 2023 @ 10:12:34.739",C:\\Windows\\System32\\svchost.exe,DJIKSTRA,Security,SeTcbPrivilege,Administrator, , , ,"{""name"":""windows_eventchannel""}", , , , , , , , , , , , , , , , , , , , , , , , , , , , , , , 
wazuh-alerts-4.x-2023.05.09,_doc,vMX__4cBy0XUe2K5oZ71,1,1,10.77.77.77,dc,003,ovelse-siem-server,0x3673ab8, , , , , , , , , , ,S-1-5-21-2082646183-1217588593-2819094730-500,0x674, , , , , ,4673,0x8010000000000000,{54849625-5478-4994-a5ba-3e3b0328c30d},0,Security,0,"""A privileged service was called.

Subject:
	Security ID:		S-1-5-21-2082646183-1217588593-2819094730-500
	Account Name:		Administrator
	Account Domain:		DJIKSTRA
	Logon ID:		0x3673AB8

Service:
	Server:	Security
	Service Name:	-

Process:
	Process ID:	0x674
	Process Name:	C:\Windows\System32\svchost.exe

Service Request Information:
	Privileges:		SeTcbPrivilege""",0,2023-05-09T10:12:27.0434238Z,1162535,6192,dc.djikstra.xrg,13056,4,AUDIT_FAILURE,Microsoft-Windows-Security-Auditing,false,4,"[""164.312.b""]","[""10.2.2""]","[""CC6.8"",""CC7.2"",""CC7.3""]",Failed attempt to perform a privileged operation.,"[""windows"",""windows_security""]","[""AC.6"",""AU.14""]","[""IV_32.2""]",181,"[""Valid Accounts""]","[""T1078""]","[""Defense Evasion"",""Persistence"",""Privilege Escalation"",""Initial Access""]",60107, ,windows_eventchannel,log,"May 9, 2023 @ 10:12:34.755",EventChannel,1683627154.12803406,"May 9, 2023 @ 10:12:34.755",C:\\Windows\\System32\\svchost.exe,DJIKSTRA,Security,SeTcbPrivilege,Administrator, , , ,"{""name"":""windows_eventchannel""}", , , , , , , , , , , , , , , , , , , , , , , , , , , , , , , 
wazuh-alerts-4.x-2023.05.09,_doc,wMX__4cBy0XUe2K5oZ71,1,1,10.77.77.77,dc,003,ovelse-siem-server,0x3673ab8, , , , , , , , , , ,S-1-5-21-2082646183-1217588593-2819094730-500,0x674, , , , , ,4673,0x8010000000000000,{54849625-5478-4994-a5ba-3e3b0328c30d},0,Security,0,"""A privileged service was called.

Subject:
	Security ID:		S-1-5-21-2082646183-1217588593-2819094730-500
	Account Name:		Administrator
	Account Domain:		DJIKSTRA
	Logon ID:		0x3673AB8

Service:
	Server:	Security
	Service Name:	-

Process:
	Process ID:	0x674
	Process Name:	C:\Windows\System32\svchost.exe

Service Request Information:
	Privileges:		SeTcbPrivilege""",0,2023-05-09T10:12:27.0437677Z,1162538,6192,dc.djikstra.xrg,13056,4,AUDIT_FAILURE,Microsoft-Windows-Security-Auditing,false,4,"[""164.312.b""]","[""10.2.2""]","[""CC6.8"",""CC7.2"",""CC7.3""]",Failed attempt to perform a privileged operation.,"[""windows"",""windows_security""]","[""AC.6"",""AU.14""]","[""IV_32.2""]",185,"[""Valid Accounts""]","[""T1078""]","[""Defense Evasion"",""Persistence"",""Privilege Escalation"",""Initial Access""]",60107, ,windows_eventchannel,log,"May 9, 2023 @ 10:12:34.843",EventChannel,1683627154.12814486,"May 9, 2023 @ 10:12:34.843",C:\\Windows\\System32\\svchost.exe,DJIKSTRA,Security,SeTcbPrivilege,Administrator, , , ,"{""name"":""windows_eventchannel""}", , , , , , , , , , , , , , , , , , , , , , , , , , , , , , , 
wazuh-alerts-4.x-2023.05.09,_doc,wsX__4cBy0XUe2K5oZ71,1,1,10.77.77.77,dc,003,ovelse-siem-server,0x3673ab8, , , , , , , , , , ,S-1-5-21-2082646183-1217588593-2819094730-500,0x674, , , , , ,4673,0x8010000000000000,{54849625-5478-4994-a5ba-3e3b0328c30d},0,Security,0,"""A privileged service was called.

Subject:
	Security ID:		S-1-5-21-2082646183-1217588593-2819094730-500
	Account Name:		Administrator
	Account Domain:		DJIKSTRA
	Logon ID:		0x3673AB8

Service:
	Server:	Security
	Service Name:	-

Process:
	Process ID:	0x674
	Process Name:	C:\Windows\System32\svchost.exe

Service Request Information:
	Privileges:		SeTcbPrivilege""",0,2023-05-09T10:12:27.0440383Z,1162541,6192,dc.djikstra.xrg,13056,4,AUDIT_FAILURE,Microsoft-Windows-Security-Auditing,false,4,"[""164.312.b""]","[""10.2.2""]","[""CC6.8"",""CC7.2"",""CC7.3""]",Failed attempt to perform a privileged operation.,"[""windows"",""windows_security""]","[""AC.6"",""AU.14""]","[""IV_32.2""]",187,"[""Valid Accounts""]","[""T1078""]","[""Defense Evasion"",""Persistence"",""Privilege Escalation"",""Initial Access""]",60107, ,windows_eventchannel,log,"May 9, 2023 @ 10:12:34.886",EventChannel,1683627154.12820026,"May 9, 2023 @ 10:12:34.886",C:\\Windows\\System32\\svchost.exe,DJIKSTRA,Security,SeTcbPrivilege,Administrator, , , ,"{""name"":""windows_eventchannel""}", , , , , , , , , , , , , , , , , , , , , , , , , , , , , , , 
wazuh-alerts-4.x-2023.05.09,_doc,w8X__4cBy0XUe2K5oZ71,1,1,10.77.77.77,dc,003,ovelse-siem-server,0x3673ab8, , , , , , , , , , ,S-1-5-21-2082646183-1217588593-2819094730-500,0x674, , , , , ,4673,0x8010000000000000,{54849625-5478-4994-a5ba-3e3b0328c30d},0,Security,0,"""A privileged service was called.

Subject:
	Security ID:		S-1-5-21-2082646183-1217588593-2819094730-500
	Account Name:		Administrator
	Account Domain:		DJIKSTRA
	Logon ID:		0x3673AB8

Service:
	Server:	Security
	Service Name:	-

Process:
	Process ID:	0x674
	Process Name:	C:\Windows\System32\svchost.exe

Service Request Information:
	Privileges:		SeTcbPrivilege""",0,2023-05-09T10:12:27.0442661Z,1162543,6192,dc.djikstra.xrg,13056,4,AUDIT_FAILURE,Microsoft-Windows-Security-Auditing,false,4,"[""164.312.b""]","[""10.2.2""]","[""CC6.8"",""CC7.2"",""CC7.3""]",Failed attempt to perform a privileged operation.,"[""windows"",""windows_security""]","[""AC.6"",""AU.14""]","[""IV_32.2""]",188,"[""Valid Accounts""]","[""T1078""]","[""Defense Evasion"",""Persistence"",""Privilege Escalation"",""Initial Access""]",60107, ,windows_eventchannel,log,"May 9, 2023 @ 10:12:34.886",EventChannel,1683627154.12822796,"May 9, 2023 @ 10:12:34.886",C:\\Windows\\System32\\svchost.exe,DJIKSTRA,Security,SeTcbPrivilege,Administrator, , , ,"{""name"":""windows_eventchannel""}", , , , , , , , , , , , , , , , , , , , , , , , , , , , , , , 
wazuh-alerts-4.x-2023.05.09,_doc,xMX__4cBy0XUe2K5oZ71,1,1,10.77.77.77,dc,003,ovelse-siem-server,0x3673ab8, , , , , , , , , , ,S-1-5-21-2082646183-1217588593-2819094730-500,0x674, , , , , ,4673,0x8010000000000000,{54849625-5478-4994-a5ba-3e3b0328c30d},0,Security,0,"""A privileged service was called.

Subject:
	Security ID:		S-1-5-21-2082646183-1217588593-2819094730-500
	Account Name:		Administrator
	Account Domain:		DJIKSTRA
	Logon ID:		0x3673AB8

Service:
	Server:	Security
	Service Name:	-

Process:
	Process ID:	0x674
	Process Name:	C:\Windows\System32\svchost.exe

Service Request Information:
	Privileges:		SeTcbPrivilege""",0,2023-05-09T10:12:27.0441904Z,1162542,6192,dc.djikstra.xrg,13056,4,AUDIT_FAILURE,Microsoft-Windows-Security-Auditing,false,4,"[""164.312.b""]","[""10.2.2""]","[""CC6.8"",""CC7.2"",""CC7.3""]",Failed attempt to perform a privileged operation.,"[""windows"",""windows_security""]","[""AC.6"",""AU.14""]","[""IV_32.2""]",189,"[""Valid Accounts""]","[""T1078""]","[""Defense Evasion"",""Persistence"",""Privilege Escalation"",""Initial Access""]",60107, ,windows_eventchannel,log,"May 9, 2023 @ 10:12:34.886",EventChannel,1683627154.12825566,"May 9, 2023 @ 10:12:34.886",C:\\Windows\\System32\\svchost.exe,DJIKSTRA,Security,SeTcbPrivilege,Administrator, , , ,"{""name"":""windows_eventchannel""}", , , , , , , , , , , , , , , , , , , , , , , , , , , , , , , 
wazuh-alerts-4.x-2023.05.09,_doc,yMX__4cBy0XUe2K5oZ71,1,1,10.77.77.77,dc,003,ovelse-siem-server,0x3673ab8, , , , , , , , , , ,S-1-5-21-2082646183-1217588593-2819094730-500,0x674, , , , , ,4673,0x8010000000000000,{54849625-5478-4994-a5ba-3e3b0328c30d},0,Security,0,"""A privileged service was called.

Subject:
	Security ID:		S-1-5-21-2082646183-1217588593-2819094730-500
	Account Name:		Administrator
	Account Domain:		DJIKSTRA
	Logon ID:		0x3673AB8

Service:
	Server:	Security
	Service Name:	-

Process:
	Process ID:	0x674
	Process Name:	C:\Windows\System32\svchost.exe

Service Request Information:
	Privileges:		SeTcbPrivilege""",0,2023-05-09T10:12:27.0445208Z,1162546,6192,dc.djikstra.xrg,13056,4,AUDIT_FAILURE,Microsoft-Windows-Security-Auditing,false,4,"[""164.312.b""]","[""10.2.2""]","[""CC6.8"",""CC7.2"",""CC7.3""]",Failed attempt to perform a privileged operation.,"[""windows"",""windows_security""]","[""AC.6"",""AU.14""]","[""IV_32.2""]",192,"[""Valid Accounts""]","[""T1078""]","[""Defense Evasion"",""Persistence"",""Privilege Escalation"",""Initial Access""]",60107, ,windows_eventchannel,log,"May 9, 2023 @ 10:12:34.930",EventChannel,1683627154.12841229,"May 9, 2023 @ 10:12:34.930",C:\\Windows\\System32\\svchost.exe,DJIKSTRA,Security,SeTcbPrivilege,Administrator, , , ,"{""name"":""windows_eventchannel""}", , , , , , , , , , , , , , , , , , , , , , , , , , , , , , , 
wazuh-alerts-4.x-2023.05.09,_doc,ycX__4cBy0XUe2K5oZ71,1,1, ,ovelse-siem-server,000,ovelse-siem-server, , , , , , , , , , , , , , , , , , , , , , , , , , , , , , , , , , ,false,2, , , ,Unknown problem somewhere in the system.,"[""syslog"",""errors""]", , ,47, , , ,1002,"[""4.3""]", ,log,"May 9, 2023 @ 10:12:34.954",/var/log/syslog,1683627154.12843999,"May 9, 2023 @ 10:12:34.954", , , , , ,ovelse-siem-server,opensearch-dashboards,May  9 10:12:34,{},"May  9 10:12:34 ovelse-siem-server opensearch-dashboards[5081]: {""type"":""error"",""@timestamp"":""2023-05-09T10:12:34Z"",""tags"":[""connection"",""client"",""error""],""pid"":5081,""level"":""error"",""error"":{""message"":""139734702114624:error:14094416:SSL routines:ssl3_read_bytes:sslv3 alert certificate unknown:../deps/openssl/openssl/ssl/record/rec_layer_s3.c:1544:SSL alert number 46\n"",""name"":""Error"",""stack"":""Error: 139734702114624:error:14094416:SSL routines:ssl3_read_bytes:sslv3 alert certificate unknown:../deps/openssl/openssl/ssl/record/rec_layer_s3.c:1544:SSL alert number 46\n""},""message"":""139734702114624:error:14094416:SSL routines:ssl3_read_bytes:sslv3 alert certificate unknown:../deps/openssl/openssl/ssl/record/rec_layer_s3.c:1544:SSL alert number 46\n""}", , , , , , , , , , , , , , , , , , , , , , , , , , , , , , 
wazuh-alerts-4.x-2023.05.09,_doc,ysX__4cBy0XUe2K5oZ71,1,1,10.77.77.77,dc,003,ovelse-siem-server,0x3673ab8, , , , , , , , , , ,S-1-5-21-2082646183-1217588593-2819094730-500,0x674, , , , , ,4673,0x8010000000000000,{54849625-5478-4994-a5ba-3e3b0328c30d},0,Security,0,"""A privileged service was called.

Subject:
	Security ID:		S-1-5-21-2082646183-1217588593-2819094730-500
	Account Name:		Administrator
	Account Domain:		DJIKSTRA
	Logon ID:		0x3673AB8

Service:
	Server:	Security
	Service Name:	-

Process:
	Process ID:	0x674
	Process Name:	C:\Windows\System32\svchost.exe

Service Request Information:
	Privileges:		SeTcbPrivilege""",0,2023-05-09T10:12:27.0445760Z,1162547,6192,dc.djikstra.xrg,13056,4,AUDIT_FAILURE,Microsoft-Windows-Security-Auditing,false,4,"[""164.312.b""]","[""10.2.2""]","[""CC6.8"",""CC7.2"",""CC7.3""]",Failed attempt to perform a privileged operation.,"[""windows"",""windows_security""]","[""AC.6"",""AU.14""]","[""IV_32.2""]",193,"[""Valid Accounts""]","[""T1078""]","[""Defense Evasion"",""Persistence"",""Privilege Escalation"",""Initial Access""]",60107, ,windows_eventchannel,log,"May 9, 2023 @ 10:12:34.974",EventChannel,1683627154.12844937,"May 9, 2023 @ 10:12:34.974",C:\\Windows\\System32\\svchost.exe,DJIKSTRA,Security,SeTcbPrivilege,Administrator, , , ,"{""name"":""windows_eventchannel""}", , , , , , , , , , , , , , , , , , , , , , , , , , , , , , , 
wazuh-alerts-4.x-2023.05.09,_doc,y8X__4cBy0XUe2K5oZ71,1,1,10.77.77.77,dc,003,ovelse-siem-server,0x3673ab8, , , , , , , , , , ,S-1-5-21-2082646183-1217588593-2819094730-500,0x674, , , , , ,4673,0x8010000000000000,{54849625-5478-4994-a5ba-3e3b0328c30d},0,Security,0,"""A privileged service was called.

Subject:
	Security ID:		S-1-5-21-2082646183-1217588593-2819094730-500
	Account Name:		Administrator
	Account Domain:		DJIKSTRA
	Logon ID:		0x3673AB8

Service:
	Server:	Security
	Service Name:	-

Process:
	Process ID:	0x674
	Process Name:	C:\Windows\System32\svchost.exe

Service Request Information:
	Privileges:		SeTcbPrivilege""",0,2023-05-09T10:12:27.0448923Z,1162550,6192,dc.djikstra.xrg,13056,4,AUDIT_FAILURE,Microsoft-Windows-Security-Auditing,false,4,"[""164.312.b""]","[""10.2.2""]","[""CC6.8"",""CC7.2"",""CC7.3""]",Failed attempt to perform a privileged operation.,"[""windows"",""windows_security""]","[""AC.6"",""AU.14""]","[""IV_32.2""]",194,"[""Valid Accounts""]","[""T1078""]","[""Defense Evasion"",""Persistence"",""Privilege Escalation"",""Initial Access""]",60107, ,windows_eventchannel,log,"May 9, 2023 @ 10:12:35.018",EventChannel,1683627155.12847707,"May 9, 2023 @ 10:12:35.018",C:\\Windows\\System32\\svchost.exe,DJIKSTRA,Security,SeTcbPrivilege,Administrator, , , ,"{""name"":""windows_eventchannel""}", , , , , , , , , , , , , , , , , , , , , , , , , , , , , , , 
wazuh-alerts-4.x-2023.05.09,_doc,BcX__4cBy0XUe2K5pp8A,1,1,10.77.77.77,dc,003,ovelse-siem-server, , , , , ,0x36733c9, , ,sshd_5496, , , , , ,VIRTUAL USERS,S-1-5-111-3847866527-469524349-687026318-516638107-1125189541-5496, ,5,4634,0x8020000000000000,{54849625-5478-4994-a5ba-3e3b0328c30d},0,Security,0,"""An account was logged off.

Subject:
	Security ID:		S-1-5-111-3847866527-469524349-687026318-516638107-1125189541-5496
	Account Name:		sshd_5496
	Account Domain:		VIRTUAL USERS
	Logon ID:		0x36733C9

Logon Type:			5

This event is generated when a logon session is destroyed. It may be positively correlated with a logon event using the Logon ID value. Logon IDs are only unique between reboots on the same computer.""",0,2023-05-09T10:12:27.6117004Z,1162589,8012,dc.djikstra.xrg,12545,792,AUDIT_SUCCESS,Microsoft-Windows-Security-Auditing,false,3,"[""164.312.b""]","[""10.2.5""]","[""CC6.8"",""CC7.2"",""CC7.3""]",Windows User Logoff.,"[""windows"",""windows_security""]","[""AC.7"",""AU.14""]","[""IV_32.2""]",27, , , ,60137, ,windows_eventchannel,log,"May 9, 2023 @ 10:12:35.598",EventChannel,1683627155.12853247,"May 9, 2023 @ 10:12:35.598", , , , , , , , ,"{""name"":""windows_eventchannel""}", , , , , , , , , , , , , , , , , , , , , , , , , , , , , , , 
wazuh-alerts-4.x-2023.05.09,_doc,a8UBAIgBy0XUe2K5JKIz,1,1,10.77.77.77,dc,003,ovelse-siem-server, , , , , ,0x3676c9c, , ,DC$, , , , , ,DJIKSTRA,S-1-5-18, ,3,4634,0x8020000000000000,{54849625-5478-4994-a5ba-3e3b0328c30d},0,Security,0,"""An account was logged off.

Subject:
	Security ID:		S-1-5-18
	Account Name:		DC$
	Account Domain:		DJIKSTRA
	Logon ID:		0x3676C9C

Logon Type:			3

This event is generated when a logon session is destroyed. It may be positively correlated with a logon event using the Logon ID value. Logon IDs are only unique between reboots on the same computer.""",0,2023-05-09T10:14:04.0225418Z,1162847,944,dc.djikstra.xrg,12545,792,AUDIT_SUCCESS,Microsoft-Windows-Security-Auditing,false,3,"[""164.312.b""]","[""10.2.5""]","[""CC6.8"",""CC7.2"",""CC7.3""]",Windows User Logoff.,"[""windows"",""windows_security""]","[""AC.7"",""AU.14""]","[""IV_32.2""]",32, , , ,60137, ,windows_eventchannel,log,"May 9, 2023 @ 10:14:09.708",EventChannel,1683627249.13380096,"May 9, 2023 @ 10:14:09.708", , , , , , , , ,"{""name"":""windows_eventchannel""}", , , , , , , , , , , , , , , , , , , , , , , , , , , , , , , 
wazuh-alerts-4.x-2023.05.09,_doc,bMUBAIgBy0XUe2K5JKIz,1,1,10.77.77.77,dc,003,ovelse-siem-server, , , , , ,0x3676c2c, , ,sshd_8128, , , , , ,VIRTUAL USERS,S-1-5-111-3847866527-469524349-687026318-516638107-1125189541-8128, ,5,4634,0x8020000000000000,{54849625-5478-4994-a5ba-3e3b0328c30d},0,Security,0,"""An account was logged off.

Subject:
	Security ID:		S-1-5-111-3847866527-469524349-687026318-516638107-1125189541-8128
	Account Name:		sshd_8128
	Account Domain:		VIRTUAL USERS
	Logon ID:		0x3676C2C

Logon Type:			5

This event is generated when a logon session is destroyed. It may be positively correlated with a logon event using the Logon ID value. Logon IDs are only unique between reboots on the same computer.""",0,2023-05-09T10:14:06.0841805Z,1162867,3556,dc.djikstra.xrg,12545,792,AUDIT_SUCCESS,Microsoft-Windows-Security-Auditing,false,3,"[""164.312.b""]","[""10.2.5""]","[""CC6.8"",""CC7.2"",""CC7.3""]",Windows User Logoff.,"[""windows"",""windows_security""]","[""AC.7"",""AU.14""]","[""IV_32.2""]",33, , , ,60137, ,windows_eventchannel,log,"May 9, 2023 @ 10:14:12.036",EventChannel,1683627252.13382401,"May 9, 2023 @ 10:14:12.036", , , , , , , , ,"{""name"":""windows_eventchannel""}", , , , , , , , , , , , , , , , , , , , , , , , , , , , , , , 
wazuh-alerts-4.x-2023.05.09,_doc,bcUBAIgBy0XUe2K5JKIz,1,1,10.77.77.77,dc,003,ovelse-siem-server, , , , , ,0x3676f88, , ,DC$, , , , , ,DJIKSTRA,S-1-5-18, ,3,4634,0x8020000000000000,{54849625-5478-4994-a5ba-3e3b0328c30d},0,Security,0,"""An account was logged off.

Subject:
	Security ID:		S-1-5-18
	Account Name:		DC$
	Account Domain:		DJIKSTRA
	Logon ID:		0x3676F88

Logon Type:			3

This event is generated when a logon session is destroyed. It may be positively correlated with a logon event using the Logon ID value. Logon IDs are only unique between reboots on the same computer.""",0,2023-05-09T10:14:06.0842652Z,1162868,5944,dc.djikstra.xrg,12545,792,AUDIT_SUCCESS,Microsoft-Windows-Security-Auditing,false,3,"[""164.312.b""]","[""10.2.5""]","[""CC6.8"",""CC7.2"",""CC7.3""]",Windows User Logoff.,"[""windows"",""windows_security""]","[""AC.7"",""AU.14""]","[""IV_32.2""]",34, , , ,60137, ,windows_eventchannel,log,"May 9, 2023 @ 10:14:12.052",EventChannel,1683627252.13384984,"May 9, 2023 @ 10:14:12.052", , , , , , , , ,"{""name"":""windows_eventchannel""}", , , , , , , , , , , , , , , , , , , , , , , , , , , , , , , 
