wazuh-alerts-4.x-2023.05.09,_doc,a8X8_4cBy0XUe2K53ps2,1,1,10.77.77.77,dc,003,ovelse-siem-server, , , , , ,0x36622d5, , ,DC$, , , , , ,DJIKSTRA,S-1-5-18, ,3,4634,0x8020000000000000,{54849625-5478-4994-a5ba-3e3b0328c30d},0,Security,0,"""An account was logged off.

Subject:
	Security ID:		S-1-5-18
	Account Name:		DC$
	Account Domain:		DJIKSTRA
	Logon ID:		0x36622D5

Logon Type:			3

This event is generated when a logon session is destroyed. It may be positively correlated with a logon event using the Logon ID value. Logon IDs are only unique between reboots on the same computer.""",0,2023-05-09T10:09:26.5116721Z,1162268,944,dc.djikstra.xrg,12545,792,AUDIT_SUCCESS,Microsoft-Windows-Security-Auditing,false,3,"[""164.312.b""]","[""10.2.5""]","[""CC6.8"",""CC7.2"",""CC7.3""]",Windows User Logoff.,"[""windows"",""windows_security""]","[""AC.7"",""AU.14""]","[""IV_32.2""]",19, , , ,60137, ,windows_eventchannel,log,"May 9, 2023 @ 10:09:32.667",EventChannel,1683626972.12277061,"May 9, 2023 @ 10:09:32.667", , , , , , , , ,"{""name"":""windows_eventchannel""}", , , , , , , , , , , , , , , , , , , , , , , , , , , , , , , 
wazuh-alerts-4.x-2023.05.09,_doc,jcX6_4cBy0XUe2K5LpmM,1,1, ,ovelse-siem-server,000,ovelse-siem-server, , , , , , , , , , , , , , , , , , , , , , , , , , , , , , , , , , ,false,2, , , ,Unknown problem somewhere in the system.,"[""syslog"",""errors""]", , ,15, , , ,1002,"[""4.3""]", ,log,"May 9, 2023 @ 10:06:28.554",/var/log/syslog,1683626788.12213384,"May 9, 2023 @ 10:06:28.554", , , , , ,ovelse-siem-server,opensearch-dashboards,May  9 10:06:27,{},"May  9 10:06:27 ovelse-siem-server opensearch-dashboards[5081]: {""type"":""error"",""@timestamp"":""2023-05-09T10:06:27Z"",""tags"":[""connection"",""client"",""error""],""pid"":5081,""level"":""error"",""error"":{""message"":""139734702114624:error:14094416:SSL routines:ssl3_read_bytes:sslv3 alert certificate unknown:../deps/openssl/openssl/ssl/record/rec_layer_s3.c:1544:SSL alert number 46\n"",""name"":""Error"",""stack"":""Error: 139734702114624:error:14094416:SSL routines:ssl3_read_bytes:sslv3 alert certificate unknown:../deps/openssl/openssl/ssl/record/rec_layer_s3.c:1544:SSL alert number 46\n""},""message"":""139734702114624:error:14094416:SSL routines:ssl3_read_bytes:sslv3 alert certificate unknown:../deps/openssl/openssl/ssl/record/rec_layer_s3.c:1544:SSL alert number 46\n""}", , , , , , , , , , , , , , , , , , , , , , , , , , , , , , 
wazuh-alerts-4.x-2023.05.09,_doc,kMX6_4cBy0XUe2K5LpmM,1,1, ,ovelse-siem-server,000,ovelse-siem-server, , , , , , , , , , , , , , , , , , , , , , , , , , , , , , , , , , ,false,2, , , ,Unknown problem somewhere in the system.,"[""syslog"",""errors""]", , ,17, , , ,1002,"[""4.3""]", ,log,"May 9, 2023 @ 10:06:32.558",/var/log/syslog,1683626792.12218611,"May 9, 2023 @ 10:06:32.558", , , , , ,ovelse-siem-server,opensearch-dashboards,May  9 10:06:31,{},"May  9 10:06:31 ovelse-siem-server opensearch-dashboards[5081]: {""type"":""error"",""@timestamp"":""2023-05-09T10:06:31Z"",""tags"":[""connection"",""client"",""error""],""pid"":5081,""level"":""error"",""error"":{""message"":""139734702114624:error:14094416:SSL routines:ssl3_read_bytes:sslv3 alert certificate unknown:../deps/openssl/openssl/ssl/record/rec_layer_s3.c:1544:SSL alert number 46\n"",""name"":""Error"",""stack"":""Error: 139734702114624:error:14094416:SSL routines:ssl3_read_bytes:sslv3 alert certificate unknown:../deps/openssl/openssl/ssl/record/rec_layer_s3.c:1544:SSL alert number 46\n""},""message"":""139734702114624:error:14094416:SSL routines:ssl3_read_bytes:sslv3 alert certificate unknown:../deps/openssl/openssl/ssl/record/rec_layer_s3.c:1544:SSL alert number 46\n""}", , , , , , , , , , , , , , , , , , , , , , , , , , , , , , 
wazuh-alerts-4.x-2023.05.09,_doc,k8X6_4cBy0XUe2K5LpmM,1,1, ,ovelse-siem-server,000,ovelse-siem-server, , , , , , , , , , , , , , , , , , , , , , , , , , , , , , , , , , ,false,2, , , ,Unknown problem somewhere in the system.,"[""syslog"",""errors""]", , ,18, , , ,1002,"[""4.3""]", ,log,"May 9, 2023 @ 10:06:34.560",/var/log/syslog,1683626794.12228878,"May 9, 2023 @ 10:06:34.560", , , , , ,ovelse-siem-server,opensearch-dashboards,May  9 10:06:33,{},"May  9 10:06:33 ovelse-siem-server opensearch-dashboards[5081]: {""type"":""error"",""@timestamp"":""2023-05-09T10:06:33Z"",""tags"":[""connection"",""client"",""error""],""pid"":5081,""level"":""error"",""error"":{""message"":""139734702114624:error:14094416:SSL routines:ssl3_read_bytes:sslv3 alert certificate unknown:../deps/openssl/openssl/ssl/record/rec_layer_s3.c:1544:SSL alert number 46\n"",""name"":""Error"",""stack"":""Error: 139734702114624:error:14094416:SSL routines:ssl3_read_bytes:sslv3 alert certificate unknown:../deps/openssl/openssl/ssl/record/rec_layer_s3.c:1544:SSL alert number 46\n""},""message"":""139734702114624:error:14094416:SSL routines:ssl3_read_bytes:sslv3 alert certificate unknown:../deps/openssl/openssl/ssl/record/rec_layer_s3.c:1544:SSL alert number 46\n""}", , , , , , , , , , , , , , , , , , , , , , , , , , , , , , 
wazuh-alerts-4.x-2023.05.09,_doc,lMX6_4cBy0XUe2K5LpmM,1,1, ,ovelse-siem-server,000,ovelse-siem-server, , , , , , , , , , , , , , , , , , , , , , , , , , , , , , , , , , ,false,2, , , ,Unknown problem somewhere in the system.,"[""syslog"",""errors""]", , ,19, , , ,1002,"[""4.3""]", ,log,"May 9, 2023 @ 10:06:34.561",/var/log/syslog,1683626794.12229816,"May 9, 2023 @ 10:06:34.561", , , , , ,ovelse-siem-server,opensearch-dashboards,May  9 10:06:33,{},"May  9 10:06:33 ovelse-siem-server opensearch-dashboards[5081]: message repeated 5 times: [ {""type"":""error"",""@timestamp"":""2023-05-09T10:06:33Z"",""tags"":[""connection"",""client"",""error""],""pid"":5081,""level"":""error"",""error"":{""message"":""139734702114624:error:14094416:SSL routines:ssl3_read_bytes:sslv3 alert certificate unknown:../deps/openssl/openssl/ssl/record/rec_layer_s3.c:1544:SSL alert number 46\n"",""name"":""Error"",""stack"":""Error: 139734702114624:error:14094416:SSL routines:ssl3_read_bytes:sslv3 alert certificate unknown:../deps/openssl/openssl/ssl/record/rec_layer_s3.c:1544:SSL alert number 46\n""},""message"":""139734702114624:error:14094416:SSL routines:ssl3_read_bytes:sslv3 alert certificate unknown:../deps/openssl/openssl/ssl/record/rec_layer_s3.c:1544:SSL alert number 46\n""}]", , , , , , , , , , , , , , , , , , , , , , , , , , , , , , 
wazuh-alerts-4.x-2023.05.09,_doc,tcX8_4cBy0XUe2K5eJrE,1,1, ,ovelse-siem-server,000,ovelse-siem-server, , , , , , , , , , , , , , , , , , , , , , , , , , , , , , , , , , ,false,2, , , ,Unknown problem somewhere in the system.,"[""syslog"",""errors""]", , ,27, , , ,1002,"[""4.3""]", ,log,"May 9, 2023 @ 10:09:04.724",/var/log/syslog,1683626944.12265318,"May 9, 2023 @ 10:09:04.724", , , , , ,ovelse-siem-server,opensearch-dashboards,May  9 10:09:03,{},"May  9 10:09:03 ovelse-siem-server opensearch-dashboards[5081]: {""type"":""error"",""@timestamp"":""2023-05-09T10:09:03Z"",""tags"":[""connection"",""client"",""error""],""pid"":5081,""level"":""error"",""error"":{""message"":""139734702114624:error:14094416:SSL routines:ssl3_read_bytes:sslv3 alert certificate unknown:../deps/openssl/openssl/ssl/record/rec_layer_s3.c:1544:SSL alert number 46\n"",""name"":""Error"",""stack"":""Error: 139734702114624:error:14094416:SSL routines:ssl3_read_bytes:sslv3 alert certificate unknown:../deps/openssl/openssl/ssl/record/rec_layer_s3.c:1544:SSL alert number 46\n""},""message"":""139734702114624:error:14094416:SSL routines:ssl3_read_bytes:sslv3 alert certificate unknown:../deps/openssl/openssl/ssl/record/rec_layer_s3.c:1544:SSL alert number 46\n""}", , , , , , , , , , , , , , , , , , , , , , , , , , , , , , 
wazuh-alerts-4.x-2023.05.09,_doc,uMX8_4cBy0XUe2K5eJrE,1,1, ,ovelse-siem-server,000,ovelse-siem-server, , , , , , , , , , , , , , , , , , , , , , , , , , , , , , , , , , ,false,2, , , ,Unknown problem somewhere in the system.,"[""syslog"",""errors""]", , ,30, , , ,1002,"[""4.3""]", ,log,"May 9, 2023 @ 10:09:04.724",/var/log/syslog,1683626944.12268161,"May 9, 2023 @ 10:09:04.724", , , , , ,ovelse-siem-server,opensearch-dashboards,May  9 10:09:04,{},"May  9 10:09:04 ovelse-siem-server opensearch-dashboards[5081]: {""type"":""error"",""@timestamp"":""2023-05-09T10:09:04Z"",""tags"":[""connection"",""client"",""error""],""pid"":5081,""level"":""error"",""error"":{""message"":""139734702114624:error:14094416:SSL routines:ssl3_read_bytes:sslv3 alert certificate unknown:../deps/openssl/openssl/ssl/record/rec_layer_s3.c:1544:SSL alert number 46\n"",""name"":""Error"",""stack"":""Error: 139734702114624:error:14094416:SSL routines:ssl3_read_bytes:sslv3 alert certificate unknown:../deps/openssl/openssl/ssl/record/rec_layer_s3.c:1544:SSL alert number 46\n""},""message"":""139734702114624:error:14094416:SSL routines:ssl3_read_bytes:sslv3 alert certificate unknown:../deps/openssl/openssl/ssl/record/rec_layer_s3.c:1544:SSL alert number 46\n""}", , , , , , , , , , , , , , , , , , , , , , , , , , , , , , 
wazuh-alerts-4.x-2023.05.09,_doc,ucX8_4cBy0XUe2K5eJrE,1,1, ,ovelse-siem-server,000,ovelse-siem-server, , , , , , , , , , , , , , , , , , , , , , , , , , , , , , , , , , ,false,2, , , ,Unknown problem somewhere in the system.,"[""syslog"",""errors""]", , ,31, , , ,1002,"[""4.3""]", ,log,"May 9, 2023 @ 10:09:06.726",/var/log/syslog,1683626946.12269099,"May 9, 2023 @ 10:09:06.726", , , , , ,ovelse-siem-server,opensearch-dashboards,May  9 10:09:04,{},"May  9 10:09:04 ovelse-siem-server opensearch-dashboards[5081]: {""type"":""error"",""@timestamp"":""2023-05-09T10:09:04Z"",""tags"":[""connection"",""client"",""error""],""pid"":5081,""level"":""error"",""error"":{""message"":""139734702114624:error:14094416:SSL routines:ssl3_read_bytes:sslv3 alert certificate unknown:../deps/openssl/openssl/ssl/record/rec_layer_s3.c:1544:SSL alert number 46\n"",""name"":""Error"",""stack"":""Error: 139734702114624:error:14094416:SSL routines:ssl3_read_bytes:sslv3 alert certificate unknown:../deps/openssl/openssl/ssl/record/rec_layer_s3.c:1544:SSL alert number 46\n""},""message"":""139734702114624:error:14094416:SSL routines:ssl3_read_bytes:sslv3 alert certificate unknown:../deps/openssl/openssl/ssl/record/rec_layer_s3.c:1544:SSL alert number 46\n""}", , , , , , , , , , , , , , , , , , , , , , , , , , , , , , 
wazuh-alerts-4.x-2023.05.09,_doc,48X6_4cBy0XUe2K5-ZnC,1,1, ,ovelse-siem-server,000,ovelse-siem-server, , , , , , , , , , , , , , , , , , , , , , , , , , , , , , , , , , ,false,2, , , ,Unknown problem somewhere in the system.,"[""syslog"",""errors""]", , ,25, , , ,1002,"[""4.3""]", ,log,"May 9, 2023 @ 10:07:28.620",/var/log/syslog,1683626848.12242828,"May 9, 2023 @ 10:07:28.620", , , , , ,ovelse-siem-server,opensearch-dashboards,May  9 10:07:26,{},"May  9 10:07:26 ovelse-siem-server opensearch-dashboards[5081]: {""type"":""error"",""@timestamp"":""2023-05-09T10:07:26Z"",""tags"":[""connection"",""client"",""error""],""pid"":5081,""level"":""error"",""error"":{""message"":""139734702114624:error:14094416:SSL routines:ssl3_read_bytes:sslv3 alert certificate unknown:../deps/openssl/openssl/ssl/record/rec_layer_s3.c:1544:SSL alert number 46\n"",""name"":""Error"",""stack"":""Error: 139734702114624:error:14094416:SSL routines:ssl3_read_bytes:sslv3 alert certificate unknown:../deps/openssl/openssl/ssl/record/rec_layer_s3.c:1544:SSL alert number 46\n""},""message"":""139734702114624:error:14094416:SSL routines:ssl3_read_bytes:sslv3 alert certificate unknown:../deps/openssl/openssl/ssl/record/rec_layer_s3.c:1544:SSL alert number 46\n""}", , , , , , , , , , , , , , , , , , , , , , , , , , , , , , 
wazuh-alerts-4.x-2023.05.09,_doc,zcX6_4cBy0XUe2K5u5k8,1,1, ,ovelse-siem-server,000,ovelse-siem-server, , , , , , , , , , , , , , , , , , , , , , , , , , , , , , , , , , ,false,2, , , ,Unknown problem somewhere in the system.,"[""syslog"",""errors""]", , ,23, , , ,1002,"[""4.3""]", ,log,"May 9, 2023 @ 10:07:08.599",/var/log/syslog,1683626828.12240952,"May 9, 2023 @ 10:07:08.599", , , , , ,ovelse-siem-server,opensearch-dashboards,May  9 10:07:07,{},"May  9 10:07:07 ovelse-siem-server opensearch-dashboards[5081]: {""type"":""error"",""@timestamp"":""2023-05-09T10:07:07Z"",""tags"":[""connection"",""client"",""error""],""pid"":5081,""level"":""error"",""error"":{""message"":""139734702114624:error:14094416:SSL routines:ssl3_read_bytes:sslv3 alert certificate unknown:../deps/openssl/openssl/ssl/record/rec_layer_s3.c:1544:SSL alert number 46\n"",""name"":""Error"",""stack"":""Error: 139734702114624:error:14094416:SSL routines:ssl3_read_bytes:sslv3 alert certificate unknown:../deps/openssl/openssl/ssl/record/rec_layer_s3.c:1544:SSL alert number 46\n""},""message"":""139734702114624:error:14094416:SSL routines:ssl3_read_bytes:sslv3 alert certificate unknown:../deps/openssl/openssl/ssl/record/rec_layer_s3.c:1544:SSL alert number 46\n""}", , , , , , , , , , , , , , , , , , , , , , , , , , , , , , 
wazuh-alerts-4.x-2023.05.09,_doc,B8UCAIgBy0XUe2K5A6MC,1,1,10.77.77.77,dc,003,ovelse-siem-server,0x85afe, , , , , , , , , , ,S-1-5-21-2082646183-1217588593-2819094730-500,0x1f50, , , , , ,4656,0x8010000000000000,{54849625-5478-4994-a5ba-3e3b0328c30d},0,Security,0,"""A handle to an object was requested.

Subject:
	Security ID:		S-1-5-21-2082646183-1217588593-2819094730-500
	Account Name:		Administrator
	Account Domain:		DJIKSTRA
	Logon ID:		0x85AFE

Object:
	Object Server:		Security
	Object Type:		File
	Object Name:		C:\Program Files\Windows Defender Advanced Threat Protection\SenseCncProxy.exe
	Handle ID:		0x0
	Resource Attributes:	-

Process Information:
	Process ID:		0x1f50
	Process Name:		C:\Users\Administrator\payload.exe

Access Request Information:
	Transaction ID:		{00000000-0000-0000-0000-000000000000}
	Accesses:		READ_CONTROL
				SYNCHRONIZE
				WriteData (or AddFile)
				AppendData (or AddSubdirectory or CreatePipeInstance)
				WriteEA
				ReadAttributes
				WriteAttributes
				
	Access Reasons:		READ_CONTROL:	Granted by	D:(A;;0x1200a9;;;BA)
				SYNCHRONIZE:	Granted by	D:(A;;0x1200a9;;;BA)
				WriteData (or AddFile):	Not granted
				AppendData (or AddSubdirectory or CreatePipeInstance):	Not granted
				WriteEA:	Not granted
				ReadAttributes:	Granted by ACE on parent folder	D:(A;;0x1301bf;;;BA)
				WriteAttributes:	Not granted
				
	Access Mask:		0x120196
	Privileges Used for Access Check:	-
	Restricted SID Count:	0""",1,2023-05-09T10:15:03.2606024Z,1162942,6940,dc.djikstra.xrg,12800,4,AUDIT_FAILURE,Microsoft-Windows-Security-Auditing,false,5,"[""164.312.b""]","[""10.6.1""]","[""CC7.2"",""CC7.3""]",Windows audit failure event.,"[""windows"",""windows_security""]","[""AU.6""]","[""IV_35.7.d""]",16, , , ,60104, ,windows_eventchannel,log,"May 9, 2023 @ 10:15:09.341",EventChannel,1683627309.13494505,"May 9, 2023 @ 10:15:09.341",C:\\Users\\Administrator\\payload.exe,DJIKSTRA,Security, ,Administrator, , , ,"{""name"":""windows_eventchannel""}", , , , , , , , , , , , , , ,%%1538      %%1541      %%4417      %%4418      %%4420      %%4423      %%4424,%%1538: %%1801\tD:(A;;0x1200a9;;;BA)      %%1541: %%1801\tD:(A;;0x1200a9;;;BA)      %%4417: %%1805      %%4418: %%1805      %%4420: %%1805      %%4423: %%1811\tD:(A;;0x1301bf;;;BA)      %%4424: %%1805,0,{00000000-0000-0000-0000-000000000000},File,C:\\Program Files\\Windows Defender Advanced Threat Protection\\SenseCncProxy.exe,0x120196,0x0, , , , , , , , , 
wazuh-alerts-4.x-2023.05.09,_doc,CcUCAIgBy0XUe2K5A6MC,1,1,10.77.77.77,dc,003,ovelse-siem-server,0x85afe, , , , , , , , , , ,S-1-5-21-2082646183-1217588593-2819094730-500,0x1f50, , , , , ,4656,0x8010000000000000,{54849625-5478-4994-a5ba-3e3b0328c30d},0,Security,0,"""A handle to an object was requested.

Subject:
	Security ID:		S-1-5-21-2082646183-1217588593-2819094730-500
	Account Name:		Administrator
	Account Domain:		DJIKSTRA
	Logon ID:		0x85AFE

Object:
	Object Server:		Security
	Object Type:		File
	Object Name:		C:\Program Files\Windows Defender Advanced Threat Protection\SenseNdr.exe
	Handle ID:		0x0
	Resource Attributes:	-

Process Information:
	Process ID:		0x1f50
	Process Name:		C:\Users\Administrator\payload.exe

Access Request Information:
	Transaction ID:		{00000000-0000-0000-0000-000000000000}
	Accesses:		READ_CONTROL
				SYNCHRONIZE
				WriteData (or AddFile)
				AppendData (or AddSubdirectory or CreatePipeInstance)
				WriteEA
				ReadAttributes
				WriteAttributes
				
	Access Reasons:		READ_CONTROL:	Granted by	D:(A;;0x1200a9;;;BA)
				SYNCHRONIZE:	Granted by	D:(A;;0x1200a9;;;BA)
				WriteData (or AddFile):	Not granted
				AppendData (or AddSubdirectory or CreatePipeInstance):	Not granted
				WriteEA:	Not granted
				ReadAttributes:	Granted by ACE on parent folder	D:(A;;0x1301bf;;;BA)
				WriteAttributes:	Not granted
				
	Access Mask:		0x120196
	Privileges Used for Access Check:	-
	Restricted SID Count:	0""",1,2023-05-09T10:15:03.4635603Z,1162944,6940,dc.djikstra.xrg,12800,4,AUDIT_FAILURE,Microsoft-Windows-Security-Auditing,false,5,"[""164.312.b""]","[""10.6.1""]","[""CC7.2"",""CC7.3""]",Windows audit failure event.,"[""windows"",""windows_security""]","[""AU.6""]","[""IV_35.7.d""]",18, , , ,60104, ,windows_eventchannel,log,"May 9, 2023 @ 10:15:09.373",EventChannel,1683627309.13505827,"May 9, 2023 @ 10:15:09.373",C:\\Users\\Administrator\\payload.exe,DJIKSTRA,Security, ,Administrator, , , ,"{""name"":""windows_eventchannel""}", , , , , , , , , , , , , , ,%%1538      %%1541      %%4417      %%4418      %%4420      %%4423      %%4424,%%1538: %%1801\tD:(A;;0x1200a9;;;BA)      %%1541: %%1801\tD:(A;;0x1200a9;;;BA)      %%4417: %%1805      %%4418: %%1805      %%4420: %%1805      %%4423: %%1811\tD:(A;;0x1301bf;;;BA)      %%4424: %%1805,0,{00000000-0000-0000-0000-000000000000},File,C:\\Program Files\\Windows Defender Advanced Threat Protection\\SenseNdr.exe,0x120196,0x0, , , , , , , , , 
wazuh-alerts-4.x-2023.05.09,_doc,CsUCAIgBy0XUe2K5A6MC,1,1,10.77.77.77,dc,003,ovelse-siem-server,0x85afe, , , , , , , , , , ,S-1-5-21-2082646183-1217588593-2819094730-500,0x1f50, , , , , ,4656,0x8010000000000000,{54849625-5478-4994-a5ba-3e3b0328c30d},0,Security,0,"""A handle to an object was requested.

Subject:
	Security ID:		S-1-5-21-2082646183-1217588593-2819094730-500
	Account Name:		Administrator
	Account Domain:		DJIKSTRA
	Logon ID:		0x85AFE

Object:
	Object Server:		Security
	Object Type:		File
	Object Name:		C:\Program Files\Windows Defender Advanced Threat Protection\SenseSampleUploader.exe
	Handle ID:		0x0
	Resource Attributes:	-

Process Information:
	Process ID:		0x1f50
	Process Name:		C:\Users\Administrator\payload.exe

Access Request Information:
	Transaction ID:		{00000000-0000-0000-0000-000000000000}
	Accesses:		READ_CONTROL
				SYNCHRONIZE
				WriteData (or AddFile)
				AppendData (or AddSubdirectory or CreatePipeInstance)
				WriteEA
				ReadAttributes
				WriteAttributes
				
	Access Reasons:		READ_CONTROL:	Granted by	D:(A;;0x1200a9;;;BA)
				SYNCHRONIZE:	Granted by	D:(A;;0x1200a9;;;BA)
				WriteData (or AddFile):	Not granted
				AppendData (or AddSubdirectory or CreatePipeInstance):	Not granted
				WriteEA:	Not granted
				ReadAttributes:	Granted by ACE on parent folder	D:(A;;0x1301bf;;;BA)
				WriteAttributes:	Not granted
				
	Access Mask:		0x120196
	Privileges Used for Access Check:	-
	Restricted SID Count:	0""",1,2023-05-09T10:15:03.4933008Z,1162945,6192,dc.djikstra.xrg,12800,4,AUDIT_FAILURE,Microsoft-Windows-Security-Auditing,false,5,"[""164.312.b""]","[""10.6.1""]","[""CC7.2"",""CC7.3""]",Windows audit failure event.,"[""windows"",""windows_security""]","[""AU.6""]","[""IV_35.7.d""]",19, , , ,60104, ,windows_eventchannel,log,"May 9, 2023 @ 10:15:09.375",EventChannel,1683627309.13511480,"May 9, 2023 @ 10:15:09.375",C:\\Users\\Administrator\\payload.exe,DJIKSTRA,Security, ,Administrator, , , ,"{""name"":""windows_eventchannel""}", , , , , , , , , , , , , , ,%%1538      %%1541      %%4417      %%4418      %%4420      %%4423      %%4424,%%1538: %%1801\tD:(A;;0x1200a9;;;BA)      %%1541: %%1801\tD:(A;;0x1200a9;;;BA)      %%4417: %%1805      %%4418: %%1805      %%4420: %%1805      %%4423: %%1811\tD:(A;;0x1301bf;;;BA)      %%4424: %%1805,0,{00000000-0000-0000-0000-000000000000},File,C:\\Program Files\\Windows Defender Advanced Threat Protection\\SenseSampleUploader.exe,0x120196,0x0, , , , , , , , , 
wazuh-alerts-4.x-2023.05.09,_doc,C8UCAIgBy0XUe2K5A6MC,1,1,10.77.77.77,dc,003,ovelse-siem-server,0x85afe, , , , , , , , , , ,S-1-5-21-2082646183-1217588593-2819094730-500,0x1f50, , , , , ,4656,0x8010000000000000,{54849625-5478-4994-a5ba-3e3b0328c30d},0,Security,0,"""A handle to an object was requested.

Subject:
	Security ID:		S-1-5-21-2082646183-1217588593-2819094730-500
	Account Name:		Administrator
	Account Domain:		DJIKSTRA
	Logon ID:		0x85AFE

Object:
	Object Server:		Security
	Object Type:		File
	Object Name:		C:\Program Files\Windows Defender Advanced Threat Protection\Classification\NOTICE.txt
	Handle ID:		0x0
	Resource Attributes:	-

Process Information:
	Process ID:		0x1f50
	Process Name:		C:\Users\Administrator\payload.exe

Access Request Information:
	Transaction ID:		{00000000-0000-0000-0000-000000000000}
	Accesses:		READ_CONTROL
				SYNCHRONIZE
				WriteData (or AddFile)
				AppendData (or AddSubdirectory or CreatePipeInstance)
				WriteEA
				ReadAttributes
				WriteAttributes
				
	Access Reasons:		READ_CONTROL:	Granted by	D:(A;;0x1200a9;;;BA)
				SYNCHRONIZE:	Granted by	D:(A;;0x1200a9;;;BA)
				WriteData (or AddFile):	Not granted
				AppendData (or AddSubdirectory or CreatePipeInstance):	Not granted
				WriteEA:	Not granted
				ReadAttributes:	Granted by ACE on parent folder	D:(A;;0x1301bf;;;BA)
				WriteAttributes:	Not granted
				
	Access Mask:		0x120196
	Privileges Used for Access Check:	-
	Restricted SID Count:	0""",1,2023-05-09T10:15:03.4997160Z,1162946,6192,dc.djikstra.xrg,12800,4,AUDIT_FAILURE,Microsoft-Windows-Security-Auditing,false,5,"[""164.312.b""]","[""10.6.1""]","[""CC7.2"",""CC7.3""]",Windows audit failure event.,"[""windows"",""windows_security""]","[""AU.6""]","[""IV_35.7.d""]",20, , , ,60104, ,windows_eventchannel,log,"May 9, 2023 @ 10:15:09.390",EventChannel,1683627309.13517177,"May 9, 2023 @ 10:15:09.390",C:\\Users\\Administrator\\payload.exe,DJIKSTRA,Security, ,Administrator, , , ,"{""name"":""windows_eventchannel""}", , , , , , , , , , , , , , ,%%1538      %%1541      %%4417      %%4418      %%4420      %%4423      %%4424,%%1538: %%1801\tD:(A;;0x1200a9;;;BA)      %%1541: %%1801\tD:(A;;0x1200a9;;;BA)      %%4417: %%1805      %%4418: %%1805      %%4420: %%1805      %%4423: %%1811\tD:(A;;0x1301bf;;;BA)      %%4424: %%1805,0,{00000000-0000-0000-0000-000000000000},File,C:\\Program Files\\Windows Defender Advanced Threat Protection\\Classification\\NOTICE.txt,0x120196,0x0, , , , , , , , , 
wazuh-alerts-4.x-2023.05.09,_doc,DcUCAIgBy0XUe2K5A6MC,1,1,10.77.77.77,dc,003,ovelse-siem-server,0x85afe, , , , , , , , , , ,S-1-5-21-2082646183-1217588593-2819094730-500,0x1f50, , , , , ,4656,0x8010000000000000,{54849625-5478-4994-a5ba-3e3b0328c30d},0,Security,0,"""A handle to an object was requested.

Subject:
	Security ID:		S-1-5-21-2082646183-1217588593-2819094730-500
	Account Name:		Administrator
	Account Domain:		DJIKSTRA
	Logon ID:		0x85AFE

Object:
	Object Server:		Security
	Object Type:		File
	Object Name:		C:\Program Files\Windows Mail\wab.exe
	Handle ID:		0x0
	Resource Attributes:	-

Process Information:
	Process ID:		0x1f50
	Process Name:		C:\Users\Administrator\payload.exe

Access Request Information:
	Transaction ID:		{00000000-0000-0000-0000-000000000000}
	Accesses:		READ_CONTROL
				SYNCHRONIZE
				WriteData (or AddFile)
				AppendData (or AddSubdirectory or CreatePipeInstance)
				WriteEA
				ReadAttributes
				WriteAttributes
				
	Access Reasons:		READ_CONTROL:	Granted by	D:(A;;0x1200a9;;;BA)
				SYNCHRONIZE:	Granted by	D:(A;;0x1200a9;;;BA)
				WriteData (or AddFile):	Not granted
				AppendData (or AddSubdirectory or CreatePipeInstance):	Not granted
				WriteEA:	Not granted
				ReadAttributes:	Granted by ACE on parent folder	D:(A;;0x1301bf;;;BA)
				WriteAttributes:	Not granted
				
	Access Mask:		0x120196
	Privileges Used for Access Check:	-
	Restricted SID Count:	0""",1,2023-05-09T10:15:03.5280685Z,1162948,8268,dc.djikstra.xrg,12800,4,AUDIT_FAILURE,Microsoft-Windows-Security-Auditing,false,5,"[""164.312.b""]","[""10.6.1""]","[""CC7.2"",""CC7.3""]",Windows audit failure event.,"[""windows"",""windows_security""]","[""AU.6""]","[""IV_35.7.d""]",22, , , ,60104, ,windows_eventchannel,log,"May 9, 2023 @ 10:15:09.422",EventChannel,1683627309.13528601,"May 9, 2023 @ 10:15:09.422",C:\\Users\\Administrator\\payload.exe,DJIKSTRA,Security, ,Administrator, , , ,"{""name"":""windows_eventchannel""}", , , , , , , , , , , , , , ,%%1538      %%1541      %%4417      %%4418      %%4420      %%4423      %%4424,%%1538: %%1801\tD:(A;;0x1200a9;;;BA)      %%1541: %%1801\tD:(A;;0x1200a9;;;BA)      %%4417: %%1805      %%4418: %%1805      %%4420: %%1805      %%4423: %%1811\tD:(A;;0x1301bf;;;BA)      %%4424: %%1805,0,{00000000-0000-0000-0000-000000000000},File,C:\\Program Files\\Windows Mail\\wab.exe,0x120196,0x0, , , , , , , , , 
wazuh-alerts-4.x-2023.05.09,_doc,DsUCAIgBy0XUe2K5A6MC,1,1,10.77.77.77,dc,003,ovelse-siem-server,0x85afe, , , , , , , , , , ,S-1-5-21-2082646183-1217588593-2819094730-500,0x1f50, , , , , ,4656,0x8010000000000000,{54849625-5478-4994-a5ba-3e3b0328c30d},0,Security,0,"""A handle to an object was requested.

Subject:
	Security ID:		S-1-5-21-2082646183-1217588593-2819094730-500
	Account Name:		Administrator
	Account Domain:		DJIKSTRA
	Logon ID:		0x85AFE

Object:
	Object Server:		Security
	Object Type:		File
	Object Name:		C:\Program Files\Windows Mail\wabmig.exe
	Handle ID:		0x0
	Resource Attributes:	-

Process Information:
	Process ID:		0x1f50
	Process Name:		C:\Users\Administrator\payload.exe

Access Request Information:
	Transaction ID:		{00000000-0000-0000-0000-000000000000}
	Accesses:		READ_CONTROL
				SYNCHRONIZE
				WriteData (or AddFile)
				AppendData (or AddSubdirectory or CreatePipeInstance)
				WriteEA
				ReadAttributes
				WriteAttributes
				
	Access Reasons:		READ_CONTROL:	Granted by	D:(A;;0x1200a9;;;BA)
				SYNCHRONIZE:	Granted by	D:(A;;0x1200a9;;;BA)
				WriteData (or AddFile):	Not granted
				AppendData (or AddSubdirectory or CreatePipeInstance):	Not granted
				WriteEA:	Not granted
				ReadAttributes:	Granted by ACE on parent folder	D:(A;;0x1301bf;;;BA)
				WriteAttributes:	Not granted
				
	Access Mask:		0x120196
	Privileges Used for Access Check:	-
	Restricted SID Count:	0""",1,2023-05-09T10:15:03.5304470Z,1162949,8268,dc.djikstra.xrg,12800,4,AUDIT_FAILURE,Microsoft-Windows-Security-Auditing,false,5,"[""164.312.b""]","[""10.6.1""]","[""CC7.2"",""CC7.3""]",Windows audit failure event.,"[""windows"",""windows_security""]","[""AU.6""]","[""IV_35.7.d""]",23, , , ,60104, ,windows_eventchannel,log,"May 9, 2023 @ 10:15:09.438",EventChannel,1683627309.13534110,"May 9, 2023 @ 10:15:09.438",C:\\Users\\Administrator\\payload.exe,DJIKSTRA,Security, ,Administrator, , , ,"{""name"":""windows_eventchannel""}", , , , , , , , , , , , , , ,%%1538      %%1541      %%4417      %%4418      %%4420      %%4423      %%4424,%%1538: %%1801\tD:(A;;0x1200a9;;;BA)      %%1541: %%1801\tD:(A;;0x1200a9;;;BA)      %%4417: %%1805      %%4418: %%1805      %%4420: %%1805      %%4423: %%1811\tD:(A;;0x1301bf;;;BA)      %%4424: %%1805,0,{00000000-0000-0000-0000-000000000000},File,C:\\Program Files\\Windows Mail\\wabmig.exe,0x120196,0x0, , , , , , , , , 
wazuh-alerts-4.x-2023.05.09,_doc,F8UCAIgBy0XUe2K5A6MC,1,1,10.77.77.77,dc,003,ovelse-siem-server,0x85afe, , , , , , , , , , ,S-1-5-21-2082646183-1217588593-2819094730-500,0x1f50, , , , , ,4656,0x8010000000000000,{54849625-5478-4994-a5ba-3e3b0328c30d},0,Security,0,"""A handle to an object was requested.

Subject:
	Security ID:		S-1-5-21-2082646183-1217588593-2819094730-500
	Account Name:		Administrator
	Account Domain:		DJIKSTRA
	Logon ID:		0x85AFE

Object:
	Object Server:		Security
	Object Type:		File
	Object Name:		C:\Program Files\Windows Media Player\Icons\README.txt
	Handle ID:		0x0
	Resource Attributes:	-

Process Information:
	Process ID:		0x1f50
	Process Name:		C:\Users\Administrator\payload.exe

Access Request Information:
	Transaction ID:		{00000000-0000-0000-0000-000000000000}
	Accesses:		READ_CONTROL
				SYNCHRONIZE
				WriteData (or AddFile)
				AppendData (or AddSubdirectory or CreatePipeInstance)
				WriteEA
				ReadAttributes
				WriteAttributes
				
	Access Reasons:		READ_CONTROL:	Unknown or unchecked
				SYNCHRONIZE:	Unknown or unchecked
				WriteData (or AddFile):	Not granted
				AppendData (or AddSubdirectory or CreatePipeInstance):	Unknown or unchecked
				WriteEA:	Unknown or unchecked
				ReadAttributes:	Unknown or unchecked
				WriteAttributes:	Unknown or unchecked
				
	Access Mask:		0x120196
	Privileges Used for Access Check:	-
	Restricted SID Count:	0""",1,2023-05-09T10:15:03.5910728Z,1162966,5976,dc.djikstra.xrg,12800,4,AUDIT_FAILURE,Microsoft-Windows-Security-Auditing,false,5,"[""164.312.b""]","[""10.6.1""]","[""CC7.2"",""CC7.3""]",Windows audit failure event.,"[""windows"",""windows_security""]","[""AU.6""]","[""IV_35.7.d""]",32, , , ,60104, ,windows_eventchannel,log,"May 9, 2023 @ 10:15:09.730",EventChannel,1683627309.13584115,"May 9, 2023 @ 10:15:09.730",C:\\Users\\Administrator\\payload.exe,DJIKSTRA,Security, ,Administrator, , , ,"{""name"":""windows_eventchannel""}", , , , , , , , , , , , , , ,%%1538      %%1541      %%4417      %%4418      %%4420      %%4423      %%4424,%%1538: %%1809      %%1541: %%1809      %%4417: %%1805      %%4418: %%1809      %%4420: %%1809      %%4423: %%1809      %%4424: %%1809,0,{00000000-0000-0000-0000-000000000000},File,C:\\Program Files\\Windows Media Player\\Icons\\README.txt,0x120196,0x0, , , , , , , , , 
wazuh-alerts-4.x-2023.05.09,_doc,GMUCAIgBy0XUe2K5A6MC,1,1,10.77.77.77,dc,003,ovelse-siem-server,0x85afe, , , , , , , , , , ,S-1-5-21-2082646183-1217588593-2819094730-500,0x1f50, , , , , ,4656,0x8010000000000000,{54849625-5478-4994-a5ba-3e3b0328c30d},0,Security,0,"""A handle to an object was requested.

Subject:
	Security ID:		S-1-5-21-2082646183-1217588593-2819094730-500
	Account Name:		Administrator
	Account Domain:		DJIKSTRA
	Logon ID:		0x85AFE

Object:
	Object Server:		Security
	Object Type:		File
	Object Name:		C:\Program Files\Windows Media Player\Media Renderer\DMR_120.jpg
	Handle ID:		0x0
	Resource Attributes:	-

Process Information:
	Process ID:		0x1f50
	Process Name:		C:\Users\Administrator\payload.exe

Access Request Information:
	Transaction ID:		{00000000-0000-0000-0000-000000000000}
	Accesses:		READ_CONTROL
				SYNCHRONIZE
				WriteData (or AddFile)
				AppendData (or AddSubdirectory or CreatePipeInstance)
				WriteEA
				ReadAttributes
				WriteAttributes
				
	Access Reasons:		READ_CONTROL:	Granted by	D:(A;;0x1200a9;;;BA)
				SYNCHRONIZE:	Granted by	D:(A;;0x1200a9;;;BA)
				WriteData (or AddFile):	Not granted
				AppendData (or AddSubdirectory or CreatePipeInstance):	Not granted
				WriteEA:	Not granted
				ReadAttributes:	Granted by ACE on parent folder	D:(A;;0x1301bf;;;BA)
				WriteAttributes:	Not granted
				
	Access Mask:		0x120196
	Privileges Used for Access Check:	-
	Restricted SID Count:	0""",1,2023-05-09T10:15:03.5920761Z,1162967,5976,dc.djikstra.xrg,12800,4,AUDIT_FAILURE,Microsoft-Windows-Security-Auditing,false,5,"[""164.312.b""]","[""10.6.1""]","[""CC7.2"",""CC7.3""]",Windows audit failure event.,"[""windows"",""windows_security""]","[""AU.6""]","[""IV_35.7.d""]",33, , , ,60104, ,windows_eventchannel,log,"May 9, 2023 @ 10:15:09.747",EventChannel,1683627309.13589505,"May 9, 2023 @ 10:15:09.747",C:\\Users\\Administrator\\payload.exe,DJIKSTRA,Security, ,Administrator, , , ,"{""name"":""windows_eventchannel""}", , , , , , , , , , , , , , ,%%1538      %%1541      %%4417      %%4418      %%4420      %%4423      %%4424,%%1538: %%1801\tD:(A;;0x1200a9;;;BA)      %%1541: %%1801\tD:(A;;0x1200a9;;;BA)      %%4417: %%1805      %%4418: %%1805      %%4420: %%1805      %%4423: %%1811\tD:(A;;0x1301bf;;;BA)      %%4424: %%1805,0,{00000000-0000-0000-0000-000000000000},File,C:\\Program Files\\Windows Media Player\\Media Renderer\\DMR_120.jpg,0x120196,0x0, , , , , , , , , 
wazuh-alerts-4.x-2023.05.09,_doc,GcUCAIgBy0XUe2K5A6MC,1,1,10.77.77.77,dc,003,ovelse-siem-server,0x85afe, , , , , , , , , , ,S-1-5-21-2082646183-1217588593-2819094730-500,0x1f50, , , , , ,4656,0x8010000000000000,{54849625-5478-4994-a5ba-3e3b0328c30d},0,Security,0,"""A handle to an object was requested.

Subject:
	Security ID:		S-1-5-21-2082646183-1217588593-2819094730-500
	Account Name:		Administrator
	Account Domain:		DJIKSTRA
	Logon ID:		0x85AFE

Object:
	Object Server:		Security
	Object Type:		File
	Object Name:		C:\Program Files\Windows Media Player\Media Renderer\DMR_120.png
	Handle ID:		0x0
	Resource Attributes:	-

Process Information:
	Process ID:		0x1f50
	Process Name:		C:\Users\Administrator\payload.exe

Access Request Information:
	Transaction ID:		{00000000-0000-0000-0000-000000000000}
	Accesses:		READ_CONTROL
				SYNCHRONIZE
				WriteData (or AddFile)
				AppendData (or AddSubdirectory or CreatePipeInstance)
				WriteEA
				ReadAttributes
				WriteAttributes
				
	Access Reasons:		READ_CONTROL:	Granted by	D:(A;;0x1200a9;;;BA)
				SYNCHRONIZE:	Granted by	D:(A;;0x1200a9;;;BA)
				WriteData (or AddFile):	Not granted
				AppendData (or AddSubdirectory or CreatePipeInstance):	Not granted
				WriteEA:	Not granted
				ReadAttributes:	Granted by ACE on parent folder	D:(A;;0x1301bf;;;BA)
				WriteAttributes:	Not granted
				
	Access Mask:		0x120196
	Privileges Used for Access Check:	-
	Restricted SID Count:	0""",1,2023-05-09T10:15:03.5968810Z,1162968,5976,dc.djikstra.xrg,12800,4,AUDIT_FAILURE,Microsoft-Windows-Security-Auditing,false,5,"[""164.312.b""]","[""10.6.1""]","[""CC7.2"",""CC7.3""]",Windows audit failure event.,"[""windows"",""windows_security""]","[""AU.6""]","[""IV_35.7.d""]",34, , , ,60104, ,windows_eventchannel,log,"May 9, 2023 @ 10:15:09.749",EventChannel,1683627309.13595127,"May 9, 2023 @ 10:15:09.749",C:\\Users\\Administrator\\payload.exe,DJIKSTRA,Security, ,Administrator, , , ,"{""name"":""windows_eventchannel""}", , , , , , , , , , , , , , ,%%1538      %%1541      %%4417      %%4418      %%4420      %%4423      %%4424,%%1538: %%1801\tD:(A;;0x1200a9;;;BA)      %%1541: %%1801\tD:(A;;0x1200a9;;;BA)      %%4417: %%1805      %%4418: %%1805      %%4420: %%1805      %%4423: %%1811\tD:(A;;0x1301bf;;;BA)      %%4424: %%1805,0,{00000000-0000-0000-0000-000000000000},File,C:\\Program Files\\Windows Media Player\\Media Renderer\\DMR_120.png,0x120196,0x0, , , , , , , , , 
wazuh-alerts-4.x-2023.05.09,_doc,GsUCAIgBy0XUe2K5A6MC,1,1,10.77.77.77,dc,003,ovelse-siem-server,0x85afe, , , , , , , , , , ,S-1-5-21-2082646183-1217588593-2819094730-500,0x1f50, , , , , ,4656,0x8010000000000000,{54849625-5478-4994-a5ba-3e3b0328c30d},0,Security,0,"""A handle to an object was requested.

Subject:
	Security ID:		S-1-5-21-2082646183-1217588593-2819094730-500
	Account Name:		Administrator
	Account Domain:		DJIKSTRA
	Logon ID:		0x85AFE

Object:
	Object Server:		Security
	Object Type:		File
	Object Name:		C:\Program Files\Windows Media Player\Media Renderer\DMR_48.png
	Handle ID:		0x0
	Resource Attributes:	-

Process Information:
	Process ID:		0x1f50
	Process Name:		C:\Users\Administrator\payload.exe

Access Request Information:
	Transaction ID:		{00000000-0000-0000-0000-000000000000}
	Accesses:		READ_CONTROL
				SYNCHRONIZE
				WriteData (or AddFile)
				AppendData (or AddSubdirectory or CreatePipeInstance)
				WriteEA
				ReadAttributes
				WriteAttributes
				
	Access Reasons:		READ_CONTROL:	Granted by	D:(A;;0x1200a9;;;BA)
				SYNCHRONIZE:	Granted by	D:(A;;0x1200a9;;;BA)
				WriteData (or AddFile):	Not granted
				AppendData (or AddSubdirectory or CreatePipeInstance):	Not granted
				WriteEA:	Not granted
				ReadAttributes:	Granted by ACE on parent folder	D:(A;;0x1301bf;;;BA)
				WriteAttributes:	Not granted
				
	Access Mask:		0x120196
	Privileges Used for Access Check:	-
	Restricted SID Count:	0""",1,2023-05-09T10:15:03.5983846Z,1162970,5976,dc.djikstra.xrg,12800,4,AUDIT_FAILURE,Microsoft-Windows-Security-Auditing,false,5,"[""164.312.b""]","[""10.6.1""]","[""CC7.2"",""CC7.3""]",Windows audit failure event.,"[""windows"",""windows_security""]","[""AU.6""]","[""IV_35.7.d""]",35, , , ,60104, ,windows_eventchannel,log,"May 9, 2023 @ 10:15:09.795",EventChannel,1683627309.13600749,"May 9, 2023 @ 10:15:09.795",C:\\Users\\Administrator\\payload.exe,DJIKSTRA,Security, ,Administrator, , , ,"{""name"":""windows_eventchannel""}", , , , , , , , , , , , , , ,%%1538      %%1541      %%4417      %%4418      %%4420      %%4423      %%4424,%%1538: %%1801\tD:(A;;0x1200a9;;;BA)      %%1541: %%1801\tD:(A;;0x1200a9;;;BA)      %%4417: %%1805      %%4418: %%1805      %%4420: %%1805      %%4423: %%1811\tD:(A;;0x1301bf;;;BA)      %%4424: %%1805,0,{00000000-0000-0000-0000-000000000000},File,C:\\Program Files\\Windows Media Player\\Media Renderer\\DMR_48.png,0x120196,0x0, , , , , , , , , 
wazuh-alerts-4.x-2023.05.09,_doc,G8UCAIgBy0XUe2K5A6MC,1,1,10.77.77.77,dc,003,ovelse-siem-server,0x85afe, , , , , , , , , , ,S-1-5-21-2082646183-1217588593-2819094730-500,0x1f50, , , , , ,4656,0x8010000000000000,{54849625-5478-4994-a5ba-3e3b0328c30d},0,Security,0,"""A handle to an object was requested.

Subject:
	Security ID:		S-1-5-21-2082646183-1217588593-2819094730-500
	Account Name:		Administrator
	Account Domain:		DJIKSTRA
	Logon ID:		0x85AFE

Object:
	Object Server:		Security
	Object Type:		File
	Object Name:		C:\Program Files\Windows Media Player\Media Renderer\DMR_48.jpg
	Handle ID:		0x0
	Resource Attributes:	-

Process Information:
	Process ID:		0x1f50
	Process Name:		C:\Users\Administrator\payload.exe

Access Request Information:
	Transaction ID:		{00000000-0000-0000-0000-000000000000}
	Accesses:		READ_CONTROL
				SYNCHRONIZE
				WriteData (or AddFile)
				AppendData (or AddSubdirectory or CreatePipeInstance)
				WriteEA
				ReadAttributes
				WriteAttributes
				
	Access Reasons:		READ_CONTROL:	Granted by	D:(A;;0x1200a9;;;BA)
				SYNCHRONIZE:	Granted by	D:(A;;0x1200a9;;;BA)
				WriteData (or AddFile):	Not granted
				AppendData (or AddSubdirectory or CreatePipeInstance):	Not granted
				WriteEA:	Not granted
				ReadAttributes:	Granted by ACE on parent folder	D:(A;;0x1301bf;;;BA)
				WriteAttributes:	Not granted
				
	Access Mask:		0x120196
	Privileges Used for Access Check:	-
	Restricted SID Count:	0""",1,2023-05-09T10:15:03.5975808Z,1162969,5976,dc.djikstra.xrg,12800,4,AUDIT_FAILURE,Microsoft-Windows-Security-Auditing,false,5,"[""164.312.b""]","[""10.6.1""]","[""CC7.2"",""CC7.3""]",Windows audit failure event.,"[""windows"",""windows_security""]","[""AU.6""]","[""IV_35.7.d""]",36, , , ,60104, ,windows_eventchannel,log,"May 9, 2023 @ 10:15:09.795",EventChannel,1683627309.13606367,"May 9, 2023 @ 10:15:09.795",C:\\Users\\Administrator\\payload.exe,DJIKSTRA,Security, ,Administrator, , , ,"{""name"":""windows_eventchannel""}", , , , , , , , , , , , , , ,%%1538      %%1541      %%4417      %%4418      %%4420      %%4423      %%4424,%%1538: %%1801\tD:(A;;0x1200a9;;;BA)      %%1541: %%1801\tD:(A;;0x1200a9;;;BA)      %%4417: %%1805      %%4418: %%1805      %%4420: %%1805      %%4423: %%1811\tD:(A;;0x1301bf;;;BA)      %%4424: %%1805,0,{00000000-0000-0000-0000-000000000000},File,C:\\Program Files\\Windows Media Player\\Media Renderer\\DMR_48.jpg,0x120196,0x0, , , , , , , , , 
wazuh-alerts-4.x-2023.05.09,_doc,HMUCAIgBy0XUe2K5A6MC,1,1,10.77.77.77,dc,003,ovelse-siem-server,0x85afe, , , , , , , , , , ,S-1-5-21-2082646183-1217588593-2819094730-500,0x1f50, , , , , ,4656,0x8010000000000000,{54849625-5478-4994-a5ba-3e3b0328c30d},0,Security,0,"""A handle to an object was requested.

Subject:
	Security ID:		S-1-5-21-2082646183-1217588593-2819094730-500
	Account Name:		Administrator
	Account Domain:		DJIKSTRA
	Logon ID:		0x85AFE

Object:
	Object Server:		Security
	Object Type:		File
	Object Name:		C:\Program Files\Windows Media Player\Network Sharing\wmpnss_color120.jpg
	Handle ID:		0x0
	Resource Attributes:	-

Process Information:
	Process ID:		0x1f50
	Process Name:		C:\Users\Administrator\payload.exe

Access Request Information:
	Transaction ID:		{00000000-0000-0000-0000-000000000000}
	Accesses:		READ_CONTROL
				SYNCHRONIZE
				WriteData (or AddFile)
				AppendData (or AddSubdirectory or CreatePipeInstance)
				WriteEA
				ReadAttributes
				WriteAttributes
				
	Access Reasons:		READ_CONTROL:	Granted by	D:(A;;0x1200a9;;;BA)
				SYNCHRONIZE:	Granted by	D:(A;;0x1200a9;;;BA)
				WriteData (or AddFile):	Not granted
				AppendData (or AddSubdirectory or CreatePipeInstance):	Not granted
				WriteEA:	Not granted
				ReadAttributes:	Granted by ACE on parent folder	D:(A;;0x1301bf;;;BA)
				WriteAttributes:	Not granted
				
	Access Mask:		0x120196
	Privileges Used for Access Check:	-
	Restricted SID Count:	0""",1,2023-05-09T10:15:03.6025097Z,1162971,5976,dc.djikstra.xrg,12800,4,AUDIT_FAILURE,Microsoft-Windows-Security-Auditing,false,5,"[""164.312.b""]","[""10.6.1""]","[""CC7.2"",""CC7.3""]",Windows audit failure event.,"[""windows"",""windows_security""]","[""AU.6""]","[""IV_35.7.d""]",37, , , ,60104, ,windows_eventchannel,log,"May 9, 2023 @ 10:15:09.795",EventChannel,1683627309.13611985,"May 9, 2023 @ 10:15:09.795",C:\\Users\\Administrator\\payload.exe,DJIKSTRA,Security, ,Administrator, , , ,"{""name"":""windows_eventchannel""}", , , , , , , , , , , , , , ,%%1538      %%1541      %%4417      %%4418      %%4420      %%4423      %%4424,%%1538: %%1801\tD:(A;;0x1200a9;;;BA)      %%1541: %%1801\tD:(A;;0x1200a9;;;BA)      %%4417: %%1805      %%4418: %%1805      %%4420: %%1805      %%4423: %%1811\tD:(A;;0x1301bf;;;BA)      %%4424: %%1805,0,{00000000-0000-0000-0000-000000000000},File,C:\\Program Files\\Windows Media Player\\Network Sharing\\wmpnss_color120.jpg,0x120196,0x0, , , , , , , , , 
wazuh-alerts-4.x-2023.05.09,_doc,HcUCAIgBy0XUe2K5A6MC,1,1,10.77.77.77,dc,003,ovelse-siem-server,0x85afe, , , , , , , , , , ,S-1-5-21-2082646183-1217588593-2819094730-500,0x1f50, , , , , ,4656,0x8010000000000000,{54849625-5478-4994-a5ba-3e3b0328c30d},0,Security,0,"""A handle to an object was requested.

Subject:
	Security ID:		S-1-5-21-2082646183-1217588593-2819094730-500
	Account Name:		Administrator
	Account Domain:		DJIKSTRA
	Logon ID:		0x85AFE

Object:
	Object Server:		Security
	Object Type:		File
	Object Name:		C:\Program Files\Windows Media Player\Network Sharing\wmpnss_color120.png
	Handle ID:		0x0
	Resource Attributes:	-

Process Information:
	Process ID:		0x1f50
	Process Name:		C:\Users\Administrator\payload.exe

Access Request Information:
	Transaction ID:		{00000000-0000-0000-0000-000000000000}
	Accesses:		READ_CONTROL
				SYNCHRONIZE
				WriteData (or AddFile)
				AppendData (or AddSubdirectory or CreatePipeInstance)
				WriteEA
				ReadAttributes
				WriteAttributes
				
	Access Reasons:		READ_CONTROL:	Granted by	D:(A;;0x1200a9;;;BA)
				SYNCHRONIZE:	Granted by	D:(A;;0x1200a9;;;BA)
				WriteData (or AddFile):	Not granted
				AppendData (or AddSubdirectory or CreatePipeInstance):	Not granted
				WriteEA:	Not granted
				ReadAttributes:	Granted by ACE on parent folder	D:(A;;0x1301bf;;;BA)
				WriteAttributes:	Not granted
				
	Access Mask:		0x120196
	Privileges Used for Access Check:	-
	Restricted SID Count:	0""",1,2023-05-09T10:15:03.6061451Z,1162972,5976,dc.djikstra.xrg,12800,4,AUDIT_FAILURE,Microsoft-Windows-Security-Auditing,false,5,"[""164.312.b""]","[""10.6.1""]","[""CC7.2"",""CC7.3""]",Windows audit failure event.,"[""windows"",""windows_security""]","[""AU.6""]","[""IV_35.7.d""]",38, , , ,60104, ,windows_eventchannel,log,"May 9, 2023 @ 10:15:09.838",EventChannel,1683627309.13617643,"May 9, 2023 @ 10:15:09.838",C:\\Users\\Administrator\\payload.exe,DJIKSTRA,Security, ,Administrator, , , ,"{""name"":""windows_eventchannel""}", , , , , , , , , , , , , , ,%%1538      %%1541      %%4417      %%4418      %%4420      %%4423      %%4424,%%1538: %%1801\tD:(A;;0x1200a9;;;BA)      %%1541: %%1801\tD:(A;;0x1200a9;;;BA)      %%4417: %%1805      %%4418: %%1805      %%4420: %%1805      %%4423: %%1811\tD:(A;;0x1301bf;;;BA)      %%4424: %%1805,0,{00000000-0000-0000-0000-000000000000},File,C:\\Program Files\\Windows Media Player\\Network Sharing\\wmpnss_color120.png,0x120196,0x0, , , , , , , , , 
wazuh-alerts-4.x-2023.05.09,_doc,Q8UCAIgBy0XUe2K5BqPj,1,1,10.77.77.77,dc,003,ovelse-siem-server,0x85afe, , , , , , , , , , ,S-1-5-21-2082646183-1217588593-2819094730-500,0x1f50, , , , , ,4656,0x8010000000000000,{54849625-5478-4994-a5ba-3e3b0328c30d},0,Security,0,"""A handle to an object was requested.

Subject:
	Security ID:		S-1-5-21-2082646183-1217588593-2819094730-500
	Account Name:		Administrator
	Account Domain:		DJIKSTRA
	Logon ID:		0x85AFE

Object:
	Object Server:		Security
	Object Type:		File
	Object Name:		C:\Program Files\Windows Media Player\Network Sharing\wmpnss_color48.png
	Handle ID:		0x0
	Resource Attributes:	-

Process Information:
	Process ID:		0x1f50
	Process Name:		C:\Users\Administrator\payload.exe

Access Request Information:
	Transaction ID:		{00000000-0000-0000-0000-000000000000}
	Accesses:		READ_CONTROL
				SYNCHRONIZE
				WriteData (or AddFile)
				AppendData (or AddSubdirectory or CreatePipeInstance)
				WriteEA
				ReadAttributes
				WriteAttributes
				
	Access Reasons:		READ_CONTROL:	Granted by	D:(A;;0x1200a9;;;BA)
				SYNCHRONIZE:	Granted by	D:(A;;0x1200a9;;;BA)
				WriteData (or AddFile):	Not granted
				AppendData (or AddSubdirectory or CreatePipeInstance):	Not granted
				WriteEA:	Not granted
				ReadAttributes:	Granted by ACE on parent folder	D:(A;;0x1301bf;;;BA)
				WriteAttributes:	Not granted
				
	Access Mask:		0x120196
	Privileges Used for Access Check:	-
	Restricted SID Count:	0""",1,2023-05-09T10:15:03.6107117Z,1162975,5976,dc.djikstra.xrg,12800,4,AUDIT_FAILURE,Microsoft-Windows-Security-Auditing,false,5,"[""164.312.b""]","[""10.6.1""]","[""CC7.2"",""CC7.3""]",Windows audit failure event.,"[""windows"",""windows_security""]","[""AU.6""]","[""IV_35.7.d""]",41, , , ,60104, ,windows_eventchannel,log,"May 9, 2023 @ 10:15:11.534",EventChannel,1683627311.13634609,"May 9, 2023 @ 10:15:11.534",C:\\Users\\Administrator\\payload.exe,DJIKSTRA,Security, ,Administrator, , , ,"{""name"":""windows_eventchannel""}", , , , , , , , , , , , , , ,%%1538      %%1541      %%4417      %%4418      %%4420      %%4423      %%4424,%%1538: %%1801\tD:(A;;0x1200a9;;;BA)      %%1541: %%1801\tD:(A;;0x1200a9;;;BA)      %%4417: %%1805      %%4418: %%1805      %%4420: %%1805      %%4423: %%1811\tD:(A;;0x1301bf;;;BA)      %%4424: %%1805,0,{00000000-0000-0000-0000-000000000000},File,C:\\Program Files\\Windows Media Player\\Network Sharing\\wmpnss_color48.png,0x120196,0x0, , , , , , , , , 
wazuh-alerts-4.x-2023.05.09,_doc,RcUCAIgBy0XUe2K5BqPj,1,1,10.77.77.77,dc,003,ovelse-siem-server,0x85afe, , , , , , , , , , ,S-1-5-21-2082646183-1217588593-2819094730-500,0x1f50, , , , , ,4656,0x8010000000000000,{54849625-5478-4994-a5ba-3e3b0328c30d},0,Security,0,"""A handle to an object was requested.

Subject:
	Security ID:		S-1-5-21-2082646183-1217588593-2819094730-500
	Account Name:		Administrator
	Account Domain:		DJIKSTRA
	Logon ID:		0x85AFE

Object:
	Object Server:		Security
	Object Type:		File
	Object Name:		C:\Program Files\Windows NT\TableTextService\TableTextServiceArray.txt
	Handle ID:		0x0
	Resource Attributes:	-

Process Information:
	Process ID:		0x1f50
	Process Name:		C:\Users\Administrator\payload.exe

Access Request Information:
	Transaction ID:		{00000000-0000-0000-0000-000000000000}
	Accesses:		READ_CONTROL
				SYNCHRONIZE
				WriteData (or AddFile)
				AppendData (or AddSubdirectory or CreatePipeInstance)
				WriteEA
				ReadAttributes
				WriteAttributes
				
	Access Reasons:		READ_CONTROL:	Granted by	D:(A;;0x1200a9;;;BA)
				SYNCHRONIZE:	Granted by	D:(A;;0x1200a9;;;BA)
				WriteData (or AddFile):	Not granted
				AppendData (or AddSubdirectory or CreatePipeInstance):	Not granted
				WriteEA:	Not granted
				ReadAttributes:	Granted by ACE on parent folder	D:(A;;0x1301bf;;;BA)
				WriteAttributes:	Not granted
				
	Access Mask:		0x120196
	Privileges Used for Access Check:	-
	Restricted SID Count:	0""",1,2023-05-09T10:15:03.6840883Z,1162990,5976,dc.djikstra.xrg,12800,4,AUDIT_FAILURE,Microsoft-Windows-Security-Auditing,false,5,"[""164.312.b""]","[""10.6.1""]","[""CC7.2"",""CC7.3""]",Windows audit failure event.,"[""windows"",""windows_security""]","[""AU.6""]","[""IV_35.7.d""]",43, , , ,60104, ,windows_eventchannel,log,"May 9, 2023 @ 10:15:11.774",EventChannel,1683627311.13645833,"May 9, 2023 @ 10:15:11.774",C:\\Users\\Administrator\\payload.exe,DJIKSTRA,Security, ,Administrator, , , ,"{""name"":""windows_eventchannel""}", , , , , , , , , , , , , , ,%%1538      %%1541      %%4417      %%4418      %%4420      %%4423      %%4424,%%1538: %%1801\tD:(A;;0x1200a9;;;BA)      %%1541: %%1801\tD:(A;;0x1200a9;;;BA)      %%4417: %%1805      %%4418: %%1805      %%4420: %%1805      %%4423: %%1811\tD:(A;;0x1301bf;;;BA)      %%4424: %%1805,0,{00000000-0000-0000-0000-000000000000},File,C:\\Program Files\\Windows NT\\TableTextService\\TableTextServiceArray.txt,0x120196,0x0, , , , , , , , , 
