wazuh-alerts-4.x-2023.05.09,_doc,RsUCAIgBy0XUe2K5BqPj,1,1,10.77.77.77,dc,003,ovelse-siem-server,0x85afe, , , , , , , , , , ,S-1-5-21-2082646183-1217588593-2819094730-500,0x1f50, , , , , ,4656,0x8010000000000000,{54849625-5478-4994-a5ba-3e3b0328c30d},0,Security,0,"""A handle to an object was requested.

Subject:
	Security ID:		S-1-5-21-2082646183-1217588593-2819094730-500
	Account Name:		Administrator
	Account Domain:		DJIKSTRA
	Logon ID:		0x85AFE

Object:
	Object Server:		Security
	Object Type:		File
	Object Name:		C:\Program Files\Windows NT\TableTextService\TableTextServiceDaYi.txt
	Handle ID:		0x0
	Resource Attributes:	-

Process Information:
	Process ID:		0x1f50
	Process Name:		C:\Users\Administrator\payload.exe

Access Request Information:
	Transaction ID:		{00000000-0000-0000-0000-000000000000}
	Accesses:		READ_CONTROL
				SYNCHRONIZE
				WriteData (or AddFile)
				AppendData (or AddSubdirectory or CreatePipeInstance)
				WriteEA
				ReadAttributes
				WriteAttributes
				
	Access Reasons:		READ_CONTROL:	Granted by	D:(A;;0x1200a9;;;BA)
				SYNCHRONIZE:	Granted by	D:(A;;0x1200a9;;;BA)
				WriteData (or AddFile):	Not granted
				AppendData (or AddSubdirectory or CreatePipeInstance):	Not granted
				WriteEA:	Not granted
				ReadAttributes:	Granted by ACE on parent folder	D:(A;;0x1301bf;;;BA)
				WriteAttributes:	Not granted
				
	Access Mask:		0x120196
	Privileges Used for Access Check:	-
	Restricted SID Count:	0""",1,2023-05-09T10:15:03.7092156Z,1162991,5976,dc.djikstra.xrg,12800,4,AUDIT_FAILURE,Microsoft-Windows-Security-Auditing,false,5,"[""164.312.b""]","[""10.6.1""]","[""CC7.2"",""CC7.3""]",Windows audit failure event.,"[""windows"",""windows_security""]","[""AU.6""]","[""IV_35.7.d""]",44, , , ,60104, ,windows_eventchannel,log,"May 9, 2023 @ 10:15:11.774",EventChannel,1683627311.13651479,"May 9, 2023 @ 10:15:11.774",C:\\Users\\Administrator\\payload.exe,DJIKSTRA,Security, ,Administrator, , , ,"{""name"":""windows_eventchannel""}", , , , , , , , , , , , , , ,%%1538      %%1541      %%4417      %%4418      %%4420      %%4423      %%4424,%%1538: %%1801\tD:(A;;0x1200a9;;;BA)      %%1541: %%1801\tD:(A;;0x1200a9;;;BA)      %%4417: %%1805      %%4418: %%1805      %%4420: %%1805      %%4423: %%1811\tD:(A;;0x1301bf;;;BA)      %%4424: %%1805,0,{00000000-0000-0000-0000-000000000000},File,C:\\Program Files\\Windows NT\\TableTextService\\TableTextServiceDaYi.txt,0x120196,0x0, , , , , , , , , 
wazuh-alerts-4.x-2023.05.09,_doc,R8UCAIgBy0XUe2K5BqPj,1,1,10.77.77.77,dc,003,ovelse-siem-server,0x85afe, , , , , , , , , , ,S-1-5-21-2082646183-1217588593-2819094730-500,0x1f50, , , , , ,4656,0x8010000000000000,{54849625-5478-4994-a5ba-3e3b0328c30d},0,Security,0,"""A handle to an object was requested.

Subject:
	Security ID:		S-1-5-21-2082646183-1217588593-2819094730-500
	Account Name:		Administrator
	Account Domain:		DJIKSTRA
	Logon ID:		0x85AFE

Object:
	Object Server:		Security
	Object Type:		File
	Object Name:		C:\Program Files\Windows NT\TableTextService\TableTextServiceTigrinya.txt
	Handle ID:		0x0
	Resource Attributes:	-

Process Information:
	Process ID:		0x1f50
	Process Name:		C:\Users\Administrator\payload.exe

Access Request Information:
	Transaction ID:		{00000000-0000-0000-0000-000000000000}
	Accesses:		READ_CONTROL
				SYNCHRONIZE
				WriteData (or AddFile)
				AppendData (or AddSubdirectory or CreatePipeInstance)
				WriteEA
				ReadAttributes
				WriteAttributes
				
	Access Reasons:		READ_CONTROL:	Granted by	D:(A;;0x1200a9;;;BA)
				SYNCHRONIZE:	Granted by	D:(A;;0x1200a9;;;BA)
				WriteData (or AddFile):	Not granted
				AppendData (or AddSubdirectory or CreatePipeInstance):	Not granted
				WriteEA:	Not granted
				ReadAttributes:	Granted by ACE on parent folder	D:(A;;0x1301bf;;;BA)
				WriteAttributes:	Not granted
				
	Access Mask:		0x120196
	Privileges Used for Access Check:	-
	Restricted SID Count:	0""",1,2023-05-09T10:15:03.7132488Z,1162992,5976,dc.djikstra.xrg,12800,4,AUDIT_FAILURE,Microsoft-Windows-Security-Auditing,false,5,"[""164.312.b""]","[""10.6.1""]","[""CC7.2"",""CC7.3""]",Windows audit failure event.,"[""windows"",""windows_security""]","[""AU.6""]","[""IV_35.7.d""]",45, , , ,60104, ,windows_eventchannel,log,"May 9, 2023 @ 10:15:11.818",EventChannel,1683627311.13657121,"May 9, 2023 @ 10:15:11.818",C:\\Users\\Administrator\\payload.exe,DJIKSTRA,Security, ,Administrator, , , ,"{""name"":""windows_eventchannel""}", , , , , , , , , , , , , , ,%%1538      %%1541      %%4417      %%4418      %%4420      %%4423      %%4424,%%1538: %%1801\tD:(A;;0x1200a9;;;BA)      %%1541: %%1801\tD:(A;;0x1200a9;;;BA)      %%4417: %%1805      %%4418: %%1805      %%4420: %%1805      %%4423: %%1811\tD:(A;;0x1301bf;;;BA)      %%4424: %%1805,0,{00000000-0000-0000-0000-000000000000},File,C:\\Program Files\\Windows NT\\TableTextService\\TableTextServiceTigrinya.txt,0x120196,0x0, , , , , , , , , 
wazuh-alerts-4.x-2023.05.09,_doc,YcUCAIgBy0XUe2K5CqPJ,1,1,10.77.77.77,dc,003,ovelse-siem-server,0x85afe, , , , , , , , , , ,S-1-5-21-2082646183-1217588593-2819094730-500,0x1f50, , , , , ,4656,0x8010000000000000,{54849625-5478-4994-a5ba-3e3b0328c30d},0,Security,0,"""A handle to an object was requested.

Subject:
	Security ID:		S-1-5-21-2082646183-1217588593-2819094730-500
	Account Name:		Administrator
	Account Domain:		DJIKSTRA
	Logon ID:		0x85AFE

Object:
	Object Server:		Security
	Object Type:		File
	Object Name:		C:\Program Files\WindowsPowerShell\Modules\Pester\3.4.0\en-US\about_Mocking.help.txt
	Handle ID:		0x0
	Resource Attributes:	-

Process Information:
	Process ID:		0x1f50
	Process Name:		C:\Users\Administrator\payload.exe

Access Request Information:
	Transaction ID:		{00000000-0000-0000-0000-000000000000}
	Accesses:		READ_CONTROL
				SYNCHRONIZE
				WriteData (or AddFile)
				AppendData (or AddSubdirectory or CreatePipeInstance)
				WriteEA
				ReadAttributes
				WriteAttributes
				
	Access Reasons:		READ_CONTROL:	Granted by	D:(A;;0x1200a9;;;BA)
				SYNCHRONIZE:	Granted by	D:(A;;0x1200a9;;;BA)
				WriteData (or AddFile):	Not granted
				AppendData (or AddSubdirectory or CreatePipeInstance):	Not granted
				WriteEA:	Not granted
				ReadAttributes:	Granted by ACE on parent folder	D:(A;;0x1301bf;;;BA)
				WriteAttributes:	Not granted
				
	Access Mask:		0x120196
	Privileges Used for Access Check:	-
	Restricted SID Count:	0""",1,2023-05-09T10:15:06.7114302Z,1162996,6192,dc.djikstra.xrg,12800,4,AUDIT_FAILURE,Microsoft-Windows-Security-Auditing,false,5,"[""164.312.b""]","[""10.6.1""]","[""CC7.2"",""CC7.3""]",Windows audit failure event.,"[""windows"",""windows_security""]","[""AU.6""]","[""IV_35.7.d""]",49, , , ,60104, ,windows_eventchannel,log,"May 9, 2023 @ 10:15:12.696",EventChannel,1683627312.13679767,"May 9, 2023 @ 10:15:12.696",C:\\Users\\Administrator\\payload.exe,DJIKSTRA,Security, ,Administrator, , , ,"{""name"":""windows_eventchannel""}", , , , , , , , , , , , , , ,%%1538      %%1541      %%4417      %%4418      %%4420      %%4423      %%4424,%%1538: %%1801\tD:(A;;0x1200a9;;;BA)      %%1541: %%1801\tD:(A;;0x1200a9;;;BA)      %%4417: %%1805      %%4418: %%1805      %%4420: %%1805      %%4423: %%1811\tD:(A;;0x1301bf;;;BA)      %%4424: %%1805,0,{00000000-0000-0000-0000-000000000000},File,C:\\Program Files\\WindowsPowerShell\\Modules\\Pester\\3.4.0\\en-US\\about_Mocking.help.txt,0x120196,0x0, , , , , , , , , 
wazuh-alerts-4.x-2023.05.09,_doc,eMUCAIgBy0XUe2K5DqO-,1,1,10.77.77.77,dc,003,ovelse-siem-server,0x85afe, , , , , , , , , , ,S-1-5-21-2082646183-1217588593-2819094730-500,0x1f50, , , , , ,4656,0x8010000000000000,{54849625-5478-4994-a5ba-3e3b0328c30d},0,Security,0,"""A handle to an object was requested.

Subject:
	Security ID:		S-1-5-21-2082646183-1217588593-2819094730-500
	Account Name:		Administrator
	Account Domain:		DJIKSTRA
	Logon ID:		0x85AFE

Object:
	Object Server:		Security
	Object Type:		File
	Object Name:		C:\Program Files\WindowsPowerShell\Modules\Pester\3.4.0\en-US\about_should.help.txt
	Handle ID:		0x0
	Resource Attributes:	-

Process Information:
	Process ID:		0x1f50
	Process Name:		C:\Users\Administrator\payload.exe

Access Request Information:
	Transaction ID:		{00000000-0000-0000-0000-000000000000}
	Accesses:		READ_CONTROL
				SYNCHRONIZE
				WriteData (or AddFile)
				AppendData (or AddSubdirectory or CreatePipeInstance)
				WriteEA
				ReadAttributes
				WriteAttributes
				
	Access Reasons:		READ_CONTROL:	Granted by	D:(A;;0x1200a9;;;BA)
				SYNCHRONIZE:	Granted by	D:(A;;0x1200a9;;;BA)
				WriteData (or AddFile):	Not granted
				AppendData (or AddSubdirectory or CreatePipeInstance):	Not granted
				WriteEA:	Not granted
				ReadAttributes:	Granted by ACE on parent folder	D:(A;;0x1301bf;;;BA)
				WriteAttributes:	Not granted
				
	Access Mask:		0x120196
	Privileges Used for Access Check:	-
	Restricted SID Count:	0""",1,2023-05-09T10:15:06.7192268Z,1162998,6192,dc.djikstra.xrg,12800,4,AUDIT_FAILURE,Microsoft-Windows-Security-Auditing,false,5,"[""164.312.b""]","[""10.6.1""]","[""CC7.2"",""CC7.3""]",Windows audit failure event.,"[""windows"",""windows_security""]","[""AU.6""]","[""IV_35.7.d""]",51, , , ,60104, ,windows_eventchannel,log,"May 9, 2023 @ 10:15:12.716",EventChannel,1683627312.13691197,"May 9, 2023 @ 10:15:12.716",C:\\Users\\Administrator\\payload.exe,DJIKSTRA,Security, ,Administrator, , , ,"{""name"":""windows_eventchannel""}", , , , , , , , , , , , , , ,%%1538      %%1541      %%4417      %%4418      %%4420      %%4423      %%4424,%%1538: %%1801\tD:(A;;0x1200a9;;;BA)      %%1541: %%1801\tD:(A;;0x1200a9;;;BA)      %%4417: %%1805      %%4418: %%1805      %%4420: %%1805      %%4423: %%1811\tD:(A;;0x1301bf;;;BA)      %%4424: %%1805,0,{00000000-0000-0000-0000-000000000000},File,C:\\Program Files\\WindowsPowerShell\\Modules\\Pester\\3.4.0\\en-US\\about_should.help.txt,0x120196,0x0, , , , , , , , , 
wazuh-alerts-4.x-2023.05.09,_doc,6sUBAIgBy0XUe2K53KKJ,1,1,10.77.77.77,dc,003,ovelse-siem-server,0x85afe, , , , , , , , , , ,S-1-5-21-2082646183-1217588593-2819094730-500,0x1f18, , , , , ,4673,0x8010000000000000,{54849625-5478-4994-a5ba-3e3b0328c30d},0,Security,0,"""A privileged service was called.

Subject:
	Security ID:		S-1-5-21-2082646183-1217588593-2819094730-500
	Account Name:		Administrator
	Account Domain:		DJIKSTRA
	Logon ID:		0x85AFE

Service:
	Server:	Security
	Service Name:	-

Process:
	Process ID:	0x1f18
	Process Name:	C:\Windows\SystemApps\Microsoft.Windows.Search_cw5n1h2txyewy\SearchApp.exe

Service Request Information:
	Privileges:		SeTcbPrivilege""",0,2023-05-09T10:14:55.3942128Z,1162927,7432,dc.djikstra.xrg,13056,4,AUDIT_FAILURE,Microsoft-Windows-Security-Auditing,false,4,"[""164.312.b""]","[""10.2.2""]","[""CC6.8"",""CC7.2"",""CC7.3""]",Failed attempt to perform a privileged operation.,"[""windows"",""windows_security""]","[""AC.6"",""AU.14""]","[""IV_32.2""]",361,"[""Valid Accounts""]","[""T1078""]","[""Defense Evasion"",""Persistence"",""Privilege Escalation"",""Initial Access""]",60107, ,windows_eventchannel,log,"May 9, 2023 @ 10:15:01.365",EventChannel,1683627301.13412133,"May 9, 2023 @ 10:15:01.365",C:\\Windows\\SystemApps\\Microsoft.Windows.Search_cw5n1h2txyewy\\SearchApp.exe,DJIKSTRA,Security,SeTcbPrivilege,Administrator, , , ,"{""name"":""windows_eventchannel""}", , , , , , , , , , , , , , , , , , , , , , , , , , , , , , , 
wazuh-alerts-4.x-2023.05.09,_doc,7cUBAIgBy0XUe2K54KJz,1,1,10.77.77.77,dc,003,ovelse-siem-server,0x85afe, , , , , , , , , , ,S-1-5-21-2082646183-1217588593-2819094730-500,0x1f50, , , , , ,4656,0x8010000000000000,{54849625-5478-4994-a5ba-3e3b0328c30d},0,Security,0,"""A handle to an object was requested.

Subject:
	Security ID:		S-1-5-21-2082646183-1217588593-2819094730-500
	Account Name:		Administrator
	Account Domain:		DJIKSTRA
	Logon ID:		0x85AFE

Object:
	Object Server:		Security
	Object Type:		File
	Object Name:		C:\Program Files\Common Files\microsoft shared\ink\mip.exe
	Handle ID:		0x0
	Resource Attributes:	-

Process Information:
	Process ID:		0x1f50
	Process Name:		C:\Users\Administrator\payload.exe

Access Request Information:
	Transaction ID:		{00000000-0000-0000-0000-000000000000}
	Accesses:		READ_CONTROL
				SYNCHRONIZE
				WriteData (or AddFile)
				AppendData (or AddSubdirectory or CreatePipeInstance)
				WriteEA
				ReadAttributes
				WriteAttributes
				
	Access Reasons:		READ_CONTROL:	Granted by	D:(A;;0x1200a9;;;BA)
				SYNCHRONIZE:	Granted by	D:(A;;0x1200a9;;;BA)
				WriteData (or AddFile):	Not granted
				AppendData (or AddSubdirectory or CreatePipeInstance):	Not granted
				WriteEA:	Not granted
				ReadAttributes:	Granted by ACE on parent folder	D:(A;;0x1301bf;;;BA)
				WriteAttributes:	Not granted
				
	Access Mask:		0x120196
	Privileges Used for Access Check:	-
	Restricted SID Count:	0""",1,2023-05-09T10:14:56.7304480Z,1162929,8568,dc.djikstra.xrg,12800,4,AUDIT_FAILURE,Microsoft-Windows-Security-Auditing,false,5,"[""164.312.b""]","[""10.6.1""]","[""CC7.2"",""CC7.3""]",Windows audit failure event.,"[""windows"",""windows_security""]","[""AU.6""]","[""IV_35.7.d""]",3, , , ,60104, ,windows_eventchannel,log,"May 9, 2023 @ 10:15:02.614",EventChannel,1683627302.13420747,"May 9, 2023 @ 10:15:02.614",C:\\Users\\Administrator\\payload.exe,DJIKSTRA,Security, ,Administrator, , , ,"{""name"":""windows_eventchannel""}", , , , , , , , , , , , , , ,%%1538      %%1541      %%4417      %%4418      %%4420      %%4423      %%4424,%%1538: %%1801\tD:(A;;0x1200a9;;;BA)      %%1541: %%1801\tD:(A;;0x1200a9;;;BA)      %%4417: %%1805      %%4418: %%1805      %%4420: %%1805      %%4423: %%1811\tD:(A;;0x1301bf;;;BA)      %%4424: %%1805,0,{00000000-0000-0000-0000-000000000000},File,C:\\Program Files\\Common Files\\microsoft shared\\ink\\mip.exe,0x120196,0x0, , , , , , , , , 
wazuh-alerts-4.x-2023.05.09,_doc,7sUBAIgBy0XUe2K54KJz,1,1,10.77.77.77,dc,003,ovelse-siem-server,0x85afe, , , , , , , , , , ,S-1-5-21-2082646183-1217588593-2819094730-500,0x1f50, , , , , ,4656,0x8010000000000000,{54849625-5478-4994-a5ba-3e3b0328c30d},0,Security,0,"""A handle to an object was requested.

Subject:
	Security ID:		S-1-5-21-2082646183-1217588593-2819094730-500
	Account Name:		Administrator
	Account Domain:		DJIKSTRA
	Logon ID:		0x85AFE

Object:
	Object Server:		Security
	Object Type:		File
	Object Name:		C:\Program Files\Common Files\microsoft shared\ink\ShapeCollector.exe
	Handle ID:		0x0
	Resource Attributes:	-

Process Information:
	Process ID:		0x1f50
	Process Name:		C:\Users\Administrator\payload.exe

Access Request Information:
	Transaction ID:		{00000000-0000-0000-0000-000000000000}
	Accesses:		READ_CONTROL
				SYNCHRONIZE
				WriteData (or AddFile)
				AppendData (or AddSubdirectory or CreatePipeInstance)
				WriteEA
				ReadAttributes
				WriteAttributes
				
	Access Reasons:		READ_CONTROL:	Granted by	D:(A;;0x1200a9;;;BA)
				SYNCHRONIZE:	Granted by	D:(A;;0x1200a9;;;BA)
				WriteData (or AddFile):	Not granted
				AppendData (or AddSubdirectory or CreatePipeInstance):	Not granted
				WriteEA:	Not granted
				ReadAttributes:	Granted by ACE on parent folder	D:(A;;0x1301bf;;;BA)
				WriteAttributes:	Not granted
				
	Access Mask:		0x120196
	Privileges Used for Access Check:	-
	Restricted SID Count:	0""",1,2023-05-09T10:14:56.7375124Z,1162930,8568,dc.djikstra.xrg,12800,4,AUDIT_FAILURE,Microsoft-Windows-Security-Auditing,false,5,"[""164.312.b""]","[""10.6.1""]","[""CC7.2"",""CC7.3""]",Windows audit failure event.,"[""windows"",""windows_security""]","[""AU.6""]","[""IV_35.7.d""]",4, , , ,60104, ,windows_eventchannel,log,"May 9, 2023 @ 10:15:02.618",EventChannel,1683627302.13426350,"May 9, 2023 @ 10:15:02.618",C:\\Users\\Administrator\\payload.exe,DJIKSTRA,Security, ,Administrator, , , ,"{""name"":""windows_eventchannel""}", , , , , , , , , , , , , , ,%%1538      %%1541      %%4417      %%4418      %%4420      %%4423      %%4424,%%1538: %%1801\tD:(A;;0x1200a9;;;BA)      %%1541: %%1801\tD:(A;;0x1200a9;;;BA)      %%4417: %%1805      %%4418: %%1805      %%4420: %%1805      %%4423: %%1811\tD:(A;;0x1301bf;;;BA)      %%4424: %%1805,0,{00000000-0000-0000-0000-000000000000},File,C:\\Program Files\\Common Files\\microsoft shared\\ink\\ShapeCollector.exe,0x120196,0x0, , , , , , , , , 
wazuh-alerts-4.x-2023.05.09,_doc,8cUBAIgBy0XUe2K54KJz,1,1,10.77.77.77,dc,003,ovelse-siem-server,0x85afe, , , , , , , , , , ,S-1-5-21-2082646183-1217588593-2819094730-500,0x1f50, , , , , ,4656,0x8010000000000000,{54849625-5478-4994-a5ba-3e3b0328c30d},0,Security,0,"""A handle to an object was requested.

Subject:
	Security ID:		S-1-5-21-2082646183-1217588593-2819094730-500
	Account Name:		Administrator
	Account Domain:		DJIKSTRA
	Logon ID:		0x85AFE

Object:
	Object Server:		Security
	Object Type:		File
	Object Name:		C:\Program Files\Common Files\microsoft shared\MSInfo\msinfo32.exe
	Handle ID:		0x0
	Resource Attributes:	-

Process Information:
	Process ID:		0x1f50
	Process Name:		C:\Users\Administrator\payload.exe

Access Request Information:
	Transaction ID:		{00000000-0000-0000-0000-000000000000}
	Accesses:		READ_CONTROL
				SYNCHRONIZE
				WriteData (or AddFile)
				AppendData (or AddSubdirectory or CreatePipeInstance)
				WriteEA
				ReadAttributes
				WriteAttributes
				
	Access Reasons:		READ_CONTROL:	Granted by	D:(A;;0x1200a9;;;BA)
				SYNCHRONIZE:	Granted by	D:(A;;0x1200a9;;;BA)
				WriteData (or AddFile):	Not granted
				AppendData (or AddSubdirectory or CreatePipeInstance):	Not granted
				WriteEA:	Not granted
				ReadAttributes:	Granted by ACE on parent folder	D:(A;;0x1301bf;;;BA)
				WriteAttributes:	Not granted
				
	Access Mask:		0x120196
	Privileges Used for Access Check:	-
	Restricted SID Count:	0""",1,2023-05-09T10:14:56.8265054Z,1162933,8568,dc.djikstra.xrg,12800,4,AUDIT_FAILURE,Microsoft-Windows-Security-Auditing,false,5,"[""164.312.b""]","[""10.6.1""]","[""CC7.2"",""CC7.3""]",Windows audit failure event.,"[""windows"",""windows_security""]","[""AU.6""]","[""IV_35.7.d""]",7, , , ,60104, ,windows_eventchannel,log,"May 9, 2023 @ 10:15:02.665",EventChannel,1683627302.13443311,"May 9, 2023 @ 10:15:02.665",C:\\Users\\Administrator\\payload.exe,DJIKSTRA,Security, ,Administrator, , , ,"{""name"":""windows_eventchannel""}", , , , , , , , , , , , , , ,%%1538      %%1541      %%4417      %%4418      %%4420      %%4423      %%4424,%%1538: %%1801\tD:(A;;0x1200a9;;;BA)      %%1541: %%1801\tD:(A;;0x1200a9;;;BA)      %%4417: %%1805      %%4418: %%1805      %%4420: %%1805      %%4423: %%1811\tD:(A;;0x1301bf;;;BA)      %%4424: %%1805,0,{00000000-0000-0000-0000-000000000000},File,C:\\Program Files\\Common Files\\microsoft shared\\MSInfo\\msinfo32.exe,0x120196,0x0, , , , , , , , , 
wazuh-alerts-4.x-2023.05.09,_doc,9MUBAIgBy0XUe2K54KJz,1,1,10.77.77.77,dc,003,ovelse-siem-server,0x85afe, , , , , , , , , , ,S-1-5-21-2082646183-1217588593-2819094730-500,0x1f50, , , , , ,4656,0x8010000000000000,{54849625-5478-4994-a5ba-3e3b0328c30d},0,Security,0,"""A handle to an object was requested.

Subject:
	Security ID:		S-1-5-21-2082646183-1217588593-2819094730-500
	Account Name:		Administrator
	Account Domain:		DJIKSTRA
	Logon ID:		0x85AFE

Object:
	Object Server:		Security
	Object Type:		File
	Object Name:		C:\Program Files\Internet Explorer\ieinstal.exe
	Handle ID:		0x0
	Resource Attributes:	-

Process Information:
	Process ID:		0x1f50
	Process Name:		C:\Users\Administrator\payload.exe

Access Request Information:
	Transaction ID:		{00000000-0000-0000-0000-000000000000}
	Accesses:		READ_CONTROL
				SYNCHRONIZE
				WriteData (or AddFile)
				AppendData (or AddSubdirectory or CreatePipeInstance)
				WriteEA
				ReadAttributes
				WriteAttributes
				
	Access Reasons:		READ_CONTROL:	Granted by	D:(A;;0x1200a9;;;BA)
				SYNCHRONIZE:	Granted by	D:(A;;0x1200a9;;;BA)
				WriteData (or AddFile):	Not granted
				AppendData (or AddSubdirectory or CreatePipeInstance):	Not granted
				WriteEA:	Not granted
				ReadAttributes:	Granted by ACE on parent folder	D:(A;;0x1301bf;;;BA)
				WriteAttributes:	Not granted
				
	Access Mask:		0x120196
	Privileges Used for Access Check:	-
	Restricted SID Count:	0""",1,2023-05-09T10:14:56.8648385Z,1162936,8568,dc.djikstra.xrg,12800,4,AUDIT_FAILURE,Microsoft-Windows-Security-Auditing,false,5,"[""164.312.b""]","[""10.6.1""]","[""CC7.2"",""CC7.3""]",Windows audit failure event.,"[""windows"",""windows_security""]","[""AU.6""]","[""IV_35.7.d""]",10, , , ,60104, ,windows_eventchannel,log,"May 9, 2023 @ 10:15:02.697",EventChannel,1683627302.13460052,"May 9, 2023 @ 10:15:02.697",C:\\Users\\Administrator\\payload.exe,DJIKSTRA,Security, ,Administrator, , , ,"{""name"":""windows_eventchannel""}", , , , , , , , , , , , , , ,%%1538      %%1541      %%4417      %%4418      %%4420      %%4423      %%4424,%%1538: %%1801\tD:(A;;0x1200a9;;;BA)      %%1541: %%1801\tD:(A;;0x1200a9;;;BA)      %%4417: %%1805      %%4418: %%1805      %%4420: %%1805      %%4423: %%1811\tD:(A;;0x1301bf;;;BA)      %%4424: %%1805,0,{00000000-0000-0000-0000-000000000000},File,C:\\Program Files\\Internet Explorer\\ieinstal.exe,0x120196,0x0, , , , , , , , , 
wazuh-alerts-4.x-2023.05.09,_doc,9cUBAIgBy0XUe2K54KJz,1,1,10.77.77.77,dc,003,ovelse-siem-server,0x85afe, , , , , , , , , , ,S-1-5-21-2082646183-1217588593-2819094730-500,0x1f50, , , , , ,4656,0x8010000000000000,{54849625-5478-4994-a5ba-3e3b0328c30d},0,Security,0,"""A handle to an object was requested.

Subject:
	Security ID:		S-1-5-21-2082646183-1217588593-2819094730-500
	Account Name:		Administrator
	Account Domain:		DJIKSTRA
	Logon ID:		0x85AFE

Object:
	Object Server:		Security
	Object Type:		File
	Object Name:		C:\Program Files\Internet Explorer\ielowutil.exe
	Handle ID:		0x0
	Resource Attributes:	-

Process Information:
	Process ID:		0x1f50
	Process Name:		C:\Users\Administrator\payload.exe

Access Request Information:
	Transaction ID:		{00000000-0000-0000-0000-000000000000}
	Accesses:		READ_CONTROL
				SYNCHRONIZE
				WriteData (or AddFile)
				AppendData (or AddSubdirectory or CreatePipeInstance)
				WriteEA
				ReadAttributes
				WriteAttributes
				
	Access Reasons:		READ_CONTROL:	Granted by	D:(A;;0x1200a9;;;BA)
				SYNCHRONIZE:	Granted by	D:(A;;0x1200a9;;;BA)
				WriteData (or AddFile):	Not granted
				AppendData (or AddSubdirectory or CreatePipeInstance):	Not granted
				WriteEA:	Not granted
				ReadAttributes:	Granted by ACE on parent folder	D:(A;;0x1301bf;;;BA)
				WriteAttributes:	Not granted
				
	Access Mask:		0x120196
	Privileges Used for Access Check:	-
	Restricted SID Count:	0""",1,2023-05-09T10:14:56.8680610Z,1162937,8568,dc.djikstra.xrg,12800,4,AUDIT_FAILURE,Microsoft-Windows-Security-Auditing,false,5,"[""164.312.b""]","[""10.6.1""]","[""CC7.2"",""CC7.3""]",Windows audit failure event.,"[""windows"",""windows_security""]","[""AU.6""]","[""IV_35.7.d""]",11, , , ,60104, ,windows_eventchannel,log,"May 9, 2023 @ 10:15:02.713",EventChannel,1683627302.13465601,"May 9, 2023 @ 10:15:02.713",C:\\Users\\Administrator\\payload.exe,DJIKSTRA,Security, ,Administrator, , , ,"{""name"":""windows_eventchannel""}", , , , , , , , , , , , , , ,%%1538      %%1541      %%4417      %%4418      %%4420      %%4423      %%4424,%%1538: %%1801\tD:(A;;0x1200a9;;;BA)      %%1541: %%1801\tD:(A;;0x1200a9;;;BA)      %%4417: %%1805      %%4418: %%1805      %%4420: %%1805      %%4423: %%1811\tD:(A;;0x1301bf;;;BA)      %%4424: %%1805,0,{00000000-0000-0000-0000-000000000000},File,C:\\Program Files\\Internet Explorer\\ielowutil.exe,0x120196,0x0, , , , , , , , , 
wazuh-alerts-4.x-2023.05.09,_doc,zMUCAIgBy0XUe2K5xqRd,1,1,10.77.77.77,dc,003,ovelse-siem-server, , , , , , , , , , , , , , , , , , ,4779,0x8020000000000000,{54849625-5478-4994-a5ba-3e3b0328c30d},0,Security,0,"""A session was disconnected from a Window Station.

Subject:
	Account Name:		Administrator
	Account Domain:		DJIKSTRA
	Logon ID:		0x85AFE

Session:
	Session Name:		RDP-Tcp#0

Additional Information:
	Client Name:		MMPEAL
	Client Address:		10.250.250.250


This event is generated when a user disconnects from an existing Terminal Services session, or when a user switches away from an existing desktop using Fast User Switching.""",0,2023-05-09T10:15:53.9759532Z,1163200,944,dc.djikstra.xrg,12551,792,AUDIT_SUCCESS,Microsoft-Windows-Security-Auditing,false,3,"[""164.312.a.1""]","[""8.1.5""]","[""CC6.1""]",Session reconnected/disconnected to winstation.,"[""windows"",""windows_security"",""authentication_success""]","[""AC.2""]","[""IV_35.7.d""]",2,"[""Valid Accounts""]","[""T1078""]","[""Defense Evasion"",""Persistence"",""Privilege Escalation"",""Initial Access""]",60108, ,windows_eventchannel,log,"May 9, 2023 @ 10:15:59.475",EventChannel,1683627359.13750514,"May 9, 2023 @ 10:15:59.475", , , , , , , , ,"{""name"":""windows_eventchannel""}", , , , , , , , , , , , , , , , , , , , , , , ,DJIKSTRA,0x85afe,Administrator,MMPEAL,RDP-Tcp#0,10.250.250.250, , 
wazuh-alerts-4.x-2023.05.09,_doc,JcUCAIgBy0XUe2K5yqVD,1,1,10.77.77.77,dc,003,ovelse-siem-server,0x3e4, , , , , , , , , , ,S-1-5-20,0x2008, , , , , ,4673,0x8010000000000000,{54849625-5478-4994-a5ba-3e3b0328c30d},0,Security,0,"""A privileged service was called.

Subject:
	Security ID:		S-1-5-20
	Account Name:		DC$
	Account Domain:		DJIKSTRA
	Logon ID:		0x3E4

Service:
	Server:	Security
	Service Name:	-

Process:
	Process ID:	0x2008
	Process Name:	C:\Windows\System32\wbem\WmiPrvSE.exe

Service Request Information:
	Privileges:		SeProfileSingleProcessPrivilege""",0,2023-05-09T10:15:55.2989569Z,1163218,8596,dc.djikstra.xrg,13056,4,AUDIT_FAILURE,Microsoft-Windows-Security-Auditing,false,4,"[""164.312.b""]","[""10.2.2""]","[""CC6.8"",""CC7.2"",""CC7.3""]",Failed attempt to perform a privileged operation.,"[""windows"",""windows_security""]","[""AC.6"",""AU.14""]","[""IV_32.2""]",365,"[""Valid Accounts""]","[""T1078""]","[""Defense Evasion"",""Persistence"",""Privilege Escalation"",""Initial Access""]",60107, ,windows_eventchannel,log,"May 9, 2023 @ 10:16:00.766",EventChannel,1683627360.13760356,"May 9, 2023 @ 10:16:00.766",C:\\Windows\\System32\\wbem\\WmiPrvSE.exe,DJIKSTRA,Security,SeProfileSingleProcessPrivilege,DC$, , , ,"{""name"":""windows_eventchannel""}", , , , , , , , , , , , , , , , , , , , , , , , , , , , , , , 
wazuh-alerts-4.x-2023.05.09,_doc,KcUCAIgBy0XUe2K5yqVD,1,1, ,ovelse-siem-server,000,ovelse-siem-server, , , , , , , , , , , , , , , , , , , , , , , , , , , , , , , , , , ,false,2, , , ,Unknown problem somewhere in the system.,"[""syslog"",""errors""]", , ,74, , , ,1002,"[""4.3""]", ,log,"May 9, 2023 @ 10:16:01.184",/var/log/syslog,1683627361.13765295,"May 9, 2023 @ 10:16:01.184", , , , , ,ovelse-siem-server,opensearch-dashboards,May  9 10:16:00,{},"May  9 10:16:00 ovelse-siem-server opensearch-dashboards[5081]: {""type"":""error"",""@timestamp"":""2023-05-09T10:16:00Z"",""tags"":[""connection"",""client"",""error""],""pid"":5081,""level"":""error"",""error"":{""message"":""139734702114624:error:14094416:SSL routines:ssl3_read_bytes:sslv3 alert certificate unknown:../deps/openssl/openssl/ssl/record/rec_layer_s3.c:1544:SSL alert number 46\n"",""name"":""Error"",""stack"":""Error: 139734702114624:error:14094416:SSL routines:ssl3_read_bytes:sslv3 alert certificate unknown:../deps/openssl/openssl/ssl/record/rec_layer_s3.c:1544:SSL alert number 46\n""},""message"":""139734702114624:error:14094416:SSL routines:ssl3_read_bytes:sslv3 alert certificate unknown:../deps/openssl/openssl/ssl/record/rec_layer_s3.c:1544:SSL alert number 46\n""}", , , , , , , , , , , , , , , , , , , , , , , , , , , , , , 
wazuh-alerts-4.x-2023.05.09,_doc,2cUBAIgBy0XUe2K50KIX,1,1,10.77.77.77,dc,003,ovelse-siem-server,0x85afe, , , , , , , , , , ,S-1-5-21-2082646183-1217588593-2819094730-500,0x1f50, , , , , ,4656,0x8010000000000000,{54849625-5478-4994-a5ba-3e3b0328c30d},0,Security,0,"""A handle to an object was requested.

Subject:
	Security ID:		S-1-5-21-2082646183-1217588593-2819094730-500
	Account Name:		Administrator
	Account Domain:		DJIKSTRA
	Logon ID:		0x85AFE

Object:
	Object Server:		Security
	Object Type:		File
	Object Name:		C:\Users\Default\AppData\Local\Microsoft\WindowsApps\README.txt
	Handle ID:		0x0
	Resource Attributes:	-

Process Information:
	Process ID:		0x1f50
	Process Name:		C:\Users\Administrator\payload.exe

Access Request Information:
	Transaction ID:		{00000000-0000-0000-0000-000000000000}
	Accesses:		READ_CONTROL
				SYNCHRONIZE
				WriteData (or AddFile)
				AppendData (or AddSubdirectory or CreatePipeInstance)
				WriteEA
				ReadAttributes
				WriteAttributes
				
	Access Reasons:		READ_CONTROL:	Unknown or unchecked
				SYNCHRONIZE:	Unknown or unchecked
				WriteData (or AddFile):	Not granted
				AppendData (or AddSubdirectory or CreatePipeInstance):	Unknown or unchecked
				WriteEA:	Unknown or unchecked
				ReadAttributes:	Unknown or unchecked
				WriteAttributes:	Unknown or unchecked
				
	Access Mask:		0x120196
	Privileges Used for Access Check:	-
	Restricted SID Count:	0""",1,2023-05-09T10:14:51.3780194Z,1162920,7432,dc.djikstra.xrg,12800,4,AUDIT_FAILURE,Microsoft-Windows-Security-Auditing,false,5,"[""164.312.b""]","[""10.6.1""]","[""CC7.2"",""CC7.3""]",Windows audit failure event.,"[""windows"",""windows_security""]","[""AU.6""]","[""IV_35.7.d""]",1, , , ,60104, ,windows_eventchannel,log,"May 9, 2023 @ 10:14:57.256",EventChannel,1683627297.13399434,"May 9, 2023 @ 10:14:57.256",C:\\Users\\Administrator\\payload.exe,DJIKSTRA,Security, ,Administrator, , , ,"{""name"":""windows_eventchannel""}", , , , , , , , , , , , , , ,%%1538      %%1541      %%4417      %%4418      %%4420      %%4423      %%4424,%%1538: %%1809      %%1541: %%1809      %%4417: %%1805      %%4418: %%1809      %%4420: %%1809      %%4423: %%1809      %%4424: %%1809,0,{00000000-0000-0000-0000-000000000000},File,C:\\Users\\Default\\AppData\\Local\\Microsoft\\WindowsApps\\README.txt,0x120196,0x0, , , , , , , , , 
wazuh-alerts-4.x-2023.05.09,_doc,o8UBAIgBy0XUe2K5eqIj,1,1,10.77.77.77,dc,003,ovelse-siem-server, , , , , ,0x367c9b4, , ,DC$, , , , , ,DJIKSTRA,S-1-5-18, ,3,4634,0x8020000000000000,{54849625-5478-4994-a5ba-3e3b0328c30d},0,Security,0,"""An account was logged off.

Subject:
	Security ID:		S-1-5-18
	Account Name:		DC$
	Account Domain:		DJIKSTRA
	Logon ID:		0x367C9B4

Logon Type:			3

This event is generated when a logon session is destroyed. It may be positively correlated with a logon event using the Logon ID value. Logon IDs are only unique between reboots on the same computer.""",0,2023-05-09T10:14:26.5769589Z,1162878,944,dc.djikstra.xrg,12545,792,AUDIT_SUCCESS,Microsoft-Windows-Security-Auditing,false,3,"[""164.312.b""]","[""10.2.5""]","[""CC6.8"",""CC7.2"",""CC7.3""]",Windows User Logoff.,"[""windows"",""windows_security""]","[""AC.7"",""AU.14""]","[""IV_32.2""]",35, , , ,60137, ,windows_eventchannel,log,"May 9, 2023 @ 10:14:32.643",EventChannel,1683627272.13396191,"May 9, 2023 @ 10:14:32.643", , , , , , , , ,"{""name"":""windows_eventchannel""}", , , , , , , , , , , , , , , , , , , , , , , , , , , , , , , 
wazuh-alerts-4.x-2023.05.09,_doc,ZcUCAIgBy0XUe2K5s6SM,1,1, ,ovelse-siem-server,000,ovelse-siem-server, , , , , , , , , , , , , , , , , , , , , , , , , , , , , , , , , , ,false,2, , , ,Unknown problem somewhere in the system.,"[""syslog"",""errors""]", , ,66, , , ,1002,"[""4.3""]", ,log,"May 9, 2023 @ 10:15:51.169",/var/log/syslog,1683627351.13743300,"May 9, 2023 @ 10:15:51.169", , , , , ,ovelse-siem-server,opensearch-dashboards,May  9 10:15:49,{},"May  9 10:15:49 ovelse-siem-server opensearch-dashboards[5081]: {""type"":""error"",""@timestamp"":""2023-05-09T10:15:49Z"",""tags"":[""connection"",""client"",""error""],""pid"":5081,""level"":""error"",""error"":{""message"":""139734702114624:error:14094416:SSL routines:ssl3_read_bytes:sslv3 alert certificate unknown:../deps/openssl/openssl/ssl/record/rec_layer_s3.c:1544:SSL alert number 46\n"",""name"":""Error"",""stack"":""Error: 139734702114624:error:14094416:SSL routines:ssl3_read_bytes:sslv3 alert certificate unknown:../deps/openssl/openssl/ssl/record/rec_layer_s3.c:1544:SSL alert number 46\n""},""message"":""139734702114624:error:14094416:SSL routines:ssl3_read_bytes:sslv3 alert certificate unknown:../deps/openssl/openssl/ssl/record/rec_layer_s3.c:1544:SSL alert number 46\n""}", , , , , , , , , , , , , , , , , , , , , , , , , , , , , , 
wazuh-alerts-4.x-2023.05.09,_doc,ZsUCAIgBy0XUe2K5s6SM,1,1, ,ovelse-siem-server,000,ovelse-siem-server, , , , , , , , , , , , , , , , , , , , , , , , , , , , , , , , , , ,false,2, , , ,Unknown problem somewhere in the system.,"[""syslog"",""errors""]", , ,67, , , ,1002,"[""4.3""]", ,log,"May 9, 2023 @ 10:15:55.174",/var/log/syslog,1683627355.13744238,"May 9, 2023 @ 10:15:55.174", , , , , ,ovelse-siem-server,opensearch-dashboards,May  9 10:15:55,{},"May  9 10:15:55 ovelse-siem-server opensearch-dashboards[5081]: {""type"":""error"",""@timestamp"":""2023-05-09T10:15:55Z"",""tags"":[""connection"",""client"",""error""],""pid"":5081,""level"":""error"",""error"":{""message"":""139734702114624:error:14094416:SSL routines:ssl3_read_bytes:sslv3 alert certificate unknown:../deps/openssl/openssl/ssl/record/rec_layer_s3.c:1544:SSL alert number 46\n"",""name"":""Error"",""stack"":""Error: 139734702114624:error:14094416:SSL routines:ssl3_read_bytes:sslv3 alert certificate unknown:../deps/openssl/openssl/ssl/record/rec_layer_s3.c:1544:SSL alert number 46\n""},""message"":""139734702114624:error:14094416:SSL routines:ssl3_read_bytes:sslv3 alert certificate unknown:../deps/openssl/openssl/ssl/record/rec_layer_s3.c:1544:SSL alert number 46\n""}", , , , , , , , , , , , , , , , , , , , , , , , , , , , , , 
wazuh-alerts-4.x-2023.05.09,_doc,p8UDAIgBy0XUe2K5FKVs,1,1, ,ovelse-siem-server,000,ovelse-siem-server, , , , , , , , , , , , , , , , , , , , , , , , , , , , , , , , , , ,false,2, , , ,Unknown problem somewhere in the system.,"[""syslog"",""errors""]", , ,83, , , ,1002,"[""4.3""]", ,log,"May 9, 2023 @ 10:16:13.196",/var/log/syslog,1683627373.13772951,"May 9, 2023 @ 10:16:13.196", , , , , ,ovelse-siem-server,opensearch-dashboards,May  9 10:16:12,{},"May  9 10:16:12 ovelse-siem-server opensearch-dashboards[5081]: {""type"":""error"",""@timestamp"":""2023-05-09T10:16:12Z"",""tags"":[""connection"",""client"",""error""],""pid"":5081,""level"":""error"",""error"":{""message"":""139734702114624:error:14094416:SSL routines:ssl3_read_bytes:sslv3 alert certificate unknown:../deps/openssl/openssl/ssl/record/rec_layer_s3.c:1544:SSL alert number 46\n"",""name"":""Error"",""stack"":""Error: 139734702114624:error:14094416:SSL routines:ssl3_read_bytes:sslv3 alert certificate unknown:../deps/openssl/openssl/ssl/record/rec_layer_s3.c:1544:SSL alert number 46\n""},""message"":""139734702114624:error:14094416:SSL routines:ssl3_read_bytes:sslv3 alert certificate unknown:../deps/openssl/openssl/ssl/record/rec_layer_s3.c:1544:SSL alert number 46\n""}", , , , , , , , , , , , , , , , , , , , , , , , , , , , , , 
wazuh-alerts-4.x-2023.05.09,_doc,qMUDAIgBy0XUe2K5FKVs,1,1, ,ovelse-siem-server,000,ovelse-siem-server, , , , , , , , , , , , , , , , , , , , , , , , , , , , , , , , , , ,false,2, , , ,Unknown problem somewhere in the system.,"[""syslog"",""errors""]", , ,84, , , ,1002,"[""4.3""]", ,log,"May 9, 2023 @ 10:16:15.198",/var/log/syslog,1683627375.13773889,"May 9, 2023 @ 10:16:15.198", , , , , ,ovelse-siem-server,opensearch-dashboards,May  9 10:16:13,{},"May  9 10:16:13 ovelse-siem-server opensearch-dashboards[5081]: {""type"":""error"",""@timestamp"":""2023-05-09T10:16:13Z"",""tags"":[""connection"",""client"",""error""],""pid"":5081,""level"":""error"",""error"":{""message"":""139734702114624:error:14094416:SSL routines:ssl3_read_bytes:sslv3 alert certificate unknown:../deps/openssl/openssl/ssl/record/rec_layer_s3.c:1544:SSL alert number 46\n"",""name"":""Error"",""stack"":""Error: 139734702114624:error:14094416:SSL routines:ssl3_read_bytes:sslv3 alert certificate unknown:../deps/openssl/openssl/ssl/record/rec_layer_s3.c:1544:SSL alert number 46\n""},""message"":""139734702114624:error:14094416:SSL routines:ssl3_read_bytes:sslv3 alert certificate unknown:../deps/openssl/openssl/ssl/record/rec_layer_s3.c:1544:SSL alert number 46\n""}", , , , , , , , , , , , , , , , , , , , , , , , , , , , , , 
wazuh-alerts-4.x-2023.05.09,_doc,TcUCAIgBy0XUe2K5fKQL,1,1, ,ovelse-siem-server,000,ovelse-siem-server, , , , , , , , , , , , , , , , , , , , , , , , , , , , , , , , , , ,false,2, , , ,Unknown problem somewhere in the system.,"[""syslog"",""errors""]", , ,64, , , ,1002,"[""4.3""]", ,log,"May 9, 2023 @ 10:15:39.156",/var/log/syslog,1683627339.13741424,"May 9, 2023 @ 10:15:39.156", , , , , ,ovelse-siem-server,opensearch-dashboards,May  9 10:15:37,{},"May  9 10:15:37 ovelse-siem-server opensearch-dashboards[5081]: {""type"":""error"",""@timestamp"":""2023-05-09T10:15:37Z"",""tags"":[""connection"",""client"",""error""],""pid"":5081,""level"":""error"",""error"":{""message"":""139734702114624:error:14094416:SSL routines:ssl3_read_bytes:sslv3 alert certificate unknown:../deps/openssl/openssl/ssl/record/rec_layer_s3.c:1544:SSL alert number 46\n"",""name"":""Error"",""stack"":""Error: 139734702114624:error:14094416:SSL routines:ssl3_read_bytes:sslv3 alert certificate unknown:../deps/openssl/openssl/ssl/record/rec_layer_s3.c:1544:SSL alert number 46\n""},""message"":""139734702114624:error:14094416:SSL routines:ssl3_read_bytes:sslv3 alert certificate unknown:../deps/openssl/openssl/ssl/record/rec_layer_s3.c:1544:SSL alert number 46\n""}", , , , , , , , , , , , , , , , , , , , , , , , , , , , , , 
wazuh-alerts-4.x-2023.05.09,_doc,fsUCAIgBy0XUe2K51qXF,1,1, ,ovelse-siem-server,000,ovelse-siem-server, , , , , , , , , , , , , , , , , , , , , , , , , , , , , , , , , , ,false,2, , , ,Unknown problem somewhere in the system.,"[""syslog"",""errors""]", , ,81, , , ,1002,"[""4.3""]", ,log,"May 9, 2023 @ 10:16:05.187",/var/log/syslog,1683627365.13771468,"May 9, 2023 @ 10:16:05.187", , , , , ,ovelse-siem-server,opensearch-dashboards,May  9 10:16:03,{},"May  9 10:16:03 ovelse-siem-server opensearch-dashboards[5081]: {""type"":""log"",""@timestamp"":""2023-05-09T10:16:03Z"",""tags"":[""error"",""opensearch"",""data""],""pid"":5081,""message"":""[version_conflict_engine_exception]: [search-telemetry:search-telemetry]: version conflict, required seqNo [1256], primary term [3]. current document has seqNo [1257] and primary term [3]""}", , , , , , , , , , , , , , , , , , , , , , , , , , , , , , 
wazuh-alerts-4.x-2023.05.09,_doc,2sUDAIgBy0XUe2K5YqWZ,1,1,10.11.1.20,test-ad-2-inter,002,ovelse-siem-server,0x3e7,0x0,%%1833, ,Negotiate,0x3e7,Advapi,{00000000-0000-0000-0000-000000000000},SYSTEM,0,%%1842,S-1-5-18,0x2a8, ,NT AUTHORITY,S-1-5-18,%%1843,5,4624,0x8020000000000000,{54849625-5478-4994-a5ba-3e3b0328c30d},0,Security,0,"""An account was successfully logged on.

Subject:
	Security ID:		S-1-5-18
	Account Name:		TEST-AD-2-INTER$
	Account Domain:		DJIKSTRA
	Logon ID:		0x3E7

Logon Information:
	Logon Type:		5
	Restricted Admin Mode:	-
	Virtual Account:		No
	Elevated Token:		Yes

Impersonation Level:		Impersonation

New Logon:
	Security ID:		S-1-5-18
	Account Name:		SYSTEM
	Account Domain:		NT AUTHORITY
	Logon ID:		0x3E7
	Linked Logon ID:		0x0
	Network Account Name:	-
	Network Account Domain:	-
	Logon GUID:		{00000000-0000-0000-0000-000000000000}

Process Information:
	Process ID:		0x2a8
	Process Name:		C:\Windows\System32\services.exe

Network Information:
	Workstation Name:	-
	Source Network Address:	-
	Source Port:		-

Detailed Authentication Information:
	Logon Process:		Advapi  
	Authentication Package:	Negotiate
	Transited Services:	-
	Package Name (NTLM only):	-
	Key Length:		0

This event is generated when a logon session is created. It is generated on the computer that was accessed.

The subject fields indicate the account on the local system which requested the logon. This is most commonly a service such as the Server service, or a local process such as Winlogon.exe or Services.exe.

The logon type field indicates the kind of logon that occurred. The most common types are 2 (interactive) and 3 (network).

The New Logon fields indicate the account for whom the new logon was created, i.e. the account that was logged on.

The network fields indicate where a remote logon request originated. Workstation name is not always available and may be left blank in some cases.

The impersonation level field indicates the extent to which a process in the logon session can impersonate.

The authentication information fields provide detailed information about this specific logon request.
	- Logon GUID is a unique identifier that can be used to correlate this event with a KDC event.
	- Transited services indicate which intermediate services have participated in this logon request.
	- Package name indicates which sub-protocol was used among the NTLM protocols.
	- Key length indicates the length of the generated session key. This will be 0 if no session key was requested.""",2,2023-05-09T10:16:34.3175474Z,103113,3292,test-ad-2-inter.dc.djikstra.xrg,12544,688,AUDIT_SUCCESS,Microsoft-Windows-Security-Auditing,false,3,"[""164.312.b""]","[""10.2.5""]","[""CC6.8"",""CC7.2"",""CC7.3""]",Windows logon success.,"[""windows"",""windows_security"",""authentication_success""]","[""AC.7"",""AU.14""]","[""IV_32.2""]",49,"[""Valid Accounts""]","[""T1078""]","[""Defense Evasion"",""Persistence"",""Privilege Escalation"",""Initial Access""]",60106,"[""7.1"",""7.2""]",windows_eventchannel,log,"May 9, 2023 @ 10:16:39.962",EventChannel,1683627399.13789813,"May 9, 2023 @ 10:16:39.962",C:\\Windows\\System32\\services.exe,DJIKSTRA, , ,TEST-AD-2-INTER$, , , ,"{""name"":""windows_eventchannel""}", , , , , , , , , , , , , , , , , , , , , , , , , , , , , , , 
wazuh-alerts-4.x-2023.05.09,_doc,x8UDAIgBy0XUe2K5OKWC,1,1, ,ovelse-siem-server,000,ovelse-siem-server, , , , , , , , , , , , , , , , , , , , , , , , , , , , , , , , , , ,false,2, , , ,Unknown problem somewhere in the system.,"[""syslog"",""errors""]", , ,86, , , ,1002,"[""4.3""]", ,log,"May 9, 2023 @ 10:16:27.211",/var/log/syslog,1683627387.13775765,"May 9, 2023 @ 10:16:27.211", , , , , ,ovelse-siem-server,opensearch-dashboards,May  9 10:16:26,{},"May  9 10:16:26 ovelse-siem-server opensearch-dashboards[5081]: {""type"":""error"",""@timestamp"":""2023-05-09T10:16:26Z"",""tags"":[""connection"",""client"",""error""],""pid"":5081,""level"":""error"",""error"":{""message"":""139734702114624:error:14094416:SSL routines:ssl3_read_bytes:sslv3 alert certificate unknown:../deps/openssl/openssl/ssl/record/rec_layer_s3.c:1544:SSL alert number 46\n"",""name"":""Error"",""stack"":""Error: 139734702114624:error:14094416:SSL routines:ssl3_read_bytes:sslv3 alert certificate unknown:../deps/openssl/openssl/ssl/record/rec_layer_s3.c:1544:SSL alert number 46\n""},""message"":""139734702114624:error:14094416:SSL routines:ssl3_read_bytes:sslv3 alert certificate unknown:../deps/openssl/openssl/ssl/record/rec_layer_s3.c:1544:SSL alert number 46\n""}", , , , , , , , , , , , , , , , , , , , , , , , , , , , , , 
wazuh-alerts-4.x-2023.05.09,_doc,2MUDAIgBy0XUe2K5RKU4,1,1,10.77.77.77,dc,003,ovelse-siem-server, , , , , ,0x36a91f1, , ,DC$, , , , , ,DJIKSTRA,S-1-5-18, ,3,4634,0x8020000000000000,{54849625-5478-4994-a5ba-3e3b0328c30d},0,Security,0,"""An account was logged off.

Subject:
	Security ID:		S-1-5-18
	Account Name:		DC$
	Account Domain:		DJIKSTRA
	Logon ID:		0x36A91F1

Logon Type:			3

This event is generated when a logon session is destroyed. It may be positively correlated with a logon event using the Logon ID value. Logon IDs are only unique between reboots on the same computer.""",0,2023-05-09T10:16:26.5953780Z,1163250,944,dc.djikstra.xrg,12545,792,AUDIT_SUCCESS,Microsoft-Windows-Security-Auditing,false,3,"[""164.312.b""]","[""10.2.5""]","[""CC6.8"",""CC7.2"",""CC7.3""]",Windows User Logoff.,"[""windows"",""windows_security""]","[""AC.7"",""AU.14""]","[""IV_32.2""]",40, , , ,60137, ,windows_eventchannel,log,"May 9, 2023 @ 10:16:32.724",EventChannel,1683627392.13787508,"May 9, 2023 @ 10:16:32.724", , , , , , , , ,"{""name"":""windows_eventchannel""}", , , , , , , , , , , , , , , , , , , , , , , , , , , , , , , 
